There were errors during semantic parsing for file OpenELM-1_1B_orelim_1hop_OrElim_nodistractor.log:
Correct steps: 787
Total steps: 798
Correct steps ratio: 0.9862155388471178
Non-atomic steps ratio: 0.0012531328320802004
Skip steps ratio: 0.0
Invalid steps ratio: 0.012531328320802004
Correct and useful steps ratio: 0.7343358395989975
Unparseable steps ratio: 0.0
Incorrect steps ratio: 0.012531328320802004
Perplexity sample mean: nan
Perplexity sample std dev: nan
Number of examples: 100
Number of correct proof: 90
Proportion of proofs that contain the correct proof: 0.9
Proportion of proofs that only contain correct, non-atomic, or skip steps: 0.91
Proportion of correct proofs that contain a "useless branch":          0.0
Proportion of correct proofs that contain a "useful skip step":        0.0
Proportion of correct proofs that contain a "useless skip step":       0.0
Proportion of correct proofs that contain a "useful non-atomic step":  0.011111111111111112
Proportion of correct proofs that contain a "useless non-atomic step": 0.0
Proportion of correct proofs that contain an "invalid step":           0.0
Proportion of correct proofs that contain a "useless branch" AND "useful non-atomic step": 0.0
Proportion of correct proofs that contain a "useless branch" AND "useless non-atomic step": 0.0
Proportion of correct proofs that contain a "useless branch" AND "invalid step": 0.0
Proportion of correct proofs that contain a "useless branch" AND "useful non-atomic step" AND "invalid step": 0.0
Proportion of correct proofs with ANY OF THE ABOVE:                    0.011111111111111112
Proportion of incorrect proofs that contain a "useless branch":          0.0
Proportion of incorrect proofs that contain a "useful skip step":        0.0
Proportion of incorrect proofs that contain a "useless skip step":       0.0
Proportion of incorrect proofs that contain a "useful non-atomic step":  0.0
Proportion of incorrect proofs that contain a "useless non-atomic step": 0.0
Proportion of incorrect proofs that contain an "invalid step":           0.9
Proportion of incorrect proofs that contain a "useless branch" AND "useful non-atomic step": 0.0
Proportion of incorrect proofs that contain a "useless branch" AND "useless non-atomic step": 0.0
Proportion of incorrect proofs that contain a "useless branch" AND "invalid step": 0.0
Proportion of incorrect proofs that contain a "useless branch" AND "useful non-atomic step" AND "invalid step": 0.0
Proportion of incorrect proofs with ANY OF THE ABOVE:                    0.9

Proportion of ALL proofs that are strictly correct: 0.89
Proportion of ALL proofs that would be correct if "skip steps" are considered correct: 0.89
Proportion of ALL proofs that would be correct if "non-atomic steps" are considered correct: 0.9
Proportion of ALL proofs that would be correct if both "skip steps" and "non-atomic steps" are considered correct: 0.9

Proportion of correct proofs where the "useless branch" is the first mistake: 0.0
Proportion of correct proofs where the "useful skip step" is the first mistake: 0.0
Proportion of correct proofs where the "useless skip step" is the first mistake: 0.0
Proportion of correct proofs where the "useful non-atomic step" is the first mistake: 0.011111111111111112
Proportion of correct proofs where the "useless non-atomic step" is the first mistake: 0.0
Proportion of correct proofs where the "invalid step" is the first mistake: 0.0
Proportion of incorrect proofs where the "useless branch" is the first mistake: 0.0
Proportion of incorrect proofs where the "useful skip step" is the first mistake: 0.0
Proportion of incorrect proofs where the "useless skip step" is the first mistake: 0.0
Proportion of incorrect proofs where the "useful non-atomic step" is the first mistake: 0.0
Proportion of incorrect proofs where the "useless non-atomic step" is the first mistake: 0.0
Proportion of incorrect proofs where the "invalid step" is the first mistake: 0.9
incorrect_proof_ids_with_skip_steps: [7, 31, 48, 49, 56, 57, 63, 84, 89, 91, 93]
incorrect_proof_ids_with_skip_or_non_atomic_steps: [7, 31, 48, 56, 57, 63, 84, 89, 91, 93]
incorrect_proof_ids_with_skip_or_non_atomic_steps \ incorrect_proof_ids_with_skip_steps: [49]
