Correct steps: 857
Total steps: 1287
Correct steps ratio: 0.6658896658896659
Non-atomic steps ratio: 0.029526029526029528
Skip steps ratio: 0.010101010101010102
Invalid steps ratio: 0.2338772338772339
Correct and useful steps ratio: 0.47474747474747475
Unparseable steps ratio: 0.0
Incorrect steps ratio: 0.2338772338772339
Perplexity sample mean: nan
Perplexity sample std dev: nan
Number of examples: 100
Number of correct proof: 22
Proportion of proofs that contain the correct proof: 0.22
Proportion of proofs that only contain correct, non-atomic, or skip steps: 0.0
Proportion of correct proofs that contain a "useless branch":          0.0
Proportion of correct proofs that contain a "useful skip step":        0.0
Proportion of correct proofs that contain a "useless skip step":       0.0
Proportion of correct proofs that contain a "useful non-atomic step":  0.0
Proportion of correct proofs that contain a "useless non-atomic step": 0.0
Proportion of correct proofs that contain an "invalid step":           0.0
Proportion of correct proofs that contain a "useless branch" AND "useful non-atomic step": 0.0
Proportion of correct proofs that contain a "useless branch" AND "useless non-atomic step": 0.0
Proportion of correct proofs that contain a "useless branch" AND "invalid step": 0.0
Proportion of correct proofs that contain a "useless branch" AND "useful non-atomic step" AND "invalid step": 0.0
Proportion of correct proofs with ANY OF THE ABOVE:                    0.045454545454545456
Proportion of incorrect proofs that contain a "useless branch":          0.0
Proportion of incorrect proofs that contain a "useful skip step":        0.0
Proportion of incorrect proofs that contain a "useless skip step":       0.0
Proportion of incorrect proofs that contain a "useful non-atomic step":  0.11538461538461539
Proportion of incorrect proofs that contain a "useless non-atomic step": 0.0
Proportion of incorrect proofs that contain an "invalid step":           0.5641025641025641
Proportion of incorrect proofs that contain a "useless branch" AND "useful non-atomic step": 0.0
Proportion of incorrect proofs that contain a "useless branch" AND "useless non-atomic step": 0.0
Proportion of incorrect proofs that contain a "useless branch" AND "invalid step": 0.0
Proportion of incorrect proofs that contain a "useless branch" AND "useful non-atomic step" AND "invalid step": 0.0
Proportion of incorrect proofs with ANY OF THE ABOVE:                    1.0

Proportion of ALL proofs that are strictly correct: 0.22
Proportion of ALL proofs that would be correct if "skip steps" are considered correct: 0.22
Proportion of ALL proofs that would be correct if "non-atomic steps" are considered correct: 0.22
Proportion of ALL proofs that would be correct if both "skip steps" and "non-atomic steps" are considered correct: 0.22

Proportion of correct proofs where the "useless branch" is the first mistake: 0.0
Proportion of correct proofs where the "useful skip step" is the first mistake: 0.0
Proportion of correct proofs where the "useless skip step" is the first mistake: 0.0
Proportion of correct proofs where the "useful non-atomic step" is the first mistake: 0.045454545454545456
Proportion of correct proofs where the "useless non-atomic step" is the first mistake: 0.0
Proportion of correct proofs where the "invalid step" is the first mistake: 0.0
Proportion of incorrect proofs where the "useless branch" is the first mistake: 0.0
Proportion of incorrect proofs where the "useful skip step" is the first mistake: 0.10256410256410256
Proportion of incorrect proofs where the "useless skip step" is the first mistake: 0.0
Proportion of incorrect proofs where the "useful non-atomic step" is the first mistake: 0.24358974358974358
Proportion of incorrect proofs where the "useless non-atomic step" is the first mistake: 0.0
Proportion of incorrect proofs where the "invalid step" is the first mistake: 0.6538461538461539
incorrect_proof_ids_with_skip_steps: [1, 2, 3, 4, 5, 6, 7, 8, 9, 11, 14, 15, 17, 19, 20, 21, 22, 23, 24, 26, 27, 28, 32, 33, 35, 36, 37, 39, 40, 41, 42, 43, 44, 45, 46, 47, 49, 50, 51, 52, 53, 54, 55, 56, 57, 58, 59, 60, 61, 62, 63, 66, 67, 68, 69, 70, 71, 72, 73, 75, 76, 78, 79, 80, 81, 82, 84, 85, 86, 88, 90, 91, 93, 94, 95, 96, 98, 99]
incorrect_proof_ids_with_skip_or_non_atomic_steps: [1, 2, 3, 4, 5, 6, 7, 8, 9, 11, 14, 15, 17, 19, 20, 21, 22, 23, 24, 26, 27, 28, 32, 33, 35, 36, 37, 39, 40, 41, 42, 43, 44, 45, 46, 47, 49, 50, 51, 52, 53, 54, 55, 56, 57, 58, 59, 60, 61, 62, 63, 66, 67, 68, 69, 70, 71, 72, 73, 75, 76, 78, 79, 80, 81, 82, 84, 85, 86, 88, 90, 91, 93, 94, 95, 96, 98, 99]
incorrect_proof_ids_with_skip_or_non_atomic_steps \ incorrect_proof_ids_with_skip_steps: []
