There were errors during semantic parsing for file OpenELM-1_1B-Instruct_orelim_1hop_OrElim_nodistractor.log:
Correct steps: 763
Total steps: 793
Correct steps ratio: 0.9621689785624212
Non-atomic steps ratio: 0.0
Skip steps ratio: 0.0
Invalid steps ratio: 0.03783102143757881
Correct and useful steps ratio: 0.6986128625472888
Unparseable steps ratio: 0.011349306431273645
Incorrect steps ratio: 0.03783102143757881
Perplexity sample mean: nan
Perplexity sample std dev: nan
Number of examples: 100
Number of correct proof: 53
Proportion of proofs that contain the correct proof: 0.53
Proportion of proofs that only contain correct, non-atomic, or skip steps: 0.81
Proportion of correct proofs that contain a "useless branch":          0.0
Proportion of correct proofs that contain a "useful skip step":        0.0
Proportion of correct proofs that contain a "useless skip step":       0.0
Proportion of correct proofs that contain a "useful non-atomic step":  0.0
Proportion of correct proofs that contain a "useless non-atomic step": 0.0
Proportion of correct proofs that contain an "invalid step":           0.018867924528301886
Proportion of correct proofs that contain a "useless branch" AND "useful non-atomic step": 0.0
Proportion of correct proofs that contain a "useless branch" AND "useless non-atomic step": 0.0
Proportion of correct proofs that contain a "useless branch" AND "invalid step": 0.0
Proportion of correct proofs that contain a "useless branch" AND "useful non-atomic step" AND "invalid step": 0.0
Proportion of correct proofs with ANY OF THE ABOVE:                    0.018867924528301886
Proportion of incorrect proofs that contain a "useless branch":          0.0
Proportion of incorrect proofs that contain a "useful skip step":        0.0
Proportion of incorrect proofs that contain a "useless skip step":       0.0
Proportion of incorrect proofs that contain a "useful non-atomic step":  0.0
Proportion of incorrect proofs that contain a "useless non-atomic step": 0.0
Proportion of incorrect proofs that contain an "invalid step":           0.3829787234042553
Proportion of incorrect proofs that contain a "useless branch" AND "useful non-atomic step": 0.0
Proportion of incorrect proofs that contain a "useless branch" AND "useless non-atomic step": 0.0
Proportion of incorrect proofs that contain a "useless branch" AND "invalid step": 0.0
Proportion of incorrect proofs that contain a "useless branch" AND "useful non-atomic step" AND "invalid step": 0.0
Proportion of incorrect proofs with ANY OF THE ABOVE:                    0.3829787234042553

Proportion of ALL proofs that are strictly correct: 0.53
Proportion of ALL proofs that would be correct if "skip steps" are considered correct: 0.53
Proportion of ALL proofs that would be correct if "non-atomic steps" are considered correct: 0.53
Proportion of ALL proofs that would be correct if both "skip steps" and "non-atomic steps" are considered correct: 0.53

Proportion of correct proofs where the "useless branch" is the first mistake: 0.0
Proportion of correct proofs where the "useful skip step" is the first mistake: 0.0
Proportion of correct proofs where the "useless skip step" is the first mistake: 0.0
Proportion of correct proofs where the "useful non-atomic step" is the first mistake: 0.0
Proportion of correct proofs where the "useless non-atomic step" is the first mistake: 0.0
Proportion of correct proofs where the "invalid step" is the first mistake: 0.018867924528301886
Proportion of incorrect proofs where the "useless branch" is the first mistake: 0.0
Proportion of incorrect proofs where the "useful skip step" is the first mistake: 0.0
Proportion of incorrect proofs where the "useless skip step" is the first mistake: 0.0
Proportion of incorrect proofs where the "useful non-atomic step" is the first mistake: 0.0
Proportion of incorrect proofs where the "useless non-atomic step" is the first mistake: 0.0
Proportion of incorrect proofs where the "invalid step" is the first mistake: 0.3829787234042553
incorrect_proof_ids_with_skip_steps: [1, 5, 8, 10, 11, 12, 13, 15, 16, 22, 24, 27, 28, 30, 31, 32, 33, 36, 39, 41, 42, 46, 47, 51, 52, 55, 60, 62, 63, 64, 67, 68, 72, 74, 76, 77, 78, 80, 82, 83, 85, 90, 91, 92, 96, 98, 99]
incorrect_proof_ids_with_skip_or_non_atomic_steps: [1, 5, 8, 10, 11, 12, 13, 15, 16, 22, 24, 27, 28, 30, 31, 32, 33, 36, 39, 41, 42, 46, 47, 51, 52, 55, 60, 62, 63, 64, 67, 68, 72, 74, 76, 77, 78, 80, 82, 83, 85, 90, 91, 92, 96, 98, 99]
incorrect_proof_ids_with_skip_or_non_atomic_steps \ incorrect_proof_ids_with_skip_steps: []
