Correct steps: 265
Total steps: 282
Correct steps ratio: 0.9397163120567376
Non-atomic steps ratio: 0.12056737588652482
Skip steps ratio: 0.0
Invalid steps ratio: 0.0035460992907801418
Correct and useful steps ratio: 0.9397163120567376
Unparseable steps ratio: 0.0035460992907801418
Incorrect steps ratio: 0.0035460992907801418
Perplexity sample mean: nan
Perplexity sample std dev: nan
Number of examples: 100
Number of correct proof: 96
Proportion of proofs that contain the correct proof: 0.96
Proportion of proofs that only contain correct, non-atomic, or skip steps: 0.82
Proportion of correct proofs that contain a "useless branch":          0.0
Proportion of correct proofs that contain a "useful skip step":        0.0
Proportion of correct proofs that contain a "useless skip step":       0.0
Proportion of correct proofs that contain a "useful non-atomic step":  0.17708333333333334
Proportion of correct proofs that contain a "useless non-atomic step": 0.0
Proportion of correct proofs that contain an "invalid step":           0.0
Proportion of correct proofs that contain a "useless branch" AND "useful non-atomic step": 0.0
Proportion of correct proofs that contain a "useless branch" AND "useless non-atomic step": 0.0
Proportion of correct proofs that contain a "useless branch" AND "invalid step": 0.0
Proportion of correct proofs that contain a "useless branch" AND "useful non-atomic step" AND "invalid step": 0.0
Proportion of correct proofs with ANY OF THE ABOVE:                    0.17708333333333334
Proportion of incorrect proofs that contain a "useless branch":          0.0
Proportion of incorrect proofs that contain a "useful skip step":        0.0
Proportion of incorrect proofs that contain a "useless skip step":       0.0
Proportion of incorrect proofs that contain a "useful non-atomic step":  0.0
Proportion of incorrect proofs that contain a "useless non-atomic step": 0.0
Proportion of incorrect proofs that contain an "invalid step":           0.25
Proportion of incorrect proofs that contain a "useless branch" AND "useful non-atomic step": 0.0
Proportion of incorrect proofs that contain a "useless branch" AND "useless non-atomic step": 0.0
Proportion of incorrect proofs that contain a "useless branch" AND "invalid step": 0.0
Proportion of incorrect proofs that contain a "useless branch" AND "useful non-atomic step" AND "invalid step": 0.0
Proportion of incorrect proofs with ANY OF THE ABOVE:                    0.25

Proportion of ALL proofs that are strictly correct: 0.79
Proportion of ALL proofs that would be correct if "skip steps" are considered correct: 0.79
Proportion of ALL proofs that would be correct if "non-atomic steps" are considered correct: 0.96
Proportion of ALL proofs that would be correct if both "skip steps" and "non-atomic steps" are considered correct: 0.96

Proportion of correct proofs where the "useless branch" is the first mistake: 0.0
Proportion of correct proofs where the "useful skip step" is the first mistake: 0.0
Proportion of correct proofs where the "useless skip step" is the first mistake: 0.0
Proportion of correct proofs where the "useful non-atomic step" is the first mistake: 0.17708333333333334
Proportion of correct proofs where the "useless non-atomic step" is the first mistake: 0.0
Proportion of correct proofs where the "invalid step" is the first mistake: 0.0
Proportion of incorrect proofs where the "useless branch" is the first mistake: 0.0
Proportion of incorrect proofs where the "useful skip step" is the first mistake: 0.0
Proportion of incorrect proofs where the "useless skip step" is the first mistake: 0.0
Proportion of incorrect proofs where the "useful non-atomic step" is the first mistake: 0.0
Proportion of incorrect proofs where the "useless non-atomic step" is the first mistake: 0.0
Proportion of incorrect proofs where the "invalid step" is the first mistake: 0.25
incorrect_proof_ids_with_skip_steps: [16, 21, 35, 37, 38, 39, 43, 53, 55, 64, 67, 69, 73, 75, 79, 80, 81, 83, 85, 93, 96]
incorrect_proof_ids_with_skip_or_non_atomic_steps: [55, 79, 80, 93]
incorrect_proof_ids_with_skip_or_non_atomic_steps \ incorrect_proof_ids_with_skip_steps: [16, 21, 35, 37, 38, 39, 43, 53, 64, 67, 69, 73, 75, 81, 83, 85, 96]
