Q:  Polly is a yumpus. Polly is opaque. Prove: Polly is an opaque yumpus.
A:

Predicted answer: Polly is a yumpus. Polly is opaque. Polly is an opaque yumpus.<s> 

Expected answer: Polly is a yumpus. Polly is opaque. Polly is an opaque yumpus.
n: 1, (beta prior) mean: 0.3333333333333333, 95% lower bound: 0.01257911709342505, 95% upper bound: 0.841886116991581, logprobs: null
  (normal approximation) mean: 0.0, 95% lower bound: 0.0, 95% upper bound: 0.0

Q:  Stella is a jompus. Stella is angry. Prove: Stella is an angry jompus.
A:

Predicted answer: Stella is a jompus. Stella is angry. Stella is an angry jompus.<s> 

Expected answer: Stella is a jompus. Stella is angry. Stella is an angry jompus.
n: 2, (beta prior) mean: 0.25, 95% lower bound: 0.008403758659612636, 95% upper bound: 0.7075982261787133, logprobs: null
  (normal approximation) mean: 0.0, 95% lower bound: 0.0, 95% upper bound: 0.0

Q:  Stella is dull. Stella is a dumpus. Prove: Stella is a dull dumpus.
A:

Predicted answer: Stella is a dumpus. Stella is a dull dumpus.<s> 

Expected answer: Stella is a dumpus. Stella is dull. Stella is a dull dumpus.
n: 3, (beta prior) mean: 0.2, 95% lower bound: 0.006309463209709866, 95% upper bound: 0.6023646356164746, logprobs: null
  (normal approximation) mean: 0.0, 95% lower bound: 0.0, 95% upper bound: 0.0

Q:  Alex is a zumpus. Alex is floral. Prove: Alex is a floral zumpus.
A:

Predicted answer: Alex is a zumpus. Alex is floral. Alex is a floral zumpus.<s> 

Expected answer: Alex is a zumpus. Alex is floral. Alex is a floral zumpus.
n: 4, (beta prior) mean: 0.16666666666666666, 95% lower bound: 0.0050507633794680575, 95% upper bound: 0.5218237501049814, logprobs: null
  (normal approximation) mean: 0.0, 95% lower bound: 0.0, 95% upper bound: 0.0

Q:  Wren is kind. Wren is a lorpus. Prove: Wren is a kind lorpus.
A:

Predicted answer: Wren is a kind lorpus. Wren is a kind lorpus.<s> 

Expected answer: Wren is a lorpus. Wren is kind. Wren is a kind lorpus.
n: 5, (beta prior) mean: 0.14285714285714285, 95% lower bound: 0.00421074451448947, 95% upper bound: 0.4592581264399005, logprobs: null
  (normal approximation) mean: 0.0, 95% lower bound: 0.0, 95% upper bound: 0.0

Q:  Rex is transparent. Rex is a jompus. Prove: Rex is a transparent jompus.
A:

Predicted answer: Rex is a jompus. Rex is a transparent jompus.<s> 

Expected answer: Rex is a jompus. Rex is transparent. Rex is a transparent jompus.
n: 6, (beta prior) mean: 0.125, 95% lower bound: 0.0036102968619005833, 95% upper bound: 0.4096163972250034, logprobs: null
  (normal approximation) mean: 0.0, 95% lower bound: 0.0, 95% upper bound: 0.0

Q:  Rex is bright. Rex is a zumpus. Prove: Rex is a bright zumpus.
A:

Predicted answer: Rex is a zumpus. Rex is a bright zumpus.<s> 

Expected answer: Rex is a zumpus. Rex is bright. Rex is a bright zumpus.
n: 7, (beta prior) mean: 0.1111111111111111, 95% lower bound: 0.0031597235312519063, 95% upper bound: 0.3694166475528192, logprobs: null
  (normal approximation) mean: 0.0, 95% lower bound: 0.0, 95% upper bound: 0.0

Q:  Stella is feisty. Stella is a dumpus. Prove: Stella is a feisty dumpus.
A:

Predicted answer: Stella is a dumpus. Stella is a feisty dumpus.<s> 

Expected answer: Stella is a dumpus. Stella is feisty. Stella is a feisty dumpus.
n: 8, (beta prior) mean: 0.1, 95% lower bound: 0.0028091367465992146, 95% upper bound: 0.3362671168799428, logprobs: null
  (normal approximation) mean: 0.0, 95% lower bound: 0.0, 95% upper bound: 0.0

Q:  Sam is a yumpus. Sam is metallic. Prove: Sam is a metallic yumpus.
A:

Predicted answer: Sam is a yumpus. Sam is metallic. Sam is a metallic yumpus. Sam is a metallic yumpus. Sam is a metallic yumpus. Sam is a metallic yumpus.

  Sam is a yumpus. Sam is metallic. Sam is a metallic yumpus. Sam is a metallic yumpus. Sam is a metallic yumpus. Sam is a metallic yumpus. Sam is a metallic yumpus. Sam is a metallic yumpus.

  Sam is a yumpus. Sam is metallic. Sam is a metallic yumpus. Sam is a metallic yumpus. Sam is a metallic yumpus. Sam is a metallic yumpus.

  Sam is a yumpus. Sam is a metallic yumpus. Sam is a metallic yumpus. Sam is a metallic yumpus. Sam is a metallic yumpus.

  Sam is a yumpus. Sam is a metallic yumpus. Sam

Expected answer: Sam is a yumpus. Sam is metallic. Sam is a metallic yumpus.
n: 9, (beta prior) mean: 0.09090909090909091, 95% lower bound: 0.0025285785444617848, 95% upper bound: 0.3084971078187608, logprobs: null
  (normal approximation) mean: 0.0, 95% lower bound: 0.0, 95% upper bound: 0.0

Q:  Rex is a lempus. Rex is happy. Prove: Rex is a happy lempus.
A:

Predicted answer: Rex is a lempus. Rex is happy. Rex is a happy lempus.<s> 

Expected answer: Rex is a lempus. Rex is happy. Rex is a happy lempus.
n: 10, (beta prior) mean: 0.08333333333333333, 95% lower bound: 0.0022989722138142673, 95% upper bound: 0.2849141529181544, logprobs: null
  (normal approximation) mean: 0.0, 95% lower bound: 0.0, 95% upper bound: 0.0

Q:  Sally is metallic. Sally is a vumpus. Prove: Sally is a metallic vumpus.
A:

Predicted answer: Sally is a metallic vumpus. Sally is a metallic vumpus.<s> 

Expected answer: Sally is a vumpus. Sally is metallic. Sally is a metallic vumpus.
n: 11, (beta prior) mean: 0.07692307692307693, 95% lower bound: 0.0021075932318602264, 95% upper bound: 0.26464846939705117, logprobs: null
  (normal approximation) mean: 0.0, 95% lower bound: 0.0, 95% upper bound: 0.0

Q:  Rex is a tumpus. Rex is bright. Prove: Rex is a bright tumpus.
A:

Predicted answer: Rex is a tumpus. Rex is bright. Rex is a bright tumpus.<s> 

Expected answer: Rex is a tumpus. Rex is bright. Rex is a bright tumpus.
n: 12, (beta prior) mean: 0.07142857142857142, 95% lower bound: 0.001945628497346748, 95% upper bound: 0.24705263800047095, logprobs: null
  (normal approximation) mean: 0.0, 95% lower bound: 0.0, 95% upper bound: 0.0

Q:  Alex is a jompus. Alex is spicy. Prove: Alex is a spicy jompus.
A:

Predicted answer: Alex is a jompus. Alex is spicy. Alex is a spicy jompus.<s> 

Expected answer: Alex is a jompus. Alex is spicy. Alex is a spicy jompus.
n: 13, (beta prior) mean: 0.06666666666666667, 95% lower bound: 0.0018067806591253865, 95% upper bound: 0.23163576165011648, logprobs: null
  (normal approximation) mean: 0.0, 95% lower bound: 0.0, 95% upper bound: 0.0

Q:  Sam is floral. Sam is a tumpus. Prove: Sam is a floral tumpus.
A:

Predicted answer: Sam is a tumpus. Sam is a floral tumpus. Sam is a floral tumpus. Sam is a floral tumpus. Sam is a floral tumpus.<s> 

Expected answer: Sam is a tumpus. Sam is floral. Sam is a floral tumpus.
n: 14, (beta prior) mean: 0.0625, 95% lower bound: 0.0016864302413527013, 95% upper bound: 0.218019360910534, logprobs: null
  (normal approximation) mean: 0.0, 95% lower bound: 0.0, 95% upper bound: 0.0

Q:  Stella is a grimpus. Stella is floral. Prove: Stella is a floral grimpus.
A:

Predicted answer: Stella is a grimpus. Stella is floral. Stella is a floral grimpus.<s> 

Expected answer: Stella is a grimpus. Stella is floral. Stella is a floral grimpus.
n: 15, (beta prior) mean: 0.058823529411764705, 95% lower bound: 0.0015811117227658871, 95% upper bound: 0.2059072142078227, logprobs: null
  (normal approximation) mean: 0.0, 95% lower bound: 0.0, 95% upper bound: 0.0

Q:  Rex is slow. Rex is a yumpus. Prove: Rex is a slow yumpus.
A:

Predicted answer: Rex is a yumpus. Rex is slow. Rex is a slow yumpus.<s> 

Expected answer: Rex is a yumpus. Rex is slow. Rex is a slow yumpus.
n: 16, (beta prior) mean: 0.05555555555555555, 95% lower bound: 0.0014881743912666346, 95% upper bound: 0.19506432296909318, logprobs: null
  (normal approximation) mean: 0.0, 95% lower bound: 0.0, 95% upper bound: 0.0

Q:  Sam is sunny. Sam is a yumpus. Prove: Sam is a sunny yumpus.
A:

Predicted answer: Sam is a sunny yumpus. Sam is a sunny yumpus. Sam is a sunny yumpus. Sam is a sunny yumpus. Sam is a sunny yumpus.

  Sam is a sunny yumpus. Sam is a sunny yumpus. Sam is a sunny yumpus. Sam is a sunny yumpus. Sam is a sunny yumpus. Sam is a sunny yumpus.

  Sam is a sunny yumpus. Sam is a sunny yumpus. Sam is a sunny yumpus. Sam is a sunny yumpus. Sam is a sunny yumpus.

  Sam is a sunny yumpus. Sam is a sunny yumpus. Sam is a sunny yumpus. Sam is a sunny yumpus.

  Sam is a sunny yumpus. Sam is a sunny yumpus. Sam is a sunny yumpus. Sam is a sunny yumpus.

  Sam is a sunny yumpus. Sam is a sunny yumpus. Sam is a sunny yump

Expected answer: Sam is a yumpus. Sam is sunny. Sam is a sunny yumpus.
n: 17, (beta prior) mean: 0.05263157894736842, 95% lower bound: 0.0014055561673694222, 95% upper bound: 0.1853019681378522, logprobs: null
  (normal approximation) mean: 0.0, 95% lower bound: 0.0, 95% upper bound: 0.0

Q:  Polly is a numpus. Polly is muffled. Prove: Polly is a muffled numpus.
A:

Predicted answer: Polly is a numpus. Polly is muffled. Polly is a muffled numpus.<s> 

Expected answer: Polly is a numpus. Polly is muffled. Polly is a muffled numpus.
n: 18, (beta prior) mean: 0.05, 95% lower bound: 0.001331628804179423, 95% upper bound: 0.17646691180696533, logprobs: null
  (normal approximation) mean: 0.0, 95% lower bound: 0.0, 95% upper bound: 0.0

Q:  Alex is an impus. Alex is slow. Prove: Alex is a slow impus.
A:

Predicted answer: Alex is an impus. Alex is slow. Alex is a slow impus.<s> 

Expected answer: Alex is an impus. Alex is slow. Alex is a slow impus.
n: 19, (beta prior) mean: 0.047619047619047616, 95% lower bound: 0.0012650894979498038, 95% upper bound: 0.1684334709830853, logprobs: null
  (normal approximation) mean: 0.0, 95% lower bound: 0.0, 95% upper bound: 0.0

Q:  Fae is moderate. Fae is a grimpus. Prove: Fae is a moderate grimpus.
A:

Predicted answer: Fae is a grimpus. Fae is a moderate grimpus.<s> 

Expected answer: Fae is a grimpus. Fae is moderate. Fae is a moderate grimpus.
n: 20, (beta prior) mean: 0.045454545454545456, 95% lower bound: 0.0012048834483635125, 95% upper bound: 0.1610976152190796, logprobs: null
  (normal approximation) mean: 0.0, 95% lower bound: 0.0, 95% upper bound: 0.0

Q:  Alex is large. Alex is a brimpus. Prove: Alex is a large brimpus.
A:

Predicted answer: Alex is a brimpus. Alex is a large brimpus. Alex is a large brimpus.<s> 

Expected answer: Alex is a brimpus. Alex is large. Alex is a large brimpus.
n: 21, (beta prior) mean: 0.043478260869565216, 95% lower bound: 0.0011501475265735751, 95% upper bound: 0.15437251281557457, logprobs: null
  (normal approximation) mean: 0.0, 95% lower bound: 0.0, 95% upper bound: 0.0

Q:  Sally is a shumpus. Sally is opaque. Prove: Sally is an opaque shumpus.
A:

Predicted answer: Sally is a shumpus. Sally is opaque. Sally is an opaque shumpus.<s> 

Expected answer: Sally is a shumpus. Sally is opaque. Sally is an opaque shumpus.
n: 22, (beta prior) mean: 0.041666666666666664, 95% lower bound: 0.0011001686304414995, 95% upper bound: 0.14818512891522437, logprobs: null
  (normal approximation) mean: 0.0, 95% lower bound: 0.0, 95% upper bound: 0.0

Q:  Stella is an impus. Stella is liquid. Prove: Stella is a liquid impus.
A:

Predicted answer: Stella is an impus. Stella is liquid. Stella is a liquid impus.<s> 

Expected answer: Stella is an impus. Stella is liquid. Stella is a liquid impus.
n: 23, (beta prior) mean: 0.04, 95% lower bound: 0.0010543524454697472, 95% upper bound: 0.14247359772252563, logprobs: null
  (normal approximation) mean: 0.0, 95% lower bound: 0.0, 95% upper bound: 0.0

Q:  Alex is fast. Alex is a numpus. Prove: Alex is a fast numpus.
A:

Predicted answer: Alex is a numpus. Alex is a fast numpus. Alex is a fast numpus.<s> 

Expected answer: Alex is a numpus. Alex is fast. Alex is a fast numpus.
n: 24, (beta prior) mean: 0.038461538461538464, 95% lower bound: 0.0010121996993108446, 95% upper bound: 0.1371851715307125, logprobs: null
  (normal approximation) mean: 0.0, 95% lower bound: 0.0, 95% upper bound: 0.0

Q:  Sam is fruity. Sam is a wumpus. Prove: Sam is a fruity wumpus.
A:

Predicted answer: Sam is a wumpus. Sam is a fruity wumpus. Sam is a fruity wumpus. Sam is a fruity wumpus. Sam is a fruity wumpus. Sam is a fruity wumpus. Sam is a fruity wumpus. Sam is a fruity wumpus. Sam is a fruity wumpus.

 Sam is a wumpus. Sam is a fruity wumpus. Sam is a fruity wumpus. Sam is a fruity wumpus. Sam is a fruity wumpus. Sam is a fruity wumpus. Sam is a fruity wumpus. Sam is a fruity wumpus. Sam is a fruity wumpus. Sam is a fruity wumpus.

 Sam is a wumpus. Sam is a fruity wumpus. Sam is a fruity wumpus. Sam is a fruity wumpus. Sam is a fruity wumpus. Sam is a fruity wumpus. Sam is a fruity wumpus. Sam

Expected answer: Sam is a wumpus. Sam is fruity. Sam is a fruity wumpus.
n: 25, (beta prior) mean: 0.037037037037037035, 95% lower bound: 0.0009732878933350303, 95% upper bound: 0.1322746044977541, logprobs: null
  (normal approximation) mean: 0.0, 95% lower bound: 0.0, 95% upper bound: 0.0

Q:  Sam is an impus. Sam is overcast. Prove: Sam is an overcast impus.
A:

Predicted answer: Sam is an impus. Sam is overcast. Sam is an overcast impus.<s> 

Expected answer: Sam is an impus. Sam is overcast. Sam is an overcast impus.
n: 26, (beta prior) mean: 0.03571428571428571, 95% lower bound: 0.000937257091944707, 95% upper bound: 0.12770286761543234, logprobs: null
  (normal approximation) mean: 0.0, 95% lower bound: 0.0, 95% upper bound: 0.0

Q:  Stella is an impus. Stella is large. Prove: Stella is a large impus.
A:

Predicted answer: Stella is an impus. Stella is large. Stella is a large impus.<s> 

Expected answer: Stella is an impus. Stella is large. Stella is a large impus.
n: 27, (beta prior) mean: 0.034482758620689655, 95% lower bound: 0.0009037987556580578, 95% upper bound: 0.12343611850026381, logprobs: null
  (normal approximation) mean: 0.0, 95% lower bound: 0.0, 95% upper bound: 0.0

Q:  Sam is a brimpus. Sam is fast. Prove: Sam is a fast brimpus.
A:

Predicted answer: Sam is a brimpus. Sam is fast. Sam is a fast brimpus.<s> 

Expected answer: Sam is a brimpus. Sam is fast. Sam is a fast brimpus.
n: 28, (beta prior) mean: 0.03333333333333333, 95% lower bound: 0.000872646883579922, 95% upper bound: 0.11944486906950269, logprobs: null
  (normal approximation) mean: 0.0, 95% lower bound: 0.0, 95% upper bound: 0.0

Q:  Polly is a gorpus. Polly is mean. Prove: Polly is a mean gorpus.
A:

Predicted answer: Polly is a gorpus. Polly is mean. Polly is a mean gorpus.<s> 

Expected answer: Polly is a gorpus. Polly is mean. Polly is a mean gorpus.
n: 29, (beta prior) mean: 0.03225806451612903, 95% lower bound: 0.0008435709266304788, 95% upper bound: 0.11570330822202779, logprobs: null
  (normal approximation) mean: 0.0, 95% lower bound: 0.0, 95% upper bound: 0.0

Q:  Alex is a jompus. Alex is liquid. Prove: Alex is a liquid jompus.
A:

Predicted answer: Alex is a jompus. Alex is liquid. Alex is a liquid jompus.<s> 

Expected answer: Alex is a jompus. Alex is liquid. Alex is a liquid jompus.
n: 30, (beta prior) mean: 0.03125, 95% lower bound: 0.000816370071846613, 95% upper bound: 0.11218874692236996, logprobs: null
  (normal approximation) mean: 0.0, 95% lower bound: 0.0, 95% upper bound: 0.0

Q:  Alex is a numpus. Alex is loud. Prove: Alex is a loud numpus.
A:

Predicted answer: Alex is a numpus. Alex is loud. Alex is a loud numpus.<s> 

Expected answer: Alex is a numpus. Alex is loud. Alex is a loud numpus.
n: 31, (beta prior) mean: 0.030303030303030304, 95% lower bound: 0.0007908685979525573, 95% upper bound: 0.10888116067935288, logprobs: null
  (normal approximation) mean: 0.0, 95% lower bound: 0.0, 95% upper bound: 0.0

Q:  Max is small. Max is a yumpus. Prove: Max is a small yumpus.
A:

Predicted answer: Max is a yumpus. Max is a small yumpus. Max is a small yumpus.<s> 

Expected answer: Max is a yumpus. Max is small. Max is a small yumpus.
n: 32, (beta prior) mean: 0.029411764705882353, 95% lower bound: 0.0007669120750481087, 95% upper bound: 0.10576281007457927, logprobs: null
  (normal approximation) mean: 0.0, 95% lower bound: 0.0, 95% upper bound: 0.0

Q:  Alex is a lempus. Alex is amenable. Prove: Alex is an amenable lempus.
A:

Predicted answer: Alex is a lempus. Alex is amenable. Alex is an amenable lempus.<s> 

Expected answer: Alex is a lempus. Alex is amenable. Alex is an amenable lempus.
n: 33, (beta prior) mean: 0.02857142857142857, 95% lower bound: 0.0007443642346902604, 95% upper bound: 0.10281792425901262, logprobs: null
  (normal approximation) mean: 0.0, 95% lower bound: 0.0, 95% upper bound: 0.0

Q:  Sally is a lempus. Sally is large. Prove: Sally is a large lempus.
A:

Predicted answer: Sally is a lempus. Sally is large. Sally is a large lempus.<s> 

Expected answer: Sally is a lempus. Sally is large. Sally is a large lempus.
n: 34, (beta prior) mean: 0.027777777777777776, 95% lower bound: 0.0007231043763380947, 95% upper bound: 0.10003243557210503, logprobs: null
  (normal approximation) mean: 0.0, 95% lower bound: 0.0, 95% upper bound: 0.0

Q:  Polly is liquid. Polly is a lempus. Prove: Polly is a liquid lempus.
A:

Predicted answer: Polly is a lempus. Polly is a liquid lempus. Polly is a liquid lempus.<s> 

Expected answer: Polly is a lempus. Polly is liquid. Polly is a liquid lempus.
n: 35, (beta prior) mean: 0.02702702702702703, 95% lower bound: 0.0007030252059047799, 95% upper bound: 0.09739375591449193, logprobs: null
  (normal approximation) mean: 0.0, 95% lower bound: 0.0, 95% upper bound: 0.0

Q:  Wren is liquid. Wren is a brimpus. Prove: Wren is a liquid brimpus.
A:

Predicted answer: Wren is a liquid brimpus. Wren is a liquid brimpus.<s> 

Expected answer: Wren is a brimpus. Wren is liquid. Wren is a liquid brimpus.
n: 36, (beta prior) mean: 0.02631578947368421, 95% lower bound: 0.0006840310246946647, 95% upper bound: 0.09489058741498986, logprobs: null
  (normal approximation) mean: 0.0, 95% lower bound: 0.0, 95% upper bound: 0.0

Q:  Alex is a yumpus. Alex is mean. Prove: Alex is a mean yumpus.
A:

Predicted answer: Alex is a yumpus. Alex is mean. Alex is a mean yumpus.<s> 

Expected answer: Alex is a yumpus. Alex is mean. Alex is a mean yumpus.
n: 37, (beta prior) mean: 0.02564102564102564, 95% lower bound: 0.0006660362042023656, 95% upper bound: 0.09251276141587828, logprobs: null
  (normal approximation) mean: 0.0, 95% lower bound: 0.0, 95% upper bound: 0.0

Q:  Fae is a grimpus. Fae is sweet. Prove: Fae is a sweet grimpus.
A:

Predicted answer: Fae is a grimpus. Fae is sweet. Fae is a sweet grimpus.<s> 

Expected answer: Fae is a grimpus. Fae is sweet. Fae is a sweet grimpus.
n: 38, (beta prior) mean: 0.025, 95% lower bound: 0.0006489638954819451, 95% upper bound: 0.0902511009603343, logprobs: null
  (normal approximation) mean: 0.0, 95% lower bound: 0.0, 95% upper bound: 0.0

Q:  Polly is a dumpus. Polly is fast. Prove: Polly is a fast dumpus.
A:

Predicted answer: Polly is a dumpus. Polly is fast. Polly is a fast dumpus.<s> 

Expected answer: Polly is a dumpus. Polly is fast. Polly is a fast dumpus.
n: 39, (beta prior) mean: 0.024390243902439025, 95% lower bound: 0.0006327449320494191, 95% upper bound: 0.08809730287880237, logprobs: null
  (normal approximation) mean: 0.0, 95% lower bound: 0.0, 95% upper bound: 0.0

Q:  Max is a lempus. Max is fruity. Prove: Max is a fruity lempus.
A:

Predicted answer: Max is a lempus. Max is fruity. Max is a fruity lempus.<s> 

Expected answer: Max is a lempus. Max is fruity. Max is a fruity lempus.
n: 40, (beta prior) mean: 0.023809523809523808, 95% lower bound: 0.0006173168932865188, 95% upper bound: 0.08604383629402841, logprobs: null
  (normal approximation) mean: 0.0, 95% lower bound: 0.0, 95% upper bound: 0.0

Q:  Wren is a tumpus. Wren is floral. Prove: Wren is a floral tumpus.
A:

Predicted answer: Wren is a tumpus. Wren is floral. Wren is a floral tumpus.<s> 

Expected answer: Wren is a tumpus. Wren is floral. Wren is a floral tumpus.
n: 41, (beta prior) mean: 0.023255813953488372, 95% lower bound: 0.0006026233016035741, 95% upper bound: 0.08408385494035514, logprobs: null
  (normal approximation) mean: 0.0, 95% lower bound: 0.0, 95% upper bound: 0.0

Q:  Rex is liquid. Rex is a lempus. Prove: Rex is a liquid lempus.
A:

Predicted answer: Rex is a lempus. Rex is a liquid lempus. Rex is a liquid lempus.<s> 

Expected answer: Rex is a lempus. Rex is liquid. Rex is a liquid lempus.
n: 42, (beta prior) mean: 0.022727272727272728, 95% lower bound: 0.0005886129315931823, 95% upper bound: 0.08221112115413848, logprobs: null
  (normal approximation) mean: 0.0, 95% lower bound: 0.0, 95% upper bound: 0.0

Q:  Stella is slow. Stella is a brimpus. Prove: Stella is a slow brimpus.
A:

Predicted answer: Stella is a brimpus. Stella is a slow brimpus.<s> 

Expected answer: Stella is a brimpus. Stella is slow. Stella is a slow brimpus.
n: 43, (beta prior) mean: 0.022222222222222223, 95% lower bound: 0.0005752392133630829, 95% upper bound: 0.08041993976357587, logprobs: null
  (normal approximation) mean: 0.0, 95% lower bound: 0.0, 95% upper bound: 0.0

Q:  Max is a shumpus. Max is liquid. Prove: Max is a liquid shumpus.
A:

Predicted answer: Max is a shumpus. Max is liquid. Max is a liquid shumpus.<s> 

Expected answer: Max is a shumpus. Max is liquid. Max is a liquid shumpus.
n: 44, (beta prior) mean: 0.021739130434782608, 95% lower bound: 0.0005624597154022577, 95% upper bound: 0.07870510040684303, logprobs: null
  (normal approximation) mean: 0.0, 95% lower bound: 0.0, 95% upper bound: 0.0

Q:  Sam is opaque. Sam is a lempus. Prove: Sam is an opaque lempus.
A:

Predicted answer: Sam is a lempus. Sam is an opaque lempus. Sam is an opaque lempus. Sam is an opaque lempus. Sam is an opaque lempus. Sam is an opaque lempus.

 

Expected answer: Sam is a lempus. Sam is opaque. Sam is an opaque lempus.
n: 45, (beta prior) mean: 0.02127659574468085, 95% lower bound: 0.0005502356948807102, 95% upper bound: 0.07706182705190072, logprobs: null
  (normal approximation) mean: 0.0, 95% lower bound: 0.0, 95% upper bound: 0.0

Q:  Fae is hot. Fae is a grimpus. Prove: Fae is a hot grimpus.
A:

Predicted answer: Fae is a grimpus. Fae is a hot grimpus.<s> 

Expected answer: Fae is a grimpus. Fae is hot. Fae is a hot grimpus.
n: 46, (beta prior) mean: 0.020833333333333332, 95% lower bound: 0.0005385317053423145, 95% upper bound: 0.07548573369105858, logprobs: null
  (normal approximation) mean: 0.0, 95% lower bound: 0.0, 95% upper bound: 0.0

Q:  Fae is aggressive. Fae is a jompus. Prove: Fae is an aggressive jompus.
A:

Predicted answer: Fae is a jompus. Fae is an aggressive jompus.<s> 

Expected answer: Fae is a jompus. Fae is aggressive. Fae is an aggressive jompus.
n: 47, (beta prior) mean: 0.02040816326530612, 95% lower bound: 0.0005273152534231199, 95% upper bound: 0.0739727853472802, logprobs: null
  (normal approximation) mean: 0.0, 95% lower bound: 0.0, 95% upper bound: 0.0

Q:  Max is a vumpus. Max is rainy. Prove: Max is a rainy vumpus.
A:

Predicted answer: Max is a vumpus. Max is rainy. Max is a rainy vumpus.<s> 

Expected answer: Max is a vumpus. Max is rainy. Max is a rainy vumpus.
n: 48, (beta prior) mean: 0.02, 95% lower bound: 0.0005165564975932862, 95% upper bound: 0.07251926366427738, logprobs: null
  (normal approximation) mean: 0.0, 95% lower bound: 0.0, 95% upper bound: 0.0

Q:  Fae is a lempus. Fae is kind. Prove: Fae is a kind lempus.
A:

Predicted answer: Fae is a lempus. Fae is kind. Fae is a kind lempus.<s> 

Expected answer: Fae is a lempus. Fae is kind. Fae is a kind lempus.
n: 49, (beta prior) mean: 0.0196078431372549, 95% lower bound: 0.0005062279830408291, 95% upper bound: 0.07112173646419764, logprobs: null
  (normal approximation) mean: 0.0, 95% lower bound: 0.0, 95% upper bound: 0.0

Q:  Fae is a rompus. Fae is transparent. Prove: Fae is a transparent rompus.
A:

Predicted answer: Fae is a rompus. Fae is transparent. Fae is a transparent rompus.<s> 

Expected answer: Fae is a rompus. Fae is transparent. Fae is a transparent rompus.
n: 50, (beta prior) mean: 0.019230769230769232, 95% lower bound: 0.000496304407737771, 95% upper bound: 0.06977703074953864, logprobs: null
  (normal approximation) mean: 0.0, 95% lower bound: 0.0, 95% upper bound: 0.0

Q:  Max is a lorpus. Max is liquid. Prove: Max is a liquid lorpus.
A:

Predicted answer: Max is a lorpus. Max is liquid. Max is a liquid lorpus.<s> 

Expected answer: Max is a lorpus. Max is liquid. Max is a liquid lorpus.
n: 51, (beta prior) mean: 0.018867924528301886, 95% lower bound: 0.000486762415492083, 95% upper bound: 0.06848220870331956, logprobs: null
  (normal approximation) mean: 0.0, 95% lower bound: 0.0, 95% upper bound: 0.0

Q:  Polly is slow. Polly is a yumpus. Prove: Polly is a slow yumpus.
A:

Predicted answer: Polly is a yumpus. Polly is a slow yumpus. Polly is a slow yumpus.<s> 

Expected answer: Polly is a yumpus. Polly is slow. Polly is a slow yumpus.
n: 52, (beta prior) mean: 0.018518518518518517, 95% lower bound: 0.00047758041242211286, 95% upper bound: 0.06723454630630114, logprobs: null
  (normal approximation) mean: 0.0, 95% lower bound: 0.0, 95% upper bound: 0.0

Q:  Fae is a vumpus. Fae is discordant. Prove: Fae is a discordant vumpus.
A:

Predicted answer: Fae is a vumpus. Fae is discordant. Fae is a discordant vumpus.<s> 

Expected answer: Fae is a vumpus. Fae is discordant. Fae is a discordant vumpus.
n: 53, (beta prior) mean: 0.01818181818181818, 95% lower bound: 0.0004687384038179604, 95% upper bound: 0.06603151424442182, logprobs: null
  (normal approximation) mean: 0.0, 95% lower bound: 0.0, 95% upper bound: 0.0

Q:  Max is a wumpus. Max is shy. Prove: Max is a shy wumpus.
A:

Predicted answer: Max is a wumpus. Max is shy. Max is a shy wumpus.<s> 

Expected answer: Max is a wumpus. Max is shy. Max is a shy wumpus.
n: 54, (beta prior) mean: 0.017857142857142856, 95% lower bound: 0.0004602178487956972, 95% upper bound: 0.06487076082542459, logprobs: null
  (normal approximation) mean: 0.0, 95% lower bound: 0.0, 95% upper bound: 0.0

Q:  Alex is a lorpus. Alex is nervous. Prove: Alex is a nervous lorpus.
A:

Predicted answer: Alex is a lorpus. Alex is nervous. Alex is a nervous lorpus.<s> 

Expected answer: Alex is a lorpus. Alex is nervous. Alex is a nervous lorpus.
n: 55, (beta prior) mean: 0.017543859649122806, 95% lower bound: 0.00045200153052082546, 95% upper bound: 0.06375009666236217, logprobs: null
  (normal approximation) mean: 0.0, 95% lower bound: 0.0, 95% upper bound: 0.0

Q:  Max is bitter. Max is a yumpus. Prove: Max is a bitter yumpus.
A:

Predicted answer: Max is a yumpus. Max is a bitter yumpus. Max is a bitter yumpus.<s> 

Expected answer: Max is a yumpus. Max is bitter. Max is a bitter yumpus.
n: 56, (beta prior) mean: 0.017241379310344827, 95% lower bound: 0.00044407344008939235, 95% upper bound: 0.06266748091448493, logprobs: null
  (normal approximation) mean: 0.0, 95% lower bound: 0.0, 95% upper bound: 0.0

Q:  Alex is kind. Alex is a zumpus. Prove: Alex is a kind zumpus.
A:

Predicted answer: Alex is a kind zumpus. Alex is a kind zumpus. Alex is a kind zumpus.<s> 

Expected answer: Alex is a zumpus. Alex is kind. Alex is a kind zumpus.
n: 57, (beta prior) mean: 0.01694915254237288, 95% lower bound: 0.0004364186724187789, 95% upper bound: 0.061621008903919826, logprobs: null
  (normal approximation) mean: 0.0, 95% lower bound: 0.0, 95% upper bound: 0.0

Q:  Sam is temperate. Sam is a shumpus. Prove: Sam is a temperate shumpus.
A:

Predicted answer: Sam is a shumpus. Sam is temperate. Sam is a temperate shumpus.<s> 

Expected answer: Sam is a shumpus. Sam is temperate. Sam is a temperate shumpus.
n: 58, (beta prior) mean: 0.016666666666666666, 95% lower bound: 0.0004290233327235946, 95% upper bound: 0.060608900950339835, logprobs: null
  (normal approximation) mean: 0.0, 95% lower bound: 0.0, 95% upper bound: 0.0

Q:  Polly is dull. Polly is a zumpus. Prove: Polly is a dull zumpus.
A:

Predicted answer: Polly is a zumpus. Polly is a dull zumpus. Polly is a dull zumpus.<s> 

Expected answer: Polly is a zumpus. Polly is dull. Polly is a dull zumpus.
n: 59, (beta prior) mean: 0.01639344262295082, 95% lower bound: 0.00042187445234200883, 95% upper bound: 0.059629492286166916, logprobs: null
  (normal approximation) mean: 0.0, 95% lower bound: 0.0, 95% upper bound: 0.0

Q:  Stella is an impus. Stella is transparent. Prove: Stella is a transparent impus.
A:

Predicted answer: Stella is an impus. Stella is transparent. Stella is a transparent impus.<s> 

Expected answer: Stella is an impus. Stella is transparent. Stella is a transparent impus.
n: 60, (beta prior) mean: 0.016129032258064516, 95% lower bound: 0.00041495991283974033, 95% upper bound: 0.05868122393229261, logprobs: null
  (normal approximation) mean: 0.0, 95% lower bound: 0.0, 95% upper bound: 0.0

Q:  Max is sweet. Max is a brimpus. Prove: Max is a sweet brimpus.
A:

Predicted answer: Max is a brimpus. Max is a sweet brimpus. Max is a sweet brimpus.<s> 

Expected answer: Max is a brimpus. Max is sweet. Max is a sweet brimpus.
n: 61, (beta prior) mean: 0.015873015873015872, 95% lower bound: 0.00040826837745732233, 95% upper bound: 0.05776263442929093, logprobs: null
  (normal approximation) mean: 0.0, 95% lower bound: 0.0, 95% upper bound: 0.0

Q:  Max is hot. Max is a shumpus. Prove: Max is a hot shumpus.
A:

Predicted answer: Max is a shumpus. Max is a hot shumpus. Max is a hot shumpus.<s> 

Expected answer: Max is a shumpus. Max is hot. Max is a hot shumpus.
n: 62, (beta prior) mean: 0.015625, 95% lower bound: 0.00040178922908488707, 95% upper bound: 0.05687235233201624, logprobs: null
  (normal approximation) mean: 0.0, 95% lower bound: 0.0, 95% upper bound: 0.0

Q:  Wren is a wumpus. Wren is amenable. Prove: Wren is an amenable wumpus.
A:

Predicted answer: Wren is a wumpus. Wren is amenable. Wren is an amenable wumpus.<s> 

Expected answer: Wren is a wumpus. Wren is amenable. Wren is an amenable wumpus.
n: 63, (beta prior) mean: 0.015384615384615385, 95% lower bound: 0.00039551251405066395, 95% upper bound: 0.05600908938663656, logprobs: null
  (normal approximation) mean: 0.0, 95% lower bound: 0.0, 95% upper bound: 0.0

Q:  Max is an impus. Max is bright. Prove: Max is a bright impus.
A:

Predicted answer: Max is an impus. Max is bright. Max is a bright impus.<s> 

Expected answer: Max is an impus. Max is bright. Max is a bright impus.
n: 64, (beta prior) mean: 0.015151515151515152, 95% lower bound: 0.0003894288910972206, 95% upper bound: 0.055171634318813376, logprobs: null
  (normal approximation) mean: 0.0, 95% lower bound: 0.0, 95% upper bound: 0.0

Q:  Sam is a dumpus. Sam is floral. Prove: Sam is a floral dumpus.
A:

Predicted answer: Sam is a dumpus. Sam is floral. Sam is a floral dumpus.<s> 

Expected answer: Sam is a dumpus. Sam is floral. Sam is a floral dumpus.
n: 65, (beta prior) mean: 0.014925373134328358, 95% lower bound: 0.00038352958499533773, 95% upper bound: 0.054358847170121974, logprobs: null
  (normal approximation) mean: 0.0, 95% lower bound: 0.0, 95% upper bound: 0.0

Q:  Sam is an impus. Sam is large. Prove: Sam is a large impus.
A:

Predicted answer: Sam is an impus. Sam is large. Sam is a large impus.<s> 

Expected answer: Sam is an impus. Sam is large. Sam is a large impus.
n: 66, (beta prior) mean: 0.014705882352941176, 95% lower bound: 0.00037780634431108036, 95% upper bound: 0.053569654127096765, logprobs: null
  (normal approximation) mean: 0.0, 95% lower bound: 0.0, 95% upper bound: 0.0

Q:  Fae is fast. Fae is a dumpus. Prove: Fae is a fast dumpus.
A:

Predicted answer: Fae is a dumpus. Fae is a fast dumpus.<s> 

Expected answer: Fae is a dumpus. Fae is fast. Fae is a fast dumpus.
n: 67, (beta prior) mean: 0.014492753623188406, 95% lower bound: 0.00037225140289861013, 95% upper bound: 0.05280304279363979, logprobs: null
  (normal approximation) mean: 0.0, 95% lower bound: 0.0, 95% upper bound: 0.0

Q:  Sally is opaque. Sally is a gorpus. Prove: Sally is an opaque gorpus.
A:

Predicted answer: Sally is a gorpus. Sally is an opaque gorpus.<s> 

Expected answer: Sally is a gorpus. Sally is opaque. Sally is an opaque gorpus.
n: 68, (beta prior) mean: 0.014285714285714285, 95% lower bound: 0.00036685744474083384, 95% upper bound: 0.05205805786307967, logprobs: null
  (normal approximation) mean: 0.0, 95% lower bound: 0.0, 95% upper bound: 0.0

Q:  Max is sour. Max is a vumpus. Prove: Max is a sour vumpus.
A:

Predicted answer: Max is a vumpus. Max is a sour vumpus. Max is a sour vumpus. Max is a sour vumpus. Max is a sour vumpus.

 

Expected answer: Max is a vumpus. Max is sour. Max is a sour vumpus.
n: 69, (beta prior) mean: 0.014084507042253521, 95% lower bound: 0.00036161757180316575, 95% upper bound: 0.05133379715102374, logprobs: null
  (normal approximation) mean: 0.0, 95% lower bound: 0.0, 95% upper bound: 0.0

Q:  Wren is shy. Wren is a rompus. Prove: Wren is a shy rompus.
A:

Predicted answer: Wren is a rompus. Wren is a shy rompus.<s> 

Expected answer: Wren is a rompus. Wren is shy. Wren is a shy rompus.
n: 70, (beta prior) mean: 0.013888888888888888, 95% lower bound: 0.0003565252746033891, 95% upper bound: 0.050629407954403696, logprobs: null
  (normal approximation) mean: 0.0, 95% lower bound: 0.0, 95% upper bound: 0.0

Q:  Alex is floral. Alex is a numpus. Prove: Alex is a floral numpus.
A:

Predicted answer: Alex is a numpus. Alex is a floral numpus. Alex is a floral numpus.<s> 

Expected answer: Alex is a numpus. Alex is floral. Alex is a floral numpus.
n: 71, (beta prior) mean: 0.0136986301369863, 95% lower bound: 0.0003515744052335976, 95% upper bound: 0.049944083705854674, logprobs: null
  (normal approximation) mean: 0.0, 95% lower bound: 0.0, 95% upper bound: 0.0

Q:  Fae is a grimpus. Fae is fruity. Prove: Fae is a fruity grimpus.
A:

Predicted answer: Fae is a grimpus. Fae is fruity. Fae is a fruity grimpus.<s> 

Expected answer: Fae is a grimpus. Fae is fruity. Fae is a fruity grimpus.
n: 72, (beta prior) mean: 0.013513513513513514, 95% lower bound: 0.00034675915259912694, 95% upper bound: 0.04927706089585928, logprobs: null
  (normal approximation) mean: 0.0, 95% lower bound: 0.0, 95% upper bound: 0.0

Q:  Alex is sunny. Alex is a lempus. Prove: Alex is a sunny lempus.
A:

Predicted answer: Alex is a lempus. Alex is a sunny lempus. Alex is a sunny lempus.<s> 

Expected answer: Alex is a lempus. Alex is sunny. Alex is a sunny lempus.
n: 73, (beta prior) mean: 0.013333333333333334, 95% lower bound: 0.0003420740196647972, 95% upper bound: 0.04862761623798952, logprobs: null
  (normal approximation) mean: 0.0, 95% lower bound: 0.0, 95% upper bound: 0.0

Q:  Rex is a gorpus. Rex is small. Prove: Rex is a small gorpus.
A:

Predicted answer: Rex is a gorpus. Rex is a small gorpus. Rex is a small gorpus.<s> 

Expected answer: Rex is a gorpus. Rex is small. Rex is a small gorpus.
n: 74, (beta prior) mean: 0.013157894736842105, 95% lower bound: 0.00033751380252114845, 95% upper bound: 0.047995064055142256, logprobs: null
  (normal approximation) mean: 0.0, 95% lower bound: 0.0, 95% upper bound: 0.0

Q:  Wren is fruity. Wren is a wumpus. Prove: Wren is a fruity wumpus.
A:

Predicted answer: Wren is a wumpus. Wren is a fruity wumpus.<s> 

Expected answer: Wren is a wumpus. Wren is fruity. Wren is a fruity wumpus.
n: 75, (beta prior) mean: 0.012987012987012988, 95% lower bound: 0.0003330735711030665, 95% upper bound: 0.047378753866930745, logprobs: null
  (normal approximation) mean: 0.0, 95% lower bound: 0.0, 95% upper bound: 0.0

Q:  Polly is a rompus. Polly is loud. Prove: Polly is a loud rompus.
A:

Predicted answer: Polly is a rompus. Polly is loud. Polly is a loud rompus.<s> 

Expected answer: Polly is a rompus. Polly is loud. Polly is a loud rompus.
n: 76, (beta prior) mean: 0.01282051282051282, 95% lower bound: 0.0003287486514106065, 95% upper bound: 0.046778068160404106, logprobs: null
  (normal approximation) mean: 0.0, 95% lower bound: 0.0, 95% upper bound: 0.0

Q:  Stella is a zumpus. Stella is orange. Prove: Stella is an orange zumpus.
A:

Predicted answer: Stella is a zumpus. Stella is orange. Stella is an orange zumpus.<s> 

Expected answer: Stella is a zumpus. Stella is orange. Stella is an orange zumpus.
n: 77, (beta prior) mean: 0.012658227848101266, 95% lower bound: 0.0003245346090972235, 95% upper bound: 0.04619242032804872, logprobs: null
  (normal approximation) mean: 0.0, 95% lower bound: 0.0, 95% upper bound: 0.0

Q:  Stella is a wumpus. Stella is fast. Prove: Stella is a fast wumpus.
A:

Predicted answer: Stella is a wumpus. Stella is fast. Stella is a fast wumpus.<s> 

Expected answer: Stella is a wumpus. Stella is fast. Stella is a fast wumpus.
n: 78, (beta prior) mean: 0.0125, 95% lower bound: 0.0003204272343042667, 95% upper bound: 0.045621252758611106, logprobs: null
  (normal approximation) mean: 0.0, 95% lower bound: 0.0, 95% upper bound: 0.0

Q:  Fae is a jompus. Fae is red. Prove: Fae is a red jompus.
A:

Predicted answer: Fae is a jompus. Fae is red. Fae is a red jompus.<s> 

Expected answer: Fae is a jompus. Fae is red. Fae is a red jompus.
n: 79, (beta prior) mean: 0.012345679012345678, 95% lower bound: 0.00031642252763270626, 95% upper bound: 0.045064035067692285, logprobs: null
  (normal approximation) mean: 0.0, 95% lower bound: 0.0, 95% upper bound: 0.0

Q:  Rex is wooden. Rex is a yumpus. Prove: Rex is a wooden yumpus.
A:

Predicted answer: Rex is a yumpus. Rex is a wooden yumpus. Rex is a wooden yumpus.<s> 

Expected answer: Rex is a yumpus. Rex is wooden. Rex is a wooden yumpus.
n: 80, (beta prior) mean: 0.012195121951219513, 95% lower bound: 0.00031251668715382954, 95% upper bound: 0.044520262456321735, logprobs: null
  (normal approximation) mean: 0.0, 95% lower bound: 0.0, 95% upper bound: 0.0

Q:  Alex is a gorpus. Alex is orange. Prove: Alex is an orange gorpus.
A:

Predicted answer: Alex is a gorpus. Alex is orange. Alex is an orange gorpus.<s> 

Expected answer: Alex is a gorpus. Alex is orange. Alex is an orange gorpus.
n: 81, (beta prior) mean: 0.012048192771084338, 95% lower bound: 0.0003087060963702275, 95% upper bound: 0.04398945418684236, logprobs: null
  (normal approximation) mean: 0.0, 95% lower bound: 0.0, 95% upper bound: 0.0

Q:  Rex is transparent. Rex is an impus. Prove: Rex is a transparent impus.
A:

Predicted answer: Rex is an impus. Rex is transparent. Rex is a transparent impus.<s> 

Expected answer: Rex is an impus. Rex is transparent. Rex is a transparent impus.
n: 82, (beta prior) mean: 0.011904761904761904, 95% lower bound: 0.0003049873130469377, 95% upper bound: 0.0434711521664418, logprobs: null
  (normal approximation) mean: 0.0, 95% lower bound: 0.0, 95% upper bound: 0.0

Q:  Rex is fruity. Rex is a wumpus. Prove: Rex is a fruity wumpus.
A:

Predicted answer: Rex is a wumpus. Rex is a fruity wumpus.<s> 

Expected answer: Rex is a wumpus. Rex is fruity. Rex is a fruity wumpus.
n: 83, (beta prior) mean: 0.011764705882352941, 95% lower bound: 0.0003013570588402435, 95% upper bound: 0.04296491962956506, logprobs: null
  (normal approximation) mean: 0.0, 95% lower bound: 0.0, 95% upper bound: 0.0

Q:  Wren is large. Wren is a sterpus. Prove: Wren is a large sterpus.
A:

Predicted answer: Wren is a sterpus. Wren is a large sterpus.<s> 

Expected answer: Wren is a sterpus. Wren is large. Wren is a large sterpus.
n: 84, (beta prior) mean: 0.011627906976744186, 95% lower bound: 0.0002978122096584482, 95% upper bound: 0.04247033991124916, logprobs: null
  (normal approximation) mean: 0.0, 95% lower bound: 0.0, 95% upper bound: 0.0

Q:  Sally is temperate. Sally is a lorpus. Prove: Sally is a temperate lorpus.
A:

Predicted answer: Sally is a lorpus. Sally is temperate. Sally is a temperate lorpus.<s> 

Expected answer: Sally is a lorpus. Sally is temperate. Sally is a temperate lorpus.
n: 85, (beta prior) mean: 0.011494252873563218, 95% lower bound: 0.0002943497866950549, 95% upper bound: 0.04198701530414447, logprobs: null
  (normal approximation) mean: 0.0, 95% lower bound: 0.0, 95% upper bound: 0.0

Q:  Polly is luminous. Polly is a wumpus. Prove: Polly is a luminous wumpus.
A:

Predicted answer: Polly is a wumpus. Polly is a luminous wumpus. Polly is a luminous wumpus.<s> 

Expected answer: Polly is a wumpus. Polly is luminous. Polly is a luminous wumpus.
n: 86, (beta prior) mean: 0.011363636363636364, 95% lower bound: 0.00029096694808025735, 95% upper bound: 0.041514565992637815, logprobs: null
  (normal approximation) mean: 0.0, 95% lower bound: 0.0, 95% upper bound: 0.0

Q:  Fae is a lempus. Fae is nervous. Prove: Fae is a nervous lempus.
A:

Predicted answer: Fae is a lempus. Fae is nervous. Fae is a nervous lempus.<s> 

Expected answer: Fae is a lempus. Fae is nervous. Fae is a nervous lempus.
n: 87, (beta prior) mean: 0.011235955056179775, 95% lower bound: 0.0002876609811015656, 95% upper bound: 0.04105262905807801, logprobs: null
  (normal approximation) mean: 0.0, 95% lower bound: 0.0, 95% upper bound: 0.0

Q:  Stella is a sterpus. Stella is dull. Prove: Stella is a dull sterpus.
A:

Predicted answer: Stella is a sterpus. Stella is dull. Stella is a dull sterpus.<s> 

Expected answer: Stella is a sterpus. Stella is dull. Stella is a dull sterpus.
n: 88, (beta prior) mean: 0.011111111111111112, 95% lower bound: 0.0002844292949488092, 95% upper bound: 0.04060085754963182, logprobs: null
  (normal approximation) mean: 0.0, 95% lower bound: 0.0, 95% upper bound: 0.0

Q:  Stella is a wumpus. Stella is discordant. Prove: Stella is a discordant wumpus.
A:

Predicted answer: Stella is a wumpus. Stella is discordant. Stella is a discordant wumpus.<s> 

Expected answer: Stella is a wumpus. Stella is discordant. Stella is a discordant wumpus.
n: 89, (beta prior) mean: 0.01098901098901099, 95% lower bound: 0.0002812694139427387, 95% upper bound: 0.040158919615774634, logprobs: null
  (normal approximation) mean: 0.0, 95% lower bound: 0.0, 95% upper bound: 0.0

Q:  Max is dull. Max is a wumpus. Prove: Max is a dull wumpus.
A:

Predicted answer: Max is a wumpus. Max is dull. Max is a dull wumpus.<s> 

Expected answer: Max is a wumpus. Max is dull. Max is a dull wumpus.
n: 90, (beta prior) mean: 0.010869565217391304, 95% lower bound: 0.0002781789712100313, 95% upper bound: 0.039726497691849584, logprobs: null
  (normal approximation) mean: 0.0, 95% lower bound: 0.0, 95% upper bound: 0.0

Q:  Stella is sour. Stella is a numpus. Prove: Stella is a sour numpus.
A:

Predicted answer: Stella is a numpus. Stella is sour. Stella is a sour numpus.<s> 

Expected answer: Stella is a numpus. Stella is sour. Stella is a sour numpus.
n: 91, (beta prior) mean: 0.010752688172043012, 95% lower bound: 0.0002751557027707387, 95% upper bound: 0.039303287739518036, logprobs: null
  (normal approximation) mean: 0.0, 95% lower bound: 0.0, 95% upper bound: 0.0

Q:  Rex is a zumpus. Rex is shy. Prove: Rex is a shy zumpus.
A:

Predicted answer: Rex is a zumpus. Rex is shy. Rex is a shy zumpus.<s> 

Expected answer: Rex is a zumpus. Rex is shy. Rex is a shy zumpus.
n: 92, (beta prior) mean: 0.010638297872340425, 95% lower bound: 0.00027219744200713874, 95% upper bound: 0.0388889985342758, logprobs: null
  (normal approximation) mean: 0.0, 95% lower bound: 0.0, 95% upper bound: 0.0

Q:  Wren is a wumpus. Wren is floral. Prove: Wren is a floral wumpus.
A:

Predicted answer: Wren is a wumpus. Wren is floral. Wren is a floral wumpus.<s> 

Expected answer: Wren is a wumpus. Wren is floral. Wren is a floral wumpus.
n: 93, (beta prior) mean: 0.010526315789473684, 95% lower bound: 0.00026930211448559046, 95% upper bound: 0.03848335099752879, logprobs: null
  (normal approximation) mean: 0.0, 95% lower bound: 0.0, 95% upper bound: 0.0

Q:  Sam is a sterpus. Sam is liquid. Prove: Sam is a liquid sterpus.
A:

Predicted answer: Sam is a sterpus. Sam is liquid. Sam is a liquid sterpus.<s> 

Expected answer: Sam is a sterpus. Sam is liquid. Sam is a liquid sterpus.
n: 94, (beta prior) mean: 0.010416666666666666, 95% lower bound: 0.00026646773310538775, 95% upper bound: 0.03808607757001057, logprobs: null
  (normal approximation) mean: 0.0, 95% lower bound: 0.0, 95% upper bound: 0.0

Q:  Max is a lempus. Max is transparent. Prove: Max is a transparent lempus.
A:

Predicted answer: Max is a lempus. Max is transparent. Max is a transparent lempus.<s> 

Expected answer: Max is a lempus. Max is transparent. Max is a transparent lempus.
n: 95, (beta prior) mean: 0.010309278350515464, 95% lower bound: 0.00026369239355076825, 95% upper bound: 0.03769692162358756, logprobs: null
  (normal approximation) mean: 0.0, 95% lower bound: 0.0, 95% upper bound: 0.0

Q:  Polly is opaque. Polly is a lorpus. Prove: Polly is an opaque lorpus.
A:

Predicted answer: Polly is a lorpus. Polly is an opaque lorpus. Polly is an opaque lorpus.<s> 

Expected answer: Polly is a lorpus. Polly is opaque. Polly is an opaque lorpus.
n: 96, (beta prior) mean: 0.01020408163265306, 95% lower bound: 0.0002609742700242055, 95% upper bound: 0.03731563690873607, logprobs: null
  (normal approximation) mean: 0.0, 95% lower bound: 0.0, 95% upper bound: 0.0

Q:  Max is sour. Max is a yumpus. Prove: Max is a sour yumpus.
A:

Predicted answer: Max is a yumpus. Max is a sour yumpus. Max is a sour yumpus. Max is a sour yumpus. Max is a sour yumpus. Max is a sour yumpus.

 

Expected answer: Max is a yumpus. Max is sour. Max is a sour yumpus.
n: 97, (beta prior) mean: 0.010101010101010102, 95% lower bound: 0.000258311611240894, 95% upper bound: 0.03694198703519287, logprobs: null
  (normal approximation) mean: 0.0, 95% lower bound: 0.0, 95% upper bound: 0.0

Q:  Rex is a yumpus. Rex is rainy. Prove: Rex is a rainy yumpus.
A:

Predicted answer: Rex is a yumpus. Rex is rainy. Rex is a rainy yumpus.<s> 

Expected answer: Rex is a yumpus. Rex is rainy. Rex is a rainy yumpus.
n: 98, (beta prior) mean: 0.01, 95% lower bound: 0.00025570273666596153, 95% upper bound: 0.03657574498347894, logprobs: null
  (normal approximation) mean: 0.0, 95% lower bound: 0.0, 95% upper bound: 0.0

Q:  Rex is opaque. Rex is a brimpus. Prove: Rex is an opaque brimpus.
A:

Predicted answer: Rex is a brimpus. Rex is an opaque brimpus. Rex is an opaque brimpus.<s> 

Expected answer: Rex is a brimpus. Rex is opaque. Rex is an opaque brimpus.
n: 99, (beta prior) mean: 0.009900990099009901, 95% lower bound: 0.00025314603297742064, 95% upper bound: 0.03621669264517641, logprobs: null
  (normal approximation) mean: 0.0, 95% lower bound: 0.0, 95% upper bound: 0.0

Q:  Max is feisty. Max is a tumpus. Prove: Max is a feisty tumpus.
A:

Predicted answer: Max is a tumpus. Max is a feisty tumpus. Max is a feisty tumpus. Max is a feisty tumpus. Max is a feisty tumpus.

 Max is a tumpus. Max is a feisty tumpus. Max is a feisty tumpus. Max is a feisty tumpus.

 Max is a tumpus. Max is a feisty tumpus. Max is a feisty tumpus. Max is a feisty tumpus.

 Max is a tumpus. Max is a feisty tumpus. Max is a feisty tumpus. Max is a feisty tumpus.

 Max is a tumpus. Max is a feisty tumpus. Max is a feisty tumpus. Max is a feisty tumpus.

 Max is a tumpus. Max is a feisty tumpus. Max is a feisty tumpus. Max is a feisty tumpus.

 Max is a tumpus. Max is a feist

Expected answer: Max is a tumpus. Max is feisty. Max is a feisty tumpus.
n: 100, (beta prior) mean: 0.00980392156862745, 95% lower bound: 0.0002506399507392151, 95% upper bound: 0.03586462039000372, logprobs: null
  (normal approximation) mean: 0.0, 95% lower bound: 0.0, 95% upper bound: 0.0

