Correct steps: 272
Total steps: 284
Correct steps ratio: 0.9577464788732394
Non-atomic steps ratio: 0.08098591549295775
Skip steps ratio: 0.0
Invalid steps ratio: 0.014084507042253521
Correct and useful steps ratio: 0.954225352112676
Unparseable steps ratio: 0.0035211267605633804
Incorrect steps ratio: 0.014084507042253521
Perplexity sample mean: nan
Perplexity sample std dev: nan
Number of examples: 100
Number of correct proof: 82
Proportion of proofs that contain the correct proof: 0.82
Proportion of proofs that only contain correct, non-atomic, or skip steps: 0.85
Proportion of correct proofs that contain a "useless branch":          0.0
Proportion of correct proofs that contain a "useful skip step":        0.0
Proportion of correct proofs that contain a "useless skip step":       0.0
Proportion of correct proofs that contain a "useful non-atomic step":  0.15853658536585366
Proportion of correct proofs that contain a "useless non-atomic step": 0.0
Proportion of correct proofs that contain an "invalid step":           0.0
Proportion of correct proofs that contain a "useless branch" AND "useful non-atomic step": 0.0
Proportion of correct proofs that contain a "useless branch" AND "useless non-atomic step": 0.0
Proportion of correct proofs that contain a "useless branch" AND "invalid step": 0.0
Proportion of correct proofs that contain a "useless branch" AND "useful non-atomic step" AND "invalid step": 0.0
Proportion of correct proofs with ANY OF THE ABOVE:                    0.17073170731707318
Proportion of incorrect proofs that contain a "useless branch":          0.0
Proportion of incorrect proofs that contain a "useful skip step":        0.0
Proportion of incorrect proofs that contain a "useless skip step":       0.0
Proportion of incorrect proofs that contain a "useful non-atomic step":  0.0
Proportion of incorrect proofs that contain a "useless non-atomic step": 0.0
Proportion of incorrect proofs that contain an "invalid step":           0.1111111111111111
Proportion of incorrect proofs that contain a "useless branch" AND "useful non-atomic step": 0.0
Proportion of incorrect proofs that contain a "useless branch" AND "useless non-atomic step": 0.0
Proportion of incorrect proofs that contain a "useless branch" AND "invalid step": 0.0
Proportion of incorrect proofs that contain a "useless branch" AND "useful non-atomic step" AND "invalid step": 0.0
Proportion of incorrect proofs with ANY OF THE ABOVE:                    0.1111111111111111

Proportion of ALL proofs that are strictly correct: 0.68
Proportion of ALL proofs that would be correct if "skip steps" are considered correct: 0.68
Proportion of ALL proofs that would be correct if "non-atomic steps" are considered correct: 0.82
Proportion of ALL proofs that would be correct if both "skip steps" and "non-atomic steps" are considered correct: 0.82

Proportion of correct proofs where the "useless branch" is the first mistake: 0.0
Proportion of correct proofs where the "useful skip step" is the first mistake: 0.0
Proportion of correct proofs where the "useless skip step" is the first mistake: 0.0
Proportion of correct proofs where the "useful non-atomic step" is the first mistake: 0.15853658536585366
Proportion of correct proofs where the "useless non-atomic step" is the first mistake: 0.0
Proportion of correct proofs where the "invalid step" is the first mistake: 0.012195121951219513
Proportion of incorrect proofs where the "useless branch" is the first mistake: 0.0
Proportion of incorrect proofs where the "useful skip step" is the first mistake: 0.0
Proportion of incorrect proofs where the "useless skip step" is the first mistake: 0.0
Proportion of incorrect proofs where the "useful non-atomic step" is the first mistake: 0.0
Proportion of incorrect proofs where the "useless non-atomic step" is the first mistake: 0.0
Proportion of incorrect proofs where the "invalid step" is the first mistake: 0.1111111111111111
incorrect_proof_ids_with_skip_steps: [4, 5, 15, 16, 19, 21, 28, 35, 37, 38, 41, 43, 44, 45, 47, 48, 50, 55, 57, 62, 73, 79, 80, 81, 82, 85, 87, 88, 90, 93, 98, 100]
incorrect_proof_ids_with_skip_or_non_atomic_steps: [5, 16, 35, 37, 38, 41, 44, 55, 62, 73, 79, 80, 81, 82, 88, 90, 93, 98]
incorrect_proof_ids_with_skip_or_non_atomic_steps \ incorrect_proof_ids_with_skip_steps: [4, 15, 19, 21, 28, 43, 45, 47, 48, 50, 57, 85, 87, 100]
