There were errors during semantic parsing for file OpenELM-270M-Instruct_orelim_1hop_OrElim_nodistractor.log:
Correct steps: 699
Total steps: 787
Correct steps ratio: 0.8881829733163914
Non-atomic steps ratio: 0.0
Skip steps ratio: 0.0
Invalid steps ratio: 0.11181702668360864
Correct and useful steps ratio: 0.554002541296061
Unparseable steps ratio: 0.021601016518424398
Incorrect steps ratio: 0.11181702668360864
Perplexity sample mean: nan
Perplexity sample std dev: nan
Number of examples: 100
Number of correct proof: 39
Proportion of proofs that contain the correct proof: 0.39
Proportion of proofs that only contain correct, non-atomic, or skip steps: 0.57
Proportion of correct proofs that contain a "useless branch":          0.0
Proportion of correct proofs that contain a "useful skip step":        0.0
Proportion of correct proofs that contain a "useless skip step":       0.0
Proportion of correct proofs that contain a "useful non-atomic step":  0.0
Proportion of correct proofs that contain a "useless non-atomic step": 0.0
Proportion of correct proofs that contain an "invalid step":           0.07692307692307693
Proportion of correct proofs that contain a "useless branch" AND "useful non-atomic step": 0.0
Proportion of correct proofs that contain a "useless branch" AND "useless non-atomic step": 0.0
Proportion of correct proofs that contain a "useless branch" AND "invalid step": 0.0
Proportion of correct proofs that contain a "useless branch" AND "useful non-atomic step" AND "invalid step": 0.0
Proportion of correct proofs with ANY OF THE ABOVE:                    0.07692307692307693
Proportion of incorrect proofs that contain a "useless branch":          0.0
Proportion of incorrect proofs that contain a "useful skip step":        0.0
Proportion of incorrect proofs that contain a "useless skip step":       0.0
Proportion of incorrect proofs that contain a "useful non-atomic step":  0.0
Proportion of incorrect proofs that contain a "useless non-atomic step": 0.0
Proportion of incorrect proofs that contain an "invalid step":           0.6557377049180327
Proportion of incorrect proofs that contain a "useless branch" AND "useful non-atomic step": 0.0
Proportion of incorrect proofs that contain a "useless branch" AND "useless non-atomic step": 0.0
Proportion of incorrect proofs that contain a "useless branch" AND "invalid step": 0.0
Proportion of incorrect proofs that contain a "useless branch" AND "useful non-atomic step" AND "invalid step": 0.0
Proportion of incorrect proofs with ANY OF THE ABOVE:                    0.6557377049180327

Proportion of ALL proofs that are strictly correct: 0.39
Proportion of ALL proofs that would be correct if "skip steps" are considered correct: 0.39
Proportion of ALL proofs that would be correct if "non-atomic steps" are considered correct: 0.39
Proportion of ALL proofs that would be correct if both "skip steps" and "non-atomic steps" are considered correct: 0.39

Proportion of correct proofs where the "useless branch" is the first mistake: 0.0
Proportion of correct proofs where the "useful skip step" is the first mistake: 0.0
Proportion of correct proofs where the "useless skip step" is the first mistake: 0.0
Proportion of correct proofs where the "useful non-atomic step" is the first mistake: 0.0
Proportion of correct proofs where the "useless non-atomic step" is the first mistake: 0.0
Proportion of correct proofs where the "invalid step" is the first mistake: 0.07692307692307693
Proportion of incorrect proofs where the "useless branch" is the first mistake: 0.0
Proportion of incorrect proofs where the "useful skip step" is the first mistake: 0.0
Proportion of incorrect proofs where the "useless skip step" is the first mistake: 0.0
Proportion of incorrect proofs where the "useful non-atomic step" is the first mistake: 0.0
Proportion of incorrect proofs where the "useless non-atomic step" is the first mistake: 0.0
Proportion of incorrect proofs where the "invalid step" is the first mistake: 0.6557377049180327
incorrect_proof_ids_with_skip_steps: [1, 2, 3, 6, 7, 8, 9, 10, 11, 13, 14, 16, 18, 22, 23, 24, 26, 27, 28, 31, 34, 35, 39, 41, 42, 43, 44, 46, 47, 48, 49, 52, 54, 56, 57, 58, 60, 62, 63, 64, 67, 68, 69, 70, 72, 74, 79, 80, 83, 84, 85, 86, 89, 90, 92, 95, 96, 97, 98, 99, 100]
incorrect_proof_ids_with_skip_or_non_atomic_steps: [1, 2, 3, 6, 7, 8, 9, 10, 11, 13, 14, 16, 18, 22, 23, 24, 26, 27, 28, 31, 34, 35, 39, 41, 42, 43, 44, 46, 47, 48, 49, 52, 54, 56, 57, 58, 60, 62, 63, 64, 67, 68, 69, 70, 72, 74, 79, 80, 83, 84, 85, 86, 89, 90, 92, 95, 96, 97, 98, 99, 100]
incorrect_proof_ids_with_skip_or_non_atomic_steps \ incorrect_proof_ids_with_skip_steps: []
