There were errors during semantic parsing for file stablelm-2-zephyr-1_6b_orelim_1hop_OrElim_nodistractor.log:
Correct steps: 1260
Total steps: 1699
Correct steps ratio: 0.7416127133608005
Non-atomic steps ratio: 0.0
Skip steps ratio: 0.0
Invalid steps ratio: 0.2583872866391995
Correct and useful steps ratio: 0.5738669805768098
Unparseable steps ratio: 0.02707474985285462
Incorrect steps ratio: 0.2583872866391995
Perplexity sample mean: nan
Perplexity sample std dev: nan
Number of examples: 100
Number of correct proof: 69
Proportion of proofs that contain the correct proof: 0.69
Proportion of proofs that only contain correct, non-atomic, or skip steps: 0.57
Proportion of correct proofs that contain a "useless branch":          0.0
Proportion of correct proofs that contain a "useful skip step":        0.0
Proportion of correct proofs that contain a "useless skip step":       0.0
Proportion of correct proofs that contain a "useful non-atomic step":  0.0
Proportion of correct proofs that contain a "useless non-atomic step": 0.0
Proportion of correct proofs that contain an "invalid step":           0.2463768115942029
Proportion of correct proofs that contain a "useless branch" AND "useful non-atomic step": 0.0
Proportion of correct proofs that contain a "useless branch" AND "useless non-atomic step": 0.0
Proportion of correct proofs that contain a "useless branch" AND "invalid step": 0.0
Proportion of correct proofs that contain a "useless branch" AND "useful non-atomic step" AND "invalid step": 0.0
Proportion of correct proofs with ANY OF THE ABOVE:                    0.2463768115942029
Proportion of incorrect proofs that contain a "useless branch":          0.0
Proportion of incorrect proofs that contain a "useful skip step":        0.0
Proportion of incorrect proofs that contain a "useless skip step":       0.0
Proportion of incorrect proofs that contain a "useful non-atomic step":  0.0
Proportion of incorrect proofs that contain a "useless non-atomic step": 0.0
Proportion of incorrect proofs that contain an "invalid step":           0.8387096774193549
Proportion of incorrect proofs that contain a "useless branch" AND "useful non-atomic step": 0.0
Proportion of incorrect proofs that contain a "useless branch" AND "useless non-atomic step": 0.0
Proportion of incorrect proofs that contain a "useless branch" AND "invalid step": 0.0
Proportion of incorrect proofs that contain a "useless branch" AND "useful non-atomic step" AND "invalid step": 0.0
Proportion of incorrect proofs with ANY OF THE ABOVE:                    0.8387096774193549

Proportion of ALL proofs that are strictly correct: 0.69
Proportion of ALL proofs that would be correct if "skip steps" are considered correct: 0.69
Proportion of ALL proofs that would be correct if "non-atomic steps" are considered correct: 0.69
Proportion of ALL proofs that would be correct if both "skip steps" and "non-atomic steps" are considered correct: 0.69

Proportion of correct proofs where the "useless branch" is the first mistake: 0.0
Proportion of correct proofs where the "useful skip step" is the first mistake: 0.0
Proportion of correct proofs where the "useless skip step" is the first mistake: 0.0
Proportion of correct proofs where the "useful non-atomic step" is the first mistake: 0.0
Proportion of correct proofs where the "useless non-atomic step" is the first mistake: 0.0
Proportion of correct proofs where the "invalid step" is the first mistake: 0.2463768115942029
Proportion of incorrect proofs where the "useless branch" is the first mistake: 0.0
Proportion of incorrect proofs where the "useful skip step" is the first mistake: 0.0
Proportion of incorrect proofs where the "useless skip step" is the first mistake: 0.0
Proportion of incorrect proofs where the "useful non-atomic step" is the first mistake: 0.0
Proportion of incorrect proofs where the "useless non-atomic step" is the first mistake: 0.0
Proportion of incorrect proofs where the "invalid step" is the first mistake: 0.8387096774193549
incorrect_proof_ids_with_skip_steps: [1, 2, 5, 14, 15, 22, 23, 24, 26, 27, 37, 43, 48, 51, 52, 56, 57, 58, 59, 60, 62, 64, 67, 69, 72, 80, 86, 91, 93, 94, 95]
incorrect_proof_ids_with_skip_or_non_atomic_steps: [1, 2, 5, 14, 15, 22, 23, 24, 26, 27, 37, 43, 48, 51, 52, 56, 57, 58, 59, 60, 62, 64, 67, 69, 72, 80, 86, 91, 93, 94, 95]
incorrect_proof_ids_with_skip_or_non_atomic_steps \ incorrect_proof_ids_with_skip_steps: []
