Correct steps: 285
Total steps: 290
Correct steps ratio: 0.9827586206896551
Non-atomic steps ratio: 0.05862068965517241
Skip steps ratio: 0.0
Invalid steps ratio: 0.0
Correct and useful steps ratio: 0.9827586206896551
Unparseable steps ratio: 0.0
Incorrect steps ratio: 0.0
Perplexity sample mean: nan
Perplexity sample std dev: nan
Number of examples: 100
Number of correct proof: 87
Proportion of proofs that contain the correct proof: 0.87
Proportion of proofs that only contain correct, non-atomic, or skip steps: 0.91
Proportion of correct proofs that contain a "useless branch":          0.0
Proportion of correct proofs that contain a "useful skip step":        0.0
Proportion of correct proofs that contain a "useless skip step":       0.0
Proportion of correct proofs that contain a "useful non-atomic step":  0.10344827586206896
Proportion of correct proofs that contain a "useless non-atomic step": 0.0
Proportion of correct proofs that contain an "invalid step":           0.0
Proportion of correct proofs that contain a "useless branch" AND "useful non-atomic step": 0.0
Proportion of correct proofs that contain a "useless branch" AND "useless non-atomic step": 0.0
Proportion of correct proofs that contain a "useless branch" AND "invalid step": 0.0
Proportion of correct proofs that contain a "useless branch" AND "useful non-atomic step" AND "invalid step": 0.0
Proportion of correct proofs with ANY OF THE ABOVE:                    0.10344827586206896
Proportion of incorrect proofs that contain a "useless branch":          0.0
Proportion of incorrect proofs that contain a "useful skip step":        0.0
Proportion of incorrect proofs that contain a "useless skip step":       0.0
Proportion of incorrect proofs that contain a "useful non-atomic step":  0.0
Proportion of incorrect proofs that contain a "useless non-atomic step": 0.0
Proportion of incorrect proofs that contain an "invalid step":           0.0
Proportion of incorrect proofs that contain a "useless branch" AND "useful non-atomic step": 0.0
Proportion of incorrect proofs that contain a "useless branch" AND "useless non-atomic step": 0.0
Proportion of incorrect proofs that contain a "useless branch" AND "invalid step": 0.0
Proportion of incorrect proofs that contain a "useless branch" AND "useful non-atomic step" AND "invalid step": 0.0
Proportion of incorrect proofs with ANY OF THE ABOVE:                    0.0

Proportion of ALL proofs that are strictly correct: 0.78
Proportion of ALL proofs that would be correct if "skip steps" are considered correct: 0.78
Proportion of ALL proofs that would be correct if "non-atomic steps" are considered correct: 0.87
Proportion of ALL proofs that would be correct if both "skip steps" and "non-atomic steps" are considered correct: 0.87

Proportion of correct proofs where the "useless branch" is the first mistake: 0.0
Proportion of correct proofs where the "useful skip step" is the first mistake: 0.0
Proportion of correct proofs where the "useless skip step" is the first mistake: 0.0
Proportion of correct proofs where the "useful non-atomic step" is the first mistake: 0.10344827586206896
Proportion of correct proofs where the "useless non-atomic step" is the first mistake: 0.0
Proportion of correct proofs where the "invalid step" is the first mistake: 0.0
Proportion of incorrect proofs where the "useless branch" is the first mistake: 0.0
Proportion of incorrect proofs where the "useful skip step" is the first mistake: 0.0
Proportion of incorrect proofs where the "useless skip step" is the first mistake: 0.0
Proportion of incorrect proofs where the "useful non-atomic step" is the first mistake: 0.0
Proportion of incorrect proofs where the "useless non-atomic step" is the first mistake: 0.0
Proportion of incorrect proofs where the "invalid step" is the first mistake: 0.0
incorrect_proof_ids_with_skip_steps: [11, 16, 21, 26, 38, 43, 45, 47, 48, 50, 51, 55, 62, 79, 80, 82, 85, 88, 90, 93, 94, 96]
incorrect_proof_ids_with_skip_or_non_atomic_steps: [21, 26, 51, 55, 62, 79, 80, 82, 88, 90, 93, 94, 96]
incorrect_proof_ids_with_skip_or_non_atomic_steps \ incorrect_proof_ids_with_skip_steps: [11, 16, 38, 43, 45, 47, 48, 50, 85]
