Correct steps: 165
Total steps: 170
Correct steps ratio: 0.9705882352941176
Non-atomic steps ratio: 0.18235294117647058
Skip steps ratio: 0.0
Invalid steps ratio: 0.023529411764705882
Correct and useful steps ratio: 0.9588235294117647
Unparseable steps ratio: 0.0
Incorrect steps ratio: 0.023529411764705882
Perplexity sample mean: nan
Perplexity sample std dev: nan
Number of examples: 100
Number of correct proof: 97
Proportion of proofs that contain the correct proof: 0.97
Proportion of proofs that only contain correct, non-atomic, or skip steps: 0.84
Proportion of correct proofs that contain a "useless branch":          0.0
Proportion of correct proofs that contain a "useful skip step":        0.0
Proportion of correct proofs that contain a "useless skip step":       0.0
Proportion of correct proofs that contain a "useful non-atomic step":  0.09278350515463918
Proportion of correct proofs that contain a "useless non-atomic step": 0.0
Proportion of correct proofs that contain an "invalid step":           0.0
Proportion of correct proofs that contain a "useless branch" AND "useful non-atomic step": 0.0
Proportion of correct proofs that contain a "useless branch" AND "useless non-atomic step": 0.0
Proportion of correct proofs that contain a "useless branch" AND "invalid step": 0.0
Proportion of correct proofs that contain a "useless branch" AND "useful non-atomic step" AND "invalid step": 0.0
Proportion of correct proofs with ANY OF THE ABOVE:                    0.17525773195876287
Proportion of incorrect proofs that contain a "useless branch":          0.0
Proportion of incorrect proofs that contain a "useful skip step":        0.0
Proportion of incorrect proofs that contain a "useless skip step":       0.0
Proportion of incorrect proofs that contain a "useful non-atomic step":  0.0
Proportion of incorrect proofs that contain a "useless non-atomic step": 0.0
Proportion of incorrect proofs that contain an "invalid step":           0.3333333333333333
Proportion of incorrect proofs that contain a "useless branch" AND "useful non-atomic step": 0.0
Proportion of incorrect proofs that contain a "useless branch" AND "useless non-atomic step": 0.0
Proportion of incorrect proofs that contain a "useless branch" AND "invalid step": 0.0
Proportion of incorrect proofs that contain a "useless branch" AND "useful non-atomic step" AND "invalid step": 0.0
Proportion of incorrect proofs with ANY OF THE ABOVE:                    0.3333333333333333

Proportion of ALL proofs that are strictly correct: 0.8
Proportion of ALL proofs that would be correct if "skip steps" are considered correct: 0.8
Proportion of ALL proofs that would be correct if "non-atomic steps" are considered correct: 0.97
Proportion of ALL proofs that would be correct if both "skip steps" and "non-atomic steps" are considered correct: 0.97

Proportion of correct proofs where the "useless branch" is the first mistake: 0.0
Proportion of correct proofs where the "useful skip step" is the first mistake: 0.0
Proportion of correct proofs where the "useless skip step" is the first mistake: 0.0
Proportion of correct proofs where the "useful non-atomic step" is the first mistake: 0.15463917525773196
Proportion of correct proofs where the "useless non-atomic step" is the first mistake: 0.0
Proportion of correct proofs where the "invalid step" is the first mistake: 0.020618556701030927
Proportion of incorrect proofs where the "useless branch" is the first mistake: 0.0
Proportion of incorrect proofs where the "useful skip step" is the first mistake: 0.0
Proportion of incorrect proofs where the "useless skip step" is the first mistake: 0.0
Proportion of incorrect proofs where the "useful non-atomic step" is the first mistake: 0.0
Proportion of incorrect proofs where the "useless non-atomic step" is the first mistake: 0.0
Proportion of incorrect proofs where the "invalid step" is the first mistake: 0.3333333333333333
incorrect_proof_ids_with_skip_steps: [1, 2, 3, 4, 10, 12, 14, 27, 29, 32, 42, 49, 50, 70, 71, 78, 80, 82, 85, 92]
incorrect_proof_ids_with_skip_or_non_atomic_steps: [4, 12, 71]
incorrect_proof_ids_with_skip_or_non_atomic_steps \ incorrect_proof_ids_with_skip_steps: [1, 2, 3, 10, 14, 27, 29, 32, 42, 49, 50, 70, 78, 80, 82, 85, 92]
