1. ModusPonens

Hop 1
There were errors during semantic parsing for file gemma3_1b_pt_modusponens_1hop_ProofsOnly_3shot_nodistractor.log:
Correct steps: 258
Total steps: 280
Correct steps ratio: 0.9214285714285714
Non-atomic steps ratio: 0.03571428571428571
Skip steps ratio: 0.0
Invalid steps ratio: 0.07857142857142857
Correct and useful steps ratio: 0.9214285714285714
Unparseable steps ratio: 0.03214285714285714
Incorrect steps ratio: 0.07857142857142857
Perplexity sample mean: nan
Perplexity sample std dev: nan
Number of examples: 100
Number of correct proof: 81
Proportion of proofs that contain the correct proof: 0.81
Proportion of proofs that only contain correct, non-atomic, or skip steps: 0.72
Proportion of correct proofs that contain a "useless branch":          0.0
Proportion of correct proofs that contain a "useful skip step":        0.0
Proportion of correct proofs that contain a "useless skip step":       0.0
Proportion of correct proofs that contain a "useful non-atomic step":  0.12345679012345678
Proportion of correct proofs that contain a "useless non-atomic step": 0.0
Proportion of correct proofs that contain an "invalid step":           0.0
Proportion of correct proofs that contain a "useless branch" AND "useful non-atomic step": 0.0
Proportion of correct proofs that contain a "useless branch" AND "useless non-atomic step": 0.0
Proportion of correct proofs that contain a "useless branch" AND "invalid step": 0.0
Proportion of correct proofs that contain a "useless branch" AND "useful non-atomic step" AND "invalid step": 0.0
Proportion of correct proofs with ANY OF THE ABOVE:                    0.12345679012345678
Proportion of incorrect proofs that contain a "useless branch":          0.0
Proportion of incorrect proofs that contain a "useful skip step":        0.0
Proportion of incorrect proofs that contain a "useless skip step":       0.0
Proportion of incorrect proofs that contain a "useful non-atomic step":  0.0
Proportion of incorrect proofs that contain a "useless non-atomic step": 0.0
Proportion of incorrect proofs that contain an "invalid step":           0.9473684210526315
Proportion of incorrect proofs that contain a "useless branch" AND "useful non-atomic step": 0.0
Proportion of incorrect proofs that contain a "useless branch" AND "useless non-atomic step": 0.0
Proportion of incorrect proofs that contain a "useless branch" AND "invalid step": 0.0
Proportion of incorrect proofs that contain a "useless branch" AND "useful non-atomic step" AND "invalid step": 0.0
Proportion of incorrect proofs with ANY OF THE ABOVE:                    0.9473684210526315

Proportion of ALL proofs that are strictly correct: 0.71
Proportion of ALL proofs that would be correct if "skip steps" are considered correct: 0.71
Proportion of ALL proofs that would be correct if "non-atomic steps" are considered correct: 0.81
Proportion of ALL proofs that would be correct if both "skip steps" and "non-atomic steps" are considered correct: 0.81

Proportion of correct proofs where the "useless branch" is the first mistake: 0.0
Proportion of correct proofs where the "useful skip step" is the first mistake: 0.0
Proportion of correct proofs where the "useless skip step" is the first mistake: 0.0
Proportion of correct proofs where the "useful non-atomic step" is the first mistake: 0.12345679012345678
Proportion of correct proofs where the "useless non-atomic step" is the first mistake: 0.0
Proportion of correct proofs where the "invalid step" is the first mistake: 0.0
Proportion of incorrect proofs where the "useless branch" is the first mistake: 0.0
Proportion of incorrect proofs where the "useful skip step" is the first mistake: 0.0
Proportion of incorrect proofs where the "useless skip step" is the first mistake: 0.0
Proportion of incorrect proofs where the "useful non-atomic step" is the first mistake: 0.0
Proportion of incorrect proofs where the "useless non-atomic step" is the first mistake: 0.0
Proportion of incorrect proofs where the "invalid step" is the first mistake: 0.9473684210526315
incorrect_proof_ids_with_skip_steps: [7, 8, 16, 23, 24, 25, 30, 32, 34, 37, 40, 41, 44, 49, 51, 57, 58, 69, 73, 74, 77, 81, 86, 87, 91, 92, 96, 99, 100]
incorrect_proof_ids_with_skip_or_non_atomic_steps: [7, 8, 16, 23, 24, 34, 37, 40, 41, 57, 58, 69, 73, 74, 77, 81, 87, 91, 92]
incorrect_proof_ids_with_skip_or_non_atomic_steps \ incorrect_proof_ids_with_skip_steps: [25, 30, 32, 44, 49, 51, 86, 96, 99, 100]

Hop 2
There were errors during semantic parsing for file gemma3_1b_pt_modusponens_2hop_ProofsOnly_3shot_nodistractor.log:
Correct steps: 347
Total steps: 465
Correct steps ratio: 0.7462365591397849
Non-atomic steps ratio: 0.01935483870967742
Skip steps ratio: 0.004301075268817204
Invalid steps ratio: 0.2537634408602151
Correct and useful steps ratio: 0.7462365591397849
Unparseable steps ratio: 0.030107526881720432
Incorrect steps ratio: 0.2537634408602151
Perplexity sample mean: nan
Perplexity sample std dev: nan
Number of examples: 100
Number of correct proof: 43
Proportion of proofs that contain the correct proof: 0.43
Proportion of proofs that only contain correct, non-atomic, or skip steps: 0.38
Proportion of correct proofs that contain a "useless branch":          0.0
Proportion of correct proofs that contain a "useful skip step":        0.0
Proportion of correct proofs that contain a "useless skip step":       0.0
Proportion of correct proofs that contain a "useful non-atomic step":  0.06976744186046512
Proportion of correct proofs that contain a "useless non-atomic step": 0.0
Proportion of correct proofs that contain an "invalid step":           0.0
Proportion of correct proofs that contain a "useless branch" AND "useful non-atomic step": 0.0
Proportion of correct proofs that contain a "useless branch" AND "useless non-atomic step": 0.0
Proportion of correct proofs that contain a "useless branch" AND "invalid step": 0.0
Proportion of correct proofs that contain a "useless branch" AND "useful non-atomic step" AND "invalid step": 0.0
Proportion of correct proofs with ANY OF THE ABOVE:                    0.16279069767441862
Proportion of incorrect proofs that contain a "useless branch":          0.0
Proportion of incorrect proofs that contain a "useful skip step":        0.0
Proportion of incorrect proofs that contain a "useless skip step":       0.0
Proportion of incorrect proofs that contain a "useful non-atomic step":  0.0
Proportion of incorrect proofs that contain a "useless non-atomic step": 0.017543859649122806
Proportion of incorrect proofs that contain an "invalid step":           0.9824561403508771
Proportion of incorrect proofs that contain a "useless branch" AND "useful non-atomic step": 0.0
Proportion of incorrect proofs that contain a "useless branch" AND "useless non-atomic step": 0.0
Proportion of incorrect proofs that contain a "useless branch" AND "invalid step": 0.0
Proportion of incorrect proofs that contain a "useless branch" AND "useful non-atomic step" AND "invalid step": 0.0
Proportion of incorrect proofs with ANY OF THE ABOVE:                    1.0

Proportion of ALL proofs that are strictly correct: 0.36
Proportion of ALL proofs that would be correct if "skip steps" are considered correct: 0.36
Proportion of ALL proofs that would be correct if "non-atomic steps" are considered correct: 0.43
Proportion of ALL proofs that would be correct if both "skip steps" and "non-atomic steps" are considered correct: 0.43

Proportion of correct proofs where the "useless branch" is the first mistake: 0.0
Proportion of correct proofs where the "useful skip step" is the first mistake: 0.046511627906976744
Proportion of correct proofs where the "useless skip step" is the first mistake: 0.0
Proportion of correct proofs where the "useful non-atomic step" is the first mistake: 0.06976744186046512
Proportion of correct proofs where the "useless non-atomic step" is the first mistake: 0.0
Proportion of correct proofs where the "invalid step" is the first mistake: 0.046511627906976744
Proportion of incorrect proofs where the "useless branch" is the first mistake: 0.0
Proportion of incorrect proofs where the "useful skip step" is the first mistake: 0.0
Proportion of incorrect proofs where the "useless skip step" is the first mistake: 0.0
Proportion of incorrect proofs where the "useful non-atomic step" is the first mistake: 0.0
Proportion of incorrect proofs where the "useless non-atomic step" is the first mistake: 0.017543859649122806
Proportion of incorrect proofs where the "invalid step" is the first mistake: 0.9824561403508771
incorrect_proof_ids_with_skip_steps: [2, 3, 4, 5, 6, 7, 9, 11, 14, 15, 16, 17, 18, 20, 22, 26, 28, 29, 30, 32, 33, 34, 35, 36, 37, 38, 40, 41, 42, 44, 45, 47, 49, 53, 54, 57, 58, 59, 61, 62, 64, 66, 67, 68, 69, 70, 71, 72, 74, 75, 78, 80, 81, 82, 83, 84, 85, 87, 93, 94, 96, 97, 98, 99]
incorrect_proof_ids_with_skip_or_non_atomic_steps: [2, 4, 6, 7, 9, 11, 14, 15, 16, 17, 18, 20, 22, 26, 28, 29, 30, 32, 33, 34, 35, 36, 37, 38, 40, 41, 44, 47, 49, 53, 54, 57, 58, 59, 61, 62, 64, 66, 67, 68, 69, 70, 71, 74, 75, 78, 81, 82, 83, 85, 87, 93, 94, 96, 97, 98, 99]
incorrect_proof_ids_with_skip_or_non_atomic_steps \ incorrect_proof_ids_with_skip_steps: [3, 5, 42, 45, 72, 80, 84]

Hop 3
There were errors during semantic parsing for file gemma3_1b_pt_modusponens_3hop_ProofsOnly_3shot_nodistractor.log:
Correct steps: 417
Total steps: 663
Correct steps ratio: 0.6289592760180995
Non-atomic steps ratio: 0.04675716440422323
Skip steps ratio: 0.021116138763197588
Invalid steps ratio: 0.31975867269984914
Correct and useful steps ratio: 0.6289592760180995
Unparseable steps ratio: 0.04675716440422323
Incorrect steps ratio: 0.31975867269984914
Perplexity sample mean: nan
Perplexity sample std dev: nan
Number of examples: 100
Number of correct proof: 41
Proportion of proofs that contain the correct proof: 0.41
Proportion of proofs that only contain correct, non-atomic, or skip steps: 0.36
Proportion of correct proofs that contain a "useless branch":          0.0
Proportion of correct proofs that contain a "useful skip step":        0.0
Proportion of correct proofs that contain a "useless skip step":       0.0
Proportion of correct proofs that contain a "useful non-atomic step":  0.0975609756097561
Proportion of correct proofs that contain a "useless non-atomic step": 0.024390243902439025
Proportion of correct proofs that contain an "invalid step":           0.0
Proportion of correct proofs that contain a "useless branch" AND "useful non-atomic step": 0.0
Proportion of correct proofs that contain a "useless branch" AND "useless non-atomic step": 0.0
Proportion of correct proofs that contain a "useless branch" AND "invalid step": 0.0
Proportion of correct proofs that contain a "useless branch" AND "useful non-atomic step" AND "invalid step": 0.0
Proportion of correct proofs with ANY OF THE ABOVE:                    0.2926829268292683
Proportion of incorrect proofs that contain a "useless branch":          0.0
Proportion of incorrect proofs that contain a "useful skip step":        0.0
Proportion of incorrect proofs that contain a "useless skip step":       0.0
Proportion of incorrect proofs that contain a "useful non-atomic step":  0.0
Proportion of incorrect proofs that contain a "useless non-atomic step": 0.0
Proportion of incorrect proofs that contain an "invalid step":           0.7288135593220338
Proportion of incorrect proofs that contain a "useless branch" AND "useful non-atomic step": 0.0
Proportion of incorrect proofs that contain a "useless branch" AND "useless non-atomic step": 0.0
Proportion of incorrect proofs that contain a "useless branch" AND "invalid step": 0.0
Proportion of incorrect proofs that contain a "useless branch" AND "useful non-atomic step" AND "invalid step": 0.0
Proportion of incorrect proofs with ANY OF THE ABOVE:                    0.9152542372881356

Proportion of ALL proofs that are strictly correct: 0.29
Proportion of ALL proofs that would be correct if "skip steps" are considered correct: 0.29
Proportion of ALL proofs that would be correct if "non-atomic steps" are considered correct: 0.41
Proportion of ALL proofs that would be correct if both "skip steps" and "non-atomic steps" are considered correct: 0.41

Proportion of correct proofs where the "useless branch" is the first mistake: 0.0
Proportion of correct proofs where the "useful skip step" is the first mistake: 0.14634146341463414
Proportion of correct proofs where the "useless skip step" is the first mistake: 0.0
Proportion of correct proofs where the "useful non-atomic step" is the first mistake: 0.0975609756097561
Proportion of correct proofs where the "useless non-atomic step" is the first mistake: 0.024390243902439025
Proportion of correct proofs where the "invalid step" is the first mistake: 0.024390243902439025
Proportion of incorrect proofs where the "useless branch" is the first mistake: 0.0
Proportion of incorrect proofs where the "useful skip step" is the first mistake: 0.1016949152542373
Proportion of incorrect proofs where the "useless skip step" is the first mistake: 0.0
Proportion of incorrect proofs where the "useful non-atomic step" is the first mistake: 0.06779661016949153
Proportion of incorrect proofs where the "useless non-atomic step" is the first mistake: 0.0
Proportion of incorrect proofs where the "invalid step" is the first mistake: 0.7457627118644068
incorrect_proof_ids_with_skip_steps: [2, 3, 4, 5, 6, 7, 9, 10, 12, 13, 14, 15, 16, 17, 19, 21, 24, 25, 26, 27, 28, 29, 30, 32, 33, 34, 35, 36, 37, 39, 40, 41, 42, 43, 45, 46, 48, 51, 53, 54, 55, 56, 57, 58, 59, 61, 64, 66, 68, 69, 70, 72, 75, 78, 80, 81, 82, 83, 84, 85, 86, 87, 88, 90, 91, 92, 93, 97, 98, 99, 100]
incorrect_proof_ids_with_skip_or_non_atomic_steps: [2, 3, 4, 5, 6, 7, 10, 12, 13, 14, 15, 16, 17, 19, 24, 25, 26, 27, 28, 29, 33, 34, 35, 36, 37, 39, 40, 41, 42, 43, 45, 48, 51, 53, 54, 57, 58, 59, 61, 68, 69, 72, 75, 78, 80, 81, 82, 83, 84, 86, 87, 88, 90, 91, 92, 93, 97, 98, 99]
incorrect_proof_ids_with_skip_or_non_atomic_steps \ incorrect_proof_ids_with_skip_steps: [9, 21, 30, 32, 46, 55, 56, 64, 66, 70, 85, 100]

Hop 4
There were errors during semantic parsing for file gemma3_1b_pt_modusponens_4hop_ProofsOnly_3shot_nodistractor.log:
Correct steps: 625
Total steps: 885
Correct steps ratio: 0.7062146892655368
Non-atomic steps ratio: 0.0384180790960452
Skip steps ratio: 0.014689265536723164
Invalid steps ratio: 0.25875706214689265
Correct and useful steps ratio: 0.7062146892655368
Unparseable steps ratio: 0.03389830508474576
Incorrect steps ratio: 0.25875706214689265
Perplexity sample mean: nan
Perplexity sample std dev: nan
Number of examples: 100
Number of correct proof: 39
Proportion of proofs that contain the correct proof: 0.39
Proportion of proofs that only contain correct, non-atomic, or skip steps: 0.29
Proportion of correct proofs that contain a "useless branch":          0.0
Proportion of correct proofs that contain a "useful skip step":        0.0
Proportion of correct proofs that contain a "useless skip step":       0.0
Proportion of correct proofs that contain a "useful non-atomic step":  0.20512820512820512
Proportion of correct proofs that contain a "useless non-atomic step": 0.0
Proportion of correct proofs that contain an "invalid step":           0.0
Proportion of correct proofs that contain a "useless branch" AND "useful non-atomic step": 0.0
Proportion of correct proofs that contain a "useless branch" AND "useless non-atomic step": 0.0
Proportion of correct proofs that contain a "useless branch" AND "invalid step": 0.0
Proportion of correct proofs that contain a "useless branch" AND "useful non-atomic step" AND "invalid step": 0.0
Proportion of correct proofs with ANY OF THE ABOVE:                    0.3076923076923077
Proportion of incorrect proofs that contain a "useless branch":          0.0
Proportion of incorrect proofs that contain a "useful skip step":        0.01639344262295082
Proportion of incorrect proofs that contain a "useless skip step":       0.0
Proportion of incorrect proofs that contain a "useful non-atomic step":  0.0
Proportion of incorrect proofs that contain a "useless non-atomic step": 0.0
Proportion of incorrect proofs that contain an "invalid step":           0.7868852459016393
Proportion of incorrect proofs that contain a "useless branch" AND "useful non-atomic step": 0.0
Proportion of incorrect proofs that contain a "useless branch" AND "useless non-atomic step": 0.0
Proportion of incorrect proofs that contain a "useless branch" AND "invalid step": 0.0
Proportion of incorrect proofs that contain a "useless branch" AND "useful non-atomic step" AND "invalid step": 0.0
Proportion of incorrect proofs with ANY OF THE ABOVE:                    0.9672131147540983

Proportion of ALL proofs that are strictly correct: 0.27
Proportion of ALL proofs that would be correct if "skip steps" are considered correct: 0.27
Proportion of ALL proofs that would be correct if "non-atomic steps" are considered correct: 0.39
Proportion of ALL proofs that would be correct if both "skip steps" and "non-atomic steps" are considered correct: 0.39

Proportion of correct proofs where the "useless branch" is the first mistake: 0.0
Proportion of correct proofs where the "useful skip step" is the first mistake: 0.10256410256410256
Proportion of correct proofs where the "useless skip step" is the first mistake: 0.0
Proportion of correct proofs where the "useful non-atomic step" is the first mistake: 0.20512820512820512
Proportion of correct proofs where the "useless non-atomic step" is the first mistake: 0.0
Proportion of correct proofs where the "invalid step" is the first mistake: 0.0
Proportion of incorrect proofs where the "useless branch" is the first mistake: 0.0
Proportion of incorrect proofs where the "useful skip step" is the first mistake: 0.09836065573770492
Proportion of incorrect proofs where the "useless skip step" is the first mistake: 0.0
Proportion of incorrect proofs where the "useful non-atomic step" is the first mistake: 0.04918032786885246
Proportion of incorrect proofs where the "useless non-atomic step" is the first mistake: 0.0
Proportion of incorrect proofs where the "invalid step" is the first mistake: 0.819672131147541
incorrect_proof_ids_with_skip_steps: [1, 3, 4, 6, 8, 9, 10, 11, 14, 15, 17, 18, 20, 21, 22, 24, 25, 26, 27, 28, 29, 30, 31, 32, 34, 38, 39, 40, 42, 43, 44, 45, 46, 47, 48, 49, 50, 51, 54, 55, 56, 58, 59, 60, 61, 66, 68, 70, 71, 73, 74, 75, 76, 77, 79, 80, 81, 82, 83, 84, 85, 86, 87, 89, 90, 91, 92, 93, 95, 96, 97, 99, 100]
incorrect_proof_ids_with_skip_or_non_atomic_steps: [1, 4, 6, 9, 10, 11, 15, 20, 21, 22, 24, 25, 27, 29, 30, 31, 32, 38, 39, 40, 42, 44, 46, 47, 48, 49, 50, 51, 54, 55, 58, 59, 60, 66, 68, 70, 71, 73, 74, 75, 76, 77, 79, 80, 81, 82, 83, 84, 85, 86, 87, 89, 90, 91, 92, 93, 95, 96, 97, 99, 100]
incorrect_proof_ids_with_skip_or_non_atomic_steps \ incorrect_proof_ids_with_skip_steps: [3, 8, 14, 17, 18, 26, 28, 34, 43, 45, 56, 61]

Hop 5
There were errors during semantic parsing for file gemma3_1b_pt_modusponens_5hop_ProofsOnly_3shot_nodistractor.log:
Correct steps: 700
Total steps: 1068
Correct steps ratio: 0.6554307116104869
Non-atomic steps ratio: 0.05337078651685393
Skip steps ratio: 0.018726591760299626
Invalid steps ratio: 0.2902621722846442
Correct and useful steps ratio: 0.6554307116104869
Unparseable steps ratio: 0.02902621722846442
Incorrect steps ratio: 0.2902621722846442
Perplexity sample mean: nan
Perplexity sample std dev: nan
Number of examples: 100
Number of correct proof: 40
Proportion of proofs that contain the correct proof: 0.4
Proportion of proofs that only contain correct, non-atomic, or skip steps: 0.25
Proportion of correct proofs that contain a "useless branch":          0.0
Proportion of correct proofs that contain a "useful skip step":        0.0
Proportion of correct proofs that contain a "useless skip step":       0.0
Proportion of correct proofs that contain a "useful non-atomic step":  0.1
Proportion of correct proofs that contain a "useless non-atomic step": 0.0
Proportion of correct proofs that contain an "invalid step":           0.025
Proportion of correct proofs that contain a "useless branch" AND "useful non-atomic step": 0.0
Proportion of correct proofs that contain a "useless branch" AND "useless non-atomic step": 0.0
Proportion of correct proofs that contain a "useless branch" AND "invalid step": 0.0
Proportion of correct proofs that contain a "useless branch" AND "useful non-atomic step" AND "invalid step": 0.0
Proportion of correct proofs with ANY OF THE ABOVE:                    0.4
Proportion of incorrect proofs that contain a "useless branch":          0.0
Proportion of incorrect proofs that contain a "useful skip step":        0.0
Proportion of incorrect proofs that contain a "useless skip step":       0.0
Proportion of incorrect proofs that contain a "useful non-atomic step":  0.0
Proportion of incorrect proofs that contain a "useless non-atomic step": 0.0
Proportion of incorrect proofs that contain an "invalid step":           0.8
Proportion of incorrect proofs that contain a "useless branch" AND "useful non-atomic step": 0.0
Proportion of incorrect proofs that contain a "useless branch" AND "useless non-atomic step": 0.0
Proportion of incorrect proofs that contain a "useless branch" AND "invalid step": 0.0
Proportion of incorrect proofs that contain a "useless branch" AND "useful non-atomic step" AND "invalid step": 0.0
Proportion of incorrect proofs with ANY OF THE ABOVE:                    0.9833333333333333

Proportion of ALL proofs that are strictly correct: 0.25
Proportion of ALL proofs that would be correct if "skip steps" are considered correct: 0.25
Proportion of ALL proofs that would be correct if "non-atomic steps" are considered correct: 0.4
Proportion of ALL proofs that would be correct if both "skip steps" and "non-atomic steps" are considered correct: 0.4

Proportion of correct proofs where the "useless branch" is the first mistake: 0.0
Proportion of correct proofs where the "useful skip step" is the first mistake: 0.225
Proportion of correct proofs where the "useless skip step" is the first mistake: 0.0
Proportion of correct proofs where the "useful non-atomic step" is the first mistake: 0.1
Proportion of correct proofs where the "useless non-atomic step" is the first mistake: 0.0
Proportion of correct proofs where the "invalid step" is the first mistake: 0.075
Proportion of incorrect proofs where the "useless branch" is the first mistake: 0.0
Proportion of incorrect proofs where the "useful skip step" is the first mistake: 0.11666666666666667
Proportion of incorrect proofs where the "useless skip step" is the first mistake: 0.0
Proportion of incorrect proofs where the "useful non-atomic step" is the first mistake: 0.05
Proportion of incorrect proofs where the "useless non-atomic step" is the first mistake: 0.0
Proportion of incorrect proofs where the "invalid step" is the first mistake: 0.8166666666666667
incorrect_proof_ids_with_skip_steps: [1, 3, 4, 5, 8, 9, 10, 11, 12, 14, 15, 16, 17, 18, 20, 21, 22, 23, 24, 25, 26, 27, 28, 30, 31, 32, 33, 34, 36, 37, 38, 39, 40, 42, 43, 44, 46, 47, 48, 50, 51, 52, 54, 55, 60, 61, 62, 63, 64, 65, 66, 67, 70, 71, 74, 75, 76, 77, 78, 79, 80, 82, 85, 87, 88, 91, 92, 93, 94, 95, 96, 97, 98, 99, 100]
incorrect_proof_ids_with_skip_or_non_atomic_steps: [1, 3, 4, 5, 8, 9, 10, 11, 12, 14, 16, 17, 20, 22, 23, 24, 25, 26, 27, 28, 30, 31, 32, 33, 34, 37, 39, 42, 46, 47, 48, 51, 52, 54, 55, 60, 61, 63, 65, 66, 67, 70, 71, 74, 76, 77, 78, 79, 80, 82, 85, 88, 91, 92, 93, 94, 95, 98, 99, 100]
incorrect_proof_ids_with_skip_or_non_atomic_steps \ incorrect_proof_ids_with_skip_steps: [15, 18, 21, 36, 38, 40, 43, 44, 50, 62, 64, 75, 87, 96, 97]


2. AndIntro

Hop 1
Correct steps: 286
Total steps: 290
Correct steps ratio: 0.9862068965517241
Non-atomic steps ratio: 0.034482758620689655
Skip steps ratio: 0.0
Invalid steps ratio: 0.006896551724137931
Correct and useful steps ratio: 0.9862068965517241
Unparseable steps ratio: 0.0034482758620689655
Incorrect steps ratio: 0.006896551724137931
Perplexity sample mean: nan
Perplexity sample std dev: nan
Number of examples: 100
Number of correct proof: 99
Proportion of proofs that contain the correct proof: 0.99
Proportion of proofs that only contain correct, non-atomic, or skip steps: 0.94
Proportion of correct proofs that contain a "useless branch":          0.0
Proportion of correct proofs that contain a "useful skip step":        0.0
Proportion of correct proofs that contain a "useless skip step":       0.0
Proportion of correct proofs that contain a "useful non-atomic step":  0.050505050505050504
Proportion of correct proofs that contain a "useless non-atomic step": 0.0
Proportion of correct proofs that contain an "invalid step":           0.0
Proportion of correct proofs that contain a "useless branch" AND "useful non-atomic step": 0.0
Proportion of correct proofs that contain a "useless branch" AND "useless non-atomic step": 0.0
Proportion of correct proofs that contain a "useless branch" AND "invalid step": 0.0
Proportion of correct proofs that contain a "useless branch" AND "useful non-atomic step" AND "invalid step": 0.0
Proportion of correct proofs with ANY OF THE ABOVE:                    0.06060606060606061
Proportion of incorrect proofs that contain a "useless branch":          0.0
Proportion of incorrect proofs that contain a "useful skip step":        0.0
Proportion of incorrect proofs that contain a "useless skip step":       0.0
Proportion of incorrect proofs that contain a "useful non-atomic step":  0.0
Proportion of incorrect proofs that contain a "useless non-atomic step": 0.0
Proportion of incorrect proofs that contain an "invalid step":           1.0
Proportion of incorrect proofs that contain a "useless branch" AND "useful non-atomic step": 0.0
Proportion of incorrect proofs that contain a "useless branch" AND "useless non-atomic step": 0.0
Proportion of incorrect proofs that contain a "useless branch" AND "invalid step": 0.0
Proportion of incorrect proofs that contain a "useless branch" AND "useful non-atomic step" AND "invalid step": 0.0
Proportion of incorrect proofs with ANY OF THE ABOVE:                    1.0

Proportion of ALL proofs that are strictly correct: 0.93
Proportion of ALL proofs that would be correct if "skip steps" are considered correct: 0.93
Proportion of ALL proofs that would be correct if "non-atomic steps" are considered correct: 0.99
Proportion of ALL proofs that would be correct if both "skip steps" and "non-atomic steps" are considered correct: 0.99

Proportion of correct proofs where the "useless branch" is the first mistake: 0.0
Proportion of correct proofs where the "useful skip step" is the first mistake: 0.0
Proportion of correct proofs where the "useless skip step" is the first mistake: 0.0
Proportion of correct proofs where the "useful non-atomic step" is the first mistake: 0.050505050505050504
Proportion of correct proofs where the "useless non-atomic step" is the first mistake: 0.0
Proportion of correct proofs where the "invalid step" is the first mistake: 0.010101010101010102
Proportion of incorrect proofs where the "useless branch" is the first mistake: 0.0
Proportion of incorrect proofs where the "useful skip step" is the first mistake: 0.0
Proportion of incorrect proofs where the "useless skip step" is the first mistake: 0.0
Proportion of incorrect proofs where the "useful non-atomic step" is the first mistake: 0.0
Proportion of incorrect proofs where the "useless non-atomic step" is the first mistake: 0.0
Proportion of incorrect proofs where the "invalid step" is the first mistake: 1.0
incorrect_proof_ids_with_skip_steps: [2, 26, 63, 71, 79, 80, 99]
incorrect_proof_ids_with_skip_or_non_atomic_steps: [71]
incorrect_proof_ids_with_skip_or_non_atomic_steps \ incorrect_proof_ids_with_skip_steps: [2, 26, 63, 79, 80, 99]

Hop 2
There were errors during semantic parsing for file gemma3_1b_pt_andintro_2hop_AndIntro_3shot_nodistractor.log:
Correct steps: 527
Total steps: 684
Correct steps ratio: 0.77046783625731
Non-atomic steps ratio: 0.10526315789473684
Skip steps ratio: 0.0
Invalid steps ratio: 0.13157894736842105
Correct and useful steps ratio: 0.7441520467836257
Unparseable steps ratio: 0.005847953216374269
Incorrect steps ratio: 0.13157894736842105
Perplexity sample mean: nan
Perplexity sample std dev: nan
Number of examples: 100
Number of correct proof: 67
Proportion of proofs that contain the correct proof: 0.67
Proportion of proofs that only contain correct, non-atomic, or skip steps: 0.7
Proportion of correct proofs that contain a "useless branch":          0.0
Proportion of correct proofs that contain a "useful skip step":        0.0
Proportion of correct proofs that contain a "useless skip step":       0.0
Proportion of correct proofs that contain a "useful non-atomic step":  0.19402985074626866
Proportion of correct proofs that contain a "useless non-atomic step": 0.0
Proportion of correct proofs that contain an "invalid step":           0.0
Proportion of correct proofs that contain a "useless branch" AND "useful non-atomic step": 0.0
Proportion of correct proofs that contain a "useless branch" AND "useless non-atomic step": 0.0
Proportion of correct proofs that contain a "useless branch" AND "invalid step": 0.0
Proportion of correct proofs that contain a "useless branch" AND "useful non-atomic step" AND "invalid step": 0.0
Proportion of correct proofs with ANY OF THE ABOVE:                    0.43283582089552236
Proportion of incorrect proofs that contain a "useless branch":          0.0
Proportion of incorrect proofs that contain a "useful skip step":        0.0
Proportion of incorrect proofs that contain a "useless skip step":       0.0
Proportion of incorrect proofs that contain a "useful non-atomic step":  0.09090909090909091
Proportion of incorrect proofs that contain a "useless non-atomic step": 0.06060606060606061
Proportion of incorrect proofs that contain an "invalid step":           0.5454545454545454
Proportion of incorrect proofs that contain a "useless branch" AND "useful non-atomic step": 0.0
Proportion of incorrect proofs that contain a "useless branch" AND "useless non-atomic step": 0.0
Proportion of incorrect proofs that contain a "useless branch" AND "invalid step": 0.0
Proportion of incorrect proofs that contain a "useless branch" AND "useful non-atomic step" AND "invalid step": 0.0
Proportion of incorrect proofs with ANY OF THE ABOVE:                    0.9393939393939394

Proportion of ALL proofs that are strictly correct: 0.64
Proportion of ALL proofs that would be correct if "skip steps" are considered correct: 0.64
Proportion of ALL proofs that would be correct if "non-atomic steps" are considered correct: 0.67
Proportion of ALL proofs that would be correct if both "skip steps" and "non-atomic steps" are considered correct: 0.67

Proportion of correct proofs where the "useless branch" is the first mistake: 0.0
Proportion of correct proofs where the "useful skip step" is the first mistake: 0.0
Proportion of correct proofs where the "useless skip step" is the first mistake: 0.0
Proportion of correct proofs where the "useful non-atomic step" is the first mistake: 0.29850746268656714
Proportion of correct proofs where the "useless non-atomic step" is the first mistake: 0.1044776119402985
Proportion of correct proofs where the "invalid step" is the first mistake: 0.029850746268656716
Proportion of incorrect proofs where the "useless branch" is the first mistake: 0.0
Proportion of incorrect proofs where the "useful skip step" is the first mistake: 0.0
Proportion of incorrect proofs where the "useless skip step" is the first mistake: 0.0
Proportion of incorrect proofs where the "useful non-atomic step" is the first mistake: 0.15151515151515152
Proportion of incorrect proofs where the "useless non-atomic step" is the first mistake: 0.18181818181818182
Proportion of incorrect proofs where the "invalid step" is the first mistake: 0.6060606060606061
incorrect_proof_ids_with_skip_steps: [1, 4, 8, 10, 17, 19, 21, 24, 26, 27, 31, 32, 34, 35, 38, 41, 42, 43, 44, 45, 52, 53, 57, 58, 59, 60, 63, 66, 67, 78, 79, 83, 88, 94, 95, 96]
incorrect_proof_ids_with_skip_or_non_atomic_steps: [1, 4, 8, 17, 19, 21, 24, 27, 31, 32, 34, 35, 38, 41, 42, 43, 45, 52, 53, 57, 58, 59, 60, 63, 66, 67, 78, 79, 83, 88, 94, 95, 96]
incorrect_proof_ids_with_skip_or_non_atomic_steps \ incorrect_proof_ids_with_skip_steps: [10, 26, 44]

Hop 3
Correct steps: 454
Total steps: 1042
Correct steps ratio: 0.43570057581573896
Non-atomic steps ratio: 0.10556621880998081
Skip steps ratio: 0.0
Invalid steps ratio: 0.47024952015355087
Correct and useful steps ratio: 0.3934740882917466
Unparseable steps ratio: 0.06813819577735125
Incorrect steps ratio: 0.47024952015355087
Perplexity sample mean: nan
Perplexity sample std dev: nan
Number of examples: 100
Number of correct proof: 21
Proportion of proofs that contain the correct proof: 0.21
Proportion of proofs that only contain correct, non-atomic, or skip steps: 0.23
Proportion of correct proofs that contain a "useless branch":          0.0
Proportion of correct proofs that contain a "useful skip step":        0.0
Proportion of correct proofs that contain a "useless skip step":       0.0
Proportion of correct proofs that contain a "useful non-atomic step":  0.5238095238095238
Proportion of correct proofs that contain a "useless non-atomic step": 0.0
Proportion of correct proofs that contain an "invalid step":           0.0
Proportion of correct proofs that contain a "useless branch" AND "useful non-atomic step": 0.0
Proportion of correct proofs that contain a "useless branch" AND "useless non-atomic step": 0.0
Proportion of correct proofs that contain a "useless branch" AND "invalid step": 0.0
Proportion of correct proofs that contain a "useless branch" AND "useful non-atomic step" AND "invalid step": 0.0
Proportion of correct proofs with ANY OF THE ABOVE:                    0.8571428571428571
Proportion of incorrect proofs that contain a "useless branch":          0.0
Proportion of incorrect proofs that contain a "useful skip step":        0.0
Proportion of incorrect proofs that contain a "useless skip step":       0.0
Proportion of incorrect proofs that contain a "useful non-atomic step":  0.08860759493670886
Proportion of incorrect proofs that contain a "useless non-atomic step": 0.0
Proportion of incorrect proofs that contain an "invalid step":           0.5316455696202531
Proportion of incorrect proofs that contain a "useless branch" AND "useful non-atomic step": 0.0
Proportion of incorrect proofs that contain a "useless branch" AND "useless non-atomic step": 0.0
Proportion of incorrect proofs that contain a "useless branch" AND "invalid step": 0.0
Proportion of incorrect proofs that contain a "useless branch" AND "useful non-atomic step" AND "invalid step": 0.0
Proportion of incorrect proofs with ANY OF THE ABOVE:                    0.9746835443037974

Proportion of ALL proofs that are strictly correct: 0.13
Proportion of ALL proofs that would be correct if "skip steps" are considered correct: 0.13
Proportion of ALL proofs that would be correct if "non-atomic steps" are considered correct: 0.21
Proportion of ALL proofs that would be correct if both "skip steps" and "non-atomic steps" are considered correct: 0.21

Proportion of correct proofs where the "useless branch" is the first mistake: 0.0
Proportion of correct proofs where the "useful skip step" is the first mistake: 0.0
Proportion of correct proofs where the "useless skip step" is the first mistake: 0.0
Proportion of correct proofs where the "useful non-atomic step" is the first mistake: 0.7142857142857143
Proportion of correct proofs where the "useless non-atomic step" is the first mistake: 0.09523809523809523
Proportion of correct proofs where the "invalid step" is the first mistake: 0.047619047619047616
Proportion of incorrect proofs where the "useless branch" is the first mistake: 0.0
Proportion of incorrect proofs where the "useful skip step" is the first mistake: 0.0
Proportion of incorrect proofs where the "useless skip step" is the first mistake: 0.0
Proportion of incorrect proofs where the "useful non-atomic step" is the first mistake: 0.20253164556962025
Proportion of incorrect proofs where the "useless non-atomic step" is the first mistake: 0.11392405063291139
Proportion of incorrect proofs where the "invalid step" is the first mistake: 0.6582278481012658
incorrect_proof_ids_with_skip_steps: [1, 2, 3, 6, 7, 8, 9, 10, 11, 12, 13, 14, 15, 16, 17, 19, 20, 21, 22, 23, 24, 25, 26, 27, 28, 30, 32, 33, 34, 35, 36, 37, 38, 39, 40, 41, 42, 43, 44, 46, 48, 49, 50, 51, 52, 53, 54, 55, 56, 60, 61, 63, 64, 65, 66, 67, 68, 69, 70, 71, 72, 73, 74, 75, 76, 77, 78, 79, 80, 81, 82, 83, 85, 86, 87, 88, 89, 90, 91, 92, 93, 94, 95, 97, 98, 99, 100]
incorrect_proof_ids_with_skip_or_non_atomic_steps: [1, 2, 3, 6, 8, 9, 10, 12, 13, 14, 15, 16, 17, 20, 21, 22, 24, 25, 26, 27, 28, 30, 32, 33, 34, 35, 36, 37, 38, 39, 40, 41, 42, 43, 44, 48, 49, 50, 51, 52, 54, 55, 56, 60, 61, 63, 65, 66, 67, 68, 69, 70, 71, 72, 73, 74, 75, 76, 77, 78, 79, 80, 82, 83, 85, 86, 87, 88, 89, 90, 91, 92, 93, 94, 95, 97, 98, 99, 100]
incorrect_proof_ids_with_skip_or_non_atomic_steps \ incorrect_proof_ids_with_skip_steps: [7, 11, 19, 23, 46, 53, 64, 81]

Hop 4
There were errors during semantic parsing for file gemma3_1b_pt_andintro_4hop_AndIntro_3shot_nodistractor.log:
Correct steps: 403
Total steps: 1443
Correct steps ratio: 0.27927927927927926
Non-atomic steps ratio: 0.10187110187110188
Skip steps ratio: 0.0
Invalid steps ratio: 0.6465696465696466
Correct and useful steps ratio: 0.2681912681912682
Unparseable steps ratio: 0.09771309771309772
Incorrect steps ratio: 0.6465696465696466
Perplexity sample mean: nan
Perplexity sample std dev: nan
Number of examples: 100
Number of correct proof: 9
Proportion of proofs that contain the correct proof: 0.09
Proportion of proofs that only contain correct, non-atomic, or skip steps: 0.05
Proportion of correct proofs that contain a "useless branch":          0.0
Proportion of correct proofs that contain a "useful skip step":        0.0
Proportion of correct proofs that contain a "useless skip step":       0.0
Proportion of correct proofs that contain a "useful non-atomic step":  0.1111111111111111
Proportion of correct proofs that contain a "useless non-atomic step": 0.0
Proportion of correct proofs that contain an "invalid step":           0.0
Proportion of correct proofs that contain a "useless branch" AND "useful non-atomic step": 0.0
Proportion of correct proofs that contain a "useless branch" AND "useless non-atomic step": 0.0
Proportion of correct proofs that contain a "useless branch" AND "invalid step": 0.0
Proportion of correct proofs that contain a "useless branch" AND "useful non-atomic step" AND "invalid step": 0.0
Proportion of correct proofs with ANY OF THE ABOVE:                    1.0
Proportion of incorrect proofs that contain a "useless branch":          0.0
Proportion of incorrect proofs that contain a "useful skip step":        0.0
Proportion of incorrect proofs that contain a "useless skip step":       0.0
Proportion of incorrect proofs that contain a "useful non-atomic step":  0.02197802197802198
Proportion of incorrect proofs that contain a "useless non-atomic step": 0.01098901098901099
Proportion of incorrect proofs that contain an "invalid step":           0.6043956043956044
Proportion of incorrect proofs that contain a "useless branch" AND "useful non-atomic step": 0.0
Proportion of incorrect proofs that contain a "useless branch" AND "useless non-atomic step": 0.0
Proportion of incorrect proofs that contain a "useless branch" AND "invalid step": 0.0
Proportion of incorrect proofs that contain a "useless branch" AND "useful non-atomic step" AND "invalid step": 0.0
Proportion of incorrect proofs with ANY OF THE ABOVE:                    0.989010989010989

Proportion of ALL proofs that are strictly correct: 0.04
Proportion of ALL proofs that would be correct if "skip steps" are considered correct: 0.04
Proportion of ALL proofs that would be correct if "non-atomic steps" are considered correct: 0.09
Proportion of ALL proofs that would be correct if both "skip steps" and "non-atomic steps" are considered correct: 0.09

Proportion of correct proofs where the "useless branch" is the first mistake: 0.0
Proportion of correct proofs where the "useful skip step" is the first mistake: 0.0
Proportion of correct proofs where the "useless skip step" is the first mistake: 0.0
Proportion of correct proofs where the "useful non-atomic step" is the first mistake: 0.5555555555555556
Proportion of correct proofs where the "useless non-atomic step" is the first mistake: 0.3333333333333333
Proportion of correct proofs where the "invalid step" is the first mistake: 0.1111111111111111
Proportion of incorrect proofs where the "useless branch" is the first mistake: 0.0
Proportion of incorrect proofs where the "useful skip step" is the first mistake: 0.0
Proportion of incorrect proofs where the "useless skip step" is the first mistake: 0.0
Proportion of incorrect proofs where the "useful non-atomic step" is the first mistake: 0.12087912087912088
Proportion of incorrect proofs where the "useless non-atomic step" is the first mistake: 0.18681318681318682
Proportion of incorrect proofs where the "invalid step" is the first mistake: 0.6813186813186813
incorrect_proof_ids_with_skip_steps: [1, 2, 3, 4, 5, 6, 8, 9, 10, 11, 12, 13, 14, 15, 16, 17, 18, 19, 20, 21, 22, 23, 24, 25, 26, 27, 28, 29, 30, 31, 32, 33, 34, 35, 36, 37, 38, 39, 40, 41, 42, 43, 44, 45, 46, 47, 48, 50, 51, 52, 53, 54, 55, 56, 57, 58, 59, 60, 62, 63, 64, 65, 66, 67, 68, 69, 70, 71, 72, 73, 74, 75, 76, 77, 78, 79, 80, 81, 82, 83, 84, 85, 86, 87, 88, 89, 91, 92, 93, 94, 95, 96, 97, 98, 99, 100]
incorrect_proof_ids_with_skip_or_non_atomic_steps: [1, 2, 4, 5, 6, 8, 10, 11, 12, 14, 15, 16, 17, 18, 19, 20, 21, 22, 23, 24, 25, 26, 27, 28, 29, 30, 31, 32, 33, 34, 35, 36, 37, 38, 39, 40, 41, 42, 44, 45, 46, 47, 48, 50, 51, 52, 54, 55, 56, 57, 58, 59, 60, 62, 63, 64, 65, 66, 67, 68, 69, 70, 71, 72, 73, 74, 75, 76, 77, 78, 79, 80, 81, 82, 83, 84, 85, 86, 87, 88, 89, 91, 92, 93, 94, 95, 96, 97, 98, 99, 100]
incorrect_proof_ids_with_skip_or_non_atomic_steps \ incorrect_proof_ids_with_skip_steps: [3, 9, 13, 43, 53]

Hop 5
There were errors during semantic parsing for file gemma3_1b_pt_andintro_5hop_AndIntro_3shot_nodistractor.log:
Correct steps: 411
Total steps: 1785
Correct steps ratio: 0.23025210084033612
Non-atomic steps ratio: 0.1092436974789916
Skip steps ratio: 0.0
Invalid steps ratio: 0.6946778711484594
Correct and useful steps ratio: 0.2196078431372549
Unparseable steps ratio: 0.024089635854341738
Incorrect steps ratio: 0.6946778711484594
Perplexity sample mean: nan
Perplexity sample std dev: nan
Number of examples: 100
Number of correct proof: 7
Proportion of proofs that contain the correct proof: 0.07
Proportion of proofs that only contain correct, non-atomic, or skip steps: 0.05
Proportion of correct proofs that contain a "useless branch":          0.0
Proportion of correct proofs that contain a "useful skip step":        0.0
Proportion of correct proofs that contain a "useless skip step":       0.0
Proportion of correct proofs that contain a "useful non-atomic step":  0.14285714285714285
Proportion of correct proofs that contain a "useless non-atomic step": 0.0
Proportion of correct proofs that contain an "invalid step":           0.0
Proportion of correct proofs that contain a "useless branch" AND "useful non-atomic step": 0.0
Proportion of correct proofs that contain a "useless branch" AND "useless non-atomic step": 0.0
Proportion of correct proofs that contain a "useless branch" AND "invalid step": 0.0
Proportion of correct proofs that contain a "useless branch" AND "useful non-atomic step" AND "invalid step": 0.0
Proportion of correct proofs with ANY OF THE ABOVE:                    1.0
Proportion of incorrect proofs that contain a "useless branch":          0.0
Proportion of incorrect proofs that contain a "useful skip step":        0.0
Proportion of incorrect proofs that contain a "useless skip step":       0.0
Proportion of incorrect proofs that contain a "useful non-atomic step":  0.043010752688172046
Proportion of incorrect proofs that contain a "useless non-atomic step": 0.0
Proportion of incorrect proofs that contain an "invalid step":           0.4946236559139785
Proportion of incorrect proofs that contain a "useless branch" AND "useful non-atomic step": 0.0
Proportion of incorrect proofs that contain a "useless branch" AND "useless non-atomic step": 0.0
Proportion of incorrect proofs that contain a "useless branch" AND "invalid step": 0.0
Proportion of incorrect proofs that contain a "useless branch" AND "useful non-atomic step" AND "invalid step": 0.0
Proportion of incorrect proofs with ANY OF THE ABOVE:                    1.0

Proportion of ALL proofs that are strictly correct: 0.03
Proportion of ALL proofs that would be correct if "skip steps" are considered correct: 0.03
Proportion of ALL proofs that would be correct if "non-atomic steps" are considered correct: 0.07
Proportion of ALL proofs that would be correct if both "skip steps" and "non-atomic steps" are considered correct: 0.07

Proportion of correct proofs where the "useless branch" is the first mistake: 0.0
Proportion of correct proofs where the "useful skip step" is the first mistake: 0.0
Proportion of correct proofs where the "useless skip step" is the first mistake: 0.0
Proportion of correct proofs where the "useful non-atomic step" is the first mistake: 0.8571428571428571
Proportion of correct proofs where the "useless non-atomic step" is the first mistake: 0.14285714285714285
Proportion of correct proofs where the "invalid step" is the first mistake: 0.0
Proportion of incorrect proofs where the "useless branch" is the first mistake: 0.0
Proportion of incorrect proofs where the "useful skip step" is the first mistake: 0.0
Proportion of incorrect proofs where the "useless skip step" is the first mistake: 0.0
Proportion of incorrect proofs where the "useful non-atomic step" is the first mistake: 0.12903225806451613
Proportion of incorrect proofs where the "useless non-atomic step" is the first mistake: 0.2903225806451613
Proportion of incorrect proofs where the "invalid step" is the first mistake: 0.5806451612903226
incorrect_proof_ids_with_skip_steps: [1, 2, 3, 4, 5, 6, 7, 8, 9, 10, 11, 12, 13, 15, 16, 17, 18, 19, 20, 21, 23, 24, 26, 27, 28, 29, 30, 31, 32, 33, 34, 35, 36, 37, 38, 39, 40, 41, 42, 43, 44, 45, 46, 47, 48, 49, 50, 51, 52, 53, 54, 55, 56, 57, 58, 59, 60, 61, 62, 63, 64, 65, 66, 67, 68, 69, 70, 71, 72, 73, 74, 75, 76, 77, 78, 79, 80, 81, 82, 83, 84, 85, 86, 87, 88, 89, 90, 91, 92, 93, 94, 95, 96, 97, 98, 99, 100]
incorrect_proof_ids_with_skip_or_non_atomic_steps: [1, 2, 3, 4, 5, 6, 7, 8, 9, 10, 11, 12, 13, 15, 16, 17, 18, 19, 20, 21, 23, 24, 26, 27, 28, 29, 30, 31, 32, 33, 34, 36, 38, 39, 40, 41, 42, 43, 44, 45, 46, 47, 48, 49, 50, 51, 52, 53, 54, 55, 56, 57, 58, 59, 60, 61, 62, 63, 64, 65, 66, 67, 68, 69, 70, 71, 73, 74, 75, 76, 77, 78, 79, 80, 82, 83, 84, 85, 86, 87, 88, 89, 90, 91, 92, 93, 94, 95, 96, 97, 98, 99, 100]
incorrect_proof_ids_with_skip_or_non_atomic_steps \ incorrect_proof_ids_with_skip_steps: [35, 37, 72, 81]


3. AndElim

Hop 1
Correct steps: 200
Total steps: 200
Correct steps ratio: 1.0
Non-atomic steps ratio: 0.0
Skip steps ratio: 0.0
Invalid steps ratio: 0.0
Correct and useful steps ratio: 1.0
Unparseable steps ratio: 0.0
Incorrect steps ratio: 0.0
Perplexity sample mean: nan
Perplexity sample std dev: nan
Number of examples: 100
Number of correct proof: 100
Proportion of proofs that contain the correct proof: 1.0
Proportion of proofs that only contain correct, non-atomic, or skip steps: 1.0
Proportion of correct proofs that contain a "useless branch":          0.0
Proportion of correct proofs that contain a "useful skip step":        0.0
Proportion of correct proofs that contain a "useless skip step":       0.0
Proportion of correct proofs that contain a "useful non-atomic step":  0.0
Proportion of correct proofs that contain a "useless non-atomic step": 0.0
Proportion of correct proofs that contain an "invalid step":           0.0
Proportion of correct proofs that contain a "useless branch" AND "useful non-atomic step": 0.0
Proportion of correct proofs that contain a "useless branch" AND "useless non-atomic step": 0.0
Proportion of correct proofs that contain a "useless branch" AND "invalid step": 0.0
Proportion of correct proofs that contain a "useless branch" AND "useful non-atomic step" AND "invalid step": 0.0
Proportion of correct proofs with ANY OF THE ABOVE:                    0.0
(there are no incorrect proofs)

Proportion of ALL proofs that are strictly correct: 1.0
Proportion of ALL proofs that would be correct if "skip steps" are considered correct: 1.0
Proportion of ALL proofs that would be correct if "non-atomic steps" are considered correct: 1.0
Proportion of ALL proofs that would be correct if both "skip steps" and "non-atomic steps" are considered correct: 1.0

Proportion of correct proofs where the "useless branch" is the first mistake: 0.0
Proportion of correct proofs where the "useful skip step" is the first mistake: 0.0
Proportion of correct proofs where the "useless skip step" is the first mistake: 0.0
Proportion of correct proofs where the "useful non-atomic step" is the first mistake: 0.0
Proportion of correct proofs where the "useless non-atomic step" is the first mistake: 0.0
Proportion of correct proofs where the "invalid step" is the first mistake: 0.0
(there are no incorrect proofs)
incorrect_proof_ids_with_skip_steps: []
incorrect_proof_ids_with_skip_or_non_atomic_steps: []
incorrect_proof_ids_with_skip_or_non_atomic_steps \ incorrect_proof_ids_with_skip_steps: []

Hop 2
Correct steps: 205
Total steps: 332
Correct steps ratio: 0.6174698795180723
Non-atomic steps ratio: 0.49096385542168675
Skip steps ratio: 0.0
Invalid steps ratio: 0.1536144578313253
Correct and useful steps ratio: 0.6174698795180723
Unparseable steps ratio: 0.012048192771084338
Incorrect steps ratio: 0.1536144578313253
Perplexity sample mean: nan
Perplexity sample std dev: nan
Number of examples: 100
Number of correct proof: 90
Proportion of proofs that contain the correct proof: 0.9
Proportion of proofs that only contain correct, non-atomic, or skip steps: 0.12
Proportion of correct proofs that contain a "useless branch":          0.0
Proportion of correct proofs that contain a "useful skip step":        0.0
Proportion of correct proofs that contain a "useless skip step":       0.0
Proportion of correct proofs that contain a "useful non-atomic step":  0.7222222222222222
Proportion of correct proofs that contain a "useless non-atomic step": 0.0
Proportion of correct proofs that contain an "invalid step":           0.0
Proportion of correct proofs that contain a "useless branch" AND "useful non-atomic step": 0.0
Proportion of correct proofs that contain a "useless branch" AND "useless non-atomic step": 0.0
Proportion of correct proofs that contain a "useless branch" AND "invalid step": 0.0
Proportion of correct proofs that contain a "useless branch" AND "useful non-atomic step" AND "invalid step": 0.0
Proportion of correct proofs with ANY OF THE ABOVE:                    0.9111111111111111
Proportion of incorrect proofs that contain a "useless branch":          0.0
Proportion of incorrect proofs that contain a "useful skip step":        0.0
Proportion of incorrect proofs that contain a "useless skip step":       0.0
Proportion of incorrect proofs that contain a "useful non-atomic step":  0.0
Proportion of incorrect proofs that contain a "useless non-atomic step": 0.1
Proportion of incorrect proofs that contain an "invalid step":           0.3
Proportion of incorrect proofs that contain a "useless branch" AND "useful non-atomic step": 0.0
Proportion of incorrect proofs that contain a "useless branch" AND "useless non-atomic step": 0.0
Proportion of incorrect proofs that contain a "useless branch" AND "invalid step": 0.0
Proportion of incorrect proofs that contain a "useless branch" AND "useful non-atomic step" AND "invalid step": 0.0
Proportion of incorrect proofs with ANY OF THE ABOVE:                    0.9

Proportion of ALL proofs that are strictly correct: 0.08
Proportion of ALL proofs that would be correct if "skip steps" are considered correct: 0.08
Proportion of ALL proofs that would be correct if "non-atomic steps" are considered correct: 0.9
Proportion of ALL proofs that would be correct if both "skip steps" and "non-atomic steps" are considered correct: 0.9

Proportion of correct proofs where the "useless branch" is the first mistake: 0.0
Proportion of correct proofs where the "useful skip step" is the first mistake: 0.0
Proportion of correct proofs where the "useless skip step" is the first mistake: 0.0
Proportion of correct proofs where the "useful non-atomic step" is the first mistake: 0.7555555555555555
Proportion of correct proofs where the "useless non-atomic step" is the first mistake: 0.0
Proportion of correct proofs where the "invalid step" is the first mistake: 0.15555555555555556
Proportion of incorrect proofs where the "useless branch" is the first mistake: 0.0
Proportion of incorrect proofs where the "useful skip step" is the first mistake: 0.0
Proportion of incorrect proofs where the "useless skip step" is the first mistake: 0.0
Proportion of incorrect proofs where the "useful non-atomic step" is the first mistake: 0.0
Proportion of incorrect proofs where the "useless non-atomic step" is the first mistake: 0.1
Proportion of incorrect proofs where the "invalid step" is the first mistake: 0.8
incorrect_proof_ids_with_skip_steps: [1, 2, 3, 4, 5, 6, 7, 8, 9, 10, 11, 13, 14, 15, 16, 17, 18, 19, 20, 21, 22, 23, 24, 25, 26, 27, 28, 29, 30, 32, 33, 34, 35, 36, 37, 40, 42, 43, 44, 45, 46, 47, 48, 49, 50, 51, 52, 53, 54, 55, 56, 57, 58, 59, 60, 61, 62, 63, 64, 66, 67, 68, 69, 70, 71, 72, 73, 74, 75, 76, 77, 78, 79, 80, 81, 82, 83, 85, 86, 87, 89, 90, 91, 92, 93, 94, 95, 96, 97, 98, 99, 100]
incorrect_proof_ids_with_skip_or_non_atomic_steps: [1, 24, 49, 50, 54, 72, 74, 79, 83, 93]
incorrect_proof_ids_with_skip_or_non_atomic_steps \ incorrect_proof_ids_with_skip_steps: [2, 3, 4, 5, 6, 7, 8, 9, 10, 11, 13, 14, 15, 16, 17, 18, 19, 20, 21, 22, 23, 25, 26, 27, 28, 29, 30, 32, 33, 34, 35, 36, 37, 40, 42, 43, 44, 45, 46, 47, 48, 51, 52, 53, 55, 56, 57, 58, 59, 60, 61, 62, 63, 64, 66, 67, 68, 69, 70, 71, 73, 75, 76, 77, 78, 80, 81, 82, 85, 86, 87, 89, 90, 91, 92, 94, 95, 96, 97, 98, 99, 100]

Hop 3
There were errors during semantic parsing for file gemma3_1b_pt_andelim_3hop_AndElim_3shot_nodistractor.log:
Correct steps: 303
Total steps: 675
Correct steps ratio: 0.4488888888888889
Non-atomic steps ratio: 0.24888888888888888
Skip steps ratio: 0.005925925925925926
Invalid steps ratio: 0.3214814814814815
Correct and useful steps ratio: 0.42814814814814817
Unparseable steps ratio: 0.0014814814814814814
Incorrect steps ratio: 0.3214814814814815
Perplexity sample mean: nan
Perplexity sample std dev: nan
Number of examples: 100
Number of correct proof: 75
Proportion of proofs that contain the correct proof: 0.75
Proportion of proofs that only contain correct, non-atomic, or skip steps: 0.32
Proportion of correct proofs that contain a "useless branch":          0.0
Proportion of correct proofs that contain a "useful skip step":        0.0
Proportion of correct proofs that contain a "useless skip step":       0.0
Proportion of correct proofs that contain a "useful non-atomic step":  0.28
Proportion of correct proofs that contain a "useless non-atomic step": 0.0
Proportion of correct proofs that contain an "invalid step":           0.0
Proportion of correct proofs that contain a "useless branch" AND "useful non-atomic step": 0.0
Proportion of correct proofs that contain a "useless branch" AND "useless non-atomic step": 0.0
Proportion of correct proofs that contain a "useless branch" AND "invalid step": 0.0
Proportion of correct proofs that contain a "useless branch" AND "useful non-atomic step" AND "invalid step": 0.0
Proportion of correct proofs with ANY OF THE ABOVE:                    0.88
Proportion of incorrect proofs that contain a "useless branch":          0.0
Proportion of incorrect proofs that contain a "useful skip step":        0.0
Proportion of incorrect proofs that contain a "useless skip step":       0.0
Proportion of incorrect proofs that contain a "useful non-atomic step":  0.08
Proportion of incorrect proofs that contain a "useless non-atomic step": 0.0
Proportion of incorrect proofs that contain an "invalid step":           0.44
Proportion of incorrect proofs that contain a "useless branch" AND "useful non-atomic step": 0.0
Proportion of incorrect proofs that contain a "useless branch" AND "useless non-atomic step": 0.0
Proportion of incorrect proofs that contain a "useless branch" AND "invalid step": 0.0
Proportion of incorrect proofs that contain a "useless branch" AND "useful non-atomic step" AND "invalid step": 0.0
Proportion of incorrect proofs with ANY OF THE ABOVE:                    0.92

Proportion of ALL proofs that are strictly correct: 0.09
Proportion of ALL proofs that would be correct if "skip steps" are considered correct: 0.09
Proportion of ALL proofs that would be correct if "non-atomic steps" are considered correct: 0.75
Proportion of ALL proofs that would be correct if both "skip steps" and "non-atomic steps" are considered correct: 0.75

Proportion of correct proofs where the "useless branch" is the first mistake: 0.0
Proportion of correct proofs where the "useful skip step" is the first mistake: 0.0
Proportion of correct proofs where the "useless skip step" is the first mistake: 0.0
Proportion of correct proofs where the "useful non-atomic step" is the first mistake: 0.6266666666666667
Proportion of correct proofs where the "useless non-atomic step" is the first mistake: 0.0
Proportion of correct proofs where the "invalid step" is the first mistake: 0.25333333333333335
Proportion of incorrect proofs where the "useless branch" is the first mistake: 0.0
Proportion of incorrect proofs where the "useful skip step" is the first mistake: 0.0
Proportion of incorrect proofs where the "useless skip step" is the first mistake: 0.0
Proportion of incorrect proofs where the "useful non-atomic step" is the first mistake: 0.16
Proportion of incorrect proofs where the "useless non-atomic step" is the first mistake: 0.0
Proportion of incorrect proofs where the "invalid step" is the first mistake: 0.76
incorrect_proof_ids_with_skip_steps: [1, 2, 3, 4, 5, 6, 7, 8, 9, 10, 11, 12, 13, 14, 15, 16, 17, 18, 19, 21, 22, 23, 24, 25, 26, 27, 28, 29, 30, 31, 32, 33, 34, 35, 36, 37, 38, 39, 40, 41, 42, 43, 44, 45, 46, 47, 48, 49, 50, 51, 52, 53, 54, 55, 56, 57, 58, 59, 60, 61, 62, 63, 64, 65, 66, 67, 68, 69, 70, 71, 73, 74, 76, 77, 78, 79, 81, 82, 83, 86, 87, 90, 91, 93, 94, 95, 96, 97, 98, 99, 100]
incorrect_proof_ids_with_skip_or_non_atomic_steps: [4, 6, 13, 15, 17, 22, 23, 24, 32, 36, 37, 38, 47, 54, 56, 61, 62, 66, 69, 70, 87, 90, 96, 99, 100]
incorrect_proof_ids_with_skip_or_non_atomic_steps \ incorrect_proof_ids_with_skip_steps: [1, 2, 3, 5, 7, 8, 9, 10, 11, 12, 14, 16, 18, 19, 21, 25, 26, 27, 28, 29, 30, 31, 33, 34, 35, 39, 40, 41, 42, 43, 44, 45, 46, 48, 49, 50, 51, 52, 53, 55, 57, 58, 59, 60, 63, 64, 65, 67, 68, 71, 73, 74, 76, 77, 78, 79, 81, 82, 83, 86, 91, 93, 94, 95, 97, 98]

Hop 4
There were errors during semantic parsing for file gemma3_1b_pt_andelim_4hop_AndElim_3shot_nodistractor.log:
Correct steps: 375
Total steps: 930
Correct steps ratio: 0.4032258064516129
Non-atomic steps ratio: 0.17311827956989248
Skip steps ratio: 0.004301075268817204
Invalid steps ratio: 0.4075268817204301
Correct and useful steps ratio: 0.4032258064516129
Unparseable steps ratio: 0.0032258064516129032
Incorrect steps ratio: 0.4075268817204301
Perplexity sample mean: nan
Perplexity sample std dev: nan
Number of examples: 100
Number of correct proof: 67
Proportion of proofs that contain the correct proof: 0.67
Proportion of proofs that only contain correct, non-atomic, or skip steps: 0.23
Proportion of correct proofs that contain a "useless branch":          0.0
Proportion of correct proofs that contain a "useful skip step":        0.0
Proportion of correct proofs that contain a "useless skip step":       0.0
Proportion of correct proofs that contain a "useful non-atomic step":  0.23880597014925373
Proportion of correct proofs that contain a "useless non-atomic step": 0.0
Proportion of correct proofs that contain an "invalid step":           0.0
Proportion of correct proofs that contain a "useless branch" AND "useful non-atomic step": 0.0
Proportion of correct proofs that contain a "useless branch" AND "useless non-atomic step": 0.0
Proportion of correct proofs that contain a "useless branch" AND "invalid step": 0.0
Proportion of correct proofs that contain a "useless branch" AND "useful non-atomic step" AND "invalid step": 0.0
Proportion of correct proofs with ANY OF THE ABOVE:                    0.8507462686567164
Proportion of incorrect proofs that contain a "useless branch":          0.0
Proportion of incorrect proofs that contain a "useful skip step":        0.0
Proportion of incorrect proofs that contain a "useless skip step":       0.0
Proportion of incorrect proofs that contain a "useful non-atomic step":  0.0
Proportion of incorrect proofs that contain a "useless non-atomic step": 0.030303030303030304
Proportion of incorrect proofs that contain an "invalid step":           0.6363636363636364
Proportion of incorrect proofs that contain a "useless branch" AND "useful non-atomic step": 0.0
Proportion of incorrect proofs that contain a "useless branch" AND "useless non-atomic step": 0.0
Proportion of incorrect proofs that contain a "useless branch" AND "invalid step": 0.0
Proportion of incorrect proofs that contain a "useless branch" AND "useful non-atomic step" AND "invalid step": 0.0
Proportion of incorrect proofs with ANY OF THE ABOVE:                    0.8787878787878788

Proportion of ALL proofs that are strictly correct: 0.1
Proportion of ALL proofs that would be correct if "skip steps" are considered correct: 0.1
Proportion of ALL proofs that would be correct if "non-atomic steps" are considered correct: 0.67
Proportion of ALL proofs that would be correct if both "skip steps" and "non-atomic steps" are considered correct: 0.67

Proportion of correct proofs where the "useless branch" is the first mistake: 0.0
Proportion of correct proofs where the "useful skip step" is the first mistake: 0.0
Proportion of correct proofs where the "useless skip step" is the first mistake: 0.0
Proportion of correct proofs where the "useful non-atomic step" is the first mistake: 0.7014925373134329
Proportion of correct proofs where the "useless non-atomic step" is the first mistake: 0.0
Proportion of correct proofs where the "invalid step" is the first mistake: 0.14925373134328357
Proportion of incorrect proofs where the "useless branch" is the first mistake: 0.0
Proportion of incorrect proofs where the "useful skip step" is the first mistake: 0.0
Proportion of incorrect proofs where the "useless skip step" is the first mistake: 0.0
Proportion of incorrect proofs where the "useful non-atomic step" is the first mistake: 0.06060606060606061
Proportion of incorrect proofs where the "useless non-atomic step" is the first mistake: 0.030303030303030304
Proportion of incorrect proofs where the "invalid step" is the first mistake: 0.7878787878787878
incorrect_proof_ids_with_skip_steps: [1, 2, 3, 4, 5, 6, 7, 8, 10, 11, 12, 13, 14, 15, 17, 18, 19, 20, 21, 23, 24, 25, 27, 28, 29, 30, 31, 32, 33, 34, 35, 37, 38, 39, 40, 41, 42, 43, 44, 45, 47, 48, 49, 50, 51, 52, 53, 54, 55, 56, 57, 58, 61, 62, 63, 64, 65, 66, 67, 68, 69, 70, 71, 72, 73, 74, 75, 76, 77, 78, 79, 80, 81, 82, 83, 84, 85, 86, 87, 88, 89, 90, 91, 92, 94, 96, 97, 98, 99, 100]
incorrect_proof_ids_with_skip_or_non_atomic_steps: [8, 14, 15, 19, 29, 32, 37, 38, 41, 44, 47, 50, 52, 54, 56, 57, 58, 61, 62, 67, 70, 73, 76, 79, 81, 86, 87, 88, 91, 94, 96, 97, 99]
incorrect_proof_ids_with_skip_or_non_atomic_steps \ incorrect_proof_ids_with_skip_steps: [1, 2, 3, 4, 5, 6, 7, 10, 11, 12, 13, 17, 18, 20, 21, 23, 24, 25, 27, 28, 30, 31, 33, 34, 35, 39, 40, 42, 43, 45, 48, 49, 51, 53, 55, 63, 64, 65, 66, 68, 69, 71, 72, 74, 75, 77, 78, 80, 82, 83, 84, 85, 89, 90, 92, 98, 100]

Hop 5
There were errors during semantic parsing for file gemma3_1b_pt_andelim_5hop_AndElim_3shot_nodistractor.log:
Correct steps: 452
Total steps: 1213
Correct steps ratio: 0.3726298433635614
Non-atomic steps ratio: 0.15169002473206925
Skip steps ratio: 0.005770816158285243
Invalid steps ratio: 0.416323165704864
Correct and useful steps ratio: 0.37180544105523494
Unparseable steps ratio: 0.005770816158285243
Incorrect steps ratio: 0.416323165704864
Perplexity sample mean: nan
Perplexity sample std dev: nan
Number of examples: 100
Number of correct proof: 68
Proportion of proofs that contain the correct proof: 0.68
Proportion of proofs that only contain correct, non-atomic, or skip steps: 0.14
Proportion of correct proofs that contain a "useless branch":          0.0
Proportion of correct proofs that contain a "useful skip step":        0.0
Proportion of correct proofs that contain a "useless skip step":       0.0
Proportion of correct proofs that contain a "useful non-atomic step":  0.2647058823529412
Proportion of correct proofs that contain a "useless non-atomic step": 0.0
Proportion of correct proofs that contain an "invalid step":           0.0
Proportion of correct proofs that contain a "useless branch" AND "useful non-atomic step": 0.0
Proportion of correct proofs that contain a "useless branch" AND "useless non-atomic step": 0.0
Proportion of correct proofs that contain a "useless branch" AND "invalid step": 0.0
Proportion of correct proofs that contain a "useless branch" AND "useful non-atomic step" AND "invalid step": 0.0
Proportion of correct proofs with ANY OF THE ABOVE:                    0.9264705882352942
Proportion of incorrect proofs that contain a "useless branch":          0.0
Proportion of incorrect proofs that contain a "useful skip step":        0.0
Proportion of incorrect proofs that contain a "useless skip step":       0.0
Proportion of incorrect proofs that contain a "useful non-atomic step":  0.0
Proportion of incorrect proofs that contain a "useless non-atomic step": 0.0
Proportion of incorrect proofs that contain an "invalid step":           0.71875
Proportion of incorrect proofs that contain a "useless branch" AND "useful non-atomic step": 0.0
Proportion of incorrect proofs that contain a "useless branch" AND "useless non-atomic step": 0.0
Proportion of incorrect proofs that contain a "useless branch" AND "invalid step": 0.0
Proportion of incorrect proofs that contain a "useless branch" AND "useful non-atomic step" AND "invalid step": 0.0
Proportion of incorrect proofs with ANY OF THE ABOVE:                    0.84375

Proportion of ALL proofs that are strictly correct: 0.06
Proportion of ALL proofs that would be correct if "skip steps" are considered correct: 0.06
Proportion of ALL proofs that would be correct if "non-atomic steps" are considered correct: 0.68
Proportion of ALL proofs that would be correct if both "skip steps" and "non-atomic steps" are considered correct: 0.68

Proportion of correct proofs where the "useless branch" is the first mistake: 0.0
Proportion of correct proofs where the "useful skip step" is the first mistake: 0.029411764705882353
Proportion of correct proofs where the "useless skip step" is the first mistake: 0.0
Proportion of correct proofs where the "useful non-atomic step" is the first mistake: 0.7352941176470589
Proportion of correct proofs where the "useless non-atomic step" is the first mistake: 0.014705882352941176
Proportion of correct proofs where the "invalid step" is the first mistake: 0.14705882352941177
Proportion of incorrect proofs where the "useless branch" is the first mistake: 0.0
Proportion of incorrect proofs where the "useful skip step" is the first mistake: 0.0
Proportion of incorrect proofs where the "useless skip step" is the first mistake: 0.0
Proportion of incorrect proofs where the "useful non-atomic step" is the first mistake: 0.03125
Proportion of incorrect proofs where the "useless non-atomic step" is the first mistake: 0.0
Proportion of incorrect proofs where the "invalid step" is the first mistake: 0.8125
incorrect_proof_ids_with_skip_steps: [1, 2, 3, 4, 6, 7, 9, 10, 11, 12, 13, 14, 15, 16, 17, 18, 19, 20, 21, 22, 23, 24, 25, 26, 27, 28, 29, 30, 31, 32, 33, 34, 36, 37, 38, 39, 40, 41, 42, 43, 44, 45, 46, 47, 48, 49, 50, 51, 52, 53, 54, 55, 56, 57, 58, 59, 60, 61, 62, 63, 64, 65, 66, 68, 69, 70, 71, 72, 73, 74, 76, 77, 78, 79, 80, 81, 82, 83, 84, 85, 86, 87, 88, 89, 90, 91, 92, 93, 94, 95, 97, 98, 99, 100]
incorrect_proof_ids_with_skip_or_non_atomic_steps: [1, 3, 12, 15, 16, 17, 18, 20, 21, 27, 28, 33, 37, 42, 45, 48, 49, 52, 53, 56, 62, 63, 71, 76, 79, 80, 83, 85, 91, 97, 98, 99]
incorrect_proof_ids_with_skip_or_non_atomic_steps \ incorrect_proof_ids_with_skip_steps: [2, 4, 6, 7, 9, 10, 11, 13, 14, 19, 22, 23, 24, 25, 26, 29, 30, 31, 32, 34, 36, 38, 39, 40, 41, 43, 44, 46, 47, 50, 51, 54, 55, 57, 58, 59, 60, 61, 64, 65, 66, 68, 69, 70, 72, 73, 74, 77, 78, 81, 82, 84, 86, 87, 88, 89, 90, 92, 93, 94, 95, 100]


4. OrIntro

Hop 1
Correct steps: 200
Total steps: 200
Correct steps ratio: 1.0
Non-atomic steps ratio: 0.0
Skip steps ratio: 0.0
Invalid steps ratio: 0.0
Correct and useful steps ratio: 1.0
Unparseable steps ratio: 0.0
Incorrect steps ratio: 0.0
Perplexity sample mean: nan
Perplexity sample std dev: nan
Number of examples: 100
Number of correct proof: 100
Proportion of proofs that contain the correct proof: 1.0
Proportion of proofs that only contain correct, non-atomic, or skip steps: 1.0
Proportion of correct proofs that contain a "useless branch":          0.0
Proportion of correct proofs that contain a "useful skip step":        0.0
Proportion of correct proofs that contain a "useless skip step":       0.0
Proportion of correct proofs that contain a "useful non-atomic step":  0.0
Proportion of correct proofs that contain a "useless non-atomic step": 0.0
Proportion of correct proofs that contain an "invalid step":           0.0
Proportion of correct proofs that contain a "useless branch" AND "useful non-atomic step": 0.0
Proportion of correct proofs that contain a "useless branch" AND "useless non-atomic step": 0.0
Proportion of correct proofs that contain a "useless branch" AND "invalid step": 0.0
Proportion of correct proofs that contain a "useless branch" AND "useful non-atomic step" AND "invalid step": 0.0
Proportion of correct proofs with ANY OF THE ABOVE:                    0.0
(there are no incorrect proofs)

Proportion of ALL proofs that are strictly correct: 1.0
Proportion of ALL proofs that would be correct if "skip steps" are considered correct: 1.0
Proportion of ALL proofs that would be correct if "non-atomic steps" are considered correct: 1.0
Proportion of ALL proofs that would be correct if both "skip steps" and "non-atomic steps" are considered correct: 1.0

Proportion of correct proofs where the "useless branch" is the first mistake: 0.0
Proportion of correct proofs where the "useful skip step" is the first mistake: 0.0
Proportion of correct proofs where the "useless skip step" is the first mistake: 0.0
Proportion of correct proofs where the "useful non-atomic step" is the first mistake: 0.0
Proportion of correct proofs where the "useless non-atomic step" is the first mistake: 0.0
Proportion of correct proofs where the "invalid step" is the first mistake: 0.0
(there are no incorrect proofs)
incorrect_proof_ids_with_skip_steps: []
incorrect_proof_ids_with_skip_or_non_atomic_steps: []
incorrect_proof_ids_with_skip_or_non_atomic_steps \ incorrect_proof_ids_with_skip_steps: []

Hop 2
Correct steps: 424
Total steps: 491
Correct steps ratio: 0.8635437881873728
Non-atomic steps ratio: 0.04684317718940937
Skip steps ratio: 0.0
Invalid steps ratio: 0.10386965376782077
Correct and useful steps ratio: 0.7657841140529531
Unparseable steps ratio: 0.0
Incorrect steps ratio: 0.10386965376782077
Perplexity sample mean: nan
Perplexity sample std dev: nan
Number of examples: 100
Number of correct proof: 38
Proportion of proofs that contain the correct proof: 0.38
Proportion of proofs that only contain correct, non-atomic, or skip steps: 0.81
Proportion of correct proofs that contain a "useless branch":          0.0
Proportion of correct proofs that contain a "useful skip step":        0.0
Proportion of correct proofs that contain a "useless skip step":       0.0
Proportion of correct proofs that contain a "useful non-atomic step":  0.05263157894736842
Proportion of correct proofs that contain a "useless non-atomic step": 0.0
Proportion of correct proofs that contain an "invalid step":           0.0
Proportion of correct proofs that contain a "useless branch" AND "useful non-atomic step": 0.0
Proportion of correct proofs that contain a "useless branch" AND "useless non-atomic step": 0.0
Proportion of correct proofs that contain a "useless branch" AND "invalid step": 0.0
Proportion of correct proofs that contain a "useless branch" AND "useful non-atomic step" AND "invalid step": 0.0
Proportion of correct proofs with ANY OF THE ABOVE:                    0.15789473684210525
Proportion of incorrect proofs that contain a "useless branch":          0.0
Proportion of incorrect proofs that contain a "useful skip step":        0.0
Proportion of incorrect proofs that contain a "useless skip step":       0.0
Proportion of incorrect proofs that contain a "useful non-atomic step":  0.0
Proportion of incorrect proofs that contain a "useless non-atomic step": 0.0
Proportion of incorrect proofs that contain an "invalid step":           0.1935483870967742
Proportion of incorrect proofs that contain a "useless branch" AND "useful non-atomic step": 0.0
Proportion of incorrect proofs that contain a "useless branch" AND "useless non-atomic step": 0.0
Proportion of incorrect proofs that contain a "useless branch" AND "invalid step": 0.0
Proportion of incorrect proofs that contain a "useless branch" AND "useful non-atomic step" AND "invalid step": 0.0
Proportion of incorrect proofs with ANY OF THE ABOVE:                    0.2903225806451613

Proportion of ALL proofs that are strictly correct: 0.37
Proportion of ALL proofs that would be correct if "skip steps" are considered correct: 0.37
Proportion of ALL proofs that would be correct if "non-atomic steps" are considered correct: 0.38
Proportion of ALL proofs that would be correct if both "skip steps" and "non-atomic steps" are considered correct: 0.38

Proportion of correct proofs where the "useless branch" is the first mistake: 0.0
Proportion of correct proofs where the "useful skip step" is the first mistake: 0.0
Proportion of correct proofs where the "useless skip step" is the first mistake: 0.0
Proportion of correct proofs where the "useful non-atomic step" is the first mistake: 0.05263157894736842
Proportion of correct proofs where the "useless non-atomic step" is the first mistake: 0.07894736842105263
Proportion of correct proofs where the "invalid step" is the first mistake: 0.02631578947368421
Proportion of incorrect proofs where the "useless branch" is the first mistake: 0.0
Proportion of incorrect proofs where the "useful skip step" is the first mistake: 0.0
Proportion of incorrect proofs where the "useless skip step" is the first mistake: 0.0
Proportion of incorrect proofs where the "useful non-atomic step" is the first mistake: 0.04838709677419355
Proportion of incorrect proofs where the "useless non-atomic step" is the first mistake: 0.04838709677419355
Proportion of incorrect proofs where the "invalid step" is the first mistake: 0.1935483870967742
incorrect_proof_ids_with_skip_steps: [2, 5, 7, 10, 11, 12, 13, 15, 19, 22, 23, 24, 25, 26, 28, 29, 31, 32, 33, 34, 35, 36, 37, 38, 40, 42, 43, 44, 46, 47, 49, 50, 52, 53, 54, 56, 57, 62, 63, 64, 65, 66, 67, 68, 69, 72, 73, 76, 78, 79, 82, 83, 84, 88, 89, 90, 91, 92, 93, 94, 95, 97, 100]
incorrect_proof_ids_with_skip_or_non_atomic_steps: [2, 5, 7, 10, 11, 12, 13, 15, 19, 22, 23, 24, 25, 26, 28, 29, 31, 32, 33, 34, 35, 36, 37, 38, 40, 42, 43, 44, 47, 49, 50, 52, 53, 54, 56, 57, 62, 63, 64, 65, 66, 67, 68, 69, 72, 73, 76, 78, 79, 82, 83, 84, 88, 89, 90, 91, 92, 93, 94, 95, 97, 100]
incorrect_proof_ids_with_skip_or_non_atomic_steps \ incorrect_proof_ids_with_skip_steps: [46]

Hop 3
Correct steps: 555
Total steps: 772
Correct steps ratio: 0.7189119170984456
Non-atomic steps ratio: 0.07772020725388601
Skip steps ratio: 0.03626943005181347
Invalid steps ratio: 0.17098445595854922
Correct and useful steps ratio: 0.6567357512953368
Unparseable steps ratio: 0.0
Incorrect steps ratio: 0.17098445595854922
Perplexity sample mean: nan
Perplexity sample std dev: nan
Number of examples: 100
Number of correct proof: 63
Proportion of proofs that contain the correct proof: 0.63
Proportion of proofs that only contain correct, non-atomic, or skip steps: 0.62
Proportion of correct proofs that contain a "useless branch":          0.0
Proportion of correct proofs that contain a "useful skip step":        0.0
Proportion of correct proofs that contain a "useless skip step":       0.0
Proportion of correct proofs that contain a "useful non-atomic step":  0.0
Proportion of correct proofs that contain a "useless non-atomic step": 0.0
Proportion of correct proofs that contain an "invalid step":           0.015873015873015872
Proportion of correct proofs that contain a "useless branch" AND "useful non-atomic step": 0.0
Proportion of correct proofs that contain a "useless branch" AND "useless non-atomic step": 0.0
Proportion of correct proofs that contain a "useless branch" AND "invalid step": 0.0
Proportion of correct proofs that contain a "useless branch" AND "useful non-atomic step" AND "invalid step": 0.0
Proportion of correct proofs with ANY OF THE ABOVE:                    0.4603174603174603
Proportion of incorrect proofs that contain a "useless branch":          0.0
Proportion of incorrect proofs that contain a "useful skip step":        0.0
Proportion of incorrect proofs that contain a "useless skip step":       0.0
Proportion of incorrect proofs that contain a "useful non-atomic step":  0.0
Proportion of incorrect proofs that contain a "useless non-atomic step": 0.05405405405405406
Proportion of incorrect proofs that contain an "invalid step":           0.4864864864864865
Proportion of incorrect proofs that contain a "useless branch" AND "useful non-atomic step": 0.0
Proportion of incorrect proofs that contain a "useless branch" AND "useless non-atomic step": 0.0
Proportion of incorrect proofs that contain a "useless branch" AND "invalid step": 0.0
Proportion of incorrect proofs that contain a "useless branch" AND "useful non-atomic step" AND "invalid step": 0.0
Proportion of incorrect proofs with ANY OF THE ABOVE:                    0.918918918918919

Proportion of ALL proofs that are strictly correct: 0.6
Proportion of ALL proofs that would be correct if "skip steps" are considered correct: 0.6
Proportion of ALL proofs that would be correct if "non-atomic steps" are considered correct: 0.63
Proportion of ALL proofs that would be correct if both "skip steps" and "non-atomic steps" are considered correct: 0.63

Proportion of correct proofs where the "useless branch" is the first mistake: 0.0
Proportion of correct proofs where the "useful skip step" is the first mistake: 0.2698412698412698
Proportion of correct proofs where the "useless skip step" is the first mistake: 0.0
Proportion of correct proofs where the "useful non-atomic step" is the first mistake: 0.047619047619047616
Proportion of correct proofs where the "useless non-atomic step" is the first mistake: 0.031746031746031744
Proportion of correct proofs where the "invalid step" is the first mistake: 0.1111111111111111
Proportion of incorrect proofs where the "useless branch" is the first mistake: 0.0
Proportion of incorrect proofs where the "useful skip step" is the first mistake: 0.16216216216216217
Proportion of incorrect proofs where the "useless skip step" is the first mistake: 0.0
Proportion of incorrect proofs where the "useful non-atomic step" is the first mistake: 0.10810810810810811
Proportion of incorrect proofs where the "useless non-atomic step" is the first mistake: 0.13513513513513514
Proportion of incorrect proofs where the "invalid step" is the first mistake: 0.5135135135135135
incorrect_proof_ids_with_skip_steps: [2, 4, 9, 14, 16, 19, 22, 24, 30, 32, 36, 38, 39, 42, 51, 52, 53, 54, 59, 62, 63, 64, 66, 67, 69, 70, 71, 73, 78, 79, 83, 87, 89, 90, 91, 93, 95, 96, 98, 100]
incorrect_proof_ids_with_skip_or_non_atomic_steps: [2, 4, 9, 14, 16, 19, 22, 24, 30, 32, 36, 38, 39, 42, 51, 52, 53, 54, 59, 62, 64, 66, 67, 69, 70, 71, 73, 78, 79, 83, 87, 90, 91, 93, 96, 98, 100]
incorrect_proof_ids_with_skip_or_non_atomic_steps \ incorrect_proof_ids_with_skip_steps: [63, 89, 95]

Hop 4
Correct steps: 692
Total steps: 1071
Correct steps ratio: 0.646125116713352
Non-atomic steps ratio: 0.058823529411764705
Skip steps ratio: 0.03081232492997199
Invalid steps ratio: 0.26517273576097106
Correct and useful steps ratio: 0.5882352941176471
Unparseable steps ratio: 0.0
Incorrect steps ratio: 0.26517273576097106
Perplexity sample mean: nan
Perplexity sample std dev: nan
Number of examples: 100
Number of correct proof: 48
Proportion of proofs that contain the correct proof: 0.48
Proportion of proofs that only contain correct, non-atomic, or skip steps: 0.52
Proportion of correct proofs that contain a "useless branch":          0.0
Proportion of correct proofs that contain a "useful skip step":        0.0
Proportion of correct proofs that contain a "useless skip step":       0.0
Proportion of correct proofs that contain a "useful non-atomic step":  0.041666666666666664
Proportion of correct proofs that contain a "useless non-atomic step": 0.0
Proportion of correct proofs that contain an "invalid step":           0.041666666666666664
Proportion of correct proofs that contain a "useless branch" AND "useful non-atomic step": 0.0
Proportion of correct proofs that contain a "useless branch" AND "useless non-atomic step": 0.0
Proportion of correct proofs that contain a "useless branch" AND "invalid step": 0.0
Proportion of correct proofs that contain a "useless branch" AND "useful non-atomic step" AND "invalid step": 0.0
Proportion of correct proofs with ANY OF THE ABOVE:                    0.5416666666666666
Proportion of incorrect proofs that contain a "useless branch":          0.0
Proportion of incorrect proofs that contain a "useful skip step":        0.0
Proportion of incorrect proofs that contain a "useless skip step":       0.0
Proportion of incorrect proofs that contain a "useful non-atomic step":  0.0
Proportion of incorrect proofs that contain a "useless non-atomic step": 0.0
Proportion of incorrect proofs that contain an "invalid step":           0.40384615384615385
Proportion of incorrect proofs that contain a "useless branch" AND "useful non-atomic step": 0.0
Proportion of incorrect proofs that contain a "useless branch" AND "useless non-atomic step": 0.0
Proportion of incorrect proofs that contain a "useless branch" AND "invalid step": 0.0
Proportion of incorrect proofs that contain a "useless branch" AND "useful non-atomic step" AND "invalid step": 0.0
Proportion of incorrect proofs with ANY OF THE ABOVE:                    0.8461538461538461

Proportion of ALL proofs that are strictly correct: 0.46
Proportion of ALL proofs that would be correct if "skip steps" are considered correct: 0.46
Proportion of ALL proofs that would be correct if "non-atomic steps" are considered correct: 0.48
Proportion of ALL proofs that would be correct if both "skip steps" and "non-atomic steps" are considered correct: 0.48

Proportion of correct proofs where the "useless branch" is the first mistake: 0.0
Proportion of correct proofs where the "useful skip step" is the first mistake: 0.3958333333333333
Proportion of correct proofs where the "useless skip step" is the first mistake: 0.0
Proportion of correct proofs where the "useful non-atomic step" is the first mistake: 0.08333333333333333
Proportion of correct proofs where the "useless non-atomic step" is the first mistake: 0.0
Proportion of correct proofs where the "invalid step" is the first mistake: 0.0625
Proportion of incorrect proofs where the "useless branch" is the first mistake: 0.0
Proportion of incorrect proofs where the "useful skip step" is the first mistake: 0.09615384615384616
Proportion of incorrect proofs where the "useless skip step" is the first mistake: 0.0
Proportion of incorrect proofs where the "useful non-atomic step" is the first mistake: 0.11538461538461539
Proportion of incorrect proofs where the "useless non-atomic step" is the first mistake: 0.07692307692307693
Proportion of incorrect proofs where the "invalid step" is the first mistake: 0.5576923076923077
incorrect_proof_ids_with_skip_steps: [2, 3, 4, 5, 8, 10, 11, 12, 15, 19, 22, 24, 25, 26, 27, 28, 30, 31, 32, 33, 34, 35, 36, 38, 39, 42, 44, 46, 49, 50, 53, 56, 57, 58, 59, 65, 66, 69, 70, 72, 79, 80, 81, 82, 83, 84, 85, 86, 87, 90, 91, 92, 95, 96]
incorrect_proof_ids_with_skip_or_non_atomic_steps: [2, 3, 4, 5, 8, 10, 11, 12, 15, 19, 22, 24, 26, 27, 28, 30, 31, 32, 34, 35, 36, 38, 39, 42, 44, 46, 49, 50, 53, 56, 57, 58, 59, 65, 66, 69, 70, 72, 79, 80, 81, 82, 83, 84, 85, 86, 87, 90, 91, 92, 95, 96]
incorrect_proof_ids_with_skip_or_non_atomic_steps \ incorrect_proof_ids_with_skip_steps: [25, 33]

Hop 5
Correct steps: 1044
Total steps: 1424
Correct steps ratio: 0.7331460674157303
Non-atomic steps ratio: 0.05056179775280899
Skip steps ratio: 0.03441011235955056
Invalid steps ratio: 0.1853932584269663
Correct and useful steps ratio: 0.6551966292134831
Unparseable steps ratio: 0.0
Incorrect steps ratio: 0.1853932584269663
Perplexity sample mean: nan
Perplexity sample std dev: nan
Number of examples: 100
Number of correct proof: 55
Proportion of proofs that contain the correct proof: 0.55
Proportion of proofs that only contain correct, non-atomic, or skip steps: 0.54
Proportion of correct proofs that contain a "useless branch":          0.0
Proportion of correct proofs that contain a "useful skip step":        0.0
Proportion of correct proofs that contain a "useless skip step":       0.0
Proportion of correct proofs that contain a "useful non-atomic step":  0.0
Proportion of correct proofs that contain a "useless non-atomic step": 0.0
Proportion of correct proofs that contain an "invalid step":           0.05454545454545454
Proportion of correct proofs that contain a "useless branch" AND "useful non-atomic step": 0.0
Proportion of correct proofs that contain a "useless branch" AND "useless non-atomic step": 0.0
Proportion of correct proofs that contain a "useless branch" AND "invalid step": 0.0
Proportion of correct proofs that contain a "useless branch" AND "useful non-atomic step" AND "invalid step": 0.0
Proportion of correct proofs with ANY OF THE ABOVE:                    0.5636363636363636
Proportion of incorrect proofs that contain a "useless branch":          0.0
Proportion of incorrect proofs that contain a "useful skip step":        0.0
Proportion of incorrect proofs that contain a "useless skip step":       0.0
Proportion of incorrect proofs that contain a "useful non-atomic step":  0.0
Proportion of incorrect proofs that contain a "useless non-atomic step": 0.0
Proportion of incorrect proofs that contain an "invalid step":           0.2222222222222222
Proportion of incorrect proofs that contain a "useless branch" AND "useful non-atomic step": 0.0
Proportion of incorrect proofs that contain a "useless branch" AND "useless non-atomic step": 0.0
Proportion of incorrect proofs that contain a "useless branch" AND "invalid step": 0.0
Proportion of incorrect proofs that contain a "useless branch" AND "useful non-atomic step" AND "invalid step": 0.0
Proportion of incorrect proofs with ANY OF THE ABOVE:                    0.7555555555555555

Proportion of ALL proofs that are strictly correct: 0.5
Proportion of ALL proofs that would be correct if "skip steps" are considered correct: 0.5
Proportion of ALL proofs that would be correct if "non-atomic steps" are considered correct: 0.55
Proportion of ALL proofs that would be correct if both "skip steps" and "non-atomic steps" are considered correct: 0.55

Proportion of correct proofs where the "useless branch" is the first mistake: 0.0
Proportion of correct proofs where the "useful skip step" is the first mistake: 0.43636363636363634
Proportion of correct proofs where the "useless skip step" is the first mistake: 0.0
Proportion of correct proofs where the "useful non-atomic step" is the first mistake: 0.0
Proportion of correct proofs where the "useless non-atomic step" is the first mistake: 0.0
Proportion of correct proofs where the "invalid step" is the first mistake: 0.12727272727272726
Proportion of incorrect proofs where the "useless branch" is the first mistake: 0.0
Proportion of incorrect proofs where the "useful skip step" is the first mistake: 0.37777777777777777
Proportion of incorrect proofs where the "useless skip step" is the first mistake: 0.0
Proportion of incorrect proofs where the "useful non-atomic step" is the first mistake: 0.0
Proportion of incorrect proofs where the "useless non-atomic step" is the first mistake: 0.022222222222222223
Proportion of incorrect proofs where the "invalid step" is the first mistake: 0.35555555555555557
incorrect_proof_ids_with_skip_steps: [2, 3, 4, 5, 6, 7, 11, 13, 15, 19, 21, 24, 27, 31, 34, 36, 39, 40, 44, 45, 46, 47, 51, 53, 54, 55, 56, 58, 59, 60, 61, 63, 65, 66, 69, 71, 72, 73, 74, 75, 78, 81, 82, 88, 91, 92, 94, 95, 99, 100]
incorrect_proof_ids_with_skip_or_non_atomic_steps: [2, 3, 4, 5, 6, 7, 11, 13, 15, 21, 24, 27, 31, 36, 39, 40, 44, 45, 46, 47, 51, 53, 55, 56, 58, 59, 60, 61, 63, 65, 66, 69, 72, 73, 74, 75, 78, 82, 88, 91, 92, 94, 95, 99, 100]
incorrect_proof_ids_with_skip_or_non_atomic_steps \ incorrect_proof_ids_with_skip_steps: [19, 34, 54, 71, 81]
