1. ModusPonens

Hop 1
Correct steps: 2038
Total steps: 3003
Correct steps ratio: 0.6786546786546787
Non-atomic steps ratio: 0.0
Skip steps ratio: 0.0
Invalid steps ratio: 0.32134532134532134
Correct and useful steps ratio: 0.6786546786546787
Unparseable steps ratio: 0.1391941391941392
Incorrect steps ratio: 0.32134532134532134
Perplexity sample mean: nan
Perplexity sample std dev: nan
Number of examples: 100
Number of correct proof: 100
Proportion of proofs that contain the correct proof: 1.0
Proportion of proofs that only contain correct, non-atomic, or skip steps: 0.57
Proportion of correct proofs that contain a "useless branch":          0.0
Proportion of correct proofs that contain a "useful skip step":        0.0
Proportion of correct proofs that contain a "useless skip step":       0.0
Proportion of correct proofs that contain a "useful non-atomic step":  0.0
Proportion of correct proofs that contain a "useless non-atomic step": 0.0
Proportion of correct proofs that contain an "invalid step":           0.43
Proportion of correct proofs that contain a "useless branch" AND "useful non-atomic step": 0.0
Proportion of correct proofs that contain a "useless branch" AND "useless non-atomic step": 0.0
Proportion of correct proofs that contain a "useless branch" AND "invalid step": 0.0
Proportion of correct proofs that contain a "useless branch" AND "useful non-atomic step" AND "invalid step": 0.0
Proportion of correct proofs with ANY OF THE ABOVE:                    0.43
(there are no incorrect proofs)

Proportion of ALL proofs that are strictly correct: 1.0
Proportion of ALL proofs that would be correct if "skip steps" are considered correct: 1.0
Proportion of ALL proofs that would be correct if "non-atomic steps" are considered correct: 1.0
Proportion of ALL proofs that would be correct if both "skip steps" and "non-atomic steps" are considered correct: 1.0

Proportion of correct proofs where the "useless branch" is the first mistake: 0.0
Proportion of correct proofs where the "useful skip step" is the first mistake: 0.0
Proportion of correct proofs where the "useless skip step" is the first mistake: 0.0
Proportion of correct proofs where the "useful non-atomic step" is the first mistake: 0.0
Proportion of correct proofs where the "useless non-atomic step" is the first mistake: 0.0
Proportion of correct proofs where the "invalid step" is the first mistake: 0.43
(there are no incorrect proofs)
incorrect_proof_ids_with_skip_steps: []
incorrect_proof_ids_with_skip_or_non_atomic_steps: []
incorrect_proof_ids_with_skip_or_non_atomic_steps \ incorrect_proof_ids_with_skip_steps: []

Hop 2
There were errors during semantic parsing for file stablelm-2-zephyr-1_6b_modusponens_2hop_ProofsOnly_3shot_nodistractor.log:
Correct steps: 2005
Total steps: 3751
Correct steps ratio: 0.5345241268994935
Non-atomic steps ratio: 0.04425486536923487
Skip steps ratio: 0.0045321247667288725
Invalid steps ratio: 0.43934950679818713
Correct and useful steps ratio: 0.491069048253799
Unparseable steps ratio: 0.13036523593708343
Incorrect steps ratio: 0.43934950679818713
Perplexity sample mean: nan
Perplexity sample std dev: nan
Number of examples: 100
Number of correct proof: 64
Proportion of proofs that contain the correct proof: 0.64
Proportion of proofs that only contain correct, non-atomic, or skip steps: 0.32
Proportion of correct proofs that contain a "useless branch":          0.0
Proportion of correct proofs that contain a "useful skip step":        0.015625
Proportion of correct proofs that contain a "useless skip step":       0.0
Proportion of correct proofs that contain a "useful non-atomic step":  0.21875
Proportion of correct proofs that contain a "useless non-atomic step": 0.0
Proportion of correct proofs that contain an "invalid step":           0.140625
Proportion of correct proofs that contain a "useless branch" AND "useful non-atomic step": 0.0
Proportion of correct proofs that contain a "useless branch" AND "useless non-atomic step": 0.0
Proportion of correct proofs that contain a "useless branch" AND "invalid step": 0.0
Proportion of correct proofs that contain a "useless branch" AND "useful non-atomic step" AND "invalid step": 0.0
Proportion of correct proofs with ANY OF THE ABOVE:                    0.828125
Proportion of incorrect proofs that contain a "useless branch":          0.0
Proportion of incorrect proofs that contain a "useful skip step":        0.0
Proportion of incorrect proofs that contain a "useless skip step":       0.0
Proportion of incorrect proofs that contain a "useful non-atomic step":  0.0
Proportion of incorrect proofs that contain a "useless non-atomic step": 0.0
Proportion of incorrect proofs that contain an "invalid step":           0.8888888888888888
Proportion of incorrect proofs that contain a "useless branch" AND "useful non-atomic step": 0.0
Proportion of incorrect proofs that contain a "useless branch" AND "useless non-atomic step": 0.0
Proportion of incorrect proofs that contain a "useless branch" AND "invalid step": 0.0
Proportion of incorrect proofs that contain a "useless branch" AND "useful non-atomic step" AND "invalid step": 0.0
Proportion of incorrect proofs with ANY OF THE ABOVE:                    1.0

Proportion of ALL proofs that are strictly correct: 0.47
Proportion of ALL proofs that would be correct if "skip steps" are considered correct: 0.47
Proportion of ALL proofs that would be correct if "non-atomic steps" are considered correct: 0.64
Proportion of ALL proofs that would be correct if both "skip steps" and "non-atomic steps" are considered correct: 0.64

Proportion of correct proofs where the "useless branch" is the first mistake: 0.0
Proportion of correct proofs where the "useful skip step" is the first mistake: 0.078125
Proportion of correct proofs where the "useless skip step" is the first mistake: 0.0
Proportion of correct proofs where the "useful non-atomic step" is the first mistake: 0.5625
Proportion of correct proofs where the "useless non-atomic step" is the first mistake: 0.0
Proportion of correct proofs where the "invalid step" is the first mistake: 0.1875
Proportion of incorrect proofs where the "useless branch" is the first mistake: 0.0
Proportion of incorrect proofs where the "useful skip step" is the first mistake: 0.0
Proportion of incorrect proofs where the "useless skip step" is the first mistake: 0.0
Proportion of incorrect proofs where the "useful non-atomic step" is the first mistake: 0.0
Proportion of incorrect proofs where the "useless non-atomic step" is the first mistake: 0.0
Proportion of incorrect proofs where the "invalid step" is the first mistake: 1.0
incorrect_proof_ids_with_skip_steps: [1, 2, 4, 6, 7, 8, 9, 13, 17, 19, 20, 21, 24, 27, 28, 31, 32, 36, 38, 39, 41, 42, 43, 45, 49, 50, 51, 52, 53, 54, 57, 61, 62, 63, 64, 66, 67, 69, 71, 72, 73, 79, 80, 82, 83, 87, 88, 90, 91, 92, 93, 95, 98]
incorrect_proof_ids_with_skip_or_non_atomic_steps: [2, 4, 6, 8, 9, 13, 17, 20, 24, 27, 31, 32, 36, 38, 39, 41, 42, 43, 50, 51, 61, 62, 66, 67, 69, 71, 72, 73, 79, 80, 82, 83, 88, 91, 93, 98]
incorrect_proof_ids_with_skip_or_non_atomic_steps \ incorrect_proof_ids_with_skip_steps: [1, 7, 19, 21, 28, 45, 49, 52, 53, 54, 57, 63, 64, 87, 90, 92, 95]

Hop 3
There were errors during semantic parsing for file stablelm-2-zephyr-1_6b_modusponens_3hop_ProofsOnly_3shot_nodistractor.log:
Correct steps: 1361
Total steps: 3434
Correct steps ratio: 0.3963308095515434
Non-atomic steps ratio: 0.08677926616191031
Skip steps ratio: 0.004368083867210251
Invalid steps ratio: 0.5634828188701223
Correct and useful steps ratio: 0.3811881188118812
Unparseable steps ratio: 0.18025626092020966
Incorrect steps ratio: 0.5634828188701223
Perplexity sample mean: nan
Perplexity sample std dev: nan
Number of examples: 100
Number of correct proof: 46
Proportion of proofs that contain the correct proof: 0.46
Proportion of proofs that only contain correct, non-atomic, or skip steps: 0.09
Proportion of correct proofs that contain a "useless branch":          0.0
Proportion of correct proofs that contain a "useful skip step":        0.0
Proportion of correct proofs that contain a "useless skip step":       0.0
Proportion of correct proofs that contain a "useful non-atomic step":  0.2826086956521739
Proportion of correct proofs that contain a "useless non-atomic step": 0.0
Proportion of correct proofs that contain an "invalid step":           0.17391304347826086
Proportion of correct proofs that contain a "useless branch" AND "useful non-atomic step": 0.0
Proportion of correct proofs that contain a "useless branch" AND "useless non-atomic step": 0.0
Proportion of correct proofs that contain a "useless branch" AND "invalid step": 0.0
Proportion of correct proofs that contain a "useless branch" AND "useful non-atomic step" AND "invalid step": 0.0
Proportion of correct proofs with ANY OF THE ABOVE:                    0.9565217391304348
Proportion of incorrect proofs that contain a "useless branch":          0.0
Proportion of incorrect proofs that contain a "useful skip step":        0.0
Proportion of incorrect proofs that contain a "useless skip step":       0.0
Proportion of incorrect proofs that contain a "useful non-atomic step":  0.0
Proportion of incorrect proofs that contain a "useless non-atomic step": 0.0
Proportion of incorrect proofs that contain an "invalid step":           0.7777777777777778
Proportion of incorrect proofs that contain a "useless branch" AND "useful non-atomic step": 0.0
Proportion of incorrect proofs that contain a "useless branch" AND "useless non-atomic step": 0.0
Proportion of incorrect proofs that contain a "useless branch" AND "invalid step": 0.0
Proportion of incorrect proofs that contain a "useless branch" AND "useful non-atomic step" AND "invalid step": 0.0
Proportion of incorrect proofs with ANY OF THE ABOVE:                    1.0

Proportion of ALL proofs that are strictly correct: 0.28
Proportion of ALL proofs that would be correct if "skip steps" are considered correct: 0.28
Proportion of ALL proofs that would be correct if "non-atomic steps" are considered correct: 0.46
Proportion of ALL proofs that would be correct if both "skip steps" and "non-atomic steps" are considered correct: 0.46

Proportion of correct proofs where the "useless branch" is the first mistake: 0.0
Proportion of correct proofs where the "useful skip step" is the first mistake: 0.06521739130434782
Proportion of correct proofs where the "useless skip step" is the first mistake: 0.0
Proportion of correct proofs where the "useful non-atomic step" is the first mistake: 0.6739130434782609
Proportion of correct proofs where the "useless non-atomic step" is the first mistake: 0.0
Proportion of correct proofs where the "invalid step" is the first mistake: 0.21739130434782608
Proportion of incorrect proofs where the "useless branch" is the first mistake: 0.0
Proportion of incorrect proofs where the "useful skip step" is the first mistake: 0.037037037037037035
Proportion of incorrect proofs where the "useless skip step" is the first mistake: 0.0
Proportion of incorrect proofs where the "useful non-atomic step" is the first mistake: 0.037037037037037035
Proportion of incorrect proofs where the "useless non-atomic step" is the first mistake: 0.018518518518518517
Proportion of incorrect proofs where the "invalid step" is the first mistake: 0.9074074074074074
incorrect_proof_ids_with_skip_steps: [2, 3, 4, 5, 6, 7, 9, 10, 11, 12, 13, 14, 16, 18, 19, 20, 21, 22, 24, 25, 26, 27, 29, 32, 33, 34, 35, 36, 37, 40, 42, 43, 45, 46, 47, 48, 49, 52, 53, 55, 57, 58, 59, 60, 61, 63, 64, 65, 66, 68, 69, 71, 72, 73, 74, 75, 78, 80, 82, 83, 84, 85, 86, 87, 88, 89, 90, 91, 92, 95, 99, 100]
incorrect_proof_ids_with_skip_or_non_atomic_steps: [4, 5, 6, 7, 10, 11, 12, 13, 14, 18, 19, 20, 21, 24, 25, 26, 27, 32, 34, 35, 36, 40, 43, 45, 46, 47, 48, 49, 52, 53, 55, 59, 60, 61, 63, 64, 65, 66, 68, 69, 71, 72, 73, 74, 75, 78, 83, 85, 86, 88, 91, 92, 95, 99]
incorrect_proof_ids_with_skip_or_non_atomic_steps \ incorrect_proof_ids_with_skip_steps: [2, 3, 9, 16, 22, 29, 33, 37, 42, 57, 58, 80, 82, 84, 87, 89, 90, 100]

Hop 4
There were errors during semantic parsing for file stablelm-2-zephyr-1_6b_modusponens_4hop_ProofsOnly_3shot_nodistractor.log:
Correct steps: 1587
Total steps: 3495
Correct steps ratio: 0.45407725321888415
Non-atomic steps ratio: 0.07267525035765379
Skip steps ratio: 0.0022889842632331904
Invalid steps ratio: 0.5055793991416309
Correct and useful steps ratio: 0.4440629470672389
Unparseable steps ratio: 0.22804005722460657
Incorrect steps ratio: 0.5055793991416309
Perplexity sample mean: nan
Perplexity sample std dev: nan
Number of examples: 100
Number of correct proof: 53
Proportion of proofs that contain the correct proof: 0.53
Proportion of proofs that only contain correct, non-atomic, or skip steps: 0.23
Proportion of correct proofs that contain a "useless branch":          0.0
Proportion of correct proofs that contain a "useful skip step":        0.0
Proportion of correct proofs that contain a "useless skip step":       0.0
Proportion of correct proofs that contain a "useful non-atomic step":  0.3584905660377358
Proportion of correct proofs that contain a "useless non-atomic step": 0.0
Proportion of correct proofs that contain an "invalid step":           0.07547169811320754
Proportion of correct proofs that contain a "useless branch" AND "useful non-atomic step": 0.0
Proportion of correct proofs that contain a "useless branch" AND "useless non-atomic step": 0.0
Proportion of correct proofs that contain a "useless branch" AND "invalid step": 0.0
Proportion of correct proofs that contain a "useless branch" AND "useful non-atomic step" AND "invalid step": 0.0
Proportion of correct proofs with ANY OF THE ABOVE:                    0.9245283018867925
Proportion of incorrect proofs that contain a "useless branch":          0.0
Proportion of incorrect proofs that contain a "useful skip step":        0.0
Proportion of incorrect proofs that contain a "useless skip step":       0.0
Proportion of incorrect proofs that contain a "useful non-atomic step":  0.0
Proportion of incorrect proofs that contain a "useless non-atomic step": 0.0
Proportion of incorrect proofs that contain an "invalid step":           0.723404255319149
Proportion of incorrect proofs that contain a "useless branch" AND "useful non-atomic step": 0.0
Proportion of incorrect proofs that contain a "useless branch" AND "useless non-atomic step": 0.0
Proportion of incorrect proofs that contain a "useless branch" AND "invalid step": 0.0
Proportion of incorrect proofs that contain a "useless branch" AND "useful non-atomic step" AND "invalid step": 0.0
Proportion of incorrect proofs with ANY OF THE ABOVE:                    1.0

Proportion of ALL proofs that are strictly correct: 0.29
Proportion of ALL proofs that would be correct if "skip steps" are considered correct: 0.29
Proportion of ALL proofs that would be correct if "non-atomic steps" are considered correct: 0.53
Proportion of ALL proofs that would be correct if both "skip steps" and "non-atomic steps" are considered correct: 0.53

Proportion of correct proofs where the "useless branch" is the first mistake: 0.0
Proportion of correct proofs where the "useful skip step" is the first mistake: 0.03773584905660377
Proportion of correct proofs where the "useless skip step" is the first mistake: 0.0
Proportion of correct proofs where the "useful non-atomic step" is the first mistake: 0.7735849056603774
Proportion of correct proofs where the "useless non-atomic step" is the first mistake: 0.0
Proportion of correct proofs where the "invalid step" is the first mistake: 0.11320754716981132
Proportion of incorrect proofs where the "useless branch" is the first mistake: 0.0
Proportion of incorrect proofs where the "useful skip step" is the first mistake: 0.0425531914893617
Proportion of incorrect proofs where the "useless skip step" is the first mistake: 0.0
Proportion of incorrect proofs where the "useful non-atomic step" is the first mistake: 0.23404255319148937
Proportion of incorrect proofs where the "useless non-atomic step" is the first mistake: 0.0
Proportion of incorrect proofs where the "invalid step" is the first mistake: 0.723404255319149
incorrect_proof_ids_with_skip_steps: [2, 4, 5, 6, 8, 11, 12, 13, 14, 16, 17, 19, 20, 22, 23, 24, 25, 28, 29, 30, 31, 32, 35, 36, 37, 38, 39, 42, 43, 46, 49, 50, 51, 52, 53, 54, 55, 57, 58, 60, 61, 62, 63, 65, 67, 68, 69, 71, 72, 73, 74, 75, 76, 79, 80, 81, 82, 83, 84, 85, 87, 88, 89, 90, 91, 94, 95, 96, 97, 99, 100]
incorrect_proof_ids_with_skip_or_non_atomic_steps: [6, 8, 11, 12, 13, 14, 16, 17, 19, 20, 22, 23, 24, 25, 28, 29, 31, 32, 35, 36, 37, 38, 42, 50, 51, 52, 55, 60, 62, 65, 69, 72, 73, 74, 75, 76, 79, 81, 85, 88, 90, 91, 94, 96, 97, 99, 100]
incorrect_proof_ids_with_skip_or_non_atomic_steps \ incorrect_proof_ids_with_skip_steps: [2, 4, 5, 30, 39, 43, 46, 49, 53, 54, 57, 58, 61, 63, 67, 68, 71, 80, 82, 83, 84, 87, 89, 95]

Hop 5
There were errors during semantic parsing for file stablelm-2-zephyr-1_6b_modusponens_5hop_ProofsOnly_3shot_nodistractor.log:
Correct steps: 1493
Total steps: 3412
Correct steps ratio: 0.43757327080890973
Non-atomic steps ratio: 0.06770222743259086
Skip steps ratio: 0.005568581477139508
Invalid steps ratio: 0.5181711606096131
Correct and useful steps ratio: 0.42995310668229775
Unparseable steps ratio: 0.23270808909730364
Incorrect steps ratio: 0.5181711606096131
Perplexity sample mean: nan
Perplexity sample std dev: nan
Number of examples: 100
Number of correct proof: 57
Proportion of proofs that contain the correct proof: 0.57
Proportion of proofs that only contain correct, non-atomic, or skip steps: 0.1
Proportion of correct proofs that contain a "useless branch":          0.0
Proportion of correct proofs that contain a "useful skip step":        0.0
Proportion of correct proofs that contain a "useless skip step":       0.0
Proportion of correct proofs that contain a "useful non-atomic step":  0.15789473684210525
Proportion of correct proofs that contain a "useless non-atomic step": 0.0
Proportion of correct proofs that contain an "invalid step":           0.07017543859649122
Proportion of correct proofs that contain a "useless branch" AND "useful non-atomic step": 0.0
Proportion of correct proofs that contain a "useless branch" AND "useless non-atomic step": 0.0
Proportion of correct proofs that contain a "useless branch" AND "invalid step": 0.0
Proportion of correct proofs that contain a "useless branch" AND "useful non-atomic step" AND "invalid step": 0.0
Proportion of correct proofs with ANY OF THE ABOVE:                    0.9473684210526315
Proportion of incorrect proofs that contain a "useless branch":          0.0
Proportion of incorrect proofs that contain a "useful skip step":        0.0
Proportion of incorrect proofs that contain a "useless skip step":       0.0
Proportion of incorrect proofs that contain a "useful non-atomic step":  0.0
Proportion of incorrect proofs that contain a "useless non-atomic step": 0.0
Proportion of incorrect proofs that contain an "invalid step":           0.627906976744186
Proportion of incorrect proofs that contain a "useless branch" AND "useful non-atomic step": 0.0
Proportion of incorrect proofs that contain a "useless branch" AND "useless non-atomic step": 0.0
Proportion of incorrect proofs that contain a "useless branch" AND "invalid step": 0.0
Proportion of incorrect proofs that contain a "useless branch" AND "useful non-atomic step" AND "invalid step": 0.0
Proportion of incorrect proofs with ANY OF THE ABOVE:                    1.0

Proportion of ALL proofs that are strictly correct: 0.22
Proportion of ALL proofs that would be correct if "skip steps" are considered correct: 0.22
Proportion of ALL proofs that would be correct if "non-atomic steps" are considered correct: 0.57
Proportion of ALL proofs that would be correct if both "skip steps" and "non-atomic steps" are considered correct: 0.57

Proportion of correct proofs where the "useless branch" is the first mistake: 0.0
Proportion of correct proofs where the "useful skip step" is the first mistake: 0.07017543859649122
Proportion of correct proofs where the "useless skip step" is the first mistake: 0.0
Proportion of correct proofs where the "useful non-atomic step" is the first mistake: 0.7543859649122807
Proportion of correct proofs where the "useless non-atomic step" is the first mistake: 0.0
Proportion of correct proofs where the "invalid step" is the first mistake: 0.12280701754385964
Proportion of incorrect proofs where the "useless branch" is the first mistake: 0.0
Proportion of incorrect proofs where the "useful skip step" is the first mistake: 0.13953488372093023
Proportion of incorrect proofs where the "useless skip step" is the first mistake: 0.0
Proportion of incorrect proofs where the "useful non-atomic step" is the first mistake: 0.18604651162790697
Proportion of incorrect proofs where the "useless non-atomic step" is the first mistake: 0.0
Proportion of incorrect proofs where the "invalid step" is the first mistake: 0.6744186046511628
incorrect_proof_ids_with_skip_steps: [1, 2, 3, 4, 5, 6, 7, 8, 9, 10, 11, 12, 13, 14, 15, 18, 19, 20, 22, 23, 26, 27, 28, 30, 31, 32, 34, 36, 39, 40, 41, 42, 44, 45, 46, 47, 48, 49, 50, 52, 53, 54, 55, 57, 58, 60, 61, 62, 65, 68, 69, 71, 72, 74, 75, 76, 77, 78, 79, 80, 81, 82, 84, 85, 86, 87, 88, 89, 90, 91, 92, 93, 94, 95, 96, 97, 98, 100]
incorrect_proof_ids_with_skip_or_non_atomic_steps: [4, 5, 10, 11, 14, 15, 18, 20, 23, 28, 31, 32, 34, 44, 45, 47, 48, 49, 50, 52, 53, 54, 57, 58, 60, 69, 71, 72, 75, 76, 78, 80, 81, 82, 84, 85, 86, 88, 89, 91, 95, 96, 97]
incorrect_proof_ids_with_skip_or_non_atomic_steps \ incorrect_proof_ids_with_skip_steps: [1, 2, 3, 6, 7, 8, 9, 12, 13, 19, 22, 26, 27, 30, 36, 39, 40, 41, 42, 46, 55, 61, 62, 65, 68, 74, 77, 79, 87, 90, 92, 93, 94, 98, 100]


2. AndIntro

Hop 1
There were errors during semantic parsing for file stablelm-2-zephyr-1_6b_andintro_1hop_AndIntro_3shot_nodistractor.log:
Correct steps: 945
Total steps: 1292
Correct steps ratio: 0.7314241486068112
Non-atomic steps ratio: 0.025541795665634675
Skip steps ratio: 0.0
Invalid steps ratio: 0.2631578947368421
Correct and useful steps ratio: 0.7314241486068112
Unparseable steps ratio: 0.17569659442724458
Incorrect steps ratio: 0.2631578947368421
Perplexity sample mean: nan
Perplexity sample std dev: nan
Number of examples: 100
Number of correct proof: 96
Proportion of proofs that contain the correct proof: 0.96
Proportion of proofs that only contain correct, non-atomic, or skip steps: 0.67
Proportion of correct proofs that contain a "useless branch":          0.0
Proportion of correct proofs that contain a "useful skip step":        0.0
Proportion of correct proofs that contain a "useless skip step":       0.0
Proportion of correct proofs that contain a "useful non-atomic step":  0.010416666666666666
Proportion of correct proofs that contain a "useless non-atomic step": 0.0
Proportion of correct proofs that contain an "invalid step":           0.2604166666666667
Proportion of correct proofs that contain a "useless branch" AND "useful non-atomic step": 0.0
Proportion of correct proofs that contain a "useless branch" AND "useless non-atomic step": 0.0
Proportion of correct proofs that contain a "useless branch" AND "invalid step": 0.0
Proportion of correct proofs that contain a "useless branch" AND "useful non-atomic step" AND "invalid step": 0.0
Proportion of correct proofs with ANY OF THE ABOVE:                    0.3020833333333333
Proportion of incorrect proofs that contain a "useless branch":          0.0
Proportion of incorrect proofs that contain a "useful skip step":        0.0
Proportion of incorrect proofs that contain a "useless skip step":       0.0
Proportion of incorrect proofs that contain a "useful non-atomic step":  0.0
Proportion of incorrect proofs that contain a "useless non-atomic step": 0.0
Proportion of incorrect proofs that contain an "invalid step":           1.0
Proportion of incorrect proofs that contain a "useless branch" AND "useful non-atomic step": 0.0
Proportion of incorrect proofs that contain a "useless branch" AND "useless non-atomic step": 0.0
Proportion of incorrect proofs that contain a "useless branch" AND "invalid step": 0.0
Proportion of incorrect proofs that contain a "useless branch" AND "useful non-atomic step" AND "invalid step": 0.0
Proportion of incorrect proofs with ANY OF THE ABOVE:                    1.0

Proportion of ALL proofs that are strictly correct: 0.92
Proportion of ALL proofs that would be correct if "skip steps" are considered correct: 0.92
Proportion of ALL proofs that would be correct if "non-atomic steps" are considered correct: 0.96
Proportion of ALL proofs that would be correct if both "skip steps" and "non-atomic steps" are considered correct: 0.96

Proportion of correct proofs where the "useless branch" is the first mistake: 0.0
Proportion of correct proofs where the "useful skip step" is the first mistake: 0.0
Proportion of correct proofs where the "useless skip step" is the first mistake: 0.0
Proportion of correct proofs where the "useful non-atomic step" is the first mistake: 0.041666666666666664
Proportion of correct proofs where the "useless non-atomic step" is the first mistake: 0.0
Proportion of correct proofs where the "invalid step" is the first mistake: 0.2604166666666667
Proportion of incorrect proofs where the "useless branch" is the first mistake: 0.0
Proportion of incorrect proofs where the "useful skip step" is the first mistake: 0.0
Proportion of incorrect proofs where the "useless skip step" is the first mistake: 0.0
Proportion of incorrect proofs where the "useful non-atomic step" is the first mistake: 0.0
Proportion of incorrect proofs where the "useless non-atomic step" is the first mistake: 0.0
Proportion of incorrect proofs where the "invalid step" is the first mistake: 1.0
incorrect_proof_ids_with_skip_steps: [6, 23, 26, 41, 61, 74, 88, 92]
incorrect_proof_ids_with_skip_or_non_atomic_steps: [61, 74, 88, 92]
incorrect_proof_ids_with_skip_or_non_atomic_steps \ incorrect_proof_ids_with_skip_steps: [6, 23, 26, 41]

Hop 2
There were errors during semantic parsing for file stablelm-2-zephyr-1_6b_andintro_2hop_AndIntro_3shot_nodistractor.log:
Correct steps: 1730
Total steps: 3052
Correct steps ratio: 0.5668414154652687
Non-atomic steps ratio: 0.0674967234600262
Skip steps ratio: 0.0
Invalid steps ratio: 0.37581913499344693
Correct and useful steps ratio: 0.485910878112713
Unparseable steps ratio: 0.11730013106159895
Incorrect steps ratio: 0.37581913499344693
Perplexity sample mean: nan
Perplexity sample std dev: nan
Number of examples: 100
Number of correct proof: 55
Proportion of proofs that contain the correct proof: 0.55
Proportion of proofs that only contain correct, non-atomic, or skip steps: 0.19
Proportion of correct proofs that contain a "useless branch":          0.0
Proportion of correct proofs that contain a "useful skip step":        0.0
Proportion of correct proofs that contain a "useless skip step":       0.0
Proportion of correct proofs that contain a "useful non-atomic step":  0.14545454545454545
Proportion of correct proofs that contain a "useless non-atomic step": 0.0
Proportion of correct proofs that contain an "invalid step":           0.18181818181818182
Proportion of correct proofs that contain a "useless branch" AND "useful non-atomic step": 0.0
Proportion of correct proofs that contain a "useless branch" AND "useless non-atomic step": 0.0
Proportion of correct proofs that contain a "useless branch" AND "invalid step": 0.0
Proportion of correct proofs that contain a "useless branch" AND "useful non-atomic step" AND "invalid step": 0.0
Proportion of correct proofs with ANY OF THE ABOVE:                    0.8181818181818182
Proportion of incorrect proofs that contain a "useless branch":          0.0
Proportion of incorrect proofs that contain a "useful skip step":        0.0
Proportion of incorrect proofs that contain a "useless skip step":       0.0
Proportion of incorrect proofs that contain a "useful non-atomic step":  0.0
Proportion of incorrect proofs that contain a "useless non-atomic step": 0.0
Proportion of incorrect proofs that contain an "invalid step":           0.5111111111111111
Proportion of incorrect proofs that contain a "useless branch" AND "useful non-atomic step": 0.0
Proportion of incorrect proofs that contain a "useless branch" AND "useless non-atomic step": 0.0
Proportion of incorrect proofs that contain a "useless branch" AND "invalid step": 0.0
Proportion of incorrect proofs that contain a "useless branch" AND "useful non-atomic step" AND "invalid step": 0.0
Proportion of incorrect proofs with ANY OF THE ABOVE:                    1.0

Proportion of ALL proofs that are strictly correct: 0.5
Proportion of ALL proofs that would be correct if "skip steps" are considered correct: 0.5
Proportion of ALL proofs that would be correct if "non-atomic steps" are considered correct: 0.55
Proportion of ALL proofs that would be correct if both "skip steps" and "non-atomic steps" are considered correct: 0.55

Proportion of correct proofs where the "useless branch" is the first mistake: 0.0
Proportion of correct proofs where the "useful skip step" is the first mistake: 0.0
Proportion of correct proofs where the "useless skip step" is the first mistake: 0.0
Proportion of correct proofs where the "useful non-atomic step" is the first mistake: 0.43636363636363634
Proportion of correct proofs where the "useless non-atomic step" is the first mistake: 0.16363636363636364
Proportion of correct proofs where the "invalid step" is the first mistake: 0.21818181818181817
Proportion of incorrect proofs where the "useless branch" is the first mistake: 0.0
Proportion of incorrect proofs where the "useful skip step" is the first mistake: 0.0
Proportion of incorrect proofs where the "useless skip step" is the first mistake: 0.0
Proportion of incorrect proofs where the "useful non-atomic step" is the first mistake: 0.28888888888888886
Proportion of incorrect proofs where the "useless non-atomic step" is the first mistake: 0.08888888888888889
Proportion of incorrect proofs where the "invalid step" is the first mistake: 0.6222222222222222
incorrect_proof_ids_with_skip_steps: [2, 3, 6, 7, 10, 11, 16, 17, 20, 21, 26, 27, 31, 33, 34, 35, 36, 38, 39, 43, 45, 46, 48, 50, 53, 54, 55, 56, 57, 60, 62, 65, 67, 68, 69, 70, 72, 73, 78, 80, 81, 85, 86, 87, 88, 89, 91, 93, 95, 100]
incorrect_proof_ids_with_skip_or_non_atomic_steps: [2, 3, 6, 7, 10, 11, 17, 21, 27, 31, 34, 35, 36, 38, 39, 43, 45, 46, 48, 50, 54, 55, 56, 57, 60, 62, 65, 67, 68, 69, 70, 72, 73, 78, 80, 81, 85, 86, 87, 88, 89, 91, 93, 95, 100]
incorrect_proof_ids_with_skip_or_non_atomic_steps \ incorrect_proof_ids_with_skip_steps: [16, 20, 26, 33, 53]

Hop 3
There were errors during semantic parsing for file stablelm-2-zephyr-1_6b_andintro_3hop_AndIntro_3shot_nodistractor.log:
Correct steps: 1719
Total steps: 3082
Correct steps ratio: 0.5577547047371837
Non-atomic steps ratio: 0.02563270603504218
Skip steps ratio: 0.0
Invalid steps ratio: 0.41499026606099937
Correct and useful steps ratio: 0.5191434133679429
Unparseable steps ratio: 0.1044776119402985
Incorrect steps ratio: 0.41499026606099937
Perplexity sample mean: nan
Perplexity sample std dev: nan
Number of examples: 100
Number of correct proof: 18
Proportion of proofs that contain the correct proof: 0.18
Proportion of proofs that only contain correct, non-atomic, or skip steps: 0.06
Proportion of correct proofs that contain a "useless branch":          0.0
Proportion of correct proofs that contain a "useful skip step":        0.0
Proportion of correct proofs that contain a "useless skip step":       0.0
Proportion of correct proofs that contain a "useful non-atomic step":  0.16666666666666666
Proportion of correct proofs that contain a "useless non-atomic step": 0.0
Proportion of correct proofs that contain an "invalid step":           0.05555555555555555
Proportion of correct proofs that contain a "useless branch" AND "useful non-atomic step": 0.0
Proportion of correct proofs that contain a "useless branch" AND "useless non-atomic step": 0.0
Proportion of correct proofs that contain a "useless branch" AND "invalid step": 0.0
Proportion of correct proofs that contain a "useless branch" AND "useful non-atomic step" AND "invalid step": 0.0
Proportion of correct proofs with ANY OF THE ABOVE:                    0.9444444444444444
Proportion of incorrect proofs that contain a "useless branch":          0.0
Proportion of incorrect proofs that contain a "useful skip step":        0.0
Proportion of incorrect proofs that contain a "useless skip step":       0.0
Proportion of incorrect proofs that contain a "useful non-atomic step":  0.012195121951219513
Proportion of incorrect proofs that contain a "useless non-atomic step": 0.0
Proportion of incorrect proofs that contain an "invalid step":           0.8292682926829268
Proportion of incorrect proofs that contain a "useless branch" AND "useful non-atomic step": 0.0
Proportion of incorrect proofs that contain a "useless branch" AND "useless non-atomic step": 0.0
Proportion of incorrect proofs that contain a "useless branch" AND "invalid step": 0.0
Proportion of incorrect proofs that contain a "useless branch" AND "useful non-atomic step" AND "invalid step": 0.0
Proportion of incorrect proofs with ANY OF THE ABOVE:                    1.0

Proportion of ALL proofs that are strictly correct: 0.13
Proportion of ALL proofs that would be correct if "skip steps" are considered correct: 0.13
Proportion of ALL proofs that would be correct if "non-atomic steps" are considered correct: 0.18
Proportion of ALL proofs that would be correct if both "skip steps" and "non-atomic steps" are considered correct: 0.18

Proportion of correct proofs where the "useless branch" is the first mistake: 0.0
Proportion of correct proofs where the "useful skip step" is the first mistake: 0.0
Proportion of correct proofs where the "useless skip step" is the first mistake: 0.0
Proportion of correct proofs where the "useful non-atomic step" is the first mistake: 0.7777777777777778
Proportion of correct proofs where the "useless non-atomic step" is the first mistake: 0.0
Proportion of correct proofs where the "invalid step" is the first mistake: 0.16666666666666666
Proportion of incorrect proofs where the "useless branch" is the first mistake: 0.0
Proportion of incorrect proofs where the "useful skip step" is the first mistake: 0.0
Proportion of incorrect proofs where the "useless skip step" is the first mistake: 0.0
Proportion of incorrect proofs where the "useful non-atomic step" is the first mistake: 0.07317073170731707
Proportion of incorrect proofs where the "useless non-atomic step" is the first mistake: 0.024390243902439025
Proportion of incorrect proofs where the "invalid step" is the first mistake: 0.9024390243902439
incorrect_proof_ids_with_skip_steps: [1, 3, 4, 5, 6, 7, 8, 9, 10, 12, 14, 16, 17, 18, 19, 20, 21, 22, 23, 24, 25, 26, 27, 28, 29, 30, 31, 32, 33, 34, 35, 36, 38, 39, 40, 41, 42, 43, 44, 45, 46, 47, 48, 49, 50, 51, 52, 53, 54, 56, 57, 58, 60, 61, 62, 63, 64, 65, 66, 67, 68, 70, 72, 73, 74, 75, 76, 77, 78, 79, 80, 81, 82, 85, 86, 87, 88, 89, 90, 91, 92, 93, 94, 96, 97, 99, 100]
incorrect_proof_ids_with_skip_or_non_atomic_steps: [1, 3, 4, 5, 7, 8, 9, 10, 12, 14, 17, 18, 19, 20, 21, 23, 24, 25, 26, 27, 28, 29, 30, 31, 32, 33, 34, 35, 38, 39, 40, 41, 42, 43, 44, 45, 46, 47, 48, 49, 50, 51, 52, 53, 54, 56, 57, 58, 60, 61, 62, 63, 64, 65, 66, 67, 68, 70, 72, 73, 74, 75, 76, 77, 78, 79, 80, 81, 82, 85, 86, 87, 88, 89, 90, 91, 92, 93, 94, 96, 99, 100]
incorrect_proof_ids_with_skip_or_non_atomic_steps \ incorrect_proof_ids_with_skip_steps: [6, 16, 22, 36, 97]

Hop 4
There were errors during semantic parsing for file stablelm-2-zephyr-1_6b_andintro_4hop_AndIntro_3shot_nodistractor.log:
Correct steps: 1731
Total steps: 2766
Correct steps ratio: 0.6258134490238612
Non-atomic steps ratio: 0.021330441070137384
Skip steps ratio: 0.0
Invalid steps ratio: 0.3485177151120752
Correct and useful steps ratio: 0.5936370209689081
Unparseable steps ratio: 0.09978308026030369
Incorrect steps ratio: 0.3485177151120752
Perplexity sample mean: nan
Perplexity sample std dev: nan
Number of examples: 100
Number of correct proof: 12
Proportion of proofs that contain the correct proof: 0.12
Proportion of proofs that only contain correct, non-atomic, or skip steps: 0.02
Proportion of correct proofs that contain a "useless branch":          0.0
Proportion of correct proofs that contain a "useful skip step":        0.0
Proportion of correct proofs that contain a "useless skip step":       0.0
Proportion of correct proofs that contain a "useful non-atomic step":  0.3333333333333333
Proportion of correct proofs that contain a "useless non-atomic step": 0.0
Proportion of correct proofs that contain an "invalid step":           0.0
Proportion of correct proofs that contain a "useless branch" AND "useful non-atomic step": 0.0
Proportion of correct proofs that contain a "useless branch" AND "useless non-atomic step": 0.0
Proportion of correct proofs that contain a "useless branch" AND "invalid step": 0.0
Proportion of correct proofs that contain a "useless branch" AND "useful non-atomic step" AND "invalid step": 0.0
Proportion of correct proofs with ANY OF THE ABOVE:                    1.0
Proportion of incorrect proofs that contain a "useless branch":          0.0
Proportion of incorrect proofs that contain a "useful skip step":        0.0
Proportion of incorrect proofs that contain a "useless skip step":       0.0
Proportion of incorrect proofs that contain a "useful non-atomic step":  0.0
Proportion of incorrect proofs that contain a "useless non-atomic step": 0.0
Proportion of incorrect proofs that contain an "invalid step":           0.8181818181818182
Proportion of incorrect proofs that contain a "useless branch" AND "useful non-atomic step": 0.0
Proportion of incorrect proofs that contain a "useless branch" AND "useless non-atomic step": 0.0
Proportion of incorrect proofs that contain a "useless branch" AND "invalid step": 0.0
Proportion of incorrect proofs that contain a "useless branch" AND "useful non-atomic step" AND "invalid step": 0.0
Proportion of incorrect proofs with ANY OF THE ABOVE:                    1.0

Proportion of ALL proofs that are strictly correct: 0.09
Proportion of ALL proofs that would be correct if "skip steps" are considered correct: 0.09
Proportion of ALL proofs that would be correct if "non-atomic steps" are considered correct: 0.12
Proportion of ALL proofs that would be correct if both "skip steps" and "non-atomic steps" are considered correct: 0.12

Proportion of correct proofs where the "useless branch" is the first mistake: 0.0
Proportion of correct proofs where the "useful skip step" is the first mistake: 0.0
Proportion of correct proofs where the "useless skip step" is the first mistake: 0.0
Proportion of correct proofs where the "useful non-atomic step" is the first mistake: 1.0
Proportion of correct proofs where the "useless non-atomic step" is the first mistake: 0.0
Proportion of correct proofs where the "invalid step" is the first mistake: 0.0
Proportion of incorrect proofs where the "useless branch" is the first mistake: 0.0
Proportion of incorrect proofs where the "useful skip step" is the first mistake: 0.0
Proportion of incorrect proofs where the "useless skip step" is the first mistake: 0.0
Proportion of incorrect proofs where the "useful non-atomic step" is the first mistake: 0.07954545454545454
Proportion of incorrect proofs where the "useless non-atomic step" is the first mistake: 0.011363636363636364
Proportion of incorrect proofs where the "invalid step" is the first mistake: 0.9090909090909091
incorrect_proof_ids_with_skip_steps: [1, 2, 4, 5, 6, 7, 8, 10, 12, 13, 14, 15, 16, 17, 18, 19, 20, 21, 22, 23, 24, 25, 26, 27, 28, 29, 30, 31, 32, 33, 34, 35, 36, 37, 38, 40, 41, 42, 43, 44, 45, 46, 47, 48, 51, 52, 53, 54, 55, 56, 57, 58, 59, 60, 61, 62, 63, 64, 65, 66, 67, 68, 70, 71, 72, 73, 74, 75, 76, 77, 78, 79, 80, 81, 82, 83, 84, 85, 86, 87, 88, 89, 90, 91, 93, 94, 95, 97, 98, 99, 100]
incorrect_proof_ids_with_skip_or_non_atomic_steps: [1, 2, 4, 5, 6, 7, 8, 10, 12, 13, 14, 15, 16, 17, 18, 19, 20, 21, 22, 23, 24, 25, 26, 27, 28, 29, 30, 31, 32, 33, 34, 36, 37, 38, 40, 41, 42, 43, 44, 45, 46, 47, 48, 51, 52, 53, 54, 55, 56, 57, 58, 59, 60, 61, 62, 63, 64, 65, 66, 67, 68, 70, 71, 72, 74, 75, 76, 77, 78, 79, 80, 81, 82, 83, 84, 85, 86, 87, 88, 89, 90, 93, 94, 95, 97, 98, 99, 100]
incorrect_proof_ids_with_skip_or_non_atomic_steps \ incorrect_proof_ids_with_skip_steps: [35, 73, 91]

Hop 5
There were errors during semantic parsing for file stablelm-2-zephyr-1_6b_andintro_5hop_AndIntro_3shot_nodistractor.log:
Correct steps: 1801
Total steps: 3014
Correct steps ratio: 0.5975447909754479
Non-atomic steps ratio: 0.023556735235567353
Skip steps ratio: 0.0
Invalid steps ratio: 0.37723954877239546
Correct and useful steps ratio: 0.5633709356337093
Unparseable steps ratio: 0.08725945587259455
Incorrect steps ratio: 0.37723954877239546
Perplexity sample mean: nan
Perplexity sample std dev: nan
Number of examples: 100
Number of correct proof: 13
Proportion of proofs that contain the correct proof: 0.13
Proportion of proofs that only contain correct, non-atomic, or skip steps: 0.0
Proportion of correct proofs that contain a "useless branch":          0.0
Proportion of correct proofs that contain a "useful skip step":        0.0
Proportion of correct proofs that contain a "useless skip step":       0.0
Proportion of correct proofs that contain a "useful non-atomic step":  0.07692307692307693
Proportion of correct proofs that contain a "useless non-atomic step": 0.0
Proportion of correct proofs that contain an "invalid step":           0.15384615384615385
Proportion of correct proofs that contain a "useless branch" AND "useful non-atomic step": 0.0
Proportion of correct proofs that contain a "useless branch" AND "useless non-atomic step": 0.0
Proportion of correct proofs that contain a "useless branch" AND "invalid step": 0.0
Proportion of correct proofs that contain a "useless branch" AND "useful non-atomic step" AND "invalid step": 0.0
Proportion of correct proofs with ANY OF THE ABOVE:                    1.0
Proportion of incorrect proofs that contain a "useless branch":          0.0
Proportion of incorrect proofs that contain a "useful skip step":        0.0
Proportion of incorrect proofs that contain a "useless skip step":       0.0
Proportion of incorrect proofs that contain a "useful non-atomic step":  0.0
Proportion of incorrect proofs that contain a "useless non-atomic step": 0.0
Proportion of incorrect proofs that contain an "invalid step":           0.8160919540229885
Proportion of incorrect proofs that contain a "useless branch" AND "useful non-atomic step": 0.0
Proportion of incorrect proofs that contain a "useless branch" AND "useless non-atomic step": 0.0
Proportion of incorrect proofs that contain a "useless branch" AND "invalid step": 0.0
Proportion of incorrect proofs that contain a "useless branch" AND "useful non-atomic step" AND "invalid step": 0.0
Proportion of incorrect proofs with ANY OF THE ABOVE:                    1.0

Proportion of ALL proofs that are strictly correct: 0.1
Proportion of ALL proofs that would be correct if "skip steps" are considered correct: 0.1
Proportion of ALL proofs that would be correct if "non-atomic steps" are considered correct: 0.13
Proportion of ALL proofs that would be correct if both "skip steps" and "non-atomic steps" are considered correct: 0.13

Proportion of correct proofs where the "useless branch" is the first mistake: 0.0
Proportion of correct proofs where the "useful skip step" is the first mistake: 0.0
Proportion of correct proofs where the "useless skip step" is the first mistake: 0.0
Proportion of correct proofs where the "useful non-atomic step" is the first mistake: 0.7692307692307693
Proportion of correct proofs where the "useless non-atomic step" is the first mistake: 0.07692307692307693
Proportion of correct proofs where the "invalid step" is the first mistake: 0.15384615384615385
Proportion of incorrect proofs where the "useless branch" is the first mistake: 0.0
Proportion of incorrect proofs where the "useful skip step" is the first mistake: 0.0
Proportion of incorrect proofs where the "useless skip step" is the first mistake: 0.0
Proportion of incorrect proofs where the "useful non-atomic step" is the first mistake: 0.08045977011494253
Proportion of incorrect proofs where the "useless non-atomic step" is the first mistake: 0.011494252873563218
Proportion of incorrect proofs where the "invalid step" is the first mistake: 0.9080459770114943
incorrect_proof_ids_with_skip_steps: [2, 3, 4, 5, 6, 7, 8, 9, 10, 11, 12, 13, 14, 15, 16, 17, 18, 20, 21, 22, 23, 24, 25, 26, 28, 29, 30, 32, 33, 34, 35, 36, 37, 38, 40, 41, 42, 43, 44, 46, 47, 48, 49, 50, 51, 52, 53, 54, 55, 56, 57, 58, 59, 60, 61, 62, 63, 64, 65, 66, 67, 69, 70, 71, 72, 73, 74, 75, 76, 77, 78, 79, 80, 81, 82, 83, 84, 85, 86, 88, 89, 90, 92, 94, 95, 96, 97, 98, 99, 100]
incorrect_proof_ids_with_skip_or_non_atomic_steps: [2, 3, 4, 5, 6, 7, 8, 9, 10, 11, 12, 13, 14, 15, 16, 17, 18, 20, 21, 22, 23, 24, 25, 26, 28, 29, 30, 32, 34, 35, 36, 37, 38, 40, 41, 42, 43, 44, 46, 47, 48, 49, 50, 52, 53, 54, 55, 56, 58, 59, 60, 61, 62, 63, 64, 65, 66, 67, 69, 70, 71, 72, 73, 74, 75, 76, 77, 78, 79, 80, 81, 82, 83, 84, 85, 86, 88, 89, 90, 92, 94, 95, 96, 97, 98, 99, 100]
incorrect_proof_ids_with_skip_or_non_atomic_steps \ incorrect_proof_ids_with_skip_steps: [33, 51, 57]


3. AndElim

Hop 1
There were errors during semantic parsing for file stablelm-2-zephyr-1_6b_andelim_1hop_AndElim_3shot_nodistractor.log:
Correct steps: 232
Total steps: 291
Correct steps ratio: 0.7972508591065293
Non-atomic steps ratio: 0.0
Skip steps ratio: 0.0
Invalid steps ratio: 0.2027491408934708
Correct and useful steps ratio: 0.7972508591065293
Unparseable steps ratio: 0.003436426116838488
Incorrect steps ratio: 0.2027491408934708
Perplexity sample mean: nan
Perplexity sample std dev: nan
Number of examples: 100
Number of correct proof: 100
Proportion of proofs that contain the correct proof: 1.0
Proportion of proofs that only contain correct, non-atomic, or skip steps: 0.98
Proportion of correct proofs that contain a "useless branch":          0.0
Proportion of correct proofs that contain a "useful skip step":        0.0
Proportion of correct proofs that contain a "useless skip step":       0.0
Proportion of correct proofs that contain a "useful non-atomic step":  0.0
Proportion of correct proofs that contain a "useless non-atomic step": 0.0
Proportion of correct proofs that contain an "invalid step":           0.02
Proportion of correct proofs that contain a "useless branch" AND "useful non-atomic step": 0.0
Proportion of correct proofs that contain a "useless branch" AND "useless non-atomic step": 0.0
Proportion of correct proofs that contain a "useless branch" AND "invalid step": 0.0
Proportion of correct proofs that contain a "useless branch" AND "useful non-atomic step" AND "invalid step": 0.0
Proportion of correct proofs with ANY OF THE ABOVE:                    0.02
(there are no incorrect proofs)

Proportion of ALL proofs that are strictly correct: 1.0
Proportion of ALL proofs that would be correct if "skip steps" are considered correct: 1.0
Proportion of ALL proofs that would be correct if "non-atomic steps" are considered correct: 1.0
Proportion of ALL proofs that would be correct if both "skip steps" and "non-atomic steps" are considered correct: 1.0

Proportion of correct proofs where the "useless branch" is the first mistake: 0.0
Proportion of correct proofs where the "useful skip step" is the first mistake: 0.0
Proportion of correct proofs where the "useless skip step" is the first mistake: 0.0
Proportion of correct proofs where the "useful non-atomic step" is the first mistake: 0.0
Proportion of correct proofs where the "useless non-atomic step" is the first mistake: 0.0
Proportion of correct proofs where the "invalid step" is the first mistake: 0.02
(there are no incorrect proofs)
incorrect_proof_ids_with_skip_steps: []
incorrect_proof_ids_with_skip_or_non_atomic_steps: []
incorrect_proof_ids_with_skip_or_non_atomic_steps \ incorrect_proof_ids_with_skip_steps: []

Hop 2
There were errors during semantic parsing for file stablelm-2-zephyr-1_6b_andelim_2hop_AndElim_3shot_nodistractor.log:
Correct steps: 1113
Total steps: 2595
Correct steps ratio: 0.42890173410404625
Non-atomic steps ratio: 0.09942196531791908
Skip steps ratio: 0.0030828516377649326
Invalid steps ratio: 0.4867052023121387
Correct and useful steps ratio: 0.423121387283237
Unparseable steps ratio: 0.1791907514450867
Incorrect steps ratio: 0.4867052023121387
Perplexity sample mean: nan
Perplexity sample std dev: nan
Number of examples: 100
Number of correct proof: 90
Proportion of proofs that contain the correct proof: 0.9
Proportion of proofs that only contain correct, non-atomic, or skip steps: 0.16
Proportion of correct proofs that contain a "useless branch":          0.0
Proportion of correct proofs that contain a "useful skip step":        0.0
Proportion of correct proofs that contain a "useless skip step":       0.0
Proportion of correct proofs that contain a "useful non-atomic step":  0.044444444444444446
Proportion of correct proofs that contain a "useless non-atomic step": 0.011111111111111112
Proportion of correct proofs that contain an "invalid step":           0.32222222222222224
Proportion of correct proofs that contain a "useless branch" AND "useful non-atomic step": 0.0
Proportion of correct proofs that contain a "useless branch" AND "useless non-atomic step": 0.0
Proportion of correct proofs that contain a "useless branch" AND "invalid step": 0.0
Proportion of correct proofs that contain a "useless branch" AND "useful non-atomic step" AND "invalid step": 0.0
Proportion of correct proofs with ANY OF THE ABOVE:                    0.8444444444444444
Proportion of incorrect proofs that contain a "useless branch":          0.0
Proportion of incorrect proofs that contain a "useful skip step":        0.0
Proportion of incorrect proofs that contain a "useless skip step":       0.0
Proportion of incorrect proofs that contain a "useful non-atomic step":  0.0
Proportion of incorrect proofs that contain a "useless non-atomic step": 0.0
Proportion of incorrect proofs that contain an "invalid step":           0.7
Proportion of incorrect proofs that contain a "useless branch" AND "useful non-atomic step": 0.0
Proportion of incorrect proofs that contain a "useless branch" AND "useless non-atomic step": 0.0
Proportion of incorrect proofs that contain a "useless branch" AND "invalid step": 0.0
Proportion of incorrect proofs that contain a "useless branch" AND "useful non-atomic step" AND "invalid step": 0.0
Proportion of incorrect proofs with ANY OF THE ABOVE:                    1.0

Proportion of ALL proofs that are strictly correct: 0.58
Proportion of ALL proofs that would be correct if "skip steps" are considered correct: 0.58
Proportion of ALL proofs that would be correct if "non-atomic steps" are considered correct: 0.9
Proportion of ALL proofs that would be correct if both "skip steps" and "non-atomic steps" are considered correct: 0.9

Proportion of correct proofs where the "useless branch" is the first mistake: 0.0
Proportion of correct proofs where the "useful skip step" is the first mistake: 0.06666666666666667
Proportion of correct proofs where the "useless skip step" is the first mistake: 0.0
Proportion of correct proofs where the "useful non-atomic step" is the first mistake: 0.26666666666666666
Proportion of correct proofs where the "useless non-atomic step" is the first mistake: 0.1111111111111111
Proportion of correct proofs where the "invalid step" is the first mistake: 0.4
Proportion of incorrect proofs where the "useless branch" is the first mistake: 0.0
Proportion of incorrect proofs where the "useful skip step" is the first mistake: 0.1
Proportion of incorrect proofs where the "useless skip step" is the first mistake: 0.0
Proportion of incorrect proofs where the "useful non-atomic step" is the first mistake: 0.2
Proportion of incorrect proofs where the "useless non-atomic step" is the first mistake: 0.0
Proportion of incorrect proofs where the "invalid step" is the first mistake: 0.7
incorrect_proof_ids_with_skip_steps: [3, 5, 7, 8, 11, 13, 17, 18, 20, 22, 23, 24, 30, 31, 33, 35, 37, 40, 52, 55, 56, 58, 60, 61, 62, 63, 64, 66, 67, 68, 73, 75, 76, 80, 81, 82, 87, 90, 91, 94, 96, 100]
incorrect_proof_ids_with_skip_or_non_atomic_steps: [17, 35, 37, 56, 63, 64, 73, 82, 87, 94]
incorrect_proof_ids_with_skip_or_non_atomic_steps \ incorrect_proof_ids_with_skip_steps: [3, 5, 7, 8, 11, 13, 18, 20, 22, 23, 24, 30, 31, 33, 40, 52, 55, 58, 60, 61, 62, 66, 67, 68, 75, 76, 80, 81, 90, 91, 96, 100]

Hop 3
There were errors during semantic parsing for file stablelm-2-zephyr-1_6b_andelim_3hop_AndElim_3shot_nodistractor.log:
Correct steps: 1132
Total steps: 2765
Correct steps ratio: 0.4094032549728752
Non-atomic steps ratio: 0.08354430379746836
Skip steps ratio: 0.014104882459312839
Invalid steps ratio: 0.4759493670886076
Correct and useful steps ratio: 0.3790235081374322
Unparseable steps ratio: 0.10669077757685352
Incorrect steps ratio: 0.4759493670886076
Perplexity sample mean: nan
Perplexity sample std dev: nan
Number of examples: 100
Number of correct proof: 82
Proportion of proofs that contain the correct proof: 0.82
Proportion of proofs that only contain correct, non-atomic, or skip steps: 0.07
Proportion of correct proofs that contain a "useless branch":          0.0
Proportion of correct proofs that contain a "useful skip step":        0.0
Proportion of correct proofs that contain a "useless skip step":       0.0
Proportion of correct proofs that contain a "useful non-atomic step":  0.04878048780487805
Proportion of correct proofs that contain a "useless non-atomic step": 0.0
Proportion of correct proofs that contain an "invalid step":           0.21951219512195122
Proportion of correct proofs that contain a "useless branch" AND "useful non-atomic step": 0.0
Proportion of correct proofs that contain a "useless branch" AND "useless non-atomic step": 0.0
Proportion of correct proofs that contain a "useless branch" AND "invalid step": 0.0
Proportion of correct proofs that contain a "useless branch" AND "useful non-atomic step" AND "invalid step": 0.0
Proportion of correct proofs with ANY OF THE ABOVE:                    0.9634146341463414
Proportion of incorrect proofs that contain a "useless branch":          0.0
Proportion of incorrect proofs that contain a "useful skip step":        0.0
Proportion of incorrect proofs that contain a "useless skip step":       0.0
Proportion of incorrect proofs that contain a "useful non-atomic step":  0.0
Proportion of incorrect proofs that contain a "useless non-atomic step": 0.0
Proportion of incorrect proofs that contain an "invalid step":           0.2222222222222222
Proportion of incorrect proofs that contain a "useless branch" AND "useful non-atomic step": 0.0
Proportion of incorrect proofs that contain a "useless branch" AND "useless non-atomic step": 0.0
Proportion of incorrect proofs that contain a "useless branch" AND "invalid step": 0.0
Proportion of incorrect proofs that contain a "useless branch" AND "useful non-atomic step" AND "invalid step": 0.0
Proportion of incorrect proofs with ANY OF THE ABOVE:                    0.9444444444444444

Proportion of ALL proofs that are strictly correct: 0.35
Proportion of ALL proofs that would be correct if "skip steps" are considered correct: 0.35
Proportion of ALL proofs that would be correct if "non-atomic steps" are considered correct: 0.82
Proportion of ALL proofs that would be correct if both "skip steps" and "non-atomic steps" are considered correct: 0.82

Proportion of correct proofs where the "useless branch" is the first mistake: 0.0
Proportion of correct proofs where the "useful skip step" is the first mistake: 0.18292682926829268
Proportion of correct proofs where the "useless skip step" is the first mistake: 0.0
Proportion of correct proofs where the "useful non-atomic step" is the first mistake: 0.4146341463414634
Proportion of correct proofs where the "useless non-atomic step" is the first mistake: 0.07317073170731707
Proportion of correct proofs where the "invalid step" is the first mistake: 0.2926829268292683
Proportion of incorrect proofs where the "useless branch" is the first mistake: 0.0
Proportion of incorrect proofs where the "useful skip step" is the first mistake: 0.2777777777777778
Proportion of incorrect proofs where the "useless skip step" is the first mistake: 0.1111111111111111
Proportion of incorrect proofs where the "useful non-atomic step" is the first mistake: 0.1111111111111111
Proportion of incorrect proofs where the "useless non-atomic step" is the first mistake: 0.05555555555555555
Proportion of incorrect proofs where the "invalid step" is the first mistake: 0.3888888888888889
incorrect_proof_ids_with_skip_steps: [2, 4, 5, 7, 8, 10, 11, 12, 13, 15, 17, 19, 21, 23, 26, 27, 28, 29, 30, 31, 32, 33, 34, 35, 36, 37, 38, 40, 41, 42, 46, 48, 49, 51, 52, 54, 55, 59, 61, 62, 63, 64, 66, 67, 68, 70, 71, 72, 74, 75, 77, 80, 81, 82, 85, 86, 87, 90, 91, 92, 93, 94, 97, 99, 100]
incorrect_proof_ids_with_skip_or_non_atomic_steps: [2, 5, 7, 10, 21, 23, 29, 34, 35, 42, 46, 48, 66, 87, 90, 92, 97, 99]
incorrect_proof_ids_with_skip_or_non_atomic_steps \ incorrect_proof_ids_with_skip_steps: [4, 8, 11, 12, 13, 15, 17, 19, 26, 27, 28, 30, 31, 32, 33, 36, 37, 38, 40, 41, 49, 51, 52, 54, 55, 59, 61, 62, 63, 64, 67, 68, 70, 71, 72, 74, 75, 77, 80, 81, 82, 85, 86, 91, 93, 94, 100]

Hop 4
There were errors during semantic parsing for file stablelm-2-zephyr-1_6b_andelim_4hop_AndElim_3shot_nodistractor.log:
Correct steps: 1242
Total steps: 2766
Correct steps ratio: 0.4490238611713666
Non-atomic steps ratio: 0.07953723788864786
Skip steps ratio: 0.01193058568329718
Invalid steps ratio: 0.4443239334779465
Correct and useful steps ratio: 0.43817787418655096
Unparseable steps ratio: 0.08966015907447578
Incorrect steps ratio: 0.4443239334779465
Perplexity sample mean: nan
Perplexity sample std dev: nan
Number of examples: 100
Number of correct proof: 63
Proportion of proofs that contain the correct proof: 0.63
Proportion of proofs that only contain correct, non-atomic, or skip steps: 0.02
Proportion of correct proofs that contain a "useless branch":          0.0
Proportion of correct proofs that contain a "useful skip step":        0.0
Proportion of correct proofs that contain a "useless skip step":       0.0
Proportion of correct proofs that contain a "useful non-atomic step":  0.06349206349206349
Proportion of correct proofs that contain a "useless non-atomic step": 0.0
Proportion of correct proofs that contain an "invalid step":           0.23809523809523808
Proportion of correct proofs that contain a "useless branch" AND "useful non-atomic step": 0.0
Proportion of correct proofs that contain a "useless branch" AND "useless non-atomic step": 0.0
Proportion of correct proofs that contain a "useless branch" AND "invalid step": 0.0
Proportion of correct proofs that contain a "useless branch" AND "useful non-atomic step" AND "invalid step": 0.0
Proportion of correct proofs with ANY OF THE ABOVE:                    0.9682539682539683
Proportion of incorrect proofs that contain a "useless branch":          0.0
Proportion of incorrect proofs that contain a "useful skip step":        0.0
Proportion of incorrect proofs that contain a "useless skip step":       0.0
Proportion of incorrect proofs that contain a "useful non-atomic step":  0.0
Proportion of incorrect proofs that contain a "useless non-atomic step": 0.0
Proportion of incorrect proofs that contain an "invalid step":           0.43243243243243246
Proportion of incorrect proofs that contain a "useless branch" AND "useful non-atomic step": 0.0
Proportion of incorrect proofs that contain a "useless branch" AND "useless non-atomic step": 0.0
Proportion of incorrect proofs that contain a "useless branch" AND "invalid step": 0.0
Proportion of incorrect proofs that contain a "useless branch" AND "useful non-atomic step" AND "invalid step": 0.0
Proportion of incorrect proofs with ANY OF THE ABOVE:                    1.0

Proportion of ALL proofs that are strictly correct: 0.21
Proportion of ALL proofs that would be correct if "skip steps" are considered correct: 0.21
Proportion of ALL proofs that would be correct if "non-atomic steps" are considered correct: 0.63
Proportion of ALL proofs that would be correct if both "skip steps" and "non-atomic steps" are considered correct: 0.63

Proportion of correct proofs where the "useless branch" is the first mistake: 0.0
Proportion of correct proofs where the "useful skip step" is the first mistake: 0.12698412698412698
Proportion of correct proofs where the "useless skip step" is the first mistake: 0.015873015873015872
Proportion of correct proofs where the "useful non-atomic step" is the first mistake: 0.49206349206349204
Proportion of correct proofs where the "useless non-atomic step" is the first mistake: 0.047619047619047616
Proportion of correct proofs where the "invalid step" is the first mistake: 0.2857142857142857
Proportion of incorrect proofs where the "useless branch" is the first mistake: 0.0
Proportion of incorrect proofs where the "useful skip step" is the first mistake: 0.32432432432432434
Proportion of incorrect proofs where the "useless skip step" is the first mistake: 0.0
Proportion of incorrect proofs where the "useful non-atomic step" is the first mistake: 0.16216216216216217
Proportion of incorrect proofs where the "useless non-atomic step" is the first mistake: 0.02702702702702703
Proportion of incorrect proofs where the "invalid step" is the first mistake: 0.4864864864864865
incorrect_proof_ids_with_skip_steps: [2, 4, 5, 7, 8, 9, 10, 11, 12, 13, 14, 15, 16, 18, 19, 21, 22, 24, 25, 26, 27, 29, 30, 31, 32, 33, 34, 36, 37, 38, 39, 40, 41, 42, 43, 44, 45, 46, 47, 48, 49, 50, 51, 52, 53, 54, 57, 58, 59, 60, 61, 62, 63, 64, 65, 67, 69, 71, 72, 74, 75, 77, 78, 79, 81, 82, 83, 85, 86, 87, 88, 89, 90, 91, 92, 93, 96, 97, 100]
incorrect_proof_ids_with_skip_or_non_atomic_steps: [5, 7, 8, 11, 12, 14, 15, 18, 19, 21, 22, 24, 30, 37, 38, 40, 45, 49, 50, 52, 57, 59, 61, 62, 65, 67, 71, 72, 77, 82, 83, 85, 86, 91, 92, 96, 100]
incorrect_proof_ids_with_skip_or_non_atomic_steps \ incorrect_proof_ids_with_skip_steps: [2, 4, 9, 10, 13, 16, 25, 26, 27, 29, 31, 32, 33, 34, 36, 39, 41, 42, 43, 44, 46, 47, 48, 51, 53, 54, 58, 60, 63, 64, 69, 74, 75, 78, 79, 81, 87, 88, 89, 90, 93, 97]

Hop 5
There were errors during semantic parsing for file stablelm-2-zephyr-1_6b_andelim_5hop_AndElim_3shot_nodistractor.log:
Correct steps: 1246
Total steps: 2792
Correct steps ratio: 0.4462750716332378
Non-atomic steps ratio: 0.05623209169054441
Skip steps ratio: 0.019340974212034383
Invalid steps ratio: 0.4409025787965616
Correct and useful steps ratio: 0.4362464183381089
Unparseable steps ratio: 0.08416905444126074
Incorrect steps ratio: 0.4409025787965616
Perplexity sample mean: nan
Perplexity sample std dev: nan
Number of examples: 100
Number of correct proof: 46
Proportion of proofs that contain the correct proof: 0.46
Proportion of proofs that only contain correct, non-atomic, or skip steps: 0.03
Proportion of correct proofs that contain a "useless branch":          0.0
Proportion of correct proofs that contain a "useful skip step":        0.0
Proportion of correct proofs that contain a "useless skip step":       0.0
Proportion of correct proofs that contain a "useful non-atomic step":  0.043478260869565216
Proportion of correct proofs that contain a "useless non-atomic step": 0.0
Proportion of correct proofs that contain an "invalid step":           0.17391304347826086
Proportion of correct proofs that contain a "useless branch" AND "useful non-atomic step": 0.0
Proportion of correct proofs that contain a "useless branch" AND "useless non-atomic step": 0.0
Proportion of correct proofs that contain a "useless branch" AND "invalid step": 0.0
Proportion of correct proofs that contain a "useless branch" AND "useful non-atomic step" AND "invalid step": 0.0
Proportion of correct proofs with ANY OF THE ABOVE:                    1.0
Proportion of incorrect proofs that contain a "useless branch":          0.0
Proportion of incorrect proofs that contain a "useful skip step":        0.0
Proportion of incorrect proofs that contain a "useless skip step":       0.0
Proportion of incorrect proofs that contain a "useful non-atomic step":  0.0
Proportion of incorrect proofs that contain a "useless non-atomic step": 0.0
Proportion of incorrect proofs that contain an "invalid step":           0.35185185185185186
Proportion of incorrect proofs that contain a "useless branch" AND "useful non-atomic step": 0.0
Proportion of incorrect proofs that contain a "useless branch" AND "useless non-atomic step": 0.0
Proportion of incorrect proofs that contain a "useless branch" AND "invalid step": 0.0
Proportion of incorrect proofs that contain a "useless branch" AND "useful non-atomic step" AND "invalid step": 0.0
Proportion of incorrect proofs with ANY OF THE ABOVE:                    0.9629629629629629

Proportion of ALL proofs that are strictly correct: 0.12
Proportion of ALL proofs that would be correct if "skip steps" are considered correct: 0.12
Proportion of ALL proofs that would be correct if "non-atomic steps" are considered correct: 0.46
Proportion of ALL proofs that would be correct if both "skip steps" and "non-atomic steps" are considered correct: 0.46

Proportion of correct proofs where the "useless branch" is the first mistake: 0.0
Proportion of correct proofs where the "useful skip step" is the first mistake: 0.21739130434782608
Proportion of correct proofs where the "useless skip step" is the first mistake: 0.0
Proportion of correct proofs where the "useful non-atomic step" is the first mistake: 0.45652173913043476
Proportion of correct proofs where the "useless non-atomic step" is the first mistake: 0.06521739130434782
Proportion of correct proofs where the "invalid step" is the first mistake: 0.2608695652173913
Proportion of incorrect proofs where the "useless branch" is the first mistake: 0.0
Proportion of incorrect proofs where the "useful skip step" is the first mistake: 0.37037037037037035
Proportion of incorrect proofs where the "useless skip step" is the first mistake: 0.0
Proportion of incorrect proofs where the "useful non-atomic step" is the first mistake: 0.16666666666666666
Proportion of incorrect proofs where the "useless non-atomic step" is the first mistake: 0.018518518518518517
Proportion of incorrect proofs where the "invalid step" is the first mistake: 0.4074074074074074
incorrect_proof_ids_with_skip_steps: [1, 3, 4, 5, 8, 9, 10, 12, 13, 14, 15, 16, 17, 18, 19, 20, 21, 22, 23, 24, 25, 26, 27, 28, 29, 30, 31, 33, 34, 35, 36, 37, 38, 39, 40, 41, 42, 43, 44, 45, 46, 47, 48, 49, 50, 51, 52, 54, 55, 56, 57, 58, 59, 60, 61, 62, 63, 64, 66, 67, 68, 69, 70, 71, 72, 73, 75, 76, 77, 78, 79, 80, 81, 82, 83, 84, 85, 86, 87, 88, 89, 90, 92, 93, 94, 95, 96, 99]
incorrect_proof_ids_with_skip_or_non_atomic_steps: [4, 5, 8, 9, 10, 12, 14, 15, 20, 21, 22, 23, 26, 27, 29, 30, 31, 33, 34, 35, 36, 37, 38, 39, 40, 41, 47, 48, 49, 52, 54, 55, 56, 57, 58, 60, 62, 64, 67, 68, 69, 73, 75, 77, 80, 81, 82, 83, 86, 87, 88, 90, 92, 94]
incorrect_proof_ids_with_skip_or_non_atomic_steps \ incorrect_proof_ids_with_skip_steps: [1, 3, 13, 16, 17, 18, 19, 24, 25, 28, 42, 43, 44, 45, 46, 50, 51, 59, 61, 63, 66, 70, 71, 72, 76, 78, 79, 84, 85, 89, 93, 95, 96, 99]


4. OrIntro

Hop 1
Correct steps: 194
Total steps: 194
Correct steps ratio: 1.0
Non-atomic steps ratio: 0.015463917525773196
Skip steps ratio: 0.0
Invalid steps ratio: 0.0
Correct and useful steps ratio: 1.0
Unparseable steps ratio: 0.0
Incorrect steps ratio: 0.0
Perplexity sample mean: nan
Perplexity sample std dev: nan
Number of examples: 100
Number of correct proof: 100
Proportion of proofs that contain the correct proof: 1.0
Proportion of proofs that only contain correct, non-atomic, or skip steps: 0.97
Proportion of correct proofs that contain a "useless branch":          0.0
Proportion of correct proofs that contain a "useful skip step":        0.0
Proportion of correct proofs that contain a "useless skip step":       0.0
Proportion of correct proofs that contain a "useful non-atomic step":  0.03
Proportion of correct proofs that contain a "useless non-atomic step": 0.0
Proportion of correct proofs that contain an "invalid step":           0.0
Proportion of correct proofs that contain a "useless branch" AND "useful non-atomic step": 0.0
Proportion of correct proofs that contain a "useless branch" AND "useless non-atomic step": 0.0
Proportion of correct proofs that contain a "useless branch" AND "invalid step": 0.0
Proportion of correct proofs that contain a "useless branch" AND "useful non-atomic step" AND "invalid step": 0.0
Proportion of correct proofs with ANY OF THE ABOVE:                    0.03
(there are no incorrect proofs)

Proportion of ALL proofs that are strictly correct: 0.97
Proportion of ALL proofs that would be correct if "skip steps" are considered correct: 0.97
Proportion of ALL proofs that would be correct if "non-atomic steps" are considered correct: 1.0
Proportion of ALL proofs that would be correct if both "skip steps" and "non-atomic steps" are considered correct: 1.0

Proportion of correct proofs where the "useless branch" is the first mistake: 0.0
Proportion of correct proofs where the "useful skip step" is the first mistake: 0.0
Proportion of correct proofs where the "useless skip step" is the first mistake: 0.0
Proportion of correct proofs where the "useful non-atomic step" is the first mistake: 0.03
Proportion of correct proofs where the "useless non-atomic step" is the first mistake: 0.0
Proportion of correct proofs where the "invalid step" is the first mistake: 0.0
(there are no incorrect proofs)
incorrect_proof_ids_with_skip_steps: [37, 71, 75]
incorrect_proof_ids_with_skip_or_non_atomic_steps: []
incorrect_proof_ids_with_skip_or_non_atomic_steps \ incorrect_proof_ids_with_skip_steps: [37, 71, 75]

Hop 2
There were errors during semantic parsing for file stablelm-2-zephyr-1_6b_orintro_2hop_OrIntro_3shot_nodistractor.log:
Correct steps: 1166
Total steps: 1956
Correct steps ratio: 0.5961145194274029
Non-atomic steps ratio: 0.009713701431492843
Skip steps ratio: 0.0
Invalid steps ratio: 0.3946830265848671
Correct and useful steps ratio: 0.5286298568507157
Unparseable steps ratio: 0.18456032719836402
Incorrect steps ratio: 0.3946830265848671
Perplexity sample mean: nan
Perplexity sample std dev: nan
Number of examples: 100
Number of correct proof: 100
Proportion of proofs that contain the correct proof: 1.0
Proportion of proofs that only contain correct, non-atomic, or skip steps: 0.31
Proportion of correct proofs that contain a "useless branch":          0.0
Proportion of correct proofs that contain a "useful skip step":        0.0
Proportion of correct proofs that contain a "useless skip step":       0.0
Proportion of correct proofs that contain a "useful non-atomic step":  0.07
Proportion of correct proofs that contain a "useless non-atomic step": 0.0
Proportion of correct proofs that contain an "invalid step":           0.59
Proportion of correct proofs that contain a "useless branch" AND "useful non-atomic step": 0.0
Proportion of correct proofs that contain a "useless branch" AND "useless non-atomic step": 0.0
Proportion of correct proofs that contain a "useless branch" AND "invalid step": 0.0
Proportion of correct proofs that contain a "useless branch" AND "useful non-atomic step" AND "invalid step": 0.0
Proportion of correct proofs with ANY OF THE ABOVE:                    0.75
(there are no incorrect proofs)

Proportion of ALL proofs that are strictly correct: 0.94
Proportion of ALL proofs that would be correct if "skip steps" are considered correct: 0.94
Proportion of ALL proofs that would be correct if "non-atomic steps" are considered correct: 1.0
Proportion of ALL proofs that would be correct if both "skip steps" and "non-atomic steps" are considered correct: 1.0

Proportion of correct proofs where the "useless branch" is the first mistake: 0.0
Proportion of correct proofs where the "useful skip step" is the first mistake: 0.0
Proportion of correct proofs where the "useless skip step" is the first mistake: 0.0
Proportion of correct proofs where the "useful non-atomic step" is the first mistake: 0.16
Proportion of correct proofs where the "useless non-atomic step" is the first mistake: 0.0
Proportion of correct proofs where the "invalid step" is the first mistake: 0.59
(there are no incorrect proofs)
incorrect_proof_ids_with_skip_steps: [5, 35, 40, 52, 54, 59]
incorrect_proof_ids_with_skip_or_non_atomic_steps: []
incorrect_proof_ids_with_skip_or_non_atomic_steps \ incorrect_proof_ids_with_skip_steps: [5, 35, 40, 52, 54, 59]

Hop 3
There were errors during semantic parsing for file stablelm-2-zephyr-1_6b_orintro_3hop_OrIntro_3shot_nodistractor.log:
Correct steps: 1425
Total steps: 2492
Correct steps ratio: 0.5718298555377207
Non-atomic steps ratio: 0.0072231139646869984
Skip steps ratio: 0.0004012841091492777
Invalid steps ratio: 0.420545746388443
Correct and useful steps ratio: 0.5120385232744783
Unparseable steps ratio: 0.22431781701444622
Incorrect steps ratio: 0.420545746388443
Perplexity sample mean: nan
Perplexity sample std dev: nan
Number of examples: 100
Number of correct proof: 90
Proportion of proofs that contain the correct proof: 0.9
Proportion of proofs that only contain correct, non-atomic, or skip steps: 0.04
Proportion of correct proofs that contain a "useless branch":          0.0
Proportion of correct proofs that contain a "useful skip step":        0.0
Proportion of correct proofs that contain a "useless skip step":       0.0
Proportion of correct proofs that contain a "useful non-atomic step":  0.0
Proportion of correct proofs that contain a "useless non-atomic step": 0.0
Proportion of correct proofs that contain an "invalid step":           0.8888888888888888
Proportion of correct proofs that contain a "useless branch" AND "useful non-atomic step": 0.0
Proportion of correct proofs that contain a "useless branch" AND "useless non-atomic step": 0.0
Proportion of correct proofs that contain a "useless branch" AND "invalid step": 0.0
Proportion of correct proofs that contain a "useless branch" AND "useful non-atomic step" AND "invalid step": 0.0
Proportion of correct proofs with ANY OF THE ABOVE:                    0.9555555555555556
Proportion of incorrect proofs that contain a "useless branch":          0.0
Proportion of incorrect proofs that contain a "useful skip step":        0.0
Proportion of incorrect proofs that contain a "useless skip step":       0.0
Proportion of incorrect proofs that contain a "useful non-atomic step":  0.0
Proportion of incorrect proofs that contain a "useless non-atomic step": 0.0
Proportion of incorrect proofs that contain an "invalid step":           0.8
Proportion of incorrect proofs that contain a "useless branch" AND "useful non-atomic step": 0.0
Proportion of incorrect proofs that contain a "useless branch" AND "useless non-atomic step": 0.0
Proportion of incorrect proofs that contain a "useless branch" AND "invalid step": 0.0
Proportion of incorrect proofs that contain a "useless branch" AND "useful non-atomic step" AND "invalid step": 0.0
Proportion of incorrect proofs with ANY OF THE ABOVE:                    1.0

Proportion of ALL proofs that are strictly correct: 0.89
Proportion of ALL proofs that would be correct if "skip steps" are considered correct: 0.89
Proportion of ALL proofs that would be correct if "non-atomic steps" are considered correct: 0.9
Proportion of ALL proofs that would be correct if both "skip steps" and "non-atomic steps" are considered correct: 0.9

Proportion of correct proofs where the "useless branch" is the first mistake: 0.0
Proportion of correct proofs where the "useful skip step" is the first mistake: 0.0
Proportion of correct proofs where the "useless skip step" is the first mistake: 0.0
Proportion of correct proofs where the "useful non-atomic step" is the first mistake: 0.03333333333333333
Proportion of correct proofs where the "useless non-atomic step" is the first mistake: 0.0
Proportion of correct proofs where the "invalid step" is the first mistake: 0.9222222222222223
Proportion of incorrect proofs where the "useless branch" is the first mistake: 0.0
Proportion of incorrect proofs where the "useful skip step" is the first mistake: 0.0
Proportion of incorrect proofs where the "useless skip step" is the first mistake: 0.0
Proportion of incorrect proofs where the "useful non-atomic step" is the first mistake: 0.1
Proportion of incorrect proofs where the "useless non-atomic step" is the first mistake: 0.1
Proportion of incorrect proofs where the "invalid step" is the first mistake: 0.8
incorrect_proof_ids_with_skip_steps: [7, 9, 16, 41, 50, 54, 60, 69, 70, 81, 87]
incorrect_proof_ids_with_skip_or_non_atomic_steps: [7, 9, 16, 41, 50, 54, 60, 69, 70, 87]
incorrect_proof_ids_with_skip_or_non_atomic_steps \ incorrect_proof_ids_with_skip_steps: [81]

Hop 4
Correct steps: 1492
Total steps: 2389
Correct steps ratio: 0.6245290916701549
Non-atomic steps ratio: 0.015487651737128506
Skip steps ratio: 0.002092925910422771
Invalid steps ratio: 0.35789033068229387
Correct and useful steps ratio: 0.6044370029300963
Unparseable steps ratio: 0.27626622017580577
Incorrect steps ratio: 0.35789033068229387
Perplexity sample mean: nan
Perplexity sample std dev: nan
Number of examples: 100
Number of correct proof: 79
Proportion of proofs that contain the correct proof: 0.79
Proportion of proofs that only contain correct, non-atomic, or skip steps: 0.04
Proportion of correct proofs that contain a "useless branch":          0.0
Proportion of correct proofs that contain a "useful skip step":        0.0
Proportion of correct proofs that contain a "useless skip step":       0.0
Proportion of correct proofs that contain a "useful non-atomic step":  0.02531645569620253
Proportion of correct proofs that contain a "useless non-atomic step": 0.0
Proportion of correct proofs that contain an "invalid step":           0.8481012658227848
Proportion of correct proofs that contain a "useless branch" AND "useful non-atomic step": 0.0
Proportion of correct proofs that contain a "useless branch" AND "useless non-atomic step": 0.0
Proportion of correct proofs that contain a "useless branch" AND "invalid step": 0.0
Proportion of correct proofs that contain a "useless branch" AND "useful non-atomic step" AND "invalid step": 0.0
Proportion of correct proofs with ANY OF THE ABOVE:                    0.9746835443037974
Proportion of incorrect proofs that contain a "useless branch":          0.0
Proportion of incorrect proofs that contain a "useful skip step":        0.0
Proportion of incorrect proofs that contain a "useless skip step":       0.0
Proportion of incorrect proofs that contain a "useful non-atomic step":  0.0
Proportion of incorrect proofs that contain a "useless non-atomic step": 0.0
Proportion of incorrect proofs that contain an "invalid step":           0.6190476190476191
Proportion of incorrect proofs that contain a "useless branch" AND "useful non-atomic step": 0.0
Proportion of incorrect proofs that contain a "useless branch" AND "useless non-atomic step": 0.0
Proportion of incorrect proofs that contain a "useless branch" AND "invalid step": 0.0
Proportion of incorrect proofs that contain a "useless branch" AND "useful non-atomic step" AND "invalid step": 0.0
Proportion of incorrect proofs with ANY OF THE ABOVE:                    1.0

Proportion of ALL proofs that are strictly correct: 0.77
Proportion of ALL proofs that would be correct if "skip steps" are considered correct: 0.77
Proportion of ALL proofs that would be correct if "non-atomic steps" are considered correct: 0.79
Proportion of ALL proofs that would be correct if both "skip steps" and "non-atomic steps" are considered correct: 0.79

Proportion of correct proofs where the "useless branch" is the first mistake: 0.0
Proportion of correct proofs where the "useful skip step" is the first mistake: 0.02531645569620253
Proportion of correct proofs where the "useless skip step" is the first mistake: 0.0
Proportion of correct proofs where the "useful non-atomic step" is the first mistake: 0.0759493670886076
Proportion of correct proofs where the "useless non-atomic step" is the first mistake: 0.0
Proportion of correct proofs where the "invalid step" is the first mistake: 0.8734177215189873
Proportion of incorrect proofs where the "useless branch" is the first mistake: 0.0
Proportion of incorrect proofs where the "useful skip step" is the first mistake: 0.0
Proportion of incorrect proofs where the "useless skip step" is the first mistake: 0.0
Proportion of incorrect proofs where the "useful non-atomic step" is the first mistake: 0.09523809523809523
Proportion of incorrect proofs where the "useless non-atomic step" is the first mistake: 0.047619047619047616
Proportion of incorrect proofs where the "invalid step" is the first mistake: 0.8571428571428571
incorrect_proof_ids_with_skip_steps: [6, 9, 17, 18, 19, 25, 30, 36, 41, 43, 46, 49, 58, 59, 62, 66, 70, 71, 73, 76, 87, 95, 96]
incorrect_proof_ids_with_skip_or_non_atomic_steps: [6, 17, 18, 19, 25, 30, 36, 41, 43, 46, 49, 58, 59, 62, 66, 70, 73, 76, 87, 95, 96]
incorrect_proof_ids_with_skip_or_non_atomic_steps \ incorrect_proof_ids_with_skip_steps: [9, 71]

Hop 5
There were errors during semantic parsing for file stablelm-2-zephyr-1_6b_orintro_5hop_OrIntro_3shot_nodistractor.log:
Correct steps: 1676
Total steps: 2458
Correct steps ratio: 0.6818551668022783
Non-atomic steps ratio: 0.023189585028478437
Skip steps ratio: 0.0020341741253051262
Invalid steps ratio: 0.29292107404393813
Correct and useful steps ratio: 0.6521562245728234
Unparseable steps ratio: 0.18917819365337674
Incorrect steps ratio: 0.29292107404393813
Perplexity sample mean: nan
Perplexity sample std dev: nan
Number of examples: 100
Number of correct proof: 74
Proportion of proofs that contain the correct proof: 0.74
Proportion of proofs that only contain correct, non-atomic, or skip steps: 0.02
Proportion of correct proofs that contain a "useless branch":          0.0
Proportion of correct proofs that contain a "useful skip step":        0.0
Proportion of correct proofs that contain a "useless skip step":       0.0
Proportion of correct proofs that contain a "useful non-atomic step":  0.0
Proportion of correct proofs that contain a "useless non-atomic step": 0.0
Proportion of correct proofs that contain an "invalid step":           0.6891891891891891
Proportion of correct proofs that contain a "useless branch" AND "useful non-atomic step": 0.0
Proportion of correct proofs that contain a "useless branch" AND "useless non-atomic step": 0.0
Proportion of correct proofs that contain a "useless branch" AND "invalid step": 0.0
Proportion of correct proofs that contain a "useless branch" AND "useful non-atomic step" AND "invalid step": 0.0
Proportion of correct proofs with ANY OF THE ABOVE:                    0.972972972972973
Proportion of incorrect proofs that contain a "useless branch":          0.0
Proportion of incorrect proofs that contain a "useful skip step":        0.0
Proportion of incorrect proofs that contain a "useless skip step":       0.0
Proportion of incorrect proofs that contain a "useful non-atomic step":  0.0
Proportion of incorrect proofs that contain a "useless non-atomic step": 0.0
Proportion of incorrect proofs that contain an "invalid step":           0.7307692307692307
Proportion of incorrect proofs that contain a "useless branch" AND "useful non-atomic step": 0.0
Proportion of incorrect proofs that contain a "useless branch" AND "useless non-atomic step": 0.0
Proportion of incorrect proofs that contain a "useless branch" AND "invalid step": 0.0
Proportion of incorrect proofs that contain a "useless branch" AND "useful non-atomic step" AND "invalid step": 0.0
Proportion of incorrect proofs with ANY OF THE ABOVE:                    1.0

Proportion of ALL proofs that are strictly correct: 0.72
Proportion of ALL proofs that would be correct if "skip steps" are considered correct: 0.72
Proportion of ALL proofs that would be correct if "non-atomic steps" are considered correct: 0.74
Proportion of ALL proofs that would be correct if both "skip steps" and "non-atomic steps" are considered correct: 0.74

Proportion of correct proofs where the "useless branch" is the first mistake: 0.0
Proportion of correct proofs where the "useful skip step" is the first mistake: 0.04054054054054054
Proportion of correct proofs where the "useless skip step" is the first mistake: 0.0
Proportion of correct proofs where the "useful non-atomic step" is the first mistake: 0.13513513513513514
Proportion of correct proofs where the "useless non-atomic step" is the first mistake: 0.0
Proportion of correct proofs where the "invalid step" is the first mistake: 0.7972972972972973
Proportion of incorrect proofs where the "useless branch" is the first mistake: 0.0
Proportion of incorrect proofs where the "useful skip step" is the first mistake: 0.038461538461538464
Proportion of incorrect proofs where the "useless skip step" is the first mistake: 0.0
Proportion of incorrect proofs where the "useful non-atomic step" is the first mistake: 0.07692307692307693
Proportion of incorrect proofs where the "useless non-atomic step" is the first mistake: 0.0
Proportion of incorrect proofs where the "invalid step" is the first mistake: 0.8846153846153846
incorrect_proof_ids_with_skip_steps: [3, 7, 12, 18, 21, 23, 28, 29, 31, 32, 34, 35, 38, 46, 47, 50, 51, 62, 63, 66, 72, 76, 78, 83, 88, 91, 98, 99]
incorrect_proof_ids_with_skip_or_non_atomic_steps: [3, 7, 12, 18, 21, 23, 28, 29, 31, 32, 35, 38, 46, 47, 50, 51, 62, 63, 66, 72, 78, 83, 88, 91, 98, 99]
incorrect_proof_ids_with_skip_or_non_atomic_steps \ incorrect_proof_ids_with_skip_steps: [34, 76]
