1. ModusPonens

Hop 1
There were errors during semantic parsing for file TinyLlama_v1_1_modusponens_1hop_ProofsOnly_3shot_nodistractor.log:
Correct steps: 290
Total steps: 296
Correct steps ratio: 0.9797297297297297
Non-atomic steps ratio: 0.006756756756756757
Skip steps ratio: 0.0
Invalid steps ratio: 0.02027027027027027
Correct and useful steps ratio: 0.9797297297297297
Unparseable steps ratio: 0.0
Incorrect steps ratio: 0.02027027027027027
Perplexity sample mean: nan
Perplexity sample std dev: nan
Number of examples: 100
Number of correct proof: 95
Proportion of proofs that contain the correct proof: 0.95
Proportion of proofs that only contain correct, non-atomic, or skip steps: 0.93
Proportion of correct proofs that contain a "useless branch":          0.0
Proportion of correct proofs that contain a "useful skip step":        0.0
Proportion of correct proofs that contain a "useless skip step":       0.0
Proportion of correct proofs that contain a "useful non-atomic step":  0.021052631578947368
Proportion of correct proofs that contain a "useless non-atomic step": 0.0
Proportion of correct proofs that contain an "invalid step":           0.0
Proportion of correct proofs that contain a "useless branch" AND "useful non-atomic step": 0.0
Proportion of correct proofs that contain a "useless branch" AND "useless non-atomic step": 0.0
Proportion of correct proofs that contain a "useless branch" AND "invalid step": 0.0
Proportion of correct proofs that contain a "useless branch" AND "useful non-atomic step" AND "invalid step": 0.0
Proportion of correct proofs with ANY OF THE ABOVE:                    0.021052631578947368
Proportion of incorrect proofs that contain a "useless branch":          0.0
Proportion of incorrect proofs that contain a "useful skip step":        0.0
Proportion of incorrect proofs that contain a "useless skip step":       0.0
Proportion of incorrect proofs that contain a "useful non-atomic step":  0.0
Proportion of incorrect proofs that contain a "useless non-atomic step": 0.0
Proportion of incorrect proofs that contain an "invalid step":           1.0
Proportion of incorrect proofs that contain a "useless branch" AND "useful non-atomic step": 0.0
Proportion of incorrect proofs that contain a "useless branch" AND "useless non-atomic step": 0.0
Proportion of incorrect proofs that contain a "useless branch" AND "invalid step": 0.0
Proportion of incorrect proofs that contain a "useless branch" AND "useful non-atomic step" AND "invalid step": 0.0
Proportion of incorrect proofs with ANY OF THE ABOVE:                    1.0

Proportion of ALL proofs that are strictly correct: 0.93
Proportion of ALL proofs that would be correct if "skip steps" are considered correct: 0.93
Proportion of ALL proofs that would be correct if "non-atomic steps" are considered correct: 0.95
Proportion of ALL proofs that would be correct if both "skip steps" and "non-atomic steps" are considered correct: 0.95

Proportion of correct proofs where the "useless branch" is the first mistake: 0.0
Proportion of correct proofs where the "useful skip step" is the first mistake: 0.0
Proportion of correct proofs where the "useless skip step" is the first mistake: 0.0
Proportion of correct proofs where the "useful non-atomic step" is the first mistake: 0.021052631578947368
Proportion of correct proofs where the "useless non-atomic step" is the first mistake: 0.0
Proportion of correct proofs where the "invalid step" is the first mistake: 0.0
Proportion of incorrect proofs where the "useless branch" is the first mistake: 0.0
Proportion of incorrect proofs where the "useful skip step" is the first mistake: 0.0
Proportion of incorrect proofs where the "useless skip step" is the first mistake: 0.0
Proportion of incorrect proofs where the "useful non-atomic step" is the first mistake: 0.0
Proportion of incorrect proofs where the "useless non-atomic step" is the first mistake: 0.0
Proportion of incorrect proofs where the "invalid step" is the first mistake: 1.0
incorrect_proof_ids_with_skip_steps: [1, 30, 35, 40, 55, 69, 77]
incorrect_proof_ids_with_skip_or_non_atomic_steps: [1, 35, 55, 69, 77]
incorrect_proof_ids_with_skip_or_non_atomic_steps \ incorrect_proof_ids_with_skip_steps: [30, 40]

Hop 2
There were errors during semantic parsing for file TinyLlama_v1_1_modusponens_2hop_ProofsOnly_3shot_nodistractor.log:
Correct steps: 312
Total steps: 419
Correct steps ratio: 0.7446300715990454
Non-atomic steps ratio: 0.0954653937947494
Skip steps ratio: 0.03341288782816229
Invalid steps ratio: 0.21957040572792363
Correct and useful steps ratio: 0.7326968973747017
Unparseable steps ratio: 0.026252983293556086
Incorrect steps ratio: 0.21957040572792363
Perplexity sample mean: nan
Perplexity sample std dev: nan
Number of examples: 100
Number of correct proof: 61
Proportion of proofs that contain the correct proof: 0.61
Proportion of proofs that only contain correct, non-atomic, or skip steps: 0.33
Proportion of correct proofs that contain a "useless branch":          0.0
Proportion of correct proofs that contain a "useful skip step":        0.08196721311475409
Proportion of correct proofs that contain a "useless skip step":       0.0
Proportion of correct proofs that contain a "useful non-atomic step":  0.4918032786885246
Proportion of correct proofs that contain a "useless non-atomic step": 0.0
Proportion of correct proofs that contain an "invalid step":           0.0
Proportion of correct proofs that contain a "useless branch" AND "useful non-atomic step": 0.0
Proportion of correct proofs that contain a "useless branch" AND "useless non-atomic step": 0.0
Proportion of correct proofs that contain a "useless branch" AND "invalid step": 0.0
Proportion of correct proofs that contain a "useless branch" AND "useful non-atomic step" AND "invalid step": 0.0
Proportion of correct proofs with ANY OF THE ABOVE:                    0.6721311475409836
Proportion of incorrect proofs that contain a "useless branch":          0.0
Proportion of incorrect proofs that contain a "useful skip step":        0.0
Proportion of incorrect proofs that contain a "useless skip step":       0.0
Proportion of incorrect proofs that contain a "useful non-atomic step":  0.0
Proportion of incorrect proofs that contain a "useless non-atomic step": 0.0
Proportion of incorrect proofs that contain an "invalid step":           0.8205128205128205
Proportion of incorrect proofs that contain a "useless branch" AND "useful non-atomic step": 0.0
Proportion of incorrect proofs that contain a "useless branch" AND "useless non-atomic step": 0.0
Proportion of incorrect proofs that contain a "useless branch" AND "invalid step": 0.0
Proportion of incorrect proofs that contain a "useless branch" AND "useful non-atomic step" AND "invalid step": 0.0
Proportion of incorrect proofs with ANY OF THE ABOVE:                    0.9230769230769231

Proportion of ALL proofs that are strictly correct: 0.29
Proportion of ALL proofs that would be correct if "skip steps" are considered correct: 0.29
Proportion of ALL proofs that would be correct if "non-atomic steps" are considered correct: 0.61
Proportion of ALL proofs that would be correct if both "skip steps" and "non-atomic steps" are considered correct: 0.61

Proportion of correct proofs where the "useless branch" is the first mistake: 0.0
Proportion of correct proofs where the "useful skip step" is the first mistake: 0.16393442622950818
Proportion of correct proofs where the "useless skip step" is the first mistake: 0.0
Proportion of correct proofs where the "useful non-atomic step" is the first mistake: 0.4918032786885246
Proportion of correct proofs where the "useless non-atomic step" is the first mistake: 0.0
Proportion of correct proofs where the "invalid step" is the first mistake: 0.01639344262295082
Proportion of incorrect proofs where the "useless branch" is the first mistake: 0.0
Proportion of incorrect proofs where the "useful skip step" is the first mistake: 0.07692307692307693
Proportion of incorrect proofs where the "useless skip step" is the first mistake: 0.0
Proportion of incorrect proofs where the "useful non-atomic step" is the first mistake: 0.0
Proportion of incorrect proofs where the "useless non-atomic step" is the first mistake: 0.0
Proportion of incorrect proofs where the "invalid step" is the first mistake: 0.8461538461538461
incorrect_proof_ids_with_skip_steps: [2, 3, 5, 6, 8, 10, 11, 12, 13, 15, 17, 18, 19, 21, 22, 23, 24, 25, 26, 27, 28, 29, 30, 31, 32, 33, 34, 35, 36, 37, 38, 39, 40, 41, 42, 43, 44, 48, 49, 50, 52, 53, 54, 55, 56, 58, 59, 61, 64, 67, 69, 72, 74, 75, 76, 77, 78, 80, 81, 83, 84, 85, 86, 87, 89, 90, 93, 94, 96, 98, 100]
incorrect_proof_ids_with_skip_or_non_atomic_steps: [6, 8, 11, 12, 13, 23, 24, 26, 27, 29, 30, 31, 32, 34, 35, 36, 37, 39, 40, 42, 48, 49, 50, 58, 59, 67, 69, 74, 75, 81, 83, 85, 87, 89, 90, 93, 96, 98, 100]
incorrect_proof_ids_with_skip_or_non_atomic_steps \ incorrect_proof_ids_with_skip_steps: [2, 3, 5, 10, 15, 17, 18, 19, 21, 22, 25, 28, 33, 38, 41, 43, 44, 52, 53, 54, 55, 56, 61, 64, 72, 76, 77, 78, 80, 84, 86, 94]

Hop 3
There were errors during semantic parsing for file TinyLlama_v1_1_modusponens_3hop_ProofsOnly_3shot_nodistractor.log:
Correct steps: 539
Total steps: 768
Correct steps ratio: 0.7018229166666666
Non-atomic steps ratio: 0.05859375
Skip steps ratio: 0.04296875
Invalid steps ratio: 0.23567708333333334
Correct and useful steps ratio: 0.7005208333333334
Unparseable steps ratio: 0.028645833333333332
Incorrect steps ratio: 0.23567708333333334
Perplexity sample mean: nan
Perplexity sample std dev: nan
Number of examples: 100
Number of correct proof: 40
Proportion of proofs that contain the correct proof: 0.4
Proportion of proofs that only contain correct, non-atomic, or skip steps: 0.2
Proportion of correct proofs that contain a "useless branch":          0.0
Proportion of correct proofs that contain a "useful skip step":        0.025
Proportion of correct proofs that contain a "useless skip step":       0.0
Proportion of correct proofs that contain a "useful non-atomic step":  0.35
Proportion of correct proofs that contain a "useless non-atomic step": 0.0
Proportion of correct proofs that contain an "invalid step":           0.0
Proportion of correct proofs that contain a "useless branch" AND "useful non-atomic step": 0.0
Proportion of correct proofs that contain a "useless branch" AND "useless non-atomic step": 0.0
Proportion of correct proofs that contain a "useless branch" AND "invalid step": 0.0
Proportion of correct proofs that contain a "useless branch" AND "useful non-atomic step" AND "invalid step": 0.0
Proportion of correct proofs with ANY OF THE ABOVE:                    0.75
Proportion of incorrect proofs that contain a "useless branch":          0.0
Proportion of incorrect proofs that contain a "useful skip step":        0.0
Proportion of incorrect proofs that contain a "useless skip step":       0.0
Proportion of incorrect proofs that contain a "useful non-atomic step":  0.0
Proportion of incorrect proofs that contain a "useless non-atomic step": 0.0
Proportion of incorrect proofs that contain an "invalid step":           0.6
Proportion of incorrect proofs that contain a "useless branch" AND "useful non-atomic step": 0.0
Proportion of incorrect proofs that contain a "useless branch" AND "useless non-atomic step": 0.0
Proportion of incorrect proofs that contain a "useless branch" AND "invalid step": 0.0
Proportion of incorrect proofs that contain a "useless branch" AND "useful non-atomic step" AND "invalid step": 0.0
Proportion of incorrect proofs with ANY OF THE ABOVE:                    0.95

Proportion of ALL proofs that are strictly correct: 0.13
Proportion of ALL proofs that would be correct if "skip steps" are considered correct: 0.13
Proportion of ALL proofs that would be correct if "non-atomic steps" are considered correct: 0.4
Proportion of ALL proofs that would be correct if both "skip steps" and "non-atomic steps" are considered correct: 0.4

Proportion of correct proofs where the "useless branch" is the first mistake: 0.0
Proportion of correct proofs where the "useful skip step" is the first mistake: 0.325
Proportion of correct proofs where the "useless skip step" is the first mistake: 0.0
Proportion of correct proofs where the "useful non-atomic step" is the first mistake: 0.35
Proportion of correct proofs where the "useless non-atomic step" is the first mistake: 0.0
Proportion of correct proofs where the "invalid step" is the first mistake: 0.075
Proportion of incorrect proofs where the "useless branch" is the first mistake: 0.0
Proportion of incorrect proofs where the "useful skip step" is the first mistake: 0.25
Proportion of incorrect proofs where the "useless skip step" is the first mistake: 0.0
Proportion of incorrect proofs where the "useful non-atomic step" is the first mistake: 0.0
Proportion of incorrect proofs where the "useless non-atomic step" is the first mistake: 0.016666666666666666
Proportion of incorrect proofs where the "invalid step" is the first mistake: 0.6833333333333333
incorrect_proof_ids_with_skip_steps: [1, 2, 3, 5, 6, 7, 8, 9, 10, 11, 12, 13, 14, 15, 16, 17, 18, 19, 20, 22, 23, 24, 25, 26, 27, 28, 29, 30, 32, 33, 34, 35, 36, 37, 39, 40, 41, 42, 44, 45, 46, 47, 49, 50, 51, 52, 53, 54, 55, 57, 58, 59, 60, 61, 63, 64, 66, 68, 70, 71, 72, 73, 74, 75, 77, 78, 80, 81, 82, 83, 84, 85, 86, 87, 88, 89, 90, 91, 92, 93, 94, 95, 96, 97, 98, 99, 100]
incorrect_proof_ids_with_skip_or_non_atomic_steps: [2, 3, 6, 7, 8, 9, 10, 12, 13, 14, 16, 17, 18, 19, 20, 22, 23, 24, 25, 26, 27, 34, 37, 39, 40, 41, 42, 44, 46, 50, 51, 52, 53, 54, 57, 60, 61, 63, 64, 68, 71, 72, 73, 74, 77, 80, 81, 83, 85, 86, 87, 88, 89, 91, 92, 94, 95, 97, 99, 100]
incorrect_proof_ids_with_skip_or_non_atomic_steps \ incorrect_proof_ids_with_skip_steps: [1, 5, 11, 15, 28, 29, 30, 32, 33, 35, 36, 45, 47, 49, 55, 58, 59, 66, 70, 75, 78, 82, 84, 90, 93, 96, 98]

Hop 4
There were errors during semantic parsing for file TinyLlama_v1_1_modusponens_4hop_ProofsOnly_3shot_nodistractor.log:
Correct steps: 514
Total steps: 794
Correct steps ratio: 0.6473551637279596
Non-atomic steps ratio: 0.055415617128463476
Skip steps ratio: 0.03526448362720403
Invalid steps ratio: 0.29848866498740556
Correct and useful steps ratio: 0.6435768261964736
Unparseable steps ratio: 0.042821158690176324
Incorrect steps ratio: 0.29848866498740556
Perplexity sample mean: nan
Perplexity sample std dev: nan
Number of examples: 100
Number of correct proof: 42
Proportion of proofs that contain the correct proof: 0.42
Proportion of proofs that only contain correct, non-atomic, or skip steps: 0.19
Proportion of correct proofs that contain a "useless branch":          0.0
Proportion of correct proofs that contain a "useful skip step":        0.0
Proportion of correct proofs that contain a "useless skip step":       0.0
Proportion of correct proofs that contain a "useful non-atomic step":  0.35714285714285715
Proportion of correct proofs that contain a "useless non-atomic step": 0.0
Proportion of correct proofs that contain an "invalid step":           0.023809523809523808
Proportion of correct proofs that contain a "useless branch" AND "useful non-atomic step": 0.0
Proportion of correct proofs that contain a "useless branch" AND "useless non-atomic step": 0.0
Proportion of correct proofs that contain a "useless branch" AND "invalid step": 0.0
Proportion of correct proofs that contain a "useless branch" AND "useful non-atomic step" AND "invalid step": 0.0
Proportion of correct proofs with ANY OF THE ABOVE:                    0.6666666666666666
Proportion of incorrect proofs that contain a "useless branch":          0.0
Proportion of incorrect proofs that contain a "useful skip step":        0.05172413793103448
Proportion of incorrect proofs that contain a "useless skip step":       0.0
Proportion of incorrect proofs that contain a "useful non-atomic step":  0.0
Proportion of incorrect proofs that contain a "useless non-atomic step": 0.0
Proportion of incorrect proofs that contain an "invalid step":           0.7068965517241379
Proportion of incorrect proofs that contain a "useless branch" AND "useful non-atomic step": 0.0
Proportion of incorrect proofs that contain a "useless branch" AND "useless non-atomic step": 0.0
Proportion of incorrect proofs that contain a "useless branch" AND "invalid step": 0.0
Proportion of incorrect proofs that contain a "useless branch" AND "useful non-atomic step" AND "invalid step": 0.0
Proportion of incorrect proofs with ANY OF THE ABOVE:                    1.0

Proportion of ALL proofs that are strictly correct: 0.17
Proportion of ALL proofs that would be correct if "skip steps" are considered correct: 0.17
Proportion of ALL proofs that would be correct if "non-atomic steps" are considered correct: 0.42
Proportion of ALL proofs that would be correct if both "skip steps" and "non-atomic steps" are considered correct: 0.42

Proportion of correct proofs where the "useless branch" is the first mistake: 0.0
Proportion of correct proofs where the "useful skip step" is the first mistake: 0.2619047619047619
Proportion of correct proofs where the "useless skip step" is the first mistake: 0.0
Proportion of correct proofs where the "useful non-atomic step" is the first mistake: 0.35714285714285715
Proportion of correct proofs where the "useless non-atomic step" is the first mistake: 0.0
Proportion of correct proofs where the "invalid step" is the first mistake: 0.047619047619047616
Proportion of incorrect proofs where the "useless branch" is the first mistake: 0.0
Proportion of incorrect proofs where the "useful skip step" is the first mistake: 0.22413793103448276
Proportion of incorrect proofs where the "useless skip step" is the first mistake: 0.0
Proportion of incorrect proofs where the "useful non-atomic step" is the first mistake: 0.017241379310344827
Proportion of incorrect proofs where the "useless non-atomic step" is the first mistake: 0.017241379310344827
Proportion of incorrect proofs where the "invalid step" is the first mistake: 0.7413793103448276
incorrect_proof_ids_with_skip_steps: [2, 3, 4, 6, 7, 8, 9, 10, 11, 15, 16, 17, 19, 20, 21, 22, 23, 24, 26, 27, 28, 29, 30, 32, 34, 35, 36, 37, 38, 39, 41, 42, 43, 44, 45, 46, 47, 48, 49, 50, 51, 52, 53, 54, 56, 57, 58, 59, 60, 61, 62, 63, 64, 65, 66, 67, 68, 71, 73, 74, 75, 76, 77, 78, 79, 80, 81, 82, 84, 85, 86, 87, 88, 89, 90, 91, 92, 95, 96, 97, 98, 99, 100]
incorrect_proof_ids_with_skip_or_non_atomic_steps: [3, 4, 7, 8, 9, 16, 19, 20, 22, 23, 24, 27, 28, 30, 32, 34, 37, 38, 39, 41, 42, 43, 45, 46, 47, 49, 50, 51, 52, 53, 54, 56, 57, 58, 60, 62, 63, 64, 65, 66, 67, 73, 74, 75, 77, 79, 80, 85, 86, 87, 88, 89, 90, 92, 95, 96, 99, 100]
incorrect_proof_ids_with_skip_or_non_atomic_steps \ incorrect_proof_ids_with_skip_steps: [2, 6, 10, 11, 15, 17, 21, 26, 29, 35, 36, 44, 48, 59, 61, 68, 71, 76, 78, 81, 82, 84, 91, 97, 98]

Hop 5
There were errors during semantic parsing for file TinyLlama_v1_1_modusponens_5hop_ProofsOnly_3shot_nodistractor.log:
Correct steps: 498
Total steps: 956
Correct steps ratio: 0.5209205020920502
Non-atomic steps ratio: 0.06276150627615062
Skip steps ratio: 0.04497907949790795
Invalid steps ratio: 0.40481171548117156
Correct and useful steps ratio: 0.5209205020920502
Unparseable steps ratio: 0.06171548117154812
Incorrect steps ratio: 0.40481171548117156
Perplexity sample mean: nan
Perplexity sample std dev: nan
Number of examples: 100
Number of correct proof: 31
Proportion of proofs that contain the correct proof: 0.31
Proportion of proofs that only contain correct, non-atomic, or skip steps: 0.03
Proportion of correct proofs that contain a "useless branch":          0.0
Proportion of correct proofs that contain a "useful skip step":        0.0
Proportion of correct proofs that contain a "useless skip step":       0.0
Proportion of correct proofs that contain a "useful non-atomic step":  0.4838709677419355
Proportion of correct proofs that contain a "useless non-atomic step": 0.0
Proportion of correct proofs that contain an "invalid step":           0.0
Proportion of correct proofs that contain a "useless branch" AND "useful non-atomic step": 0.0
Proportion of correct proofs that contain a "useless branch" AND "useless non-atomic step": 0.0
Proportion of correct proofs that contain a "useless branch" AND "invalid step": 0.0
Proportion of correct proofs that contain a "useless branch" AND "useful non-atomic step" AND "invalid step": 0.0
Proportion of correct proofs with ANY OF THE ABOVE:                    1.0
Proportion of incorrect proofs that contain a "useless branch":          0.0
Proportion of incorrect proofs that contain a "useful skip step":        0.0
Proportion of incorrect proofs that contain a "useless skip step":       0.0
Proportion of incorrect proofs that contain a "useful non-atomic step":  0.0
Proportion of incorrect proofs that contain a "useless non-atomic step": 0.0
Proportion of incorrect proofs that contain an "invalid step":           0.6956521739130435
Proportion of incorrect proofs that contain a "useless branch" AND "useful non-atomic step": 0.0
Proportion of incorrect proofs that contain a "useless branch" AND "useless non-atomic step": 0.0
Proportion of incorrect proofs that contain a "useless branch" AND "invalid step": 0.0
Proportion of incorrect proofs that contain a "useless branch" AND "useful non-atomic step" AND "invalid step": 0.0
Proportion of incorrect proofs with ANY OF THE ABOVE:                    0.9855072463768116

Proportion of ALL proofs that are strictly correct: 0.01
Proportion of ALL proofs that would be correct if "skip steps" are considered correct: 0.01
Proportion of ALL proofs that would be correct if "non-atomic steps" are considered correct: 0.31
Proportion of ALL proofs that would be correct if both "skip steps" and "non-atomic steps" are considered correct: 0.31

Proportion of correct proofs where the "useless branch" is the first mistake: 0.0
Proportion of correct proofs where the "useful skip step" is the first mistake: 0.4838709677419355
Proportion of correct proofs where the "useless skip step" is the first mistake: 0.0
Proportion of correct proofs where the "useful non-atomic step" is the first mistake: 0.5161290322580645
Proportion of correct proofs where the "useless non-atomic step" is the first mistake: 0.0
Proportion of correct proofs where the "invalid step" is the first mistake: 0.0
Proportion of incorrect proofs where the "useless branch" is the first mistake: 0.0
Proportion of incorrect proofs where the "useful skip step" is the first mistake: 0.2608695652173913
Proportion of incorrect proofs where the "useless skip step" is the first mistake: 0.0
Proportion of incorrect proofs where the "useful non-atomic step" is the first mistake: 0.014492753623188406
Proportion of incorrect proofs where the "useless non-atomic step" is the first mistake: 0.0
Proportion of incorrect proofs where the "invalid step" is the first mistake: 0.7101449275362319
incorrect_proof_ids_with_skip_steps: [1, 2, 3, 4, 5, 6, 7, 8, 9, 10, 11, 12, 13, 14, 15, 16, 17, 18, 19, 20, 21, 22, 23, 24, 25, 26, 27, 28, 29, 30, 31, 32, 33, 34, 35, 36, 37, 38, 39, 40, 41, 42, 43, 44, 45, 46, 47, 48, 49, 50, 51, 52, 53, 54, 55, 56, 57, 58, 59, 60, 61, 62, 63, 64, 65, 66, 67, 68, 70, 71, 72, 73, 74, 75, 76, 77, 78, 79, 80, 81, 82, 83, 84, 85, 86, 87, 88, 89, 90, 91, 92, 93, 94, 95, 96, 97, 98, 99, 100]
incorrect_proof_ids_with_skip_or_non_atomic_steps: [2, 4, 5, 6, 7, 9, 10, 11, 14, 15, 19, 21, 22, 24, 26, 27, 28, 29, 30, 31, 34, 35, 37, 39, 40, 41, 42, 44, 46, 47, 49, 50, 51, 52, 53, 54, 55, 56, 57, 58, 59, 60, 61, 63, 65, 67, 68, 70, 71, 72, 73, 74, 75, 76, 77, 78, 79, 80, 81, 89, 91, 93, 94, 95, 96, 97, 98, 99, 100]
incorrect_proof_ids_with_skip_or_non_atomic_steps \ incorrect_proof_ids_with_skip_steps: [1, 3, 8, 12, 13, 16, 17, 18, 20, 23, 25, 32, 33, 36, 38, 43, 45, 48, 62, 64, 66, 82, 83, 84, 85, 86, 87, 88, 90, 92]


2. AndIntro

Hop 1
Correct steps: 301
Total steps: 301
Correct steps ratio: 1.0
Non-atomic steps ratio: 0.0
Skip steps ratio: 0.0
Invalid steps ratio: 0.0
Correct and useful steps ratio: 1.0
Unparseable steps ratio: 0.0
Incorrect steps ratio: 0.0
Perplexity sample mean: nan
Perplexity sample std dev: nan
Number of examples: 100
Number of correct proof: 99
Proportion of proofs that contain the correct proof: 0.99
Proportion of proofs that only contain correct, non-atomic, or skip steps: 1.0
Proportion of correct proofs that contain a "useless branch":          0.0
Proportion of correct proofs that contain a "useful skip step":        0.0
Proportion of correct proofs that contain a "useless skip step":       0.0
Proportion of correct proofs that contain a "useful non-atomic step":  0.0
Proportion of correct proofs that contain a "useless non-atomic step": 0.0
Proportion of correct proofs that contain an "invalid step":           0.0
Proportion of correct proofs that contain a "useless branch" AND "useful non-atomic step": 0.0
Proportion of correct proofs that contain a "useless branch" AND "useless non-atomic step": 0.0
Proportion of correct proofs that contain a "useless branch" AND "invalid step": 0.0
Proportion of correct proofs that contain a "useless branch" AND "useful non-atomic step" AND "invalid step": 0.0
Proportion of correct proofs with ANY OF THE ABOVE:                    0.0
Proportion of incorrect proofs that contain a "useless branch":          0.0
Proportion of incorrect proofs that contain a "useful skip step":        0.0
Proportion of incorrect proofs that contain a "useless skip step":       0.0
Proportion of incorrect proofs that contain a "useful non-atomic step":  0.0
Proportion of incorrect proofs that contain a "useless non-atomic step": 0.0
Proportion of incorrect proofs that contain an "invalid step":           0.0
Proportion of incorrect proofs that contain a "useless branch" AND "useful non-atomic step": 0.0
Proportion of incorrect proofs that contain a "useless branch" AND "useless non-atomic step": 0.0
Proportion of incorrect proofs that contain a "useless branch" AND "invalid step": 0.0
Proportion of incorrect proofs that contain a "useless branch" AND "useful non-atomic step" AND "invalid step": 0.0
Proportion of incorrect proofs with ANY OF THE ABOVE:                    0.0

Proportion of ALL proofs that are strictly correct: 0.99
Proportion of ALL proofs that would be correct if "skip steps" are considered correct: 0.99
Proportion of ALL proofs that would be correct if "non-atomic steps" are considered correct: 0.99
Proportion of ALL proofs that would be correct if both "skip steps" and "non-atomic steps" are considered correct: 0.99

Proportion of correct proofs where the "useless branch" is the first mistake: 0.0
Proportion of correct proofs where the "useful skip step" is the first mistake: 0.0
Proportion of correct proofs where the "useless skip step" is the first mistake: 0.0
Proportion of correct proofs where the "useful non-atomic step" is the first mistake: 0.0
Proportion of correct proofs where the "useless non-atomic step" is the first mistake: 0.0
Proportion of correct proofs where the "invalid step" is the first mistake: 0.0
Proportion of incorrect proofs where the "useless branch" is the first mistake: 0.0
Proportion of incorrect proofs where the "useful skip step" is the first mistake: 0.0
Proportion of incorrect proofs where the "useless skip step" is the first mistake: 0.0
Proportion of incorrect proofs where the "useful non-atomic step" is the first mistake: 0.0
Proportion of incorrect proofs where the "useless non-atomic step" is the first mistake: 0.0
Proportion of incorrect proofs where the "invalid step" is the first mistake: 0.0
incorrect_proof_ids_with_skip_steps: [60]
incorrect_proof_ids_with_skip_or_non_atomic_steps: [60]
incorrect_proof_ids_with_skip_or_non_atomic_steps \ incorrect_proof_ids_with_skip_steps: []

Hop 2
There were errors during semantic parsing for file TinyLlama_v1_1_andintro_2hop_AndIntro_3shot_nodistractor.log:
Correct steps: 529
Total steps: 745
Correct steps ratio: 0.7100671140939597
Non-atomic steps ratio: 0.087248322147651
Skip steps ratio: 0.0
Invalid steps ratio: 0.24697986577181208
Correct and useful steps ratio: 0.6724832214765101
Unparseable steps ratio: 0.009395973154362415
Incorrect steps ratio: 0.24697986577181208
Perplexity sample mean: nan
Perplexity sample std dev: nan
Number of examples: 100
Number of correct proof: 34
Proportion of proofs that contain the correct proof: 0.34
Proportion of proofs that only contain correct, non-atomic, or skip steps: 0.36
Proportion of correct proofs that contain a "useless branch":          0.0
Proportion of correct proofs that contain a "useful skip step":        0.0
Proportion of correct proofs that contain a "useless skip step":       0.0
Proportion of correct proofs that contain a "useful non-atomic step":  0.38235294117647056
Proportion of correct proofs that contain a "useless non-atomic step": 0.0
Proportion of correct proofs that contain an "invalid step":           0.0
Proportion of correct proofs that contain a "useless branch" AND "useful non-atomic step": 0.0
Proportion of correct proofs that contain a "useless branch" AND "useless non-atomic step": 0.0
Proportion of correct proofs that contain a "useless branch" AND "invalid step": 0.0
Proportion of correct proofs that contain a "useless branch" AND "useful non-atomic step" AND "invalid step": 0.0
Proportion of correct proofs with ANY OF THE ABOVE:                    0.5588235294117647
Proportion of incorrect proofs that contain a "useless branch":          0.0
Proportion of incorrect proofs that contain a "useful skip step":        0.0
Proportion of incorrect proofs that contain a "useless skip step":       0.0
Proportion of incorrect proofs that contain a "useful non-atomic step":  0.06060606060606061
Proportion of incorrect proofs that contain a "useless non-atomic step": 0.0
Proportion of incorrect proofs that contain an "invalid step":           0.6818181818181818
Proportion of incorrect proofs that contain a "useless branch" AND "useful non-atomic step": 0.0
Proportion of incorrect proofs that contain a "useless branch" AND "useless non-atomic step": 0.0
Proportion of incorrect proofs that contain a "useless branch" AND "invalid step": 0.0
Proportion of incorrect proofs that contain a "useless branch" AND "useful non-atomic step" AND "invalid step": 0.0
Proportion of incorrect proofs with ANY OF THE ABOVE:                    0.8939393939393939

Proportion of ALL proofs that are strictly correct: 0.26
Proportion of ALL proofs that would be correct if "skip steps" are considered correct: 0.26
Proportion of ALL proofs that would be correct if "non-atomic steps" are considered correct: 0.34
Proportion of ALL proofs that would be correct if both "skip steps" and "non-atomic steps" are considered correct: 0.34

Proportion of correct proofs where the "useless branch" is the first mistake: 0.0
Proportion of correct proofs where the "useful skip step" is the first mistake: 0.0
Proportion of correct proofs where the "useless skip step" is the first mistake: 0.0
Proportion of correct proofs where the "useful non-atomic step" is the first mistake: 0.47058823529411764
Proportion of correct proofs where the "useless non-atomic step" is the first mistake: 0.058823529411764705
Proportion of correct proofs where the "invalid step" is the first mistake: 0.029411764705882353
Proportion of incorrect proofs where the "useless branch" is the first mistake: 0.0
Proportion of incorrect proofs where the "useful skip step" is the first mistake: 0.0
Proportion of incorrect proofs where the "useless skip step" is the first mistake: 0.0
Proportion of incorrect proofs where the "useful non-atomic step" is the first mistake: 0.12121212121212122
Proportion of incorrect proofs where the "useless non-atomic step" is the first mistake: 0.06060606060606061
Proportion of incorrect proofs where the "invalid step" is the first mistake: 0.7121212121212122
incorrect_proof_ids_with_skip_steps: [3, 5, 7, 8, 9, 10, 11, 13, 14, 15, 16, 17, 18, 19, 20, 21, 23, 24, 25, 26, 28, 30, 31, 33, 34, 35, 36, 37, 38, 40, 41, 42, 43, 44, 45, 46, 47, 48, 50, 51, 52, 53, 54, 56, 58, 59, 60, 61, 62, 64, 65, 68, 70, 72, 73, 75, 76, 77, 83, 84, 85, 86, 87, 88, 89, 91, 93, 94, 95, 96, 97, 98, 99, 100]
incorrect_proof_ids_with_skip_or_non_atomic_steps: [3, 5, 7, 8, 9, 10, 11, 13, 14, 15, 16, 18, 19, 20, 21, 23, 24, 25, 28, 30, 31, 34, 35, 37, 38, 40, 41, 42, 44, 45, 46, 47, 48, 50, 51, 52, 53, 54, 56, 58, 59, 60, 61, 62, 64, 65, 68, 70, 72, 73, 75, 76, 77, 83, 84, 85, 86, 87, 88, 89, 91, 96, 97, 98, 99, 100]
incorrect_proof_ids_with_skip_or_non_atomic_steps \ incorrect_proof_ids_with_skip_steps: [17, 26, 33, 36, 43, 93, 94, 95]

Hop 3
Correct steps: 890
Total steps: 1715
Correct steps ratio: 0.5189504373177842
Non-atomic steps ratio: 0.12419825072886298
Skip steps ratio: 0.0
Invalid steps ratio: 0.46530612244897956
Correct and useful steps ratio: 0.446064139941691
Unparseable steps ratio: 0.004664723032069971
Incorrect steps ratio: 0.46530612244897956
Perplexity sample mean: nan
Perplexity sample std dev: nan
Number of examples: 100
Number of correct proof: 5
Proportion of proofs that contain the correct proof: 0.05
Proportion of proofs that only contain correct, non-atomic, or skip steps: 0.21
Proportion of correct proofs that contain a "useless branch":          0.0
Proportion of correct proofs that contain a "useful skip step":        0.0
Proportion of correct proofs that contain a "useless skip step":       0.0
Proportion of correct proofs that contain a "useful non-atomic step":  0.4
Proportion of correct proofs that contain a "useless non-atomic step": 0.0
Proportion of correct proofs that contain an "invalid step":           0.0
Proportion of correct proofs that contain a "useless branch" AND "useful non-atomic step": 0.0
Proportion of correct proofs that contain a "useless branch" AND "useless non-atomic step": 0.0
Proportion of correct proofs that contain a "useless branch" AND "invalid step": 0.0
Proportion of correct proofs that contain a "useless branch" AND "useful non-atomic step" AND "invalid step": 0.0
Proportion of correct proofs with ANY OF THE ABOVE:                    0.4
Proportion of incorrect proofs that contain a "useless branch":          0.0
Proportion of incorrect proofs that contain a "useful skip step":        0.0
Proportion of incorrect proofs that contain a "useless skip step":       0.0
Proportion of incorrect proofs that contain a "useful non-atomic step":  0.05263157894736842
Proportion of incorrect proofs that contain a "useless non-atomic step": 0.010526315789473684
Proportion of incorrect proofs that contain an "invalid step":           0.6526315789473685
Proportion of incorrect proofs that contain a "useless branch" AND "useful non-atomic step": 0.0
Proportion of incorrect proofs that contain a "useless branch" AND "useless non-atomic step": 0.0
Proportion of incorrect proofs that contain a "useless branch" AND "invalid step": 0.0
Proportion of incorrect proofs that contain a "useless branch" AND "useful non-atomic step" AND "invalid step": 0.0
Proportion of incorrect proofs with ANY OF THE ABOVE:                    0.8736842105263158

Proportion of ALL proofs that are strictly correct: 0.05
Proportion of ALL proofs that would be correct if "skip steps" are considered correct: 0.05
Proportion of ALL proofs that would be correct if "non-atomic steps" are considered correct: 0.05
Proportion of ALL proofs that would be correct if both "skip steps" and "non-atomic steps" are considered correct: 0.05

Proportion of correct proofs where the "useless branch" is the first mistake: 0.0
Proportion of correct proofs where the "useful skip step" is the first mistake: 0.0
Proportion of correct proofs where the "useless skip step" is the first mistake: 0.0
Proportion of correct proofs where the "useful non-atomic step" is the first mistake: 0.4
Proportion of correct proofs where the "useless non-atomic step" is the first mistake: 0.0
Proportion of correct proofs where the "invalid step" is the first mistake: 0.0
Proportion of incorrect proofs where the "useless branch" is the first mistake: 0.0
Proportion of incorrect proofs where the "useful skip step" is the first mistake: 0.0
Proportion of incorrect proofs where the "useless skip step" is the first mistake: 0.0
Proportion of incorrect proofs where the "useful non-atomic step" is the first mistake: 0.12631578947368421
Proportion of incorrect proofs where the "useless non-atomic step" is the first mistake: 0.042105263157894736
Proportion of incorrect proofs where the "invalid step" is the first mistake: 0.7052631578947368
incorrect_proof_ids_with_skip_steps: [1, 2, 3, 4, 5, 6, 7, 8, 9, 10, 11, 12, 13, 15, 16, 17, 18, 19, 20, 21, 22, 23, 24, 25, 26, 27, 28, 29, 30, 31, 32, 33, 34, 35, 36, 37, 38, 39, 40, 41, 42, 43, 44, 45, 46, 47, 48, 49, 50, 51, 52, 53, 54, 55, 56, 57, 58, 59, 60, 61, 62, 63, 64, 65, 67, 68, 71, 72, 73, 74, 75, 76, 77, 78, 79, 80, 81, 82, 83, 85, 86, 87, 88, 89, 90, 91, 92, 93, 94, 95, 96, 97, 98, 99, 100]
incorrect_proof_ids_with_skip_or_non_atomic_steps: [1, 2, 3, 4, 5, 6, 7, 8, 9, 10, 11, 12, 13, 15, 16, 17, 18, 19, 20, 21, 22, 23, 24, 25, 26, 27, 28, 29, 30, 31, 32, 33, 34, 35, 36, 37, 38, 39, 40, 41, 42, 43, 44, 45, 46, 47, 48, 49, 50, 51, 52, 53, 54, 55, 56, 57, 58, 59, 60, 61, 62, 63, 64, 65, 67, 68, 71, 72, 73, 74, 75, 76, 77, 78, 79, 80, 81, 82, 83, 85, 86, 87, 88, 89, 90, 91, 92, 93, 94, 95, 96, 97, 98, 99, 100]
incorrect_proof_ids_with_skip_or_non_atomic_steps \ incorrect_proof_ids_with_skip_steps: []

Hop 4
There were errors during semantic parsing for file TinyLlama_v1_1_andintro_4hop_AndIntro_3shot_nodistractor.log:
Correct steps: 910
Total steps: 2137
Correct steps ratio: 0.4258306036499766
Non-atomic steps ratio: 0.100140383715489
Skip steps ratio: 0.0
Invalid steps ratio: 0.5563874590547496
Correct and useful steps ratio: 0.39775386055217593
Unparseable steps ratio: 0.017781937295273748
Incorrect steps ratio: 0.5563874590547496
Perplexity sample mean: nan
Perplexity sample std dev: nan
Number of examples: 100
Number of correct proof: 1
Proportion of proofs that contain the correct proof: 0.01
Proportion of proofs that only contain correct, non-atomic, or skip steps: 0.11
Proportion of correct proofs that contain a "useless branch":          0.0
Proportion of correct proofs that contain a "useful skip step":        0.0
Proportion of correct proofs that contain a "useless skip step":       0.0
Proportion of correct proofs that contain a "useful non-atomic step":  1.0
Proportion of correct proofs that contain a "useless non-atomic step": 0.0
Proportion of correct proofs that contain an "invalid step":           0.0
Proportion of correct proofs that contain a "useless branch" AND "useful non-atomic step": 0.0
Proportion of correct proofs that contain a "useless branch" AND "useless non-atomic step": 0.0
Proportion of correct proofs that contain a "useless branch" AND "invalid step": 0.0
Proportion of correct proofs that contain a "useless branch" AND "useful non-atomic step" AND "invalid step": 0.0
Proportion of correct proofs with ANY OF THE ABOVE:                    1.0
Proportion of incorrect proofs that contain a "useless branch":          0.0
Proportion of incorrect proofs that contain a "useful skip step":        0.0
Proportion of incorrect proofs that contain a "useless skip step":       0.0
Proportion of incorrect proofs that contain a "useful non-atomic step":  0.020202020202020204
Proportion of incorrect proofs that contain a "useless non-atomic step": 0.010101010101010102
Proportion of incorrect proofs that contain an "invalid step":           0.6363636363636364
Proportion of incorrect proofs that contain a "useless branch" AND "useful non-atomic step": 0.0
Proportion of incorrect proofs that contain a "useless branch" AND "useless non-atomic step": 0.0
Proportion of incorrect proofs that contain a "useless branch" AND "invalid step": 0.0
Proportion of incorrect proofs that contain a "useless branch" AND "useful non-atomic step" AND "invalid step": 0.0
Proportion of incorrect proofs with ANY OF THE ABOVE:                    0.898989898989899

Proportion of ALL proofs that are strictly correct: 0.0
Proportion of ALL proofs that would be correct if "skip steps" are considered correct: 0.0
Proportion of ALL proofs that would be correct if "non-atomic steps" are considered correct: 0.01
Proportion of ALL proofs that would be correct if both "skip steps" and "non-atomic steps" are considered correct: 0.01

Proportion of correct proofs where the "useless branch" is the first mistake: 0.0
Proportion of correct proofs where the "useful skip step" is the first mistake: 0.0
Proportion of correct proofs where the "useless skip step" is the first mistake: 0.0
Proportion of correct proofs where the "useful non-atomic step" is the first mistake: 1.0
Proportion of correct proofs where the "useless non-atomic step" is the first mistake: 0.0
Proportion of correct proofs where the "invalid step" is the first mistake: 0.0
Proportion of incorrect proofs where the "useless branch" is the first mistake: 0.0
Proportion of incorrect proofs where the "useful skip step" is the first mistake: 0.0
Proportion of incorrect proofs where the "useless skip step" is the first mistake: 0.0
Proportion of incorrect proofs where the "useful non-atomic step" is the first mistake: 0.08080808080808081
Proportion of incorrect proofs where the "useless non-atomic step" is the first mistake: 0.09090909090909091
Proportion of incorrect proofs where the "invalid step" is the first mistake: 0.7272727272727273
incorrect_proof_ids_with_skip_steps: [1, 2, 3, 4, 5, 6, 7, 8, 9, 10, 11, 12, 13, 14, 15, 16, 17, 18, 19, 20, 21, 22, 23, 24, 25, 26, 27, 28, 29, 30, 31, 32, 33, 34, 35, 36, 37, 38, 39, 40, 41, 42, 43, 44, 45, 46, 47, 48, 49, 50, 51, 52, 53, 54, 55, 56, 57, 58, 59, 60, 61, 62, 63, 64, 65, 66, 67, 68, 69, 70, 71, 72, 73, 74, 75, 76, 77, 78, 79, 80, 81, 82, 83, 84, 85, 86, 87, 88, 89, 90, 91, 92, 93, 94, 95, 96, 97, 98, 99, 100]
incorrect_proof_ids_with_skip_or_non_atomic_steps: [1, 2, 3, 4, 5, 6, 7, 8, 9, 10, 11, 12, 13, 14, 15, 16, 17, 18, 19, 20, 21, 22, 23, 24, 25, 26, 27, 28, 29, 30, 31, 32, 33, 34, 35, 36, 37, 38, 39, 40, 42, 43, 44, 45, 46, 47, 48, 49, 50, 51, 52, 53, 54, 55, 56, 57, 58, 59, 60, 61, 62, 63, 64, 65, 66, 67, 68, 69, 70, 71, 72, 73, 74, 75, 76, 77, 78, 79, 80, 81, 82, 83, 84, 85, 86, 87, 88, 89, 90, 91, 92, 93, 94, 95, 96, 97, 98, 99, 100]
incorrect_proof_ids_with_skip_or_non_atomic_steps \ incorrect_proof_ids_with_skip_steps: [41]

Hop 5
There were errors during semantic parsing for file TinyLlama_v1_1_andintro_5hop_AndIntro_3shot_nodistractor.log:
Correct steps: 795
Total steps: 2159
Correct steps ratio: 0.3682260305697082
Non-atomic steps ratio: 0.1968503937007874
Skip steps ratio: 0.0
Invalid steps ratio: 0.6234367762853172
Correct and useful steps ratio: 0.2968967114404817
Unparseable steps ratio: 0.024085224641037517
Incorrect steps ratio: 0.6234367762853172
Perplexity sample mean: nan
Perplexity sample std dev: nan
Number of examples: 100
Number of correct proof: 1
Proportion of proofs that contain the correct proof: 0.01
Proportion of proofs that only contain correct, non-atomic, or skip steps: 0.14
Proportion of correct proofs that contain a "useless branch":          0.0
Proportion of correct proofs that contain a "useful skip step":        0.0
Proportion of correct proofs that contain a "useless skip step":       0.0
Proportion of correct proofs that contain a "useful non-atomic step":  1.0
Proportion of correct proofs that contain a "useless non-atomic step": 0.0
Proportion of correct proofs that contain an "invalid step":           0.0
Proportion of correct proofs that contain a "useless branch" AND "useful non-atomic step": 0.0
Proportion of correct proofs that contain a "useless branch" AND "useless non-atomic step": 0.0
Proportion of correct proofs that contain a "useless branch" AND "invalid step": 0.0
Proportion of correct proofs that contain a "useless branch" AND "useful non-atomic step" AND "invalid step": 0.0
Proportion of correct proofs with ANY OF THE ABOVE:                    1.0
Proportion of incorrect proofs that contain a "useless branch":          0.0
Proportion of incorrect proofs that contain a "useful skip step":        0.0
Proportion of incorrect proofs that contain a "useless skip step":       0.0
Proportion of incorrect proofs that contain a "useful non-atomic step":  0.10101010101010101
Proportion of incorrect proofs that contain a "useless non-atomic step": 0.06060606060606061
Proportion of incorrect proofs that contain an "invalid step":           0.5959595959595959
Proportion of incorrect proofs that contain a "useless branch" AND "useful non-atomic step": 0.0
Proportion of incorrect proofs that contain a "useless branch" AND "useless non-atomic step": 0.0
Proportion of incorrect proofs that contain a "useless branch" AND "invalid step": 0.0
Proportion of incorrect proofs that contain a "useless branch" AND "useful non-atomic step" AND "invalid step": 0.0
Proportion of incorrect proofs with ANY OF THE ABOVE:                    0.8686868686868687

Proportion of ALL proofs that are strictly correct: 0.0
Proportion of ALL proofs that would be correct if "skip steps" are considered correct: 0.0
Proportion of ALL proofs that would be correct if "non-atomic steps" are considered correct: 0.01
Proportion of ALL proofs that would be correct if both "skip steps" and "non-atomic steps" are considered correct: 0.01

Proportion of correct proofs where the "useless branch" is the first mistake: 0.0
Proportion of correct proofs where the "useful skip step" is the first mistake: 0.0
Proportion of correct proofs where the "useless skip step" is the first mistake: 0.0
Proportion of correct proofs where the "useful non-atomic step" is the first mistake: 1.0
Proportion of correct proofs where the "useless non-atomic step" is the first mistake: 0.0
Proportion of correct proofs where the "invalid step" is the first mistake: 0.0
Proportion of incorrect proofs where the "useless branch" is the first mistake: 0.0
Proportion of incorrect proofs where the "useful skip step" is the first mistake: 0.0
Proportion of incorrect proofs where the "useless skip step" is the first mistake: 0.0
Proportion of incorrect proofs where the "useful non-atomic step" is the first mistake: 0.12121212121212122
Proportion of incorrect proofs where the "useless non-atomic step" is the first mistake: 0.08080808080808081
Proportion of incorrect proofs where the "invalid step" is the first mistake: 0.6666666666666666
incorrect_proof_ids_with_skip_steps: [1, 2, 3, 4, 5, 6, 7, 8, 9, 10, 11, 12, 13, 14, 15, 16, 17, 18, 19, 20, 21, 22, 23, 24, 25, 26, 27, 28, 29, 30, 31, 32, 33, 34, 35, 36, 37, 38, 39, 40, 41, 42, 43, 44, 45, 46, 47, 48, 49, 50, 51, 52, 53, 54, 55, 56, 57, 58, 59, 60, 61, 62, 63, 64, 65, 66, 67, 68, 69, 70, 71, 72, 73, 74, 75, 76, 77, 78, 79, 80, 81, 82, 83, 84, 85, 86, 87, 88, 89, 90, 91, 92, 93, 94, 95, 96, 97, 98, 99, 100]
incorrect_proof_ids_with_skip_or_non_atomic_steps: [1, 2, 3, 4, 5, 6, 7, 8, 9, 10, 11, 12, 13, 14, 15, 17, 18, 19, 20, 21, 22, 23, 24, 25, 26, 27, 28, 29, 30, 31, 32, 33, 34, 35, 36, 37, 38, 39, 40, 41, 42, 43, 44, 45, 46, 47, 48, 49, 50, 51, 52, 53, 54, 55, 56, 57, 58, 59, 60, 61, 62, 63, 64, 65, 66, 67, 68, 69, 70, 71, 72, 73, 74, 75, 76, 77, 78, 79, 80, 81, 82, 83, 84, 85, 86, 87, 88, 89, 90, 91, 92, 93, 94, 95, 96, 97, 98, 99, 100]
incorrect_proof_ids_with_skip_or_non_atomic_steps \ incorrect_proof_ids_with_skip_steps: [16]


3. AndElim

Hop 1
Correct steps: 200
Total steps: 200
Correct steps ratio: 1.0
Non-atomic steps ratio: 0.0
Skip steps ratio: 0.0
Invalid steps ratio: 0.0
Correct and useful steps ratio: 1.0
Unparseable steps ratio: 0.0
Incorrect steps ratio: 0.0
Perplexity sample mean: nan
Perplexity sample std dev: nan
Number of examples: 100
Number of correct proof: 100
Proportion of proofs that contain the correct proof: 1.0
Proportion of proofs that only contain correct, non-atomic, or skip steps: 1.0
Proportion of correct proofs that contain a "useless branch":          0.0
Proportion of correct proofs that contain a "useful skip step":        0.0
Proportion of correct proofs that contain a "useless skip step":       0.0
Proportion of correct proofs that contain a "useful non-atomic step":  0.0
Proportion of correct proofs that contain a "useless non-atomic step": 0.0
Proportion of correct proofs that contain an "invalid step":           0.0
Proportion of correct proofs that contain a "useless branch" AND "useful non-atomic step": 0.0
Proportion of correct proofs that contain a "useless branch" AND "useless non-atomic step": 0.0
Proportion of correct proofs that contain a "useless branch" AND "invalid step": 0.0
Proportion of correct proofs that contain a "useless branch" AND "useful non-atomic step" AND "invalid step": 0.0
Proportion of correct proofs with ANY OF THE ABOVE:                    0.0
(there are no incorrect proofs)

Proportion of ALL proofs that are strictly correct: 1.0
Proportion of ALL proofs that would be correct if "skip steps" are considered correct: 1.0
Proportion of ALL proofs that would be correct if "non-atomic steps" are considered correct: 1.0
Proportion of ALL proofs that would be correct if both "skip steps" and "non-atomic steps" are considered correct: 1.0

Proportion of correct proofs where the "useless branch" is the first mistake: 0.0
Proportion of correct proofs where the "useful skip step" is the first mistake: 0.0
Proportion of correct proofs where the "useless skip step" is the first mistake: 0.0
Proportion of correct proofs where the "useful non-atomic step" is the first mistake: 0.0
Proportion of correct proofs where the "useless non-atomic step" is the first mistake: 0.0
Proportion of correct proofs where the "invalid step" is the first mistake: 0.0
(there are no incorrect proofs)
incorrect_proof_ids_with_skip_steps: []
incorrect_proof_ids_with_skip_or_non_atomic_steps: []
incorrect_proof_ids_with_skip_or_non_atomic_steps \ incorrect_proof_ids_with_skip_steps: []

Hop 2
Correct steps: 381
Total steps: 426
Correct steps ratio: 0.8943661971830986
Non-atomic steps ratio: 0.1572769953051643
Skip steps ratio: 0.0
Invalid steps ratio: 0.07276995305164319
Correct and useful steps ratio: 0.8943661971830986
Unparseable steps ratio: 0.0
Incorrect steps ratio: 0.07276995305164319
Perplexity sample mean: nan
Perplexity sample std dev: nan
Number of examples: 100
Number of correct proof: 93
Proportion of proofs that contain the correct proof: 0.93
Proportion of proofs that only contain correct, non-atomic, or skip steps: 0.59
Proportion of correct proofs that contain a "useless branch":          0.0
Proportion of correct proofs that contain a "useful skip step":        0.0
Proportion of correct proofs that contain a "useless skip step":       0.0
Proportion of correct proofs that contain a "useful non-atomic step":  0.3010752688172043
Proportion of correct proofs that contain a "useless non-atomic step": 0.03225806451612903
Proportion of correct proofs that contain an "invalid step":           0.0
Proportion of correct proofs that contain a "useless branch" AND "useful non-atomic step": 0.0
Proportion of correct proofs that contain a "useless branch" AND "useless non-atomic step": 0.0
Proportion of correct proofs that contain a "useless branch" AND "invalid step": 0.0
Proportion of correct proofs that contain a "useless branch" AND "useful non-atomic step" AND "invalid step": 0.0
Proportion of correct proofs with ANY OF THE ABOVE:                    0.3870967741935484
Proportion of incorrect proofs that contain a "useless branch":          0.0
Proportion of incorrect proofs that contain a "useful skip step":        0.0
Proportion of incorrect proofs that contain a "useless skip step":       0.0
Proportion of incorrect proofs that contain a "useful non-atomic step":  0.0
Proportion of incorrect proofs that contain a "useless non-atomic step": 0.14285714285714285
Proportion of incorrect proofs that contain an "invalid step":           0.5714285714285714
Proportion of incorrect proofs that contain a "useless branch" AND "useful non-atomic step": 0.0
Proportion of incorrect proofs that contain a "useless branch" AND "useless non-atomic step": 0.0
Proportion of incorrect proofs that contain a "useless branch" AND "invalid step": 0.0
Proportion of incorrect proofs that contain a "useless branch" AND "useful non-atomic step" AND "invalid step": 0.0
Proportion of incorrect proofs with ANY OF THE ABOVE:                    0.7142857142857143

Proportion of ALL proofs that are strictly correct: 0.57
Proportion of ALL proofs that would be correct if "skip steps" are considered correct: 0.57
Proportion of ALL proofs that would be correct if "non-atomic steps" are considered correct: 0.93
Proportion of ALL proofs that would be correct if both "skip steps" and "non-atomic steps" are considered correct: 0.93

Proportion of correct proofs where the "useless branch" is the first mistake: 0.0
Proportion of correct proofs where the "useful skip step" is the first mistake: 0.0
Proportion of correct proofs where the "useless skip step" is the first mistake: 0.0
Proportion of correct proofs where the "useful non-atomic step" is the first mistake: 0.3118279569892473
Proportion of correct proofs where the "useless non-atomic step" is the first mistake: 0.03225806451612903
Proportion of correct proofs where the "invalid step" is the first mistake: 0.043010752688172046
Proportion of incorrect proofs where the "useless branch" is the first mistake: 0.0
Proportion of incorrect proofs where the "useful skip step" is the first mistake: 0.0
Proportion of incorrect proofs where the "useless skip step" is the first mistake: 0.0
Proportion of incorrect proofs where the "useful non-atomic step" is the first mistake: 0.0
Proportion of incorrect proofs where the "useless non-atomic step" is the first mistake: 0.14285714285714285
Proportion of incorrect proofs where the "invalid step" is the first mistake: 0.5714285714285714
incorrect_proof_ids_with_skip_steps: [2, 7, 8, 9, 12, 13, 14, 17, 18, 22, 23, 24, 25, 27, 29, 33, 34, 36, 40, 41, 45, 49, 50, 57, 58, 60, 61, 62, 63, 64, 67, 73, 75, 83, 84, 85, 86, 88, 89, 91, 94, 96, 99]
incorrect_proof_ids_with_skip_or_non_atomic_steps: [2, 8, 18, 33, 36, 40, 50]
incorrect_proof_ids_with_skip_or_non_atomic_steps \ incorrect_proof_ids_with_skip_steps: [7, 9, 12, 13, 14, 17, 22, 23, 24, 25, 27, 29, 34, 41, 45, 49, 57, 58, 60, 61, 62, 63, 64, 67, 73, 75, 83, 84, 85, 86, 88, 89, 91, 94, 96, 99]

Hop 3
There were errors during semantic parsing for file TinyLlama_v1_1_andelim_3hop_AndElim_3shot_nodistractor.log:
Correct steps: 499
Total steps: 715
Correct steps ratio: 0.6979020979020979
Non-atomic steps ratio: 0.12727272727272726
Skip steps ratio: 0.025174825174825177
Invalid steps ratio: 0.17062937062937064
Correct and useful steps ratio: 0.6979020979020979
Unparseable steps ratio: 0.0
Incorrect steps ratio: 0.17062937062937064
Perplexity sample mean: nan
Perplexity sample std dev: nan
Number of examples: 100
Number of correct proof: 85
Proportion of proofs that contain the correct proof: 0.85
Proportion of proofs that only contain correct, non-atomic, or skip steps: 0.43
Proportion of correct proofs that contain a "useless branch":          0.0
Proportion of correct proofs that contain a "useful skip step":        0.0
Proportion of correct proofs that contain a "useless skip step":       0.0
Proportion of correct proofs that contain a "useful non-atomic step":  0.18823529411764706
Proportion of correct proofs that contain a "useless non-atomic step": 0.011764705882352941
Proportion of correct proofs that contain an "invalid step":           0.0
Proportion of correct proofs that contain a "useless branch" AND "useful non-atomic step": 0.0
Proportion of correct proofs that contain a "useless branch" AND "useless non-atomic step": 0.0
Proportion of correct proofs that contain a "useless branch" AND "invalid step": 0.0
Proportion of correct proofs that contain a "useless branch" AND "useful non-atomic step" AND "invalid step": 0.0
Proportion of correct proofs with ANY OF THE ABOVE:                    0.6
Proportion of incorrect proofs that contain a "useless branch":          0.0
Proportion of incorrect proofs that contain a "useful skip step":        0.0
Proportion of incorrect proofs that contain a "useless skip step":       0.0
Proportion of incorrect proofs that contain a "useful non-atomic step":  0.0
Proportion of incorrect proofs that contain a "useless non-atomic step": 0.0
Proportion of incorrect proofs that contain an "invalid step":           0.6666666666666666
Proportion of incorrect proofs that contain a "useless branch" AND "useful non-atomic step": 0.0
Proportion of incorrect proofs that contain a "useless branch" AND "useless non-atomic step": 0.0
Proportion of incorrect proofs that contain a "useless branch" AND "invalid step": 0.0
Proportion of incorrect proofs that contain a "useless branch" AND "useful non-atomic step" AND "invalid step": 0.0
Proportion of incorrect proofs with ANY OF THE ABOVE:                    0.8666666666666667

Proportion of ALL proofs that are strictly correct: 0.38
Proportion of ALL proofs that would be correct if "skip steps" are considered correct: 0.38
Proportion of ALL proofs that would be correct if "non-atomic steps" are considered correct: 0.85
Proportion of ALL proofs that would be correct if both "skip steps" and "non-atomic steps" are considered correct: 0.85

Proportion of correct proofs where the "useless branch" is the first mistake: 0.0
Proportion of correct proofs where the "useful skip step" is the first mistake: 0.18823529411764706
Proportion of correct proofs where the "useless skip step" is the first mistake: 0.011764705882352941
Proportion of correct proofs where the "useful non-atomic step" is the first mistake: 0.36470588235294116
Proportion of correct proofs where the "useless non-atomic step" is the first mistake: 0.03529411764705882
Proportion of correct proofs where the "invalid step" is the first mistake: 0.0
Proportion of incorrect proofs where the "useless branch" is the first mistake: 0.0
Proportion of incorrect proofs where the "useful skip step" is the first mistake: 0.0
Proportion of incorrect proofs where the "useless skip step" is the first mistake: 0.0
Proportion of incorrect proofs where the "useful non-atomic step" is the first mistake: 0.13333333333333333
Proportion of incorrect proofs where the "useless non-atomic step" is the first mistake: 0.0
Proportion of incorrect proofs where the "invalid step" is the first mistake: 0.7333333333333333
incorrect_proof_ids_with_skip_steps: [1, 2, 3, 4, 8, 10, 14, 15, 16, 17, 18, 19, 21, 22, 26, 27, 31, 34, 36, 38, 40, 41, 43, 44, 45, 47, 48, 49, 50, 51, 52, 53, 54, 55, 57, 58, 59, 60, 62, 63, 64, 66, 67, 70, 72, 74, 76, 78, 79, 81, 83, 84, 86, 87, 91, 92, 93, 94, 95, 98, 99, 100]
incorrect_proof_ids_with_skip_or_non_atomic_steps: [1, 19, 21, 26, 31, 38, 44, 55, 59, 66, 67, 72, 76, 94, 100]
incorrect_proof_ids_with_skip_or_non_atomic_steps \ incorrect_proof_ids_with_skip_steps: [2, 3, 4, 8, 10, 14, 15, 16, 17, 18, 22, 27, 34, 36, 40, 41, 43, 45, 47, 48, 49, 50, 51, 52, 53, 54, 57, 58, 60, 62, 63, 64, 70, 74, 78, 79, 81, 83, 84, 86, 87, 91, 92, 93, 95, 98, 99]

Hop 4
There were errors during semantic parsing for file TinyLlama_v1_1_andelim_4hop_AndElim_3shot_nodistractor.log:
Correct steps: 601
Total steps: 1032
Correct steps ratio: 0.5823643410852714
Non-atomic steps ratio: 0.07751937984496124
Skip steps ratio: 0.03875968992248062
Invalid steps ratio: 0.3023255813953488
Correct and useful steps ratio: 0.5823643410852714
Unparseable steps ratio: 0.0
Incorrect steps ratio: 0.3023255813953488
Perplexity sample mean: nan
Perplexity sample std dev: nan
Number of examples: 100
Number of correct proof: 61
Proportion of proofs that contain the correct proof: 0.61
Proportion of proofs that only contain correct, non-atomic, or skip steps: 0.31
Proportion of correct proofs that contain a "useless branch":          0.0
Proportion of correct proofs that contain a "useful skip step":        0.0
Proportion of correct proofs that contain a "useless skip step":       0.0
Proportion of correct proofs that contain a "useful non-atomic step":  0.06557377049180328
Proportion of correct proofs that contain a "useless non-atomic step": 0.0
Proportion of correct proofs that contain an "invalid step":           0.0
Proportion of correct proofs that contain a "useless branch" AND "useful non-atomic step": 0.0
Proportion of correct proofs that contain a "useless branch" AND "useless non-atomic step": 0.0
Proportion of correct proofs that contain a "useless branch" AND "invalid step": 0.0
Proportion of correct proofs that contain a "useless branch" AND "useful non-atomic step" AND "invalid step": 0.0
Proportion of correct proofs with ANY OF THE ABOVE:                    0.7213114754098361
Proportion of incorrect proofs that contain a "useless branch":          0.0
Proportion of incorrect proofs that contain a "useful skip step":        0.0
Proportion of incorrect proofs that contain a "useless skip step":       0.0
Proportion of incorrect proofs that contain a "useful non-atomic step":  0.02564102564102564
Proportion of incorrect proofs that contain a "useless non-atomic step": 0.0
Proportion of incorrect proofs that contain an "invalid step":           0.7692307692307693
Proportion of incorrect proofs that contain a "useless branch" AND "useful non-atomic step": 0.0
Proportion of incorrect proofs that contain a "useless branch" AND "useless non-atomic step": 0.0
Proportion of incorrect proofs that contain a "useless branch" AND "invalid step": 0.0
Proportion of incorrect proofs that contain a "useless branch" AND "useful non-atomic step" AND "invalid step": 0.0
Proportion of incorrect proofs with ANY OF THE ABOVE:                    0.8974358974358975

Proportion of ALL proofs that are strictly correct: 0.17
Proportion of ALL proofs that would be correct if "skip steps" are considered correct: 0.17
Proportion of ALL proofs that would be correct if "non-atomic steps" are considered correct: 0.61
Proportion of ALL proofs that would be correct if both "skip steps" and "non-atomic steps" are considered correct: 0.61

Proportion of correct proofs where the "useless branch" is the first mistake: 0.0
Proportion of correct proofs where the "useful skip step" is the first mistake: 0.5081967213114754
Proportion of correct proofs where the "useless skip step" is the first mistake: 0.0
Proportion of correct proofs where the "useful non-atomic step" is the first mistake: 0.19672131147540983
Proportion of correct proofs where the "useless non-atomic step" is the first mistake: 0.0
Proportion of correct proofs where the "invalid step" is the first mistake: 0.01639344262295082
Proportion of incorrect proofs where the "useless branch" is the first mistake: 0.0
Proportion of incorrect proofs where the "useful skip step" is the first mistake: 0.0
Proportion of incorrect proofs where the "useless skip step" is the first mistake: 0.0
Proportion of incorrect proofs where the "useful non-atomic step" is the first mistake: 0.05128205128205128
Proportion of incorrect proofs where the "useless non-atomic step" is the first mistake: 0.0
Proportion of incorrect proofs where the "invalid step" is the first mistake: 0.8461538461538461
incorrect_proof_ids_with_skip_steps: [3, 4, 5, 6, 7, 8, 9, 10, 11, 12, 15, 16, 17, 18, 19, 20, 23, 24, 25, 26, 27, 28, 29, 30, 31, 32, 33, 34, 35, 36, 37, 38, 39, 40, 41, 43, 44, 45, 46, 47, 49, 50, 54, 55, 56, 57, 59, 60, 61, 62, 63, 64, 65, 66, 67, 69, 70, 72, 73, 74, 75, 76, 77, 78, 79, 80, 81, 82, 83, 84, 86, 87, 88, 89, 90, 91, 92, 93, 94, 95, 96, 97, 100]
incorrect_proof_ids_with_skip_or_non_atomic_steps: [4, 6, 9, 10, 12, 16, 19, 24, 25, 27, 32, 34, 36, 38, 41, 45, 49, 55, 56, 57, 59, 61, 62, 63, 64, 65, 67, 73, 76, 77, 80, 81, 84, 90, 91, 92, 94, 95, 96]
incorrect_proof_ids_with_skip_or_non_atomic_steps \ incorrect_proof_ids_with_skip_steps: [3, 5, 7, 8, 11, 15, 17, 18, 20, 23, 26, 28, 29, 30, 31, 33, 35, 37, 39, 40, 43, 44, 46, 47, 50, 54, 60, 66, 69, 70, 72, 74, 75, 78, 79, 82, 83, 86, 87, 88, 89, 93, 97, 100]

Hop 5
There were errors during semantic parsing for file TinyLlama_v1_1_andelim_5hop_AndElim_3shot_nodistractor.log:
Correct steps: 685
Total steps: 1366
Correct steps ratio: 0.5014641288433382
Non-atomic steps ratio: 0.07247437774524158
Skip steps ratio: 0.032210834553440704
Invalid steps ratio: 0.3850658857979502
Correct and useful steps ratio: 0.5014641288433382
Unparseable steps ratio: 0.0
Incorrect steps ratio: 0.3850658857979502
Perplexity sample mean: nan
Perplexity sample std dev: nan
Number of examples: 100
Number of correct proof: 46
Proportion of proofs that contain the correct proof: 0.46
Proportion of proofs that only contain correct, non-atomic, or skip steps: 0.21
Proportion of correct proofs that contain a "useless branch":          0.0
Proportion of correct proofs that contain a "useful skip step":        0.0
Proportion of correct proofs that contain a "useless skip step":       0.0
Proportion of correct proofs that contain a "useful non-atomic step":  0.043478260869565216
Proportion of correct proofs that contain a "useless non-atomic step": 0.0
Proportion of correct proofs that contain an "invalid step":           0.021739130434782608
Proportion of correct proofs that contain a "useless branch" AND "useful non-atomic step": 0.0
Proportion of correct proofs that contain a "useless branch" AND "useless non-atomic step": 0.0
Proportion of correct proofs that contain a "useless branch" AND "invalid step": 0.0
Proportion of correct proofs that contain a "useless branch" AND "useful non-atomic step" AND "invalid step": 0.0
Proportion of correct proofs with ANY OF THE ABOVE:                    0.8043478260869565
Proportion of incorrect proofs that contain a "useless branch":          0.0
Proportion of incorrect proofs that contain a "useful skip step":        0.0
Proportion of incorrect proofs that contain a "useless skip step":       0.0
Proportion of incorrect proofs that contain a "useful non-atomic step":  0.05555555555555555
Proportion of incorrect proofs that contain a "useless non-atomic step": 0.0
Proportion of incorrect proofs that contain an "invalid step":           0.6851851851851852
Proportion of incorrect proofs that contain a "useless branch" AND "useful non-atomic step": 0.0
Proportion of incorrect proofs that contain a "useless branch" AND "useless non-atomic step": 0.0
Proportion of incorrect proofs that contain a "useless branch" AND "invalid step": 0.0
Proportion of incorrect proofs that contain a "useless branch" AND "useful non-atomic step" AND "invalid step": 0.0
Proportion of incorrect proofs with ANY OF THE ABOVE:                    0.9444444444444444

Proportion of ALL proofs that are strictly correct: 0.1
Proportion of ALL proofs that would be correct if "skip steps" are considered correct: 0.1
Proportion of ALL proofs that would be correct if "non-atomic steps" are considered correct: 0.46
Proportion of ALL proofs that would be correct if both "skip steps" and "non-atomic steps" are considered correct: 0.46

Proportion of correct proofs where the "useless branch" is the first mistake: 0.0
Proportion of correct proofs where the "useful skip step" is the first mistake: 0.5652173913043478
Proportion of correct proofs where the "useless skip step" is the first mistake: 0.0
Proportion of correct proofs where the "useful non-atomic step" is the first mistake: 0.17391304347826086
Proportion of correct proofs where the "useless non-atomic step" is the first mistake: 0.043478260869565216
Proportion of correct proofs where the "invalid step" is the first mistake: 0.021739130434782608
Proportion of incorrect proofs where the "useless branch" is the first mistake: 0.0
Proportion of incorrect proofs where the "useful skip step" is the first mistake: 0.12962962962962962
Proportion of incorrect proofs where the "useless skip step" is the first mistake: 0.0
Proportion of incorrect proofs where the "useful non-atomic step" is the first mistake: 0.07407407407407407
Proportion of incorrect proofs where the "useless non-atomic step" is the first mistake: 0.0
Proportion of incorrect proofs where the "invalid step" is the first mistake: 0.7407407407407407
incorrect_proof_ids_with_skip_steps: [1, 2, 3, 4, 5, 6, 9, 10, 11, 12, 14, 15, 16, 17, 19, 20, 21, 22, 23, 24, 25, 26, 27, 28, 29, 30, 31, 32, 33, 34, 36, 37, 38, 39, 40, 41, 42, 43, 44, 45, 46, 47, 48, 49, 50, 51, 52, 53, 54, 55, 57, 58, 60, 61, 62, 63, 64, 65, 66, 67, 68, 69, 70, 71, 72, 74, 75, 76, 77, 78, 79, 80, 81, 82, 83, 84, 85, 86, 87, 88, 90, 91, 92, 93, 94, 95, 96, 97, 98, 100]
incorrect_proof_ids_with_skip_or_non_atomic_steps: [1, 2, 5, 6, 9, 10, 11, 12, 14, 21, 22, 23, 24, 28, 30, 31, 33, 34, 36, 37, 40, 41, 42, 45, 47, 48, 49, 50, 54, 57, 61, 62, 63, 65, 66, 67, 68, 74, 76, 77, 79, 80, 81, 82, 83, 85, 88, 90, 91, 93, 94, 96, 97, 100]
incorrect_proof_ids_with_skip_or_non_atomic_steps \ incorrect_proof_ids_with_skip_steps: [3, 4, 15, 16, 17, 19, 20, 25, 26, 27, 29, 32, 38, 39, 43, 44, 46, 51, 52, 53, 55, 58, 60, 64, 69, 70, 71, 72, 75, 78, 84, 86, 87, 92, 95, 98]


4. OrIntro

Hop 1
Correct steps: 200
Total steps: 200
Correct steps ratio: 1.0
Non-atomic steps ratio: 0.0
Skip steps ratio: 0.0
Invalid steps ratio: 0.0
Correct and useful steps ratio: 1.0
Unparseable steps ratio: 0.0
Incorrect steps ratio: 0.0
Perplexity sample mean: nan
Perplexity sample std dev: nan
Number of examples: 100
Number of correct proof: 100
Proportion of proofs that contain the correct proof: 1.0
Proportion of proofs that only contain correct, non-atomic, or skip steps: 1.0
Proportion of correct proofs that contain a "useless branch":          0.0
Proportion of correct proofs that contain a "useful skip step":        0.0
Proportion of correct proofs that contain a "useless skip step":       0.0
Proportion of correct proofs that contain a "useful non-atomic step":  0.0
Proportion of correct proofs that contain a "useless non-atomic step": 0.0
Proportion of correct proofs that contain an "invalid step":           0.0
Proportion of correct proofs that contain a "useless branch" AND "useful non-atomic step": 0.0
Proportion of correct proofs that contain a "useless branch" AND "useless non-atomic step": 0.0
Proportion of correct proofs that contain a "useless branch" AND "invalid step": 0.0
Proportion of correct proofs that contain a "useless branch" AND "useful non-atomic step" AND "invalid step": 0.0
Proportion of correct proofs with ANY OF THE ABOVE:                    0.0
(there are no incorrect proofs)

Proportion of ALL proofs that are strictly correct: 1.0
Proportion of ALL proofs that would be correct if "skip steps" are considered correct: 1.0
Proportion of ALL proofs that would be correct if "non-atomic steps" are considered correct: 1.0
Proportion of ALL proofs that would be correct if both "skip steps" and "non-atomic steps" are considered correct: 1.0

Proportion of correct proofs where the "useless branch" is the first mistake: 0.0
Proportion of correct proofs where the "useful skip step" is the first mistake: 0.0
Proportion of correct proofs where the "useless skip step" is the first mistake: 0.0
Proportion of correct proofs where the "useful non-atomic step" is the first mistake: 0.0
Proportion of correct proofs where the "useless non-atomic step" is the first mistake: 0.0
Proportion of correct proofs where the "invalid step" is the first mistake: 0.0
(there are no incorrect proofs)
incorrect_proof_ids_with_skip_steps: []
incorrect_proof_ids_with_skip_or_non_atomic_steps: []
incorrect_proof_ids_with_skip_or_non_atomic_steps \ incorrect_proof_ids_with_skip_steps: []

Hop 2
Correct steps: 477
Total steps: 498
Correct steps ratio: 0.9578313253012049
Non-atomic steps ratio: 0.018072289156626505
Skip steps ratio: 0.0
Invalid steps ratio: 0.028112449799196786
Correct and useful steps ratio: 0.9457831325301205
Unparseable steps ratio: 0.0
Incorrect steps ratio: 0.028112449799196786
Perplexity sample mean: nan
Perplexity sample std dev: nan
Number of examples: 100
Number of correct proof: 93
Proportion of proofs that contain the correct proof: 0.93
Proportion of proofs that only contain correct, non-atomic, or skip steps: 0.96
Proportion of correct proofs that contain a "useless branch":          0.0
Proportion of correct proofs that contain a "useful skip step":        0.0
Proportion of correct proofs that contain a "useless skip step":       0.0
Proportion of correct proofs that contain a "useful non-atomic step":  0.021505376344086023
Proportion of correct proofs that contain a "useless non-atomic step": 0.0
Proportion of correct proofs that contain an "invalid step":           0.0
Proportion of correct proofs that contain a "useless branch" AND "useful non-atomic step": 0.0
Proportion of correct proofs that contain a "useless branch" AND "useless non-atomic step": 0.0
Proportion of correct proofs that contain a "useless branch" AND "invalid step": 0.0
Proportion of correct proofs that contain a "useless branch" AND "useful non-atomic step" AND "invalid step": 0.0
Proportion of correct proofs with ANY OF THE ABOVE:                    0.03225806451612903
Proportion of incorrect proofs that contain a "useless branch":          0.0
Proportion of incorrect proofs that contain a "useful skip step":        0.0
Proportion of incorrect proofs that contain a "useless skip step":       0.0
Proportion of incorrect proofs that contain a "useful non-atomic step":  0.0
Proportion of incorrect proofs that contain a "useless non-atomic step": 0.0
Proportion of incorrect proofs that contain an "invalid step":           0.42857142857142855
Proportion of incorrect proofs that contain a "useless branch" AND "useful non-atomic step": 0.0
Proportion of incorrect proofs that contain a "useless branch" AND "useless non-atomic step": 0.0
Proportion of incorrect proofs that contain a "useless branch" AND "invalid step": 0.0
Proportion of incorrect proofs that contain a "useless branch" AND "useful non-atomic step" AND "invalid step": 0.0
Proportion of incorrect proofs with ANY OF THE ABOVE:                    0.5714285714285714

Proportion of ALL proofs that are strictly correct: 0.92
Proportion of ALL proofs that would be correct if "skip steps" are considered correct: 0.92
Proportion of ALL proofs that would be correct if "non-atomic steps" are considered correct: 0.93
Proportion of ALL proofs that would be correct if both "skip steps" and "non-atomic steps" are considered correct: 0.93

Proportion of correct proofs where the "useless branch" is the first mistake: 0.0
Proportion of correct proofs where the "useful skip step" is the first mistake: 0.0
Proportion of correct proofs where the "useless skip step" is the first mistake: 0.0
Proportion of correct proofs where the "useful non-atomic step" is the first mistake: 0.03225806451612903
Proportion of correct proofs where the "useless non-atomic step" is the first mistake: 0.0
Proportion of correct proofs where the "invalid step" is the first mistake: 0.0
Proportion of incorrect proofs where the "useless branch" is the first mistake: 0.0
Proportion of incorrect proofs where the "useful skip step" is the first mistake: 0.0
Proportion of incorrect proofs where the "useless skip step" is the first mistake: 0.0
Proportion of incorrect proofs where the "useful non-atomic step" is the first mistake: 0.0
Proportion of incorrect proofs where the "useless non-atomic step" is the first mistake: 0.14285714285714285
Proportion of incorrect proofs where the "invalid step" is the first mistake: 0.42857142857142855
incorrect_proof_ids_with_skip_steps: [6, 8, 13, 23, 53, 56, 68, 87]
incorrect_proof_ids_with_skip_or_non_atomic_steps: [6, 8, 13, 23, 53, 56, 68]
incorrect_proof_ids_with_skip_or_non_atomic_steps \ incorrect_proof_ids_with_skip_steps: [87]

Hop 3
Correct steps: 447
Total steps: 797
Correct steps ratio: 0.560853199498118
Non-atomic steps ratio: 0.04140526976160602
Skip steps ratio: 0.030112923462986198
Invalid steps ratio: 0.36762860727728985
Correct and useful steps ratio: 0.451693851944793
Unparseable steps ratio: 0.0
Incorrect steps ratio: 0.36762860727728985
Perplexity sample mean: nan
Perplexity sample std dev: nan
Number of examples: 100
Number of correct proof: 47
Proportion of proofs that contain the correct proof: 0.47
Proportion of proofs that only contain correct, non-atomic, or skip steps: 0.31
Proportion of correct proofs that contain a "useless branch":          0.0
Proportion of correct proofs that contain a "useful skip step":        0.0
Proportion of correct proofs that contain a "useless skip step":       0.0
Proportion of correct proofs that contain a "useful non-atomic step":  0.0
Proportion of correct proofs that contain a "useless non-atomic step": 0.0
Proportion of correct proofs that contain an "invalid step":           0.0
Proportion of correct proofs that contain a "useless branch" AND "useful non-atomic step": 0.0
Proportion of correct proofs that contain a "useless branch" AND "useless non-atomic step": 0.0
Proportion of correct proofs that contain a "useless branch" AND "invalid step": 0.0
Proportion of correct proofs that contain a "useless branch" AND "useful non-atomic step" AND "invalid step": 0.0
Proportion of correct proofs with ANY OF THE ABOVE:                    0.48936170212765956
Proportion of incorrect proofs that contain a "useless branch":          0.0
Proportion of incorrect proofs that contain a "useful skip step":        0.0
Proportion of incorrect proofs that contain a "useless skip step":       0.0
Proportion of incorrect proofs that contain a "useful non-atomic step":  0.0
Proportion of incorrect proofs that contain a "useless non-atomic step": 0.0
Proportion of incorrect proofs that contain an "invalid step":           0.7358490566037735
Proportion of incorrect proofs that contain a "useless branch" AND "useful non-atomic step": 0.0
Proportion of incorrect proofs that contain a "useless branch" AND "useless non-atomic step": 0.0
Proportion of incorrect proofs that contain a "useless branch" AND "invalid step": 0.0
Proportion of incorrect proofs that contain a "useless branch" AND "useful non-atomic step" AND "invalid step": 0.0
Proportion of incorrect proofs with ANY OF THE ABOVE:                    0.9245283018867925

Proportion of ALL proofs that are strictly correct: 0.43
Proportion of ALL proofs that would be correct if "skip steps" are considered correct: 0.43
Proportion of ALL proofs that would be correct if "non-atomic steps" are considered correct: 0.47
Proportion of ALL proofs that would be correct if both "skip steps" and "non-atomic steps" are considered correct: 0.47

Proportion of correct proofs where the "useless branch" is the first mistake: 0.0
Proportion of correct proofs where the "useful skip step" is the first mistake: 0.2978723404255319
Proportion of correct proofs where the "useless skip step" is the first mistake: 0.0
Proportion of correct proofs where the "useful non-atomic step" is the first mistake: 0.1276595744680851
Proportion of correct proofs where the "useless non-atomic step" is the first mistake: 0.0
Proportion of correct proofs where the "invalid step" is the first mistake: 0.06382978723404255
Proportion of incorrect proofs where the "useless branch" is the first mistake: 0.0
Proportion of incorrect proofs where the "useful skip step" is the first mistake: 0.11320754716981132
Proportion of incorrect proofs where the "useless skip step" is the first mistake: 0.0
Proportion of incorrect proofs where the "useful non-atomic step" is the first mistake: 0.0
Proportion of incorrect proofs where the "useless non-atomic step" is the first mistake: 0.018867924528301886
Proportion of incorrect proofs where the "invalid step" is the first mistake: 0.7924528301886793
incorrect_proof_ids_with_skip_steps: [1, 2, 3, 7, 9, 10, 12, 14, 15, 16, 17, 19, 22, 23, 24, 27, 28, 30, 32, 33, 34, 36, 40, 43, 46, 49, 51, 52, 55, 57, 58, 60, 61, 63, 65, 66, 67, 68, 72, 73, 74, 75, 78, 79, 80, 83, 84, 85, 86, 88, 90, 91, 92, 94, 97, 98, 99]
incorrect_proof_ids_with_skip_or_non_atomic_steps: [2, 3, 7, 9, 10, 12, 14, 15, 16, 17, 19, 22, 23, 24, 27, 28, 30, 32, 33, 34, 36, 40, 43, 46, 49, 51, 52, 55, 57, 58, 60, 61, 63, 66, 67, 68, 72, 73, 74, 75, 78, 79, 80, 83, 86, 88, 90, 91, 92, 94, 97, 98, 99]
incorrect_proof_ids_with_skip_or_non_atomic_steps \ incorrect_proof_ids_with_skip_steps: [1, 65, 84, 85]

Hop 4
Correct steps: 528
Total steps: 1000
Correct steps ratio: 0.528
Non-atomic steps ratio: 0.05
Skip steps ratio: 0.041
Invalid steps ratio: 0.382
Correct and useful steps ratio: 0.449
Unparseable steps ratio: 0.0
Incorrect steps ratio: 0.382
Perplexity sample mean: nan
Perplexity sample std dev: nan
Number of examples: 100
Number of correct proof: 45
Proportion of proofs that contain the correct proof: 0.45
Proportion of proofs that only contain correct, non-atomic, or skip steps: 0.26
Proportion of correct proofs that contain a "useless branch":          0.0
Proportion of correct proofs that contain a "useful skip step":        0.0
Proportion of correct proofs that contain a "useless skip step":       0.0
Proportion of correct proofs that contain a "useful non-atomic step":  0.022222222222222223
Proportion of correct proofs that contain a "useless non-atomic step": 0.0
Proportion of correct proofs that contain an "invalid step":           0.0
Proportion of correct proofs that contain a "useless branch" AND "useful non-atomic step": 0.0
Proportion of correct proofs that contain a "useless branch" AND "useless non-atomic step": 0.0
Proportion of correct proofs that contain a "useless branch" AND "invalid step": 0.0
Proportion of correct proofs that contain a "useless branch" AND "useful non-atomic step" AND "invalid step": 0.0
Proportion of correct proofs with ANY OF THE ABOVE:                    0.7111111111111111
Proportion of incorrect proofs that contain a "useless branch":          0.0
Proportion of incorrect proofs that contain a "useful skip step":        0.0
Proportion of incorrect proofs that contain a "useless skip step":       0.0
Proportion of incorrect proofs that contain a "useful non-atomic step":  0.0
Proportion of incorrect proofs that contain a "useless non-atomic step": 0.0
Proportion of incorrect proofs that contain an "invalid step":           0.509090909090909
Proportion of incorrect proofs that contain a "useless branch" AND "useful non-atomic step": 0.0
Proportion of incorrect proofs that contain a "useless branch" AND "useless non-atomic step": 0.0
Proportion of incorrect proofs that contain a "useless branch" AND "invalid step": 0.0
Proportion of incorrect proofs that contain a "useless branch" AND "useful non-atomic step" AND "invalid step": 0.0
Proportion of incorrect proofs with ANY OF THE ABOVE:                    0.9636363636363636

Proportion of ALL proofs that are strictly correct: 0.42
Proportion of ALL proofs that would be correct if "skip steps" are considered correct: 0.42
Proportion of ALL proofs that would be correct if "non-atomic steps" are considered correct: 0.45
Proportion of ALL proofs that would be correct if both "skip steps" and "non-atomic steps" are considered correct: 0.45

Proportion of correct proofs where the "useless branch" is the first mistake: 0.0
Proportion of correct proofs where the "useful skip step" is the first mistake: 0.4222222222222222
Proportion of correct proofs where the "useless skip step" is the first mistake: 0.0
Proportion of correct proofs where the "useful non-atomic step" is the first mistake: 0.17777777777777778
Proportion of correct proofs where the "useless non-atomic step" is the first mistake: 0.0
Proportion of correct proofs where the "invalid step" is the first mistake: 0.1111111111111111
Proportion of incorrect proofs where the "useless branch" is the first mistake: 0.0
Proportion of incorrect proofs where the "useful skip step" is the first mistake: 0.09090909090909091
Proportion of incorrect proofs where the "useless skip step" is the first mistake: 0.0
Proportion of incorrect proofs where the "useful non-atomic step" is the first mistake: 0.0
Proportion of incorrect proofs where the "useless non-atomic step" is the first mistake: 0.07272727272727272
Proportion of incorrect proofs where the "invalid step" is the first mistake: 0.8
incorrect_proof_ids_with_skip_steps: [3, 4, 6, 10, 11, 13, 15, 18, 19, 21, 22, 24, 25, 26, 27, 28, 31, 33, 34, 35, 37, 38, 39, 40, 41, 42, 43, 44, 45, 46, 50, 51, 52, 53, 54, 56, 57, 58, 59, 64, 65, 67, 69, 70, 71, 72, 73, 74, 76, 80, 81, 84, 86, 87, 92, 95, 96, 100]
incorrect_proof_ids_with_skip_or_non_atomic_steps: [3, 4, 6, 10, 11, 13, 15, 18, 19, 22, 25, 26, 27, 28, 31, 33, 34, 35, 37, 38, 39, 40, 41, 42, 43, 44, 45, 46, 50, 51, 52, 53, 54, 56, 57, 58, 59, 64, 65, 67, 69, 70, 71, 72, 73, 74, 76, 80, 81, 84, 87, 92, 95, 96, 100]
incorrect_proof_ids_with_skip_or_non_atomic_steps \ incorrect_proof_ids_with_skip_steps: [21, 24, 86]

Hop 5
Correct steps: 581
Total steps: 1333
Correct steps ratio: 0.4358589647411853
Non-atomic steps ratio: 0.0555138784696174
Skip steps ratio: 0.04126031507876969
Invalid steps ratio: 0.4673668417104276
Correct and useful steps ratio: 0.3758439609902476
Unparseable steps ratio: 0.0
Incorrect steps ratio: 0.4673668417104276
Perplexity sample mean: nan
Perplexity sample std dev: nan
Number of examples: 100
Number of correct proof: 44
Proportion of proofs that contain the correct proof: 0.44
Proportion of proofs that only contain correct, non-atomic, or skip steps: 0.21
Proportion of correct proofs that contain a "useless branch":          0.0
Proportion of correct proofs that contain a "useful skip step":        0.0
Proportion of correct proofs that contain a "useless skip step":       0.0
Proportion of correct proofs that contain a "useful non-atomic step":  0.045454545454545456
Proportion of correct proofs that contain a "useless non-atomic step": 0.0
Proportion of correct proofs that contain an "invalid step":           0.022727272727272728
Proportion of correct proofs that contain a "useless branch" AND "useful non-atomic step": 0.0
Proportion of correct proofs that contain a "useless branch" AND "useless non-atomic step": 0.0
Proportion of correct proofs that contain a "useless branch" AND "invalid step": 0.0
Proportion of correct proofs that contain a "useless branch" AND "useful non-atomic step" AND "invalid step": 0.0
Proportion of correct proofs with ANY OF THE ABOVE:                    0.8863636363636364
Proportion of incorrect proofs that contain a "useless branch":          0.0
Proportion of incorrect proofs that contain a "useful skip step":        0.0
Proportion of incorrect proofs that contain a "useless skip step":       0.0
Proportion of incorrect proofs that contain a "useful non-atomic step":  0.0
Proportion of incorrect proofs that contain a "useless non-atomic step": 0.0
Proportion of incorrect proofs that contain an "invalid step":           0.48214285714285715
Proportion of incorrect proofs that contain a "useless branch" AND "useful non-atomic step": 0.0
Proportion of incorrect proofs that contain a "useless branch" AND "useless non-atomic step": 0.0
Proportion of incorrect proofs that contain a "useless branch" AND "invalid step": 0.0
Proportion of incorrect proofs that contain a "useless branch" AND "useful non-atomic step" AND "invalid step": 0.0
Proportion of incorrect proofs with ANY OF THE ABOVE:                    0.9642857142857143

Proportion of ALL proofs that are strictly correct: 0.4
Proportion of ALL proofs that would be correct if "skip steps" are considered correct: 0.4
Proportion of ALL proofs that would be correct if "non-atomic steps" are considered correct: 0.44
Proportion of ALL proofs that would be correct if both "skip steps" and "non-atomic steps" are considered correct: 0.44

Proportion of correct proofs where the "useless branch" is the first mistake: 0.0
Proportion of correct proofs where the "useful skip step" is the first mistake: 0.45454545454545453
Proportion of correct proofs where the "useless skip step" is the first mistake: 0.0
Proportion of correct proofs where the "useful non-atomic step" is the first mistake: 0.3181818181818182
Proportion of correct proofs where the "useless non-atomic step" is the first mistake: 0.0
Proportion of correct proofs where the "invalid step" is the first mistake: 0.11363636363636363
Proportion of incorrect proofs where the "useless branch" is the first mistake: 0.0
Proportion of incorrect proofs where the "useful skip step" is the first mistake: 0.07142857142857142
Proportion of incorrect proofs where the "useless skip step" is the first mistake: 0.0
Proportion of incorrect proofs where the "useful non-atomic step" is the first mistake: 0.03571428571428571
Proportion of incorrect proofs where the "useless non-atomic step" is the first mistake: 0.03571428571428571
Proportion of incorrect proofs where the "invalid step" is the first mistake: 0.8214285714285714
incorrect_proof_ids_with_skip_steps: [2, 4, 5, 6, 7, 8, 10, 12, 14, 16, 17, 19, 21, 25, 26, 27, 28, 29, 30, 34, 36, 37, 38, 39, 40, 41, 42, 43, 44, 46, 49, 53, 54, 55, 56, 58, 59, 60, 61, 63, 64, 68, 69, 72, 73, 74, 76, 78, 79, 80, 83, 84, 87, 90, 91, 96, 97, 98, 99, 100]
incorrect_proof_ids_with_skip_or_non_atomic_steps: [2, 4, 5, 6, 7, 10, 12, 14, 16, 17, 19, 21, 26, 27, 28, 29, 30, 34, 36, 37, 38, 39, 40, 42, 43, 44, 46, 49, 53, 54, 55, 56, 58, 59, 60, 61, 63, 64, 68, 69, 72, 73, 74, 76, 78, 79, 83, 84, 87, 90, 91, 96, 97, 98, 99, 100]
incorrect_proof_ids_with_skip_or_non_atomic_steps \ incorrect_proof_ids_with_skip_steps: [8, 25, 41, 80]
