1. ModusPonens

Hop 1
Correct steps: 266
Total steps: 285
Correct steps ratio: 0.9333333333333333
Non-atomic steps ratio: 0.05263157894736842
Skip steps ratio: 0.0
Invalid steps ratio: 0.06666666666666667
Correct and useful steps ratio: 0.9333333333333333
Unparseable steps ratio: 0.0
Incorrect steps ratio: 0.06666666666666667
Perplexity sample mean: nan
Perplexity sample std dev: nan
Number of examples: 100
Number of correct proof: 97
Proportion of proofs that contain the correct proof: 0.97
Proportion of proofs that only contain correct, non-atomic, or skip steps: 0.96
Proportion of correct proofs that contain a "useless branch":          0.0
Proportion of correct proofs that contain a "useful skip step":        0.0
Proportion of correct proofs that contain a "useless skip step":       0.0
Proportion of correct proofs that contain a "useful non-atomic step":  0.010309278350515464
Proportion of correct proofs that contain a "useless non-atomic step": 0.0
Proportion of correct proofs that contain an "invalid step":           0.0
Proportion of correct proofs that contain a "useless branch" AND "useful non-atomic step": 0.0
Proportion of correct proofs that contain a "useless branch" AND "useless non-atomic step": 0.0
Proportion of correct proofs that contain a "useless branch" AND "invalid step": 0.0
Proportion of correct proofs that contain a "useless branch" AND "useful non-atomic step" AND "invalid step": 0.0
Proportion of correct proofs with ANY OF THE ABOVE:                    0.14432989690721648
Proportion of incorrect proofs that contain a "useless branch":          0.0
Proportion of incorrect proofs that contain a "useful skip step":        0.0
Proportion of incorrect proofs that contain a "useless skip step":       0.0
Proportion of incorrect proofs that contain a "useful non-atomic step":  0.0
Proportion of incorrect proofs that contain a "useless non-atomic step": 0.0
Proportion of incorrect proofs that contain an "invalid step":           1.0
Proportion of incorrect proofs that contain a "useless branch" AND "useful non-atomic step": 0.0
Proportion of incorrect proofs that contain a "useless branch" AND "useless non-atomic step": 0.0
Proportion of incorrect proofs that contain a "useless branch" AND "invalid step": 0.0
Proportion of incorrect proofs that contain a "useless branch" AND "useful non-atomic step" AND "invalid step": 0.0
Proportion of incorrect proofs with ANY OF THE ABOVE:                    1.0

Proportion of ALL proofs that are strictly correct: 0.83
Proportion of ALL proofs that would be correct if "skip steps" are considered correct: 0.83
Proportion of ALL proofs that would be correct if "non-atomic steps" are considered correct: 0.97
Proportion of ALL proofs that would be correct if both "skip steps" and "non-atomic steps" are considered correct: 0.97

Proportion of correct proofs where the "useless branch" is the first mistake: 0.0
Proportion of correct proofs where the "useful skip step" is the first mistake: 0.0
Proportion of correct proofs where the "useless skip step" is the first mistake: 0.0
Proportion of correct proofs where the "useful non-atomic step" is the first mistake: 0.010309278350515464
Proportion of correct proofs where the "useless non-atomic step" is the first mistake: 0.0
Proportion of correct proofs where the "invalid step" is the first mistake: 0.13402061855670103
Proportion of incorrect proofs where the "useless branch" is the first mistake: 0.0
Proportion of incorrect proofs where the "useful skip step" is the first mistake: 0.0
Proportion of incorrect proofs where the "useless skip step" is the first mistake: 0.0
Proportion of incorrect proofs where the "useful non-atomic step" is the first mistake: 0.0
Proportion of incorrect proofs where the "useless non-atomic step" is the first mistake: 0.0
Proportion of incorrect proofs where the "invalid step" is the first mistake: 1.0
incorrect_proof_ids_with_skip_steps: [1, 8, 38, 39, 44, 50, 52, 58, 65, 67, 68, 77, 80, 83, 87, 92, 100]
incorrect_proof_ids_with_skip_or_non_atomic_steps: [1, 8, 87]
incorrect_proof_ids_with_skip_or_non_atomic_steps \ incorrect_proof_ids_with_skip_steps: [38, 39, 44, 50, 52, 58, 65, 67, 68, 77, 80, 83, 92, 100]

Hop 2
There were errors during semantic parsing for file gemma3_1b_it_modusponens_2hop_ProofsOnly_3shot_nodistractor.log:
Correct steps: 359
Total steps: 446
Correct steps ratio: 0.804932735426009
Non-atomic steps ratio: 0.07623318385650224
Skip steps ratio: 0.004484304932735426
Invalid steps ratio: 0.18834080717488788
Correct and useful steps ratio: 0.804932735426009
Unparseable steps ratio: 0.033632286995515695
Incorrect steps ratio: 0.18834080717488788
Perplexity sample mean: nan
Perplexity sample std dev: nan
Number of examples: 100
Number of correct proof: 63
Proportion of proofs that contain the correct proof: 0.63
Proportion of proofs that only contain correct, non-atomic, or skip steps: 0.35
Proportion of correct proofs that contain a "useless branch":          0.0
Proportion of correct proofs that contain a "useful skip step":        0.0
Proportion of correct proofs that contain a "useless skip step":       0.0
Proportion of correct proofs that contain a "useful non-atomic step":  0.4126984126984127
Proportion of correct proofs that contain a "useless non-atomic step": 0.0
Proportion of correct proofs that contain an "invalid step":           0.0
Proportion of correct proofs that contain a "useless branch" AND "useful non-atomic step": 0.0
Proportion of correct proofs that contain a "useless branch" AND "useless non-atomic step": 0.0
Proportion of correct proofs that contain a "useless branch" AND "invalid step": 0.0
Proportion of correct proofs that contain a "useless branch" AND "useful non-atomic step" AND "invalid step": 0.0
Proportion of correct proofs with ANY OF THE ABOVE:                    0.49206349206349204
Proportion of incorrect proofs that contain a "useless branch":          0.0
Proportion of incorrect proofs that contain a "useful skip step":        0.0
Proportion of incorrect proofs that contain a "useless skip step":       0.0
Proportion of incorrect proofs that contain a "useful non-atomic step":  0.0
Proportion of incorrect proofs that contain a "useless non-atomic step": 0.0
Proportion of incorrect proofs that contain an "invalid step":           0.972972972972973
Proportion of incorrect proofs that contain a "useless branch" AND "useful non-atomic step": 0.0
Proportion of incorrect proofs that contain a "useless branch" AND "useless non-atomic step": 0.0
Proportion of incorrect proofs that contain a "useless branch" AND "invalid step": 0.0
Proportion of incorrect proofs that contain a "useless branch" AND "useful non-atomic step" AND "invalid step": 0.0
Proportion of incorrect proofs with ANY OF THE ABOVE:                    0.972972972972973

Proportion of ALL proofs that are strictly correct: 0.32
Proportion of ALL proofs that would be correct if "skip steps" are considered correct: 0.32
Proportion of ALL proofs that would be correct if "non-atomic steps" are considered correct: 0.63
Proportion of ALL proofs that would be correct if both "skip steps" and "non-atomic steps" are considered correct: 0.63

Proportion of correct proofs where the "useless branch" is the first mistake: 0.0
Proportion of correct proofs where the "useful skip step" is the first mistake: 0.031746031746031744
Proportion of correct proofs where the "useless skip step" is the first mistake: 0.0
Proportion of correct proofs where the "useful non-atomic step" is the first mistake: 0.4126984126984127
Proportion of correct proofs where the "useless non-atomic step" is the first mistake: 0.0
Proportion of correct proofs where the "invalid step" is the first mistake: 0.047619047619047616
Proportion of incorrect proofs where the "useless branch" is the first mistake: 0.0
Proportion of incorrect proofs where the "useful skip step" is the first mistake: 0.0
Proportion of incorrect proofs where the "useless skip step" is the first mistake: 0.0
Proportion of incorrect proofs where the "useful non-atomic step" is the first mistake: 0.0
Proportion of incorrect proofs where the "useless non-atomic step" is the first mistake: 0.0
Proportion of incorrect proofs where the "invalid step" is the first mistake: 0.972972972972973
incorrect_proof_ids_with_skip_steps: [2, 3, 4, 5, 7, 8, 9, 10, 12, 13, 14, 15, 16, 17, 18, 20, 21, 22, 23, 24, 25, 31, 34, 35, 36, 37, 38, 39, 41, 43, 44, 45, 46, 48, 49, 50, 51, 53, 55, 56, 57, 58, 59, 60, 61, 64, 65, 66, 67, 69, 70, 71, 72, 73, 75, 76, 77, 78, 79, 80, 83, 84, 87, 90, 91, 98, 99, 100]
incorrect_proof_ids_with_skip_or_non_atomic_steps: [4, 9, 10, 12, 13, 18, 20, 21, 23, 24, 31, 35, 37, 38, 44, 46, 50, 51, 60, 61, 64, 66, 67, 70, 71, 72, 73, 75, 78, 79, 83, 84, 87, 90, 91, 99, 100]
incorrect_proof_ids_with_skip_or_non_atomic_steps \ incorrect_proof_ids_with_skip_steps: [2, 3, 5, 7, 8, 14, 15, 16, 17, 22, 25, 34, 36, 39, 41, 43, 45, 48, 49, 53, 55, 56, 57, 58, 59, 65, 69, 76, 77, 80, 98]

Hop 3
There were errors during semantic parsing for file gemma3_1b_it_modusponens_3hop_ProofsOnly_3shot_nodistractor.log:
Correct steps: 458
Total steps: 662
Correct steps ratio: 0.6918429003021148
Non-atomic steps ratio: 0.045317220543806644
Skip steps ratio: 0.006042296072507553
Invalid steps ratio: 0.2930513595166163
Correct and useful steps ratio: 0.6918429003021148
Unparseable steps ratio: 0.05740181268882175
Incorrect steps ratio: 0.2930513595166163
Perplexity sample mean: nan
Perplexity sample std dev: nan
Number of examples: 100
Number of correct proof: 26
Proportion of proofs that contain the correct proof: 0.26
Proportion of proofs that only contain correct, non-atomic, or skip steps: 0.09
Proportion of correct proofs that contain a "useless branch":          0.0
Proportion of correct proofs that contain a "useful skip step":        0.0
Proportion of correct proofs that contain a "useless skip step":       0.0
Proportion of correct proofs that contain a "useful non-atomic step":  0.6153846153846154
Proportion of correct proofs that contain a "useless non-atomic step": 0.0
Proportion of correct proofs that contain an "invalid step":           0.0
Proportion of correct proofs that contain a "useless branch" AND "useful non-atomic step": 0.0
Proportion of correct proofs that contain a "useless branch" AND "useless non-atomic step": 0.0
Proportion of correct proofs that contain a "useless branch" AND "invalid step": 0.0
Proportion of correct proofs that contain a "useless branch" AND "useful non-atomic step" AND "invalid step": 0.0
Proportion of correct proofs with ANY OF THE ABOVE:                    0.8461538461538461
Proportion of incorrect proofs that contain a "useless branch":          0.0
Proportion of incorrect proofs that contain a "useful skip step":        0.0
Proportion of incorrect proofs that contain a "useless skip step":       0.0
Proportion of incorrect proofs that contain a "useful non-atomic step":  0.0
Proportion of incorrect proofs that contain a "useless non-atomic step": 0.0
Proportion of incorrect proofs that contain an "invalid step":           0.9324324324324325
Proportion of incorrect proofs that contain a "useless branch" AND "useful non-atomic step": 0.0
Proportion of incorrect proofs that contain a "useless branch" AND "useless non-atomic step": 0.0
Proportion of incorrect proofs that contain a "useless branch" AND "invalid step": 0.0
Proportion of incorrect proofs that contain a "useless branch" AND "useful non-atomic step" AND "invalid step": 0.0
Proportion of incorrect proofs with ANY OF THE ABOVE:                    0.9864864864864865

Proportion of ALL proofs that are strictly correct: 0.05
Proportion of ALL proofs that would be correct if "skip steps" are considered correct: 0.05
Proportion of ALL proofs that would be correct if "non-atomic steps" are considered correct: 0.26
Proportion of ALL proofs that would be correct if both "skip steps" and "non-atomic steps" are considered correct: 0.26

Proportion of correct proofs where the "useless branch" is the first mistake: 0.0
Proportion of correct proofs where the "useful skip step" is the first mistake: 0.038461538461538464
Proportion of correct proofs where the "useless skip step" is the first mistake: 0.0
Proportion of correct proofs where the "useful non-atomic step" is the first mistake: 0.6153846153846154
Proportion of correct proofs where the "useless non-atomic step" is the first mistake: 0.0
Proportion of correct proofs where the "invalid step" is the first mistake: 0.19230769230769232
Proportion of incorrect proofs where the "useless branch" is the first mistake: 0.0
Proportion of incorrect proofs where the "useful skip step" is the first mistake: 0.0
Proportion of incorrect proofs where the "useless skip step" is the first mistake: 0.0
Proportion of incorrect proofs where the "useful non-atomic step" is the first mistake: 0.013513513513513514
Proportion of incorrect proofs where the "useless non-atomic step" is the first mistake: 0.013513513513513514
Proportion of incorrect proofs where the "invalid step" is the first mistake: 0.9594594594594594
incorrect_proof_ids_with_skip_steps: [1, 2, 3, 4, 5, 6, 7, 8, 9, 10, 11, 12, 13, 14, 15, 16, 17, 18, 19, 20, 21, 22, 23, 24, 26, 27, 28, 29, 30, 31, 32, 33, 34, 35, 37, 38, 39, 40, 41, 43, 45, 46, 47, 48, 49, 50, 51, 52, 53, 54, 55, 56, 57, 58, 59, 60, 61, 62, 63, 64, 65, 66, 67, 68, 69, 70, 71, 72, 73, 74, 75, 76, 77, 78, 79, 80, 81, 82, 83, 84, 85, 86, 87, 89, 90, 91, 92, 93, 94, 95, 96, 97, 98, 99, 100]
incorrect_proof_ids_with_skip_or_non_atomic_steps: [3, 6, 7, 8, 9, 10, 11, 12, 13, 14, 15, 16, 17, 18, 19, 21, 22, 23, 24, 27, 28, 29, 30, 31, 33, 34, 35, 37, 39, 40, 41, 43, 45, 46, 47, 48, 49, 50, 51, 52, 53, 54, 55, 57, 59, 62, 64, 66, 67, 68, 69, 70, 72, 73, 74, 77, 79, 80, 81, 82, 83, 84, 85, 86, 90, 91, 92, 93, 94, 95, 96, 97, 99, 100]
incorrect_proof_ids_with_skip_or_non_atomic_steps \ incorrect_proof_ids_with_skip_steps: [1, 2, 4, 5, 20, 26, 32, 38, 56, 58, 60, 61, 63, 65, 71, 75, 76, 78, 87, 89, 98]

Hop 4
There were errors during semantic parsing for file gemma3_1b_it_modusponens_4hop_ProofsOnly_3shot_nodistractor.log:
Correct steps: 649
Total steps: 934
Correct steps ratio: 0.6948608137044968
Non-atomic steps ratio: 0.03640256959314775
Skip steps ratio: 0.007494646680942184
Invalid steps ratio: 0.28586723768736616
Correct and useful steps ratio: 0.6927194860813705
Unparseable steps ratio: 0.09100642398286937
Incorrect steps ratio: 0.28586723768736616
Perplexity sample mean: nan
Perplexity sample std dev: nan
Number of examples: 100
Number of correct proof: 27
Proportion of proofs that contain the correct proof: 0.27
Proportion of proofs that only contain correct, non-atomic, or skip steps: 0.07
Proportion of correct proofs that contain a "useless branch":          0.0
Proportion of correct proofs that contain a "useful skip step":        0.0
Proportion of correct proofs that contain a "useless skip step":       0.0
Proportion of correct proofs that contain a "useful non-atomic step":  0.8888888888888888
Proportion of correct proofs that contain a "useless non-atomic step": 0.0
Proportion of correct proofs that contain an "invalid step":           0.0
Proportion of correct proofs that contain a "useless branch" AND "useful non-atomic step": 0.0
Proportion of correct proofs that contain a "useless branch" AND "useless non-atomic step": 0.0
Proportion of correct proofs that contain a "useless branch" AND "invalid step": 0.0
Proportion of correct proofs that contain a "useless branch" AND "useful non-atomic step" AND "invalid step": 0.0
Proportion of correct proofs with ANY OF THE ABOVE:                    0.9629629629629629
Proportion of incorrect proofs that contain a "useless branch":          0.0
Proportion of incorrect proofs that contain a "useful skip step":        0.0
Proportion of incorrect proofs that contain a "useless skip step":       0.0
Proportion of incorrect proofs that contain a "useful non-atomic step":  0.0
Proportion of incorrect proofs that contain a "useless non-atomic step": 0.0
Proportion of incorrect proofs that contain an "invalid step":           0.821917808219178
Proportion of incorrect proofs that contain a "useless branch" AND "useful non-atomic step": 0.0
Proportion of incorrect proofs that contain a "useless branch" AND "useless non-atomic step": 0.0
Proportion of incorrect proofs that contain a "useless branch" AND "invalid step": 0.0
Proportion of incorrect proofs that contain a "useless branch" AND "useful non-atomic step" AND "invalid step": 0.0
Proportion of incorrect proofs with ANY OF THE ABOVE:                    0.9452054794520548

Proportion of ALL proofs that are strictly correct: 0.02
Proportion of ALL proofs that would be correct if "skip steps" are considered correct: 0.02
Proportion of ALL proofs that would be correct if "non-atomic steps" are considered correct: 0.27
Proportion of ALL proofs that would be correct if both "skip steps" and "non-atomic steps" are considered correct: 0.27

Proportion of correct proofs where the "useless branch" is the first mistake: 0.0
Proportion of correct proofs where the "useful skip step" is the first mistake: 0.0
Proportion of correct proofs where the "useless skip step" is the first mistake: 0.0
Proportion of correct proofs where the "useful non-atomic step" is the first mistake: 0.9259259259259259
Proportion of correct proofs where the "useless non-atomic step" is the first mistake: 0.0
Proportion of correct proofs where the "invalid step" is the first mistake: 0.037037037037037035
Proportion of incorrect proofs where the "useless branch" is the first mistake: 0.0
Proportion of incorrect proofs where the "useful skip step" is the first mistake: 0.0410958904109589
Proportion of incorrect proofs where the "useless skip step" is the first mistake: 0.0
Proportion of incorrect proofs where the "useful non-atomic step" is the first mistake: 0.0
Proportion of incorrect proofs where the "useless non-atomic step" is the first mistake: 0.0136986301369863
Proportion of incorrect proofs where the "invalid step" is the first mistake: 0.8904109589041096
incorrect_proof_ids_with_skip_steps: [1, 2, 3, 4, 5, 6, 7, 8, 9, 10, 11, 12, 13, 14, 15, 16, 17, 18, 19, 20, 21, 22, 23, 24, 25, 26, 27, 28, 29, 30, 31, 32, 33, 34, 35, 36, 37, 38, 39, 40, 41, 42, 43, 44, 45, 46, 47, 48, 49, 50, 51, 52, 53, 55, 56, 57, 58, 59, 60, 61, 62, 63, 64, 65, 66, 67, 68, 69, 70, 71, 72, 74, 75, 76, 77, 78, 79, 80, 81, 82, 83, 84, 85, 86, 87, 88, 89, 90, 91, 92, 93, 94, 95, 96, 97, 98, 99, 100]
incorrect_proof_ids_with_skip_or_non_atomic_steps: [1, 2, 4, 5, 6, 7, 9, 10, 11, 13, 14, 15, 16, 17, 19, 20, 22, 24, 25, 28, 30, 31, 34, 36, 38, 39, 40, 42, 43, 44, 46, 47, 50, 51, 52, 55, 57, 61, 62, 63, 64, 65, 67, 68, 69, 70, 72, 74, 75, 76, 77, 78, 79, 80, 81, 82, 83, 84, 85, 86, 87, 88, 89, 90, 91, 92, 93, 94, 95, 97, 98, 99, 100]
incorrect_proof_ids_with_skip_or_non_atomic_steps \ incorrect_proof_ids_with_skip_steps: [3, 8, 12, 18, 21, 23, 26, 27, 29, 32, 33, 35, 37, 41, 45, 48, 49, 53, 56, 58, 59, 60, 66, 71, 96]

Hop 5
There were errors during semantic parsing for file gemma3_1b_it_modusponens_5hop_ProofsOnly_3shot_nodistractor.log:
Correct steps: 992
Total steps: 1424
Correct steps ratio: 0.6966292134831461
Non-atomic steps ratio: 0.04424157303370786
Skip steps ratio: 0.009831460674157303
Invalid steps ratio: 0.27247191011235955
Correct and useful steps ratio: 0.6931179775280899
Unparseable steps ratio: 0.14185393258426968
Incorrect steps ratio: 0.27247191011235955
Perplexity sample mean: nan
Perplexity sample std dev: nan
Number of examples: 100
Number of correct proof: 40
Proportion of proofs that contain the correct proof: 0.4
Proportion of proofs that only contain correct, non-atomic, or skip steps: 0.09
Proportion of correct proofs that contain a "useless branch":          0.0
Proportion of correct proofs that contain a "useful skip step":        0.0
Proportion of correct proofs that contain a "useless skip step":       0.0
Proportion of correct proofs that contain a "useful non-atomic step":  0.625
Proportion of correct proofs that contain a "useless non-atomic step": 0.0
Proportion of correct proofs that contain an "invalid step":           0.0
Proportion of correct proofs that contain a "useless branch" AND "useful non-atomic step": 0.0
Proportion of correct proofs that contain a "useless branch" AND "useless non-atomic step": 0.0
Proportion of correct proofs that contain a "useless branch" AND "invalid step": 0.0
Proportion of correct proofs that contain a "useless branch" AND "useful non-atomic step" AND "invalid step": 0.0
Proportion of correct proofs with ANY OF THE ABOVE:                    0.975
Proportion of incorrect proofs that contain a "useless branch":          0.0
Proportion of incorrect proofs that contain a "useful skip step":        0.0
Proportion of incorrect proofs that contain a "useless skip step":       0.0
Proportion of incorrect proofs that contain a "useful non-atomic step":  0.0
Proportion of incorrect proofs that contain a "useless non-atomic step": 0.0
Proportion of incorrect proofs that contain an "invalid step":           0.7666666666666667
Proportion of incorrect proofs that contain a "useless branch" AND "useful non-atomic step": 0.0
Proportion of incorrect proofs that contain a "useless branch" AND "useless non-atomic step": 0.0
Proportion of incorrect proofs that contain a "useless branch" AND "invalid step": 0.0
Proportion of incorrect proofs that contain a "useless branch" AND "useful non-atomic step" AND "invalid step": 0.0
Proportion of incorrect proofs with ANY OF THE ABOVE:                    0.95

Proportion of ALL proofs that are strictly correct: 0.03
Proportion of ALL proofs that would be correct if "skip steps" are considered correct: 0.03
Proportion of ALL proofs that would be correct if "non-atomic steps" are considered correct: 0.4
Proportion of ALL proofs that would be correct if both "skip steps" and "non-atomic steps" are considered correct: 0.4

Proportion of correct proofs where the "useless branch" is the first mistake: 0.0
Proportion of correct proofs where the "useful skip step" is the first mistake: 0.05
Proportion of correct proofs where the "useless skip step" is the first mistake: 0.0
Proportion of correct proofs where the "useful non-atomic step" is the first mistake: 0.85
Proportion of correct proofs where the "useless non-atomic step" is the first mistake: 0.0
Proportion of correct proofs where the "invalid step" is the first mistake: 0.075
Proportion of incorrect proofs where the "useless branch" is the first mistake: 0.0
Proportion of incorrect proofs where the "useful skip step" is the first mistake: 0.13333333333333333
Proportion of incorrect proofs where the "useless skip step" is the first mistake: 0.0
Proportion of incorrect proofs where the "useful non-atomic step" is the first mistake: 0.016666666666666666
Proportion of incorrect proofs where the "useless non-atomic step" is the first mistake: 0.0
Proportion of incorrect proofs where the "invalid step" is the first mistake: 0.8
incorrect_proof_ids_with_skip_steps: [1, 2, 3, 4, 5, 6, 7, 8, 9, 10, 11, 12, 13, 14, 15, 16, 17, 18, 19, 20, 21, 22, 23, 24, 25, 26, 27, 28, 29, 30, 31, 32, 33, 34, 35, 36, 37, 38, 39, 40, 41, 42, 43, 44, 45, 46, 47, 48, 49, 50, 51, 52, 53, 54, 55, 56, 57, 58, 59, 60, 61, 63, 64, 65, 66, 68, 69, 70, 71, 72, 73, 74, 76, 77, 78, 79, 80, 81, 82, 83, 84, 85, 86, 87, 88, 89, 90, 91, 92, 93, 94, 95, 96, 97, 98, 99, 100]
incorrect_proof_ids_with_skip_or_non_atomic_steps: [1, 2, 5, 6, 7, 8, 9, 10, 11, 12, 15, 23, 28, 29, 32, 33, 34, 36, 37, 40, 41, 42, 44, 45, 46, 48, 50, 51, 52, 53, 57, 58, 60, 61, 63, 64, 68, 69, 70, 71, 73, 74, 76, 77, 78, 79, 80, 82, 83, 84, 86, 87, 88, 90, 91, 92, 93, 95, 96, 97]
incorrect_proof_ids_with_skip_or_non_atomic_steps \ incorrect_proof_ids_with_skip_steps: [3, 4, 13, 14, 16, 17, 18, 19, 20, 21, 22, 24, 25, 26, 27, 30, 31, 35, 38, 39, 43, 47, 49, 54, 55, 56, 59, 65, 66, 72, 81, 85, 89, 94, 98, 99, 100]


2. AndIntro

Hop 1
Correct steps: 274
Total steps: 286
Correct steps ratio: 0.958041958041958
Non-atomic steps ratio: 0.09090909090909091
Skip steps ratio: 0.0
Invalid steps ratio: 0.0
Correct and useful steps ratio: 0.958041958041958
Unparseable steps ratio: 0.0
Incorrect steps ratio: 0.0
Perplexity sample mean: nan
Perplexity sample std dev: nan
Number of examples: 100
Number of correct proof: 97
Proportion of proofs that contain the correct proof: 0.97
Proportion of proofs that only contain correct, non-atomic, or skip steps: 0.88
Proportion of correct proofs that contain a "useless branch":          0.0
Proportion of correct proofs that contain a "useful skip step":        0.0
Proportion of correct proofs that contain a "useless skip step":       0.0
Proportion of correct proofs that contain a "useful non-atomic step":  0.13402061855670103
Proportion of correct proofs that contain a "useless non-atomic step": 0.0
Proportion of correct proofs that contain an "invalid step":           0.0
Proportion of correct proofs that contain a "useless branch" AND "useful non-atomic step": 0.0
Proportion of correct proofs that contain a "useless branch" AND "useless non-atomic step": 0.0
Proportion of correct proofs that contain a "useless branch" AND "invalid step": 0.0
Proportion of correct proofs that contain a "useless branch" AND "useful non-atomic step" AND "invalid step": 0.0
Proportion of correct proofs with ANY OF THE ABOVE:                    0.13402061855670103
Proportion of incorrect proofs that contain a "useless branch":          0.0
Proportion of incorrect proofs that contain a "useful skip step":        0.0
Proportion of incorrect proofs that contain a "useless skip step":       0.0
Proportion of incorrect proofs that contain a "useful non-atomic step":  0.0
Proportion of incorrect proofs that contain a "useless non-atomic step": 0.0
Proportion of incorrect proofs that contain an "invalid step":           0.0
Proportion of incorrect proofs that contain a "useless branch" AND "useful non-atomic step": 0.0
Proportion of incorrect proofs that contain a "useless branch" AND "useless non-atomic step": 0.0
Proportion of incorrect proofs that contain a "useless branch" AND "invalid step": 0.0
Proportion of incorrect proofs that contain a "useless branch" AND "useful non-atomic step" AND "invalid step": 0.0
Proportion of incorrect proofs with ANY OF THE ABOVE:                    0.0

Proportion of ALL proofs that are strictly correct: 0.84
Proportion of ALL proofs that would be correct if "skip steps" are considered correct: 0.84
Proportion of ALL proofs that would be correct if "non-atomic steps" are considered correct: 0.97
Proportion of ALL proofs that would be correct if both "skip steps" and "non-atomic steps" are considered correct: 0.97

Proportion of correct proofs where the "useless branch" is the first mistake: 0.0
Proportion of correct proofs where the "useful skip step" is the first mistake: 0.0
Proportion of correct proofs where the "useless skip step" is the first mistake: 0.0
Proportion of correct proofs where the "useful non-atomic step" is the first mistake: 0.13402061855670103
Proportion of correct proofs where the "useless non-atomic step" is the first mistake: 0.0
Proportion of correct proofs where the "invalid step" is the first mistake: 0.0
Proportion of incorrect proofs where the "useless branch" is the first mistake: 0.0
Proportion of incorrect proofs where the "useful skip step" is the first mistake: 0.0
Proportion of incorrect proofs where the "useless skip step" is the first mistake: 0.0
Proportion of incorrect proofs where the "useful non-atomic step" is the first mistake: 0.0
Proportion of incorrect proofs where the "useless non-atomic step" is the first mistake: 0.0
Proportion of incorrect proofs where the "invalid step" is the first mistake: 0.0
incorrect_proof_ids_with_skip_steps: [2, 10, 19, 23, 26, 27, 33, 44, 50, 60, 64, 68, 82, 87, 92, 98]
incorrect_proof_ids_with_skip_or_non_atomic_steps: [27, 33, 82]
incorrect_proof_ids_with_skip_or_non_atomic_steps \ incorrect_proof_ids_with_skip_steps: [2, 10, 19, 23, 26, 44, 50, 60, 64, 68, 87, 92, 98]

Hop 2
There were errors during semantic parsing for file gemma3_1b_it_andintro_2hop_AndIntro_3shot_nodistractor.log:
Correct steps: 573
Total steps: 813
Correct steps ratio: 0.7047970479704797
Non-atomic steps ratio: 0.17835178351783518
Skip steps ratio: 0.0
Invalid steps ratio: 0.13407134071340712
Correct and useful steps ratio: 0.6691266912669127
Unparseable steps ratio: 0.055350553505535055
Incorrect steps ratio: 0.13407134071340712
Perplexity sample mean: nan
Perplexity sample std dev: nan
Number of examples: 100
Number of correct proof: 59
Proportion of proofs that contain the correct proof: 0.59
Proportion of proofs that only contain correct, non-atomic, or skip steps: 0.64
Proportion of correct proofs that contain a "useless branch":          0.0
Proportion of correct proofs that contain a "useful skip step":        0.0
Proportion of correct proofs that contain a "useless skip step":       0.0
Proportion of correct proofs that contain a "useful non-atomic step":  0.4406779661016949
Proportion of correct proofs that contain a "useless non-atomic step": 0.0
Proportion of correct proofs that contain an "invalid step":           0.0
Proportion of correct proofs that contain a "useless branch" AND "useful non-atomic step": 0.0
Proportion of correct proofs that contain a "useless branch" AND "useless non-atomic step": 0.0
Proportion of correct proofs that contain a "useless branch" AND "invalid step": 0.0
Proportion of correct proofs that contain a "useless branch" AND "useful non-atomic step" AND "invalid step": 0.0
Proportion of correct proofs with ANY OF THE ABOVE:                    0.7796610169491526
Proportion of incorrect proofs that contain a "useless branch":          0.0
Proportion of incorrect proofs that contain a "useful skip step":        0.0
Proportion of incorrect proofs that contain a "useless skip step":       0.0
Proportion of incorrect proofs that contain a "useful non-atomic step":  0.3902439024390244
Proportion of incorrect proofs that contain a "useless non-atomic step": 0.0
Proportion of incorrect proofs that contain an "invalid step":           0.2682926829268293
Proportion of incorrect proofs that contain a "useless branch" AND "useful non-atomic step": 0.0
Proportion of incorrect proofs that contain a "useless branch" AND "useless non-atomic step": 0.0
Proportion of incorrect proofs that contain a "useless branch" AND "invalid step": 0.0
Proportion of incorrect proofs that contain a "useless branch" AND "useful non-atomic step" AND "invalid step": 0.0
Proportion of incorrect proofs with ANY OF THE ABOVE:                    1.0

Proportion of ALL proofs that are strictly correct: 0.48
Proportion of ALL proofs that would be correct if "skip steps" are considered correct: 0.48
Proportion of ALL proofs that would be correct if "non-atomic steps" are considered correct: 0.59
Proportion of ALL proofs that would be correct if both "skip steps" and "non-atomic steps" are considered correct: 0.59

Proportion of correct proofs where the "useless branch" is the first mistake: 0.0
Proportion of correct proofs where the "useful skip step" is the first mistake: 0.0
Proportion of correct proofs where the "useless skip step" is the first mistake: 0.0
Proportion of correct proofs where the "useful non-atomic step" is the first mistake: 0.5423728813559322
Proportion of correct proofs where the "useless non-atomic step" is the first mistake: 0.1864406779661017
Proportion of correct proofs where the "invalid step" is the first mistake: 0.05084745762711865
Proportion of incorrect proofs where the "useless branch" is the first mistake: 0.0
Proportion of incorrect proofs where the "useful skip step" is the first mistake: 0.0
Proportion of incorrect proofs where the "useless skip step" is the first mistake: 0.0
Proportion of incorrect proofs where the "useful non-atomic step" is the first mistake: 0.6341463414634146
Proportion of incorrect proofs where the "useless non-atomic step" is the first mistake: 0.0
Proportion of incorrect proofs where the "invalid step" is the first mistake: 0.36585365853658536
incorrect_proof_ids_with_skip_steps: [6, 8, 10, 11, 14, 15, 16, 17, 18, 24, 25, 26, 27, 28, 29, 30, 32, 35, 36, 38, 41, 43, 44, 45, 46, 49, 53, 54, 56, 57, 58, 60, 62, 63, 65, 66, 68, 72, 73, 74, 77, 78, 85, 89, 90, 91, 92, 93, 94, 96, 97, 99]
incorrect_proof_ids_with_skip_or_non_atomic_steps: [6, 8, 10, 11, 14, 15, 16, 17, 24, 25, 26, 27, 29, 30, 32, 35, 36, 41, 43, 44, 45, 46, 53, 54, 57, 58, 60, 63, 65, 68, 72, 73, 74, 77, 85, 89, 90, 91, 94, 96, 97]
incorrect_proof_ids_with_skip_or_non_atomic_steps \ incorrect_proof_ids_with_skip_steps: [18, 28, 38, 49, 56, 62, 66, 78, 92, 93, 99]

Hop 3
There were errors during semantic parsing for file gemma3_1b_it_andintro_3hop_AndIntro_3shot_nodistractor.log:
Correct steps: 1002
Total steps: 1504
Correct steps ratio: 0.6662234042553191
Non-atomic steps ratio: 0.13829787234042554
Skip steps ratio: 0.0
Invalid steps ratio: 0.20611702127659576
Correct and useful steps ratio: 0.6170212765957447
Unparseable steps ratio: 0.06648936170212766
Incorrect steps ratio: 0.20611702127659576
Perplexity sample mean: nan
Perplexity sample std dev: nan
Number of examples: 100
Number of correct proof: 37
Proportion of proofs that contain the correct proof: 0.37
Proportion of proofs that only contain correct, non-atomic, or skip steps: 0.22
Proportion of correct proofs that contain a "useless branch":          0.0
Proportion of correct proofs that contain a "useful skip step":        0.0
Proportion of correct proofs that contain a "useless skip step":       0.0
Proportion of correct proofs that contain a "useful non-atomic step":  0.21621621621621623
Proportion of correct proofs that contain a "useless non-atomic step": 0.0
Proportion of correct proofs that contain an "invalid step":           0.0
Proportion of correct proofs that contain a "useless branch" AND "useful non-atomic step": 0.0
Proportion of correct proofs that contain a "useless branch" AND "useless non-atomic step": 0.0
Proportion of correct proofs that contain a "useless branch" AND "invalid step": 0.0
Proportion of correct proofs that contain a "useless branch" AND "useful non-atomic step" AND "invalid step": 0.0
Proportion of correct proofs with ANY OF THE ABOVE:                    1.0
Proportion of incorrect proofs that contain a "useless branch":          0.0
Proportion of incorrect proofs that contain a "useful skip step":        0.0
Proportion of incorrect proofs that contain a "useless skip step":       0.0
Proportion of incorrect proofs that contain a "useful non-atomic step":  0.15873015873015872
Proportion of incorrect proofs that contain a "useless non-atomic step": 0.0
Proportion of incorrect proofs that contain an "invalid step":           0.31746031746031744
Proportion of incorrect proofs that contain a "useless branch" AND "useful non-atomic step": 0.0
Proportion of incorrect proofs that contain a "useless branch" AND "useless non-atomic step": 0.0
Proportion of incorrect proofs that contain a "useless branch" AND "invalid step": 0.0
Proportion of incorrect proofs that contain a "useless branch" AND "useful non-atomic step" AND "invalid step": 0.0
Proportion of incorrect proofs with ANY OF THE ABOVE:                    0.9682539682539683

Proportion of ALL proofs that are strictly correct: 0.26
Proportion of ALL proofs that would be correct if "skip steps" are considered correct: 0.26
Proportion of ALL proofs that would be correct if "non-atomic steps" are considered correct: 0.37
Proportion of ALL proofs that would be correct if both "skip steps" and "non-atomic steps" are considered correct: 0.37

Proportion of correct proofs where the "useless branch" is the first mistake: 0.0
Proportion of correct proofs where the "useful skip step" is the first mistake: 0.0
Proportion of correct proofs where the "useless skip step" is the first mistake: 0.0
Proportion of correct proofs where the "useful non-atomic step" is the first mistake: 0.8108108108108109
Proportion of correct proofs where the "useless non-atomic step" is the first mistake: 0.13513513513513514
Proportion of correct proofs where the "invalid step" is the first mistake: 0.05405405405405406
Proportion of incorrect proofs where the "useless branch" is the first mistake: 0.0
Proportion of incorrect proofs where the "useful skip step" is the first mistake: 0.0
Proportion of incorrect proofs where the "useless skip step" is the first mistake: 0.0
Proportion of incorrect proofs where the "useful non-atomic step" is the first mistake: 0.4444444444444444
Proportion of incorrect proofs where the "useless non-atomic step" is the first mistake: 0.09523809523809523
Proportion of incorrect proofs where the "invalid step" is the first mistake: 0.42857142857142855
incorrect_proof_ids_with_skip_steps: [1, 2, 4, 5, 6, 8, 9, 10, 12, 13, 14, 15, 16, 17, 19, 23, 25, 28, 29, 30, 31, 33, 34, 35, 36, 38, 39, 40, 43, 45, 46, 47, 48, 49, 50, 52, 54, 55, 56, 57, 58, 59, 62, 63, 64, 65, 66, 67, 68, 70, 71, 72, 73, 74, 75, 76, 77, 78, 79, 80, 81, 82, 84, 87, 89, 90, 91, 92, 93, 94, 96, 97, 98, 99]
incorrect_proof_ids_with_skip_or_non_atomic_steps: [1, 2, 4, 5, 6, 8, 9, 10, 13, 14, 15, 16, 17, 25, 28, 29, 30, 31, 33, 35, 36, 38, 39, 40, 43, 45, 46, 47, 48, 50, 52, 54, 55, 56, 57, 58, 59, 62, 63, 64, 65, 66, 67, 68, 70, 73, 74, 75, 76, 77, 78, 79, 80, 81, 82, 84, 87, 90, 91, 92, 94, 97, 98]
incorrect_proof_ids_with_skip_or_non_atomic_steps \ incorrect_proof_ids_with_skip_steps: [12, 19, 23, 34, 49, 71, 72, 89, 93, 96, 99]

Hop 4
There were errors during semantic parsing for file gemma3_1b_it_andintro_4hop_AndIntro_3shot_nodistractor.log:
Correct steps: 1183
Total steps: 1825
Correct steps ratio: 0.6482191780821918
Non-atomic steps ratio: 0.1189041095890411
Skip steps ratio: 0.0
Invalid steps ratio: 0.2465753424657534
Correct and useful steps ratio: 0.623013698630137
Unparseable steps ratio: 0.06027397260273973
Incorrect steps ratio: 0.2465753424657534
Perplexity sample mean: nan
Perplexity sample std dev: nan
Number of examples: 100
Number of correct proof: 21
Proportion of proofs that contain the correct proof: 0.21
Proportion of proofs that only contain correct, non-atomic, or skip steps: 0.16
Proportion of correct proofs that contain a "useless branch":          0.0
Proportion of correct proofs that contain a "useful skip step":        0.0
Proportion of correct proofs that contain a "useless skip step":       0.0
Proportion of correct proofs that contain a "useful non-atomic step":  0.3333333333333333
Proportion of correct proofs that contain a "useless non-atomic step": 0.0
Proportion of correct proofs that contain an "invalid step":           0.0
Proportion of correct proofs that contain a "useless branch" AND "useful non-atomic step": 0.0
Proportion of correct proofs that contain a "useless branch" AND "useless non-atomic step": 0.0
Proportion of correct proofs that contain a "useless branch" AND "invalid step": 0.0
Proportion of correct proofs that contain a "useless branch" AND "useful non-atomic step" AND "invalid step": 0.0
Proportion of correct proofs with ANY OF THE ABOVE:                    1.0
Proportion of incorrect proofs that contain a "useless branch":          0.0
Proportion of incorrect proofs that contain a "useful skip step":        0.0
Proportion of incorrect proofs that contain a "useless skip step":       0.0
Proportion of incorrect proofs that contain a "useful non-atomic step":  0.10126582278481013
Proportion of incorrect proofs that contain a "useless non-atomic step": 0.012658227848101266
Proportion of incorrect proofs that contain an "invalid step":           0.3924050632911392
Proportion of incorrect proofs that contain a "useless branch" AND "useful non-atomic step": 0.0
Proportion of incorrect proofs that contain a "useless branch" AND "useless non-atomic step": 0.0
Proportion of incorrect proofs that contain a "useless branch" AND "invalid step": 0.0
Proportion of incorrect proofs that contain a "useless branch" AND "useful non-atomic step" AND "invalid step": 0.0
Proportion of incorrect proofs with ANY OF THE ABOVE:                    1.0

Proportion of ALL proofs that are strictly correct: 0.2
Proportion of ALL proofs that would be correct if "skip steps" are considered correct: 0.2
Proportion of ALL proofs that would be correct if "non-atomic steps" are considered correct: 0.21
Proportion of ALL proofs that would be correct if both "skip steps" and "non-atomic steps" are considered correct: 0.21

Proportion of correct proofs where the "useless branch" is the first mistake: 0.0
Proportion of correct proofs where the "useful skip step" is the first mistake: 0.0
Proportion of correct proofs where the "useless skip step" is the first mistake: 0.0
Proportion of correct proofs where the "useful non-atomic step" is the first mistake: 1.0
Proportion of correct proofs where the "useless non-atomic step" is the first mistake: 0.0
Proportion of correct proofs where the "invalid step" is the first mistake: 0.0
Proportion of incorrect proofs where the "useless branch" is the first mistake: 0.0
Proportion of incorrect proofs where the "useful skip step" is the first mistake: 0.0
Proportion of incorrect proofs where the "useless skip step" is the first mistake: 0.0
Proportion of incorrect proofs where the "useful non-atomic step" is the first mistake: 0.43037974683544306
Proportion of incorrect proofs where the "useless non-atomic step" is the first mistake: 0.12658227848101267
Proportion of incorrect proofs where the "invalid step" is the first mistake: 0.4430379746835443
incorrect_proof_ids_with_skip_steps: [2, 3, 4, 5, 6, 8, 9, 11, 12, 13, 14, 18, 19, 20, 21, 22, 24, 25, 26, 27, 28, 29, 30, 31, 32, 33, 34, 35, 36, 37, 38, 40, 42, 43, 44, 45, 46, 48, 49, 50, 51, 52, 53, 54, 55, 56, 57, 58, 60, 62, 64, 65, 68, 69, 70, 71, 72, 73, 74, 75, 77, 78, 79, 81, 82, 84, 85, 86, 87, 89, 90, 91, 92, 93, 94, 95, 96, 98, 99, 100]
incorrect_proof_ids_with_skip_or_non_atomic_steps: [2, 3, 4, 5, 6, 8, 9, 11, 12, 13, 14, 18, 19, 20, 21, 22, 24, 25, 26, 27, 28, 29, 30, 31, 32, 33, 34, 35, 36, 37, 38, 40, 42, 43, 44, 45, 46, 48, 49, 50, 51, 52, 53, 54, 55, 56, 57, 58, 60, 62, 64, 65, 68, 69, 70, 71, 72, 73, 74, 75, 77, 78, 79, 81, 82, 84, 86, 87, 89, 90, 91, 92, 93, 94, 95, 96, 98, 99, 100]
incorrect_proof_ids_with_skip_or_non_atomic_steps \ incorrect_proof_ids_with_skip_steps: [85]

Hop 5
There were errors during semantic parsing for file gemma3_1b_it_andintro_5hop_AndIntro_3shot_nodistractor.log:
Correct steps: 1157
Total steps: 1932
Correct steps ratio: 0.5988612836438924
Non-atomic steps ratio: 0.09265010351966874
Skip steps ratio: 0.0
Invalid steps ratio: 0.31573498964803315
Correct and useful steps ratio: 0.5771221532091098
Unparseable steps ratio: 0.06780538302277432
Incorrect steps ratio: 0.31573498964803315
Perplexity sample mean: nan
Perplexity sample std dev: nan
Number of examples: 100
Number of correct proof: 16
Proportion of proofs that contain the correct proof: 0.16
Proportion of proofs that only contain correct, non-atomic, or skip steps: 0.16
Proportion of correct proofs that contain a "useless branch":          0.0
Proportion of correct proofs that contain a "useful skip step":        0.0
Proportion of correct proofs that contain a "useless skip step":       0.0
Proportion of correct proofs that contain a "useful non-atomic step":  0.5625
Proportion of correct proofs that contain a "useless non-atomic step": 0.0
Proportion of correct proofs that contain an "invalid step":           0.0
Proportion of correct proofs that contain a "useless branch" AND "useful non-atomic step": 0.0
Proportion of correct proofs that contain a "useless branch" AND "useless non-atomic step": 0.0
Proportion of correct proofs that contain a "useless branch" AND "invalid step": 0.0
Proportion of correct proofs that contain a "useless branch" AND "useful non-atomic step" AND "invalid step": 0.0
Proportion of correct proofs with ANY OF THE ABOVE:                    1.0
Proportion of incorrect proofs that contain a "useless branch":          0.0
Proportion of incorrect proofs that contain a "useful skip step":        0.0
Proportion of incorrect proofs that contain a "useless skip step":       0.0
Proportion of incorrect proofs that contain a "useful non-atomic step":  0.07142857142857142
Proportion of incorrect proofs that contain a "useless non-atomic step": 0.011904761904761904
Proportion of incorrect proofs that contain an "invalid step":           0.38095238095238093
Proportion of incorrect proofs that contain a "useless branch" AND "useful non-atomic step": 0.0
Proportion of incorrect proofs that contain a "useless branch" AND "useless non-atomic step": 0.0
Proportion of incorrect proofs that contain a "useless branch" AND "invalid step": 0.0
Proportion of incorrect proofs that contain a "useless branch" AND "useful non-atomic step" AND "invalid step": 0.0
Proportion of incorrect proofs with ANY OF THE ABOVE:                    1.0

Proportion of ALL proofs that are strictly correct: 0.15
Proportion of ALL proofs that would be correct if "skip steps" are considered correct: 0.15
Proportion of ALL proofs that would be correct if "non-atomic steps" are considered correct: 0.16
Proportion of ALL proofs that would be correct if both "skip steps" and "non-atomic steps" are considered correct: 0.16

Proportion of correct proofs where the "useless branch" is the first mistake: 0.0
Proportion of correct proofs where the "useful skip step" is the first mistake: 0.0
Proportion of correct proofs where the "useless skip step" is the first mistake: 0.0
Proportion of correct proofs where the "useful non-atomic step" is the first mistake: 0.9375
Proportion of correct proofs where the "useless non-atomic step" is the first mistake: 0.0625
Proportion of correct proofs where the "invalid step" is the first mistake: 0.0
Proportion of incorrect proofs where the "useless branch" is the first mistake: 0.0
Proportion of incorrect proofs where the "useful skip step" is the first mistake: 0.0
Proportion of incorrect proofs where the "useless skip step" is the first mistake: 0.0
Proportion of incorrect proofs where the "useful non-atomic step" is the first mistake: 0.36904761904761907
Proportion of incorrect proofs where the "useless non-atomic step" is the first mistake: 0.20238095238095238
Proportion of incorrect proofs where the "invalid step" is the first mistake: 0.42857142857142855
incorrect_proof_ids_with_skip_steps: [1, 2, 3, 4, 5, 6, 7, 8, 9, 10, 11, 12, 13, 14, 15, 16, 19, 20, 21, 22, 23, 24, 26, 27, 28, 29, 30, 31, 32, 33, 34, 35, 36, 37, 40, 42, 43, 44, 45, 46, 49, 50, 51, 52, 53, 54, 55, 56, 58, 59, 60, 61, 63, 64, 65, 66, 67, 68, 69, 70, 71, 72, 73, 74, 75, 76, 77, 79, 80, 81, 82, 83, 84, 85, 86, 89, 91, 92, 93, 94, 95, 97, 98, 99, 100]
incorrect_proof_ids_with_skip_or_non_atomic_steps: [1, 2, 3, 4, 5, 6, 7, 8, 9, 10, 11, 12, 13, 14, 15, 16, 19, 20, 21, 22, 23, 24, 26, 27, 28, 29, 30, 31, 32, 33, 34, 35, 36, 37, 40, 42, 43, 44, 45, 46, 49, 50, 51, 52, 53, 54, 56, 58, 59, 60, 61, 63, 64, 65, 66, 67, 68, 69, 70, 71, 72, 73, 74, 75, 76, 77, 79, 80, 81, 82, 83, 84, 85, 86, 89, 91, 92, 93, 94, 95, 97, 98, 99, 100]
incorrect_proof_ids_with_skip_or_non_atomic_steps \ incorrect_proof_ids_with_skip_steps: [55]


3. AndElim

Hop 1
Correct steps: 200
Total steps: 200
Correct steps ratio: 1.0
Non-atomic steps ratio: 0.0
Skip steps ratio: 0.0
Invalid steps ratio: 0.0
Correct and useful steps ratio: 1.0
Unparseable steps ratio: 0.0
Incorrect steps ratio: 0.0
Perplexity sample mean: nan
Perplexity sample std dev: nan
Number of examples: 100
Number of correct proof: 100
Proportion of proofs that contain the correct proof: 1.0
Proportion of proofs that only contain correct, non-atomic, or skip steps: 1.0
Proportion of correct proofs that contain a "useless branch":          0.0
Proportion of correct proofs that contain a "useful skip step":        0.0
Proportion of correct proofs that contain a "useless skip step":       0.0
Proportion of correct proofs that contain a "useful non-atomic step":  0.0
Proportion of correct proofs that contain a "useless non-atomic step": 0.0
Proportion of correct proofs that contain an "invalid step":           0.0
Proportion of correct proofs that contain a "useless branch" AND "useful non-atomic step": 0.0
Proportion of correct proofs that contain a "useless branch" AND "useless non-atomic step": 0.0
Proportion of correct proofs that contain a "useless branch" AND "invalid step": 0.0
Proportion of correct proofs that contain a "useless branch" AND "useful non-atomic step" AND "invalid step": 0.0
Proportion of correct proofs with ANY OF THE ABOVE:                    0.0
(there are no incorrect proofs)

Proportion of ALL proofs that are strictly correct: 1.0
Proportion of ALL proofs that would be correct if "skip steps" are considered correct: 1.0
Proportion of ALL proofs that would be correct if "non-atomic steps" are considered correct: 1.0
Proportion of ALL proofs that would be correct if both "skip steps" and "non-atomic steps" are considered correct: 1.0

Proportion of correct proofs where the "useless branch" is the first mistake: 0.0
Proportion of correct proofs where the "useful skip step" is the first mistake: 0.0
Proportion of correct proofs where the "useless skip step" is the first mistake: 0.0
Proportion of correct proofs where the "useful non-atomic step" is the first mistake: 0.0
Proportion of correct proofs where the "useless non-atomic step" is the first mistake: 0.0
Proportion of correct proofs where the "invalid step" is the first mistake: 0.0
(there are no incorrect proofs)
incorrect_proof_ids_with_skip_steps: []
incorrect_proof_ids_with_skip_or_non_atomic_steps: []
incorrect_proof_ids_with_skip_or_non_atomic_steps \ incorrect_proof_ids_with_skip_steps: []

Hop 2
There were errors during semantic parsing for file gemma3_1b_it_andelim_2hop_AndElim_3shot_nodistractor.log:
Correct steps: 317
Total steps: 451
Correct steps ratio: 0.7028824833702882
Non-atomic steps ratio: 0.23059866962305986
Skip steps ratio: 0.0
Invalid steps ratio: 0.16851441241685144
Correct and useful steps ratio: 0.7028824833702882
Unparseable steps ratio: 0.06873614190687362
Incorrect steps ratio: 0.16851441241685144
Perplexity sample mean: nan
Perplexity sample std dev: nan
Number of examples: 100
Number of correct proof: 63
Proportion of proofs that contain the correct proof: 0.63
Proportion of proofs that only contain correct, non-atomic, or skip steps: 0.46
Proportion of correct proofs that contain a "useless branch":          0.0
Proportion of correct proofs that contain a "useful skip step":        0.0
Proportion of correct proofs that contain a "useless skip step":       0.0
Proportion of correct proofs that contain a "useful non-atomic step":  0.6666666666666666
Proportion of correct proofs that contain a "useless non-atomic step": 0.0
Proportion of correct proofs that contain an "invalid step":           0.015873015873015872
Proportion of correct proofs that contain a "useless branch" AND "useful non-atomic step": 0.0
Proportion of correct proofs that contain a "useless branch" AND "useless non-atomic step": 0.0
Proportion of correct proofs that contain a "useless branch" AND "invalid step": 0.0
Proportion of correct proofs that contain a "useless branch" AND "useful non-atomic step" AND "invalid step": 0.0
Proportion of correct proofs with ANY OF THE ABOVE:                    0.7777777777777778
Proportion of incorrect proofs that contain a "useless branch":          0.0
Proportion of incorrect proofs that contain a "useful skip step":        0.0
Proportion of incorrect proofs that contain a "useless skip step":       0.0
Proportion of incorrect proofs that contain a "useful non-atomic step":  0.02702702702702703
Proportion of incorrect proofs that contain a "useless non-atomic step": 0.05405405405405406
Proportion of incorrect proofs that contain an "invalid step":           0.16216216216216217
Proportion of incorrect proofs that contain a "useless branch" AND "useful non-atomic step": 0.0
Proportion of incorrect proofs that contain a "useless branch" AND "useless non-atomic step": 0.0
Proportion of incorrect proofs that contain a "useless branch" AND "invalid step": 0.0
Proportion of incorrect proofs that contain a "useless branch" AND "useful non-atomic step" AND "invalid step": 0.0
Proportion of incorrect proofs with ANY OF THE ABOVE:                    0.5675675675675675

Proportion of ALL proofs that are strictly correct: 0.15
Proportion of ALL proofs that would be correct if "skip steps" are considered correct: 0.15
Proportion of ALL proofs that would be correct if "non-atomic steps" are considered correct: 0.63
Proportion of ALL proofs that would be correct if both "skip steps" and "non-atomic steps" are considered correct: 0.63

Proportion of correct proofs where the "useless branch" is the first mistake: 0.0
Proportion of correct proofs where the "useful skip step" is the first mistake: 0.0
Proportion of correct proofs where the "useless skip step" is the first mistake: 0.0
Proportion of correct proofs where the "useful non-atomic step" is the first mistake: 0.6825396825396826
Proportion of correct proofs where the "useless non-atomic step" is the first mistake: 0.0
Proportion of correct proofs where the "invalid step" is the first mistake: 0.09523809523809523
Proportion of incorrect proofs where the "useless branch" is the first mistake: 0.0
Proportion of incorrect proofs where the "useful skip step" is the first mistake: 0.0
Proportion of incorrect proofs where the "useless skip step" is the first mistake: 0.0
Proportion of incorrect proofs where the "useful non-atomic step" is the first mistake: 0.02702702702702703
Proportion of incorrect proofs where the "useless non-atomic step" is the first mistake: 0.05405405405405406
Proportion of incorrect proofs where the "invalid step" is the first mistake: 0.4864864864864865
incorrect_proof_ids_with_skip_steps: [1, 2, 3, 4, 5, 6, 7, 8, 9, 11, 12, 13, 14, 15, 16, 17, 18, 19, 20, 21, 22, 23, 24, 26, 27, 28, 29, 30, 31, 32, 34, 35, 36, 38, 39, 40, 41, 43, 44, 45, 46, 47, 48, 49, 50, 51, 52, 53, 54, 55, 56, 57, 58, 59, 60, 62, 64, 66, 67, 68, 69, 71, 72, 73, 74, 75, 76, 78, 79, 81, 82, 83, 84, 85, 86, 87, 88, 89, 91, 92, 93, 95, 96, 98, 100]
incorrect_proof_ids_with_skip_or_non_atomic_steps: [1, 3, 6, 7, 8, 14, 15, 18, 19, 20, 21, 22, 27, 35, 39, 41, 44, 45, 46, 48, 52, 58, 59, 66, 67, 68, 72, 73, 75, 78, 81, 84, 85, 88, 93, 96, 100]
incorrect_proof_ids_with_skip_or_non_atomic_steps \ incorrect_proof_ids_with_skip_steps: [2, 4, 5, 9, 11, 12, 13, 16, 17, 23, 24, 26, 28, 29, 30, 31, 32, 34, 36, 38, 40, 43, 47, 49, 50, 51, 53, 54, 55, 56, 57, 60, 62, 64, 69, 71, 74, 76, 79, 82, 83, 86, 87, 89, 91, 92, 95, 98]

Hop 3
There were errors during semantic parsing for file gemma3_1b_it_andelim_3hop_AndElim_3shot_nodistractor.log:
Correct steps: 478
Total steps: 829
Correct steps ratio: 0.5765983112183354
Non-atomic steps ratio: 0.19782870928829915
Skip steps ratio: 0.010856453558504222
Invalid steps ratio: 0.23642943305186973
Correct and useful steps ratio: 0.5741857659831122
Unparseable steps ratio: 0.1037394451145959
Incorrect steps ratio: 0.23642943305186973
Perplexity sample mean: nan
Perplexity sample std dev: nan
Number of examples: 100
Number of correct proof: 61
Proportion of proofs that contain the correct proof: 0.61
Proportion of proofs that only contain correct, non-atomic, or skip steps: 0.15
Proportion of correct proofs that contain a "useless branch":          0.0
Proportion of correct proofs that contain a "useful skip step":        0.0
Proportion of correct proofs that contain a "useless skip step":       0.0
Proportion of correct proofs that contain a "useful non-atomic step":  0.5409836065573771
Proportion of correct proofs that contain a "useless non-atomic step": 0.01639344262295082
Proportion of correct proofs that contain an "invalid step":           0.0
Proportion of correct proofs that contain a "useless branch" AND "useful non-atomic step": 0.0
Proportion of correct proofs that contain a "useless branch" AND "useless non-atomic step": 0.0
Proportion of correct proofs that contain a "useless branch" AND "invalid step": 0.0
Proportion of correct proofs that contain a "useless branch" AND "useful non-atomic step" AND "invalid step": 0.0
Proportion of correct proofs with ANY OF THE ABOVE:                    1.0
Proportion of incorrect proofs that contain a "useless branch":          0.0
Proportion of incorrect proofs that contain a "useful skip step":        0.0
Proportion of incorrect proofs that contain a "useless skip step":       0.0
Proportion of incorrect proofs that contain a "useful non-atomic step":  0.23076923076923078
Proportion of incorrect proofs that contain a "useless non-atomic step": 0.0
Proportion of incorrect proofs that contain an "invalid step":           0.28205128205128205
Proportion of incorrect proofs that contain a "useless branch" AND "useful non-atomic step": 0.0
Proportion of incorrect proofs that contain a "useless branch" AND "useless non-atomic step": 0.0
Proportion of incorrect proofs that contain a "useless branch" AND "invalid step": 0.0
Proportion of incorrect proofs that contain a "useless branch" AND "useful non-atomic step" AND "invalid step": 0.0
Proportion of incorrect proofs with ANY OF THE ABOVE:                    0.9487179487179487

Proportion of ALL proofs that are strictly correct: 0.0
Proportion of ALL proofs that would be correct if "skip steps" are considered correct: 0.0
Proportion of ALL proofs that would be correct if "non-atomic steps" are considered correct: 0.61
Proportion of ALL proofs that would be correct if both "skip steps" and "non-atomic steps" are considered correct: 0.61

Proportion of correct proofs where the "useless branch" is the first mistake: 0.0
Proportion of correct proofs where the "useful skip step" is the first mistake: 0.03278688524590164
Proportion of correct proofs where the "useless skip step" is the first mistake: 0.0
Proportion of correct proofs where the "useful non-atomic step" is the first mistake: 0.8688524590163934
Proportion of correct proofs where the "useless non-atomic step" is the first mistake: 0.03278688524590164
Proportion of correct proofs where the "invalid step" is the first mistake: 0.06557377049180328
Proportion of incorrect proofs where the "useless branch" is the first mistake: 0.0
Proportion of incorrect proofs where the "useful skip step" is the first mistake: 0.05128205128205128
Proportion of incorrect proofs where the "useless skip step" is the first mistake: 0.0
Proportion of incorrect proofs where the "useful non-atomic step" is the first mistake: 0.3333333333333333
Proportion of incorrect proofs where the "useless non-atomic step" is the first mistake: 0.0
Proportion of incorrect proofs where the "invalid step" is the first mistake: 0.5641025641025641
incorrect_proof_ids_with_skip_steps: [1, 2, 3, 4, 5, 6, 7, 8, 9, 10, 11, 12, 13, 14, 15, 16, 17, 18, 19, 20, 21, 22, 23, 24, 25, 26, 27, 28, 29, 30, 31, 32, 33, 34, 35, 36, 37, 38, 39, 40, 41, 42, 43, 44, 45, 46, 47, 48, 49, 50, 51, 52, 53, 54, 55, 56, 57, 58, 59, 60, 61, 62, 63, 64, 65, 66, 67, 68, 69, 70, 71, 72, 73, 74, 75, 76, 77, 78, 79, 80, 81, 82, 83, 84, 85, 86, 87, 88, 89, 90, 91, 92, 93, 94, 95, 96, 97, 98, 99, 100]
incorrect_proof_ids_with_skip_or_non_atomic_steps: [1, 3, 5, 6, 8, 15, 16, 17, 19, 20, 22, 24, 30, 32, 33, 35, 38, 40, 45, 46, 49, 51, 54, 57, 62, 65, 66, 69, 77, 78, 79, 80, 81, 83, 85, 86, 90, 95, 98]
incorrect_proof_ids_with_skip_or_non_atomic_steps \ incorrect_proof_ids_with_skip_steps: [2, 4, 7, 9, 10, 11, 12, 13, 14, 18, 21, 23, 25, 26, 27, 28, 29, 31, 34, 36, 37, 39, 41, 42, 43, 44, 47, 48, 50, 52, 53, 55, 56, 58, 59, 60, 61, 63, 64, 67, 68, 70, 71, 72, 73, 74, 75, 76, 82, 84, 87, 88, 89, 91, 92, 93, 94, 96, 97, 99, 100]

Hop 4
There were errors during semantic parsing for file gemma3_1b_it_andelim_4hop_AndElim_3shot_nodistractor.log:
Correct steps: 855
Total steps: 1512
Correct steps ratio: 0.5654761904761905
Non-atomic steps ratio: 0.11507936507936507
Skip steps ratio: 0.011243386243386243
Invalid steps ratio: 0.294973544973545
Correct and useful steps ratio: 0.5555555555555556
Unparseable steps ratio: 0.12566137566137567
Incorrect steps ratio: 0.294973544973545
Perplexity sample mean: nan
Perplexity sample std dev: nan
Number of examples: 100
Number of correct proof: 47
Proportion of proofs that contain the correct proof: 0.47
Proportion of proofs that only contain correct, non-atomic, or skip steps: 0.06
Proportion of correct proofs that contain a "useless branch":          0.0
Proportion of correct proofs that contain a "useful skip step":        0.0
Proportion of correct proofs that contain a "useless skip step":       0.0
Proportion of correct proofs that contain a "useful non-atomic step":  0.23404255319148937
Proportion of correct proofs that contain a "useless non-atomic step": 0.0
Proportion of correct proofs that contain an "invalid step":           0.0
Proportion of correct proofs that contain a "useless branch" AND "useful non-atomic step": 0.0
Proportion of correct proofs that contain a "useless branch" AND "useless non-atomic step": 0.0
Proportion of correct proofs that contain a "useless branch" AND "invalid step": 0.0
Proportion of correct proofs that contain a "useless branch" AND "useful non-atomic step" AND "invalid step": 0.0
Proportion of correct proofs with ANY OF THE ABOVE:                    1.0
Proportion of incorrect proofs that contain a "useless branch":          0.0
Proportion of incorrect proofs that contain a "useful skip step":        0.0
Proportion of incorrect proofs that contain a "useless skip step":       0.0
Proportion of incorrect proofs that contain a "useful non-atomic step":  0.05660377358490566
Proportion of incorrect proofs that contain a "useless non-atomic step": 0.0
Proportion of incorrect proofs that contain an "invalid step":           0.4716981132075472
Proportion of incorrect proofs that contain a "useless branch" AND "useful non-atomic step": 0.0
Proportion of incorrect proofs that contain a "useless branch" AND "useless non-atomic step": 0.0
Proportion of incorrect proofs that contain a "useless branch" AND "invalid step": 0.0
Proportion of incorrect proofs that contain a "useless branch" AND "useful non-atomic step" AND "invalid step": 0.0
Proportion of incorrect proofs with ANY OF THE ABOVE:                    0.9811320754716981

Proportion of ALL proofs that are strictly correct: 0.01
Proportion of ALL proofs that would be correct if "skip steps" are considered correct: 0.01
Proportion of ALL proofs that would be correct if "non-atomic steps" are considered correct: 0.47
Proportion of ALL proofs that would be correct if both "skip steps" and "non-atomic steps" are considered correct: 0.47

Proportion of correct proofs where the "useless branch" is the first mistake: 0.0
Proportion of correct proofs where the "useful skip step" is the first mistake: 0.02127659574468085
Proportion of correct proofs where the "useless skip step" is the first mistake: 0.0
Proportion of correct proofs where the "useful non-atomic step" is the first mistake: 0.9361702127659575
Proportion of correct proofs where the "useless non-atomic step" is the first mistake: 0.0
Proportion of correct proofs where the "invalid step" is the first mistake: 0.0425531914893617
Proportion of incorrect proofs where the "useless branch" is the first mistake: 0.0
Proportion of incorrect proofs where the "useful skip step" is the first mistake: 0.05660377358490566
Proportion of incorrect proofs where the "useless skip step" is the first mistake: 0.0
Proportion of incorrect proofs where the "useful non-atomic step" is the first mistake: 0.2641509433962264
Proportion of incorrect proofs where the "useless non-atomic step" is the first mistake: 0.0
Proportion of incorrect proofs where the "invalid step" is the first mistake: 0.660377358490566
incorrect_proof_ids_with_skip_steps: [1, 2, 3, 4, 5, 6, 7, 8, 9, 10, 11, 12, 13, 14, 15, 16, 17, 18, 19, 20, 21, 22, 23, 24, 25, 26, 27, 28, 29, 30, 31, 32, 33, 34, 35, 36, 37, 38, 39, 40, 41, 42, 43, 44, 45, 46, 47, 48, 49, 50, 51, 52, 53, 54, 55, 56, 57, 58, 59, 60, 61, 62, 63, 64, 65, 66, 67, 68, 69, 70, 71, 72, 73, 74, 75, 76, 77, 78, 79, 80, 81, 82, 83, 84, 85, 86, 87, 89, 90, 91, 92, 93, 94, 95, 96, 97, 98, 99, 100]
incorrect_proof_ids_with_skip_or_non_atomic_steps: [1, 3, 8, 9, 10, 11, 14, 15, 18, 19, 20, 21, 22, 25, 27, 28, 29, 31, 33, 34, 35, 37, 39, 40, 43, 45, 50, 51, 52, 53, 55, 56, 61, 62, 63, 65, 69, 70, 71, 76, 77, 80, 81, 82, 83, 84, 85, 86, 90, 93, 94, 97, 99]
incorrect_proof_ids_with_skip_or_non_atomic_steps \ incorrect_proof_ids_with_skip_steps: [2, 4, 5, 6, 7, 12, 13, 16, 17, 23, 24, 26, 30, 32, 36, 38, 41, 42, 44, 46, 47, 48, 49, 54, 57, 58, 59, 60, 64, 66, 67, 68, 72, 73, 74, 75, 78, 79, 87, 89, 91, 92, 95, 96, 98, 100]

Hop 5
There were errors during semantic parsing for file gemma3_1b_it_andelim_5hop_AndElim_3shot_nodistractor.log:
Correct steps: 1004
Total steps: 1891
Correct steps ratio: 0.5309360126916975
Non-atomic steps ratio: 0.10840824960338445
Skip steps ratio: 0.011634056054997356
Invalid steps ratio: 0.3336858804865151
Correct and useful steps ratio: 0.5282919090428345
Unparseable steps ratio: 0.13537810682178741
Incorrect steps ratio: 0.3336858804865151
Perplexity sample mean: nan
Perplexity sample std dev: nan
Number of examples: 100
Number of correct proof: 39
Proportion of proofs that contain the correct proof: 0.39
Proportion of proofs that only contain correct, non-atomic, or skip steps: 0.09
Proportion of correct proofs that contain a "useless branch":          0.0
Proportion of correct proofs that contain a "useful skip step":        0.0
Proportion of correct proofs that contain a "useless skip step":       0.0
Proportion of correct proofs that contain a "useful non-atomic step":  0.10256410256410256
Proportion of correct proofs that contain a "useless non-atomic step": 0.0
Proportion of correct proofs that contain an "invalid step":           0.0
Proportion of correct proofs that contain a "useless branch" AND "useful non-atomic step": 0.0
Proportion of correct proofs that contain a "useless branch" AND "useless non-atomic step": 0.0
Proportion of correct proofs that contain a "useless branch" AND "invalid step": 0.0
Proportion of correct proofs that contain a "useless branch" AND "useful non-atomic step" AND "invalid step": 0.0
Proportion of correct proofs with ANY OF THE ABOVE:                    1.0
Proportion of incorrect proofs that contain a "useless branch":          0.0
Proportion of incorrect proofs that contain a "useful skip step":        0.0
Proportion of incorrect proofs that contain a "useless skip step":       0.0
Proportion of incorrect proofs that contain a "useful non-atomic step":  0.03278688524590164
Proportion of incorrect proofs that contain a "useless non-atomic step": 0.0
Proportion of incorrect proofs that contain an "invalid step":           0.47540983606557374
Proportion of incorrect proofs that contain a "useless branch" AND "useful non-atomic step": 0.0
Proportion of incorrect proofs that contain a "useless branch" AND "useless non-atomic step": 0.0
Proportion of incorrect proofs that contain a "useless branch" AND "invalid step": 0.0
Proportion of incorrect proofs that contain a "useless branch" AND "useful non-atomic step" AND "invalid step": 0.0
Proportion of incorrect proofs with ANY OF THE ABOVE:                    1.0

Proportion of ALL proofs that are strictly correct: 0.01
Proportion of ALL proofs that would be correct if "skip steps" are considered correct: 0.01
Proportion of ALL proofs that would be correct if "non-atomic steps" are considered correct: 0.39
Proportion of ALL proofs that would be correct if both "skip steps" and "non-atomic steps" are considered correct: 0.39

Proportion of correct proofs where the "useless branch" is the first mistake: 0.0
Proportion of correct proofs where the "useful skip step" is the first mistake: 0.10256410256410256
Proportion of correct proofs where the "useless skip step" is the first mistake: 0.0
Proportion of correct proofs where the "useful non-atomic step" is the first mistake: 0.8461538461538461
Proportion of correct proofs where the "useless non-atomic step" is the first mistake: 0.0
Proportion of correct proofs where the "invalid step" is the first mistake: 0.05128205128205128
Proportion of incorrect proofs where the "useless branch" is the first mistake: 0.0
Proportion of incorrect proofs where the "useful skip step" is the first mistake: 0.08196721311475409
Proportion of incorrect proofs where the "useless skip step" is the first mistake: 0.0
Proportion of incorrect proofs where the "useful non-atomic step" is the first mistake: 0.3114754098360656
Proportion of incorrect proofs where the "useless non-atomic step" is the first mistake: 0.0
Proportion of incorrect proofs where the "invalid step" is the first mistake: 0.6065573770491803
incorrect_proof_ids_with_skip_steps: [1, 2, 3, 4, 5, 6, 7, 8, 9, 10, 11, 12, 13, 14, 15, 16, 17, 18, 19, 20, 21, 22, 23, 24, 25, 26, 27, 28, 29, 30, 31, 32, 33, 34, 35, 36, 37, 38, 39, 40, 41, 42, 43, 44, 45, 46, 47, 48, 49, 50, 51, 52, 53, 54, 55, 56, 58, 59, 60, 61, 62, 63, 64, 65, 66, 67, 68, 69, 70, 71, 72, 73, 74, 75, 76, 77, 78, 79, 80, 81, 82, 83, 84, 85, 86, 87, 88, 89, 90, 91, 92, 93, 94, 95, 96, 97, 98, 99, 100]
incorrect_proof_ids_with_skip_or_non_atomic_steps: [1, 3, 4, 6, 7, 8, 9, 11, 12, 17, 19, 21, 22, 23, 24, 25, 27, 28, 29, 30, 31, 32, 34, 35, 36, 37, 38, 39, 40, 42, 43, 46, 47, 50, 51, 55, 56, 59, 60, 64, 66, 70, 72, 74, 79, 80, 81, 83, 87, 88, 89, 90, 91, 92, 93, 94, 95, 96, 97, 98, 99]
incorrect_proof_ids_with_skip_or_non_atomic_steps \ incorrect_proof_ids_with_skip_steps: [2, 5, 10, 13, 14, 15, 16, 18, 20, 26, 33, 41, 44, 45, 48, 49, 52, 53, 54, 58, 61, 62, 63, 65, 67, 68, 69, 71, 73, 75, 76, 77, 78, 82, 84, 85, 86, 100]


4. OrIntro

Hop 1
Correct steps: 167
Total steps: 179
Correct steps ratio: 0.9329608938547486
Non-atomic steps ratio: 0.07262569832402235
Skip steps ratio: 0.0
Invalid steps ratio: 0.0670391061452514
Correct and useful steps ratio: 0.9329608938547486
Unparseable steps ratio: 0.00558659217877095
Incorrect steps ratio: 0.0670391061452514
Perplexity sample mean: nan
Perplexity sample std dev: nan
Number of examples: 100
Number of correct proof: 90
Proportion of proofs that contain the correct proof: 0.9
Proportion of proofs that only contain correct, non-atomic, or skip steps: 0.82
Proportion of correct proofs that contain a "useless branch":          0.0
Proportion of correct proofs that contain a "useful skip step":        0.0
Proportion of correct proofs that contain a "useless skip step":       0.0
Proportion of correct proofs that contain a "useful non-atomic step":  0.08888888888888889
Proportion of correct proofs that contain a "useless non-atomic step": 0.0
Proportion of correct proofs that contain an "invalid step":           0.0
Proportion of correct proofs that contain a "useless branch" AND "useful non-atomic step": 0.0
Proportion of correct proofs that contain a "useless branch" AND "useless non-atomic step": 0.0
Proportion of correct proofs that contain a "useless branch" AND "invalid step": 0.0
Proportion of correct proofs that contain a "useless branch" AND "useful non-atomic step" AND "invalid step": 0.0
Proportion of correct proofs with ANY OF THE ABOVE:                    0.1111111111111111
Proportion of incorrect proofs that contain a "useless branch":          0.0
Proportion of incorrect proofs that contain a "useful skip step":        0.0
Proportion of incorrect proofs that contain a "useless skip step":       0.0
Proportion of incorrect proofs that contain a "useful non-atomic step":  0.0
Proportion of incorrect proofs that contain a "useless non-atomic step": 0.0
Proportion of incorrect proofs that contain an "invalid step":           0.9
Proportion of incorrect proofs that contain a "useless branch" AND "useful non-atomic step": 0.0
Proportion of incorrect proofs that contain a "useless branch" AND "useless non-atomic step": 0.0
Proportion of incorrect proofs that contain a "useless branch" AND "invalid step": 0.0
Proportion of incorrect proofs that contain a "useless branch" AND "useful non-atomic step" AND "invalid step": 0.0
Proportion of incorrect proofs with ANY OF THE ABOVE:                    1.0

Proportion of ALL proofs that are strictly correct: 0.8
Proportion of ALL proofs that would be correct if "skip steps" are considered correct: 0.8
Proportion of ALL proofs that would be correct if "non-atomic steps" are considered correct: 0.9
Proportion of ALL proofs that would be correct if both "skip steps" and "non-atomic steps" are considered correct: 0.9

Proportion of correct proofs where the "useless branch" is the first mistake: 0.0
Proportion of correct proofs where the "useful skip step" is the first mistake: 0.0
Proportion of correct proofs where the "useless skip step" is the first mistake: 0.0
Proportion of correct proofs where the "useful non-atomic step" is the first mistake: 0.1
Proportion of correct proofs where the "useless non-atomic step" is the first mistake: 0.0
Proportion of correct proofs where the "invalid step" is the first mistake: 0.011111111111111112
Proportion of incorrect proofs where the "useless branch" is the first mistake: 0.0
Proportion of incorrect proofs where the "useful skip step" is the first mistake: 0.0
Proportion of incorrect proofs where the "useless skip step" is the first mistake: 0.0
Proportion of incorrect proofs where the "useful non-atomic step" is the first mistake: 0.0
Proportion of incorrect proofs where the "useless non-atomic step" is the first mistake: 0.0
Proportion of incorrect proofs where the "invalid step" is the first mistake: 1.0
incorrect_proof_ids_with_skip_steps: [2, 15, 16, 20, 23, 27, 31, 33, 37, 45, 47, 53, 59, 65, 71, 75, 89, 94, 95, 98]
incorrect_proof_ids_with_skip_or_non_atomic_steps: [2, 15, 16, 27, 33, 37, 45, 59, 71, 89]
incorrect_proof_ids_with_skip_or_non_atomic_steps \ incorrect_proof_ids_with_skip_steps: [20, 23, 31, 47, 53, 65, 75, 94, 95, 98]

Hop 2
Correct steps: 508
Total steps: 518
Correct steps ratio: 0.9806949806949807
Non-atomic steps ratio: 0.0019305019305019305
Skip steps ratio: 0.0
Invalid steps ratio: 0.019305019305019305
Correct and useful steps ratio: 0.9768339768339769
Unparseable steps ratio: 0.013513513513513514
Incorrect steps ratio: 0.019305019305019305
Perplexity sample mean: nan
Perplexity sample std dev: nan
Number of examples: 100
Number of correct proof: 93
Proportion of proofs that contain the correct proof: 0.93
Proportion of proofs that only contain correct, non-atomic, or skip steps: 0.97
Proportion of correct proofs that contain a "useless branch":          0.0
Proportion of correct proofs that contain a "useful skip step":        0.0
Proportion of correct proofs that contain a "useless skip step":       0.0
Proportion of correct proofs that contain a "useful non-atomic step":  0.010752688172043012
Proportion of correct proofs that contain a "useless non-atomic step": 0.0
Proportion of correct proofs that contain an "invalid step":           0.0
Proportion of correct proofs that contain a "useless branch" AND "useful non-atomic step": 0.0
Proportion of correct proofs that contain a "useless branch" AND "useless non-atomic step": 0.0
Proportion of correct proofs that contain a "useless branch" AND "invalid step": 0.0
Proportion of correct proofs that contain a "useless branch" AND "useful non-atomic step" AND "invalid step": 0.0
Proportion of correct proofs with ANY OF THE ABOVE:                    0.010752688172043012
Proportion of incorrect proofs that contain a "useless branch":          0.0
Proportion of incorrect proofs that contain a "useful skip step":        0.0
Proportion of incorrect proofs that contain a "useless skip step":       0.0
Proportion of incorrect proofs that contain a "useful non-atomic step":  0.0
Proportion of incorrect proofs that contain a "useless non-atomic step": 0.0
Proportion of incorrect proofs that contain an "invalid step":           0.2857142857142857
Proportion of incorrect proofs that contain a "useless branch" AND "useful non-atomic step": 0.0
Proportion of incorrect proofs that contain a "useless branch" AND "useless non-atomic step": 0.0
Proportion of incorrect proofs that contain a "useless branch" AND "invalid step": 0.0
Proportion of incorrect proofs that contain a "useless branch" AND "useful non-atomic step" AND "invalid step": 0.0
Proportion of incorrect proofs with ANY OF THE ABOVE:                    0.2857142857142857

Proportion of ALL proofs that are strictly correct: 0.92
Proportion of ALL proofs that would be correct if "skip steps" are considered correct: 0.92
Proportion of ALL proofs that would be correct if "non-atomic steps" are considered correct: 0.93
Proportion of ALL proofs that would be correct if both "skip steps" and "non-atomic steps" are considered correct: 0.93

Proportion of correct proofs where the "useless branch" is the first mistake: 0.0
Proportion of correct proofs where the "useful skip step" is the first mistake: 0.0
Proportion of correct proofs where the "useless skip step" is the first mistake: 0.0
Proportion of correct proofs where the "useful non-atomic step" is the first mistake: 0.010752688172043012
Proportion of correct proofs where the "useless non-atomic step" is the first mistake: 0.0
Proportion of correct proofs where the "invalid step" is the first mistake: 0.0
Proportion of incorrect proofs where the "useless branch" is the first mistake: 0.0
Proportion of incorrect proofs where the "useful skip step" is the first mistake: 0.0
Proportion of incorrect proofs where the "useless skip step" is the first mistake: 0.0
Proportion of incorrect proofs where the "useful non-atomic step" is the first mistake: 0.0
Proportion of incorrect proofs where the "useless non-atomic step" is the first mistake: 0.0
Proportion of incorrect proofs where the "invalid step" is the first mistake: 0.2857142857142857
incorrect_proof_ids_with_skip_steps: [18, 24, 26, 53, 64, 67, 71, 92]
incorrect_proof_ids_with_skip_or_non_atomic_steps: [24, 26, 53, 64, 67, 71, 92]
incorrect_proof_ids_with_skip_or_non_atomic_steps \ incorrect_proof_ids_with_skip_steps: [18]

Hop 3
Correct steps: 688
Total steps: 732
Correct steps ratio: 0.9398907103825137
Non-atomic steps ratio: 0.04644808743169399
Skip steps ratio: 0.0
Invalid steps ratio: 0.04781420765027322
Correct and useful steps ratio: 0.9330601092896175
Unparseable steps ratio: 0.006830601092896175
Incorrect steps ratio: 0.04781420765027322
Perplexity sample mean: nan
Perplexity sample std dev: nan
Number of examples: 100
Number of correct proof: 71
Proportion of proofs that contain the correct proof: 0.71
Proportion of proofs that only contain correct, non-atomic, or skip steps: 0.62
Proportion of correct proofs that contain a "useless branch":          0.0
Proportion of correct proofs that contain a "useful skip step":        0.0
Proportion of correct proofs that contain a "useless skip step":       0.0
Proportion of correct proofs that contain a "useful non-atomic step":  0.3380281690140845
Proportion of correct proofs that contain a "useless non-atomic step": 0.0
Proportion of correct proofs that contain an "invalid step":           0.028169014084507043
Proportion of correct proofs that contain a "useless branch" AND "useful non-atomic step": 0.0
Proportion of correct proofs that contain a "useless branch" AND "useless non-atomic step": 0.0
Proportion of correct proofs that contain a "useless branch" AND "invalid step": 0.0
Proportion of correct proofs that contain a "useless branch" AND "useful non-atomic step" AND "invalid step": 0.0
Proportion of correct proofs with ANY OF THE ABOVE:                    0.4084507042253521
Proportion of incorrect proofs that contain a "useless branch":          0.0
Proportion of incorrect proofs that contain a "useful skip step":        0.0
Proportion of incorrect proofs that contain a "useless skip step":       0.0
Proportion of incorrect proofs that contain a "useful non-atomic step":  0.034482758620689655
Proportion of incorrect proofs that contain a "useless non-atomic step": 0.0
Proportion of incorrect proofs that contain an "invalid step":           0.2413793103448276
Proportion of incorrect proofs that contain a "useless branch" AND "useful non-atomic step": 0.0
Proportion of incorrect proofs that contain a "useless branch" AND "useless non-atomic step": 0.0
Proportion of incorrect proofs that contain a "useless branch" AND "invalid step": 0.0
Proportion of incorrect proofs that contain a "useless branch" AND "useful non-atomic step" AND "invalid step": 0.0
Proportion of incorrect proofs with ANY OF THE ABOVE:                    0.3793103448275862

Proportion of ALL proofs that are strictly correct: 0.47
Proportion of ALL proofs that would be correct if "skip steps" are considered correct: 0.47
Proportion of ALL proofs that would be correct if "non-atomic steps" are considered correct: 0.71
Proportion of ALL proofs that would be correct if both "skip steps" and "non-atomic steps" are considered correct: 0.71

Proportion of correct proofs where the "useless branch" is the first mistake: 0.0
Proportion of correct proofs where the "useful skip step" is the first mistake: 0.0
Proportion of correct proofs where the "useless skip step" is the first mistake: 0.0
Proportion of correct proofs where the "useful non-atomic step" is the first mistake: 0.352112676056338
Proportion of correct proofs where the "useless non-atomic step" is the first mistake: 0.028169014084507043
Proportion of correct proofs where the "invalid step" is the first mistake: 0.028169014084507043
Proportion of incorrect proofs where the "useless branch" is the first mistake: 0.0
Proportion of incorrect proofs where the "useful skip step" is the first mistake: 0.0
Proportion of incorrect proofs where the "useless skip step" is the first mistake: 0.0
Proportion of incorrect proofs where the "useful non-atomic step" is the first mistake: 0.034482758620689655
Proportion of incorrect proofs where the "useless non-atomic step" is the first mistake: 0.10344827586206896
Proportion of incorrect proofs where the "invalid step" is the first mistake: 0.2413793103448276
incorrect_proof_ids_with_skip_steps: [2, 5, 6, 7, 12, 15, 16, 20, 21, 23, 24, 27, 28, 29, 30, 31, 33, 36, 37, 41, 45, 47, 50, 51, 52, 57, 60, 64, 66, 67, 68, 71, 72, 73, 74, 75, 76, 77, 78, 79, 80, 81, 82, 86, 87, 89, 90, 91, 93, 94, 95, 97, 98]
incorrect_proof_ids_with_skip_or_non_atomic_steps: [15, 20, 21, 24, 27, 28, 29, 36, 41, 50, 51, 57, 64, 66, 67, 73, 74, 75, 76, 78, 79, 81, 82, 86, 87, 90, 93, 95, 98]
incorrect_proof_ids_with_skip_or_non_atomic_steps \ incorrect_proof_ids_with_skip_steps: [2, 5, 6, 7, 12, 16, 23, 30, 31, 33, 37, 45, 47, 52, 60, 68, 71, 72, 77, 80, 89, 91, 94, 97]

Hop 4
There were errors during semantic parsing for file gemma3_1b_it_orintro_4hop_OrIntro_3shot_nodistractor.log:
Correct steps: 871
Total steps: 1040
Correct steps ratio: 0.8375
Non-atomic steps ratio: 0.05096153846153846
Skip steps ratio: 0.006730769230769231
Invalid steps ratio: 0.12596153846153846
Correct and useful steps ratio: 0.8259615384615384
Unparseable steps ratio: 0.04807692307692308
Incorrect steps ratio: 0.12596153846153846
Perplexity sample mean: nan
Perplexity sample std dev: nan
Number of examples: 100
Number of correct proof: 50
Proportion of proofs that contain the correct proof: 0.5
Proportion of proofs that only contain correct, non-atomic, or skip steps: 0.45
Proportion of correct proofs that contain a "useless branch":          0.0
Proportion of correct proofs that contain a "useful skip step":        0.0
Proportion of correct proofs that contain a "useless skip step":       0.0
Proportion of correct proofs that contain a "useful non-atomic step":  0.4
Proportion of correct proofs that contain a "useless non-atomic step": 0.0
Proportion of correct proofs that contain an "invalid step":           0.14
Proportion of correct proofs that contain a "useless branch" AND "useful non-atomic step": 0.0
Proportion of correct proofs that contain a "useless branch" AND "useless non-atomic step": 0.0
Proportion of correct proofs that contain a "useless branch" AND "invalid step": 0.0
Proportion of correct proofs that contain a "useless branch" AND "useful non-atomic step" AND "invalid step": 0.0
Proportion of correct proofs with ANY OF THE ABOVE:                    0.7
Proportion of incorrect proofs that contain a "useless branch":          0.0
Proportion of incorrect proofs that contain a "useful skip step":        0.0
Proportion of incorrect proofs that contain a "useless skip step":       0.0
Proportion of incorrect proofs that contain a "useful non-atomic step":  0.16
Proportion of incorrect proofs that contain a "useless non-atomic step": 0.02
Proportion of incorrect proofs that contain an "invalid step":           0.28
Proportion of incorrect proofs that contain a "useless branch" AND "useful non-atomic step": 0.0
Proportion of incorrect proofs that contain a "useless branch" AND "useless non-atomic step": 0.0
Proportion of incorrect proofs that contain a "useless branch" AND "invalid step": 0.0
Proportion of incorrect proofs that contain a "useless branch" AND "useful non-atomic step" AND "invalid step": 0.0
Proportion of incorrect proofs with ANY OF THE ABOVE:                    0.62

Proportion of ALL proofs that are strictly correct: 0.36
Proportion of ALL proofs that would be correct if "skip steps" are considered correct: 0.36
Proportion of ALL proofs that would be correct if "non-atomic steps" are considered correct: 0.5
Proportion of ALL proofs that would be correct if both "skip steps" and "non-atomic steps" are considered correct: 0.5

Proportion of correct proofs where the "useless branch" is the first mistake: 0.0
Proportion of correct proofs where the "useful skip step" is the first mistake: 0.06
Proportion of correct proofs where the "useless skip step" is the first mistake: 0.0
Proportion of correct proofs where the "useful non-atomic step" is the first mistake: 0.46
Proportion of correct proofs where the "useless non-atomic step" is the first mistake: 0.0
Proportion of correct proofs where the "invalid step" is the first mistake: 0.18
Proportion of incorrect proofs where the "useless branch" is the first mistake: 0.0
Proportion of incorrect proofs where the "useful skip step" is the first mistake: 0.02
Proportion of incorrect proofs where the "useless skip step" is the first mistake: 0.0
Proportion of incorrect proofs where the "useful non-atomic step" is the first mistake: 0.18
Proportion of incorrect proofs where the "useless non-atomic step" is the first mistake: 0.12
Proportion of incorrect proofs where the "invalid step" is the first mistake: 0.3
incorrect_proof_ids_with_skip_steps: [1, 2, 4, 5, 6, 7, 8, 10, 11, 12, 13, 17, 18, 19, 20, 21, 24, 25, 27, 29, 30, 33, 35, 37, 38, 39, 40, 41, 42, 43, 44, 48, 49, 51, 52, 53, 55, 57, 58, 60, 63, 64, 65, 66, 67, 68, 70, 71, 73, 74, 76, 77, 78, 79, 80, 81, 82, 83, 84, 87, 92, 93, 96, 99]
incorrect_proof_ids_with_skip_or_non_atomic_steps: [1, 2, 4, 5, 8, 10, 11, 12, 13, 17, 18, 19, 20, 21, 25, 29, 30, 33, 37, 41, 42, 43, 44, 48, 49, 51, 52, 53, 55, 57, 58, 60, 65, 66, 68, 70, 71, 74, 76, 77, 78, 79, 81, 82, 83, 84, 87, 92, 93, 96]
incorrect_proof_ids_with_skip_or_non_atomic_steps \ incorrect_proof_ids_with_skip_steps: [6, 7, 24, 27, 35, 38, 39, 40, 63, 64, 67, 73, 80, 99]

Hop 5
Correct steps: 908
Total steps: 1090
Correct steps ratio: 0.8330275229357799
Non-atomic steps ratio: 0.05412844036697248
Skip steps ratio: 0.013761467889908258
Invalid steps ratio: 0.11009174311926606
Correct and useful steps ratio: 0.8146788990825689
Unparseable steps ratio: 0.005504587155963303
Incorrect steps ratio: 0.11009174311926606
Perplexity sample mean: nan
Perplexity sample std dev: nan
Number of examples: 100
Number of correct proof: 40
Proportion of proofs that contain the correct proof: 0.4
Proportion of proofs that only contain correct, non-atomic, or skip steps: 0.57
Proportion of correct proofs that contain a "useless branch":          0.0
Proportion of correct proofs that contain a "useful skip step":        0.0
Proportion of correct proofs that contain a "useless skip step":       0.0
Proportion of correct proofs that contain a "useful non-atomic step":  0.375
Proportion of correct proofs that contain a "useless non-atomic step": 0.0
Proportion of correct proofs that contain an "invalid step":           0.025
Proportion of correct proofs that contain a "useless branch" AND "useful non-atomic step": 0.0
Proportion of correct proofs that contain a "useless branch" AND "useless non-atomic step": 0.0
Proportion of correct proofs that contain a "useless branch" AND "invalid step": 0.0
Proportion of correct proofs that contain a "useless branch" AND "useful non-atomic step" AND "invalid step": 0.0
Proportion of correct proofs with ANY OF THE ABOVE:                    0.575
Proportion of incorrect proofs that contain a "useless branch":          0.0
Proportion of incorrect proofs that contain a "useful skip step":        0.0
Proportion of incorrect proofs that contain a "useless skip step":       0.0
Proportion of incorrect proofs that contain a "useful non-atomic step":  0.13333333333333333
Proportion of incorrect proofs that contain a "useless non-atomic step": 0.016666666666666666
Proportion of incorrect proofs that contain an "invalid step":           0.23333333333333334
Proportion of incorrect proofs that contain a "useless branch" AND "useful non-atomic step": 0.0
Proportion of incorrect proofs that contain a "useless branch" AND "useless non-atomic step": 0.0
Proportion of incorrect proofs that contain a "useless branch" AND "invalid step": 0.0
Proportion of incorrect proofs that contain a "useless branch" AND "useful non-atomic step" AND "invalid step": 0.0
Proportion of incorrect proofs with ANY OF THE ABOVE:                    0.7

Proportion of ALL proofs that are strictly correct: 0.37
Proportion of ALL proofs that would be correct if "skip steps" are considered correct: 0.37
Proportion of ALL proofs that would be correct if "non-atomic steps" are considered correct: 0.4
Proportion of ALL proofs that would be correct if both "skip steps" and "non-atomic steps" are considered correct: 0.4

Proportion of correct proofs where the "useless branch" is the first mistake: 0.0
Proportion of correct proofs where the "useful skip step" is the first mistake: 0.1
Proportion of correct proofs where the "useless skip step" is the first mistake: 0.0
Proportion of correct proofs where the "useful non-atomic step" is the first mistake: 0.375
Proportion of correct proofs where the "useless non-atomic step" is the first mistake: 0.0
Proportion of correct proofs where the "invalid step" is the first mistake: 0.1
Proportion of incorrect proofs where the "useless branch" is the first mistake: 0.0
Proportion of incorrect proofs where the "useful skip step" is the first mistake: 0.06666666666666667
Proportion of incorrect proofs where the "useless skip step" is the first mistake: 0.0
Proportion of incorrect proofs where the "useful non-atomic step" is the first mistake: 0.25
Proportion of incorrect proofs where the "useless non-atomic step" is the first mistake: 0.08333333333333333
Proportion of incorrect proofs where the "invalid step" is the first mistake: 0.3
incorrect_proof_ids_with_skip_steps: [2, 3, 4, 6, 7, 8, 10, 11, 12, 13, 14, 16, 18, 19, 20, 21, 22, 24, 27, 28, 29, 31, 32, 34, 35, 36, 38, 40, 41, 44, 46, 50, 51, 52, 53, 55, 56, 58, 59, 60, 63, 64, 65, 66, 68, 69, 71, 72, 73, 74, 75, 76, 77, 80, 82, 83, 85, 86, 87, 88, 92, 93, 94]
incorrect_proof_ids_with_skip_or_non_atomic_steps: [2, 3, 4, 6, 7, 8, 10, 11, 12, 13, 14, 16, 18, 19, 20, 21, 22, 24, 27, 28, 29, 31, 32, 34, 35, 36, 40, 41, 44, 46, 50, 51, 52, 53, 55, 56, 58, 59, 60, 63, 64, 65, 66, 68, 69, 71, 72, 73, 74, 75, 76, 77, 80, 82, 83, 85, 86, 92, 93, 94]
incorrect_proof_ids_with_skip_or_non_atomic_steps \ incorrect_proof_ids_with_skip_steps: [38, 87, 88]
