1. ModusPonens
There were errors during semantic parsing for file OpenELM_270M_best_ft_ALL_modusponens_1hop_ProofsOnly_3shot_nodistractor.log:
Correct steps: 393
Total steps: 424
Correct steps ratio: 0.9268867924528302
Non-atomic steps ratio: 0.02122641509433962
Skip steps ratio: 0.0
Invalid steps ratio: 0.07311320754716981
Correct and useful steps ratio: 0.8466981132075472
Unparseable steps ratio: 0.030660377358490566
Incorrect steps ratio: 0.07311320754716981
Perplexity sample mean: nan
Perplexity sample std dev: nan
Number of examples: 100
Number of correct proof: 93
Proportion of proofs that contain the correct proof: 0.93
Proportion of proofs that only contain correct, non-atomic, or skip steps: 0.9
Proportion of correct proofs that contain a "useless branch":          0.0
Proportion of correct proofs that contain a "useful skip step":        0.0
Proportion of correct proofs that contain a "useless skip step":       0.0
Proportion of correct proofs that contain a "useful non-atomic step":  0.0967741935483871
Proportion of correct proofs that contain a "useless non-atomic step": 0.0
Proportion of correct proofs that contain an "invalid step":           0.010752688172043012
Proportion of correct proofs that contain a "useless branch" AND "useful non-atomic step": 0.0
Proportion of correct proofs that contain a "useless branch" AND "useless non-atomic step": 0.0
Proportion of correct proofs that contain a "useless branch" AND "invalid step": 0.0
Proportion of correct proofs that contain a "useless branch" AND "useful non-atomic step" AND "invalid step": 0.0
Proportion of correct proofs with ANY OF THE ABOVE:                    0.10752688172043011
Proportion of incorrect proofs that contain a "useless branch":          0.0
Proportion of incorrect proofs that contain a "useful skip step":        0.0
Proportion of incorrect proofs that contain a "useless skip step":       0.0
Proportion of incorrect proofs that contain a "useful non-atomic step":  0.0
Proportion of incorrect proofs that contain a "useless non-atomic step": 0.0
Proportion of incorrect proofs that contain an "invalid step":           0.0
Proportion of incorrect proofs that contain a "useless branch" AND "useful non-atomic step": 0.0
Proportion of incorrect proofs that contain a "useless branch" AND "useless non-atomic step": 0.0
Proportion of incorrect proofs that contain a "useless branch" AND "invalid step": 0.0
Proportion of incorrect proofs that contain a "useless branch" AND "useful non-atomic step" AND "invalid step": 0.0
Proportion of incorrect proofs with ANY OF THE ABOVE:                    0.0

Proportion of ALL proofs that are strictly correct: 0.84
Proportion of ALL proofs that would be correct if "skip steps" are considered correct: 0.84
Proportion of ALL proofs that would be correct if "non-atomic steps" are considered correct: 0.93
Proportion of ALL proofs that would be correct if both "skip steps" and "non-atomic steps" are considered correct: 0.93

Proportion of correct proofs where the "useless branch" is the first mistake: 0.0
Proportion of correct proofs where the "useful skip step" is the first mistake: 0.0
Proportion of correct proofs where the "useless skip step" is the first mistake: 0.0
Proportion of correct proofs where the "useful non-atomic step" is the first mistake: 0.0967741935483871
Proportion of correct proofs where the "useless non-atomic step" is the first mistake: 0.0
Proportion of correct proofs where the "invalid step" is the first mistake: 0.010752688172043012
Proportion of incorrect proofs where the "useless branch" is the first mistake: 0.0
Proportion of incorrect proofs where the "useful skip step" is the first mistake: 0.0
Proportion of incorrect proofs where the "useless skip step" is the first mistake: 0.0
Proportion of incorrect proofs where the "useful non-atomic step" is the first mistake: 0.0
Proportion of incorrect proofs where the "useless non-atomic step" is the first mistake: 0.0
Proportion of incorrect proofs where the "invalid step" is the first mistake: 0.0
incorrect_proof_ids_with_skip_steps: [7, 11, 21, 25, 40, 47, 63, 68, 70, 72, 73, 87, 89, 92, 97, 100]
incorrect_proof_ids_with_skip_or_non_atomic_steps: [7, 40, 68, 73, 87, 97, 100]
incorrect_proof_ids_with_skip_or_non_atomic_steps \ incorrect_proof_ids_with_skip_steps: [11, 21, 25, 47, 63, 70, 72, 89, 92]


2. AndIntro
There were errors during semantic parsing for file OpenELM_270M_best_ft_ALL_andintro_1hop_AndIntro_3shot_nodistractor.log:
Correct steps: 263
Total steps: 264
Correct steps ratio: 0.9962121212121212
Non-atomic steps ratio: 0.07575757575757576
Skip steps ratio: 0.0
Invalid steps ratio: 0.0
Correct and useful steps ratio: 0.9962121212121212
Unparseable steps ratio: 0.0
Incorrect steps ratio: 0.0
Perplexity sample mean: nan
Perplexity sample std dev: nan
Number of examples: 100
Number of correct proof: 100
Proportion of proofs that contain the correct proof: 1.0
Proportion of proofs that only contain correct, non-atomic, or skip steps: 0.84
Proportion of correct proofs that contain a "useless branch":          0.0
Proportion of correct proofs that contain a "useful skip step":        0.0
Proportion of correct proofs that contain a "useless skip step":       0.0
Proportion of correct proofs that contain a "useful non-atomic step":  0.17
Proportion of correct proofs that contain a "useless non-atomic step": 0.0
Proportion of correct proofs that contain an "invalid step":           0.0
Proportion of correct proofs that contain a "useless branch" AND "useful non-atomic step": 0.0
Proportion of correct proofs that contain a "useless branch" AND "useless non-atomic step": 0.0
Proportion of correct proofs that contain a "useless branch" AND "invalid step": 0.0
Proportion of correct proofs that contain a "useless branch" AND "useful non-atomic step" AND "invalid step": 0.0
Proportion of correct proofs with ANY OF THE ABOVE:                    0.17
(there are no incorrect proofs)

Proportion of ALL proofs that are strictly correct: 0.83
Proportion of ALL proofs that would be correct if "skip steps" are considered correct: 0.83
Proportion of ALL proofs that would be correct if "non-atomic steps" are considered correct: 1.0
Proportion of ALL proofs that would be correct if both "skip steps" and "non-atomic steps" are considered correct: 1.0

Proportion of correct proofs where the "useless branch" is the first mistake: 0.0
Proportion of correct proofs where the "useful skip step" is the first mistake: 0.0
Proportion of correct proofs where the "useless skip step" is the first mistake: 0.0
Proportion of correct proofs where the "useful non-atomic step" is the first mistake: 0.17
Proportion of correct proofs where the "useless non-atomic step" is the first mistake: 0.0
Proportion of correct proofs where the "invalid step" is the first mistake: 0.0
(there are no incorrect proofs)
incorrect_proof_ids_with_skip_steps: [7, 11, 16, 17, 21, 24, 32, 35, 36, 42, 43, 47, 52, 59, 67, 73, 84]
incorrect_proof_ids_with_skip_or_non_atomic_steps: []
incorrect_proof_ids_with_skip_or_non_atomic_steps \ incorrect_proof_ids_with_skip_steps: [7, 11, 16, 17, 21, 24, 32, 35, 36, 42, 43, 47, 52, 59, 67, 73, 84]


3. AndElim
Correct steps: 204
Total steps: 204
Correct steps ratio: 1.0
Non-atomic steps ratio: 0.0
Skip steps ratio: 0.0
Invalid steps ratio: 0.0
Correct and useful steps ratio: 0.9901960784313726
Unparseable steps ratio: 0.0
Incorrect steps ratio: 0.0
Perplexity sample mean: nan
Perplexity sample std dev: nan
Number of examples: 100
Number of correct proof: 100
Proportion of proofs that contain the correct proof: 1.0
Proportion of proofs that only contain correct, non-atomic, or skip steps: 1.0
Proportion of correct proofs that contain a "useless branch":          0.0
Proportion of correct proofs that contain a "useful skip step":        0.0
Proportion of correct proofs that contain a "useless skip step":       0.0
Proportion of correct proofs that contain a "useful non-atomic step":  0.0
Proportion of correct proofs that contain a "useless non-atomic step": 0.0
Proportion of correct proofs that contain an "invalid step":           0.0
Proportion of correct proofs that contain a "useless branch" AND "useful non-atomic step": 0.0
Proportion of correct proofs that contain a "useless branch" AND "useless non-atomic step": 0.0
Proportion of correct proofs that contain a "useless branch" AND "invalid step": 0.0
Proportion of correct proofs that contain a "useless branch" AND "useful non-atomic step" AND "invalid step": 0.0
Proportion of correct proofs with ANY OF THE ABOVE:                    0.0
(there are no incorrect proofs)

Proportion of ALL proofs that are strictly correct: 1.0
Proportion of ALL proofs that would be correct if "skip steps" are considered correct: 1.0
Proportion of ALL proofs that would be correct if "non-atomic steps" are considered correct: 1.0
Proportion of ALL proofs that would be correct if both "skip steps" and "non-atomic steps" are considered correct: 1.0

Proportion of correct proofs where the "useless branch" is the first mistake: 0.0
Proportion of correct proofs where the "useful skip step" is the first mistake: 0.0
Proportion of correct proofs where the "useless skip step" is the first mistake: 0.0
Proportion of correct proofs where the "useful non-atomic step" is the first mistake: 0.0
Proportion of correct proofs where the "useless non-atomic step" is the first mistake: 0.0
Proportion of correct proofs where the "invalid step" is the first mistake: 0.0
(there are no incorrect proofs)
incorrect_proof_ids_with_skip_steps: []
incorrect_proof_ids_with_skip_or_non_atomic_steps: []
incorrect_proof_ids_with_skip_or_non_atomic_steps \ incorrect_proof_ids_with_skip_steps: []


4. OrIntro
Correct steps: 207
Total steps: 208
Correct steps ratio: 0.9951923076923077
Non-atomic steps ratio: 0.0
Skip steps ratio: 0.0
Invalid steps ratio: 0.004807692307692308
Correct and useful steps ratio: 0.9759615384615384
Unparseable steps ratio: 0.0
Incorrect steps ratio: 0.004807692307692308
Perplexity sample mean: nan
Perplexity sample std dev: nan
Number of examples: 100
Number of correct proof: 99
Proportion of proofs that contain the correct proof: 0.99
Proportion of proofs that only contain correct, non-atomic, or skip steps: 0.99
Proportion of correct proofs that contain a "useless branch":          0.0
Proportion of correct proofs that contain a "useful skip step":        0.0
Proportion of correct proofs that contain a "useless skip step":       0.0
Proportion of correct proofs that contain a "useful non-atomic step":  0.0
Proportion of correct proofs that contain a "useless non-atomic step": 0.0
Proportion of correct proofs that contain an "invalid step":           0.0
Proportion of correct proofs that contain a "useless branch" AND "useful non-atomic step": 0.0
Proportion of correct proofs that contain a "useless branch" AND "useless non-atomic step": 0.0
Proportion of correct proofs that contain a "useless branch" AND "invalid step": 0.0
Proportion of correct proofs that contain a "useless branch" AND "useful non-atomic step" AND "invalid step": 0.0
Proportion of correct proofs with ANY OF THE ABOVE:                    0.0
Proportion of incorrect proofs that contain a "useless branch":          0.0
Proportion of incorrect proofs that contain a "useful skip step":        0.0
Proportion of incorrect proofs that contain a "useless skip step":       0.0
Proportion of incorrect proofs that contain a "useful non-atomic step":  0.0
Proportion of incorrect proofs that contain a "useless non-atomic step": 0.0
Proportion of incorrect proofs that contain an "invalid step":           1.0
Proportion of incorrect proofs that contain a "useless branch" AND "useful non-atomic step": 0.0
Proportion of incorrect proofs that contain a "useless branch" AND "useless non-atomic step": 0.0
Proportion of incorrect proofs that contain a "useless branch" AND "invalid step": 0.0
Proportion of incorrect proofs that contain a "useless branch" AND "useful non-atomic step" AND "invalid step": 0.0
Proportion of incorrect proofs with ANY OF THE ABOVE:                    1.0

Proportion of ALL proofs that are strictly correct: 0.99
Proportion of ALL proofs that would be correct if "skip steps" are considered correct: 0.99
Proportion of ALL proofs that would be correct if "non-atomic steps" are considered correct: 0.99
Proportion of ALL proofs that would be correct if both "skip steps" and "non-atomic steps" are considered correct: 0.99

Proportion of correct proofs where the "useless branch" is the first mistake: 0.0
Proportion of correct proofs where the "useful skip step" is the first mistake: 0.0
Proportion of correct proofs where the "useless skip step" is the first mistake: 0.0
Proportion of correct proofs where the "useful non-atomic step" is the first mistake: 0.0
Proportion of correct proofs where the "useless non-atomic step" is the first mistake: 0.0
Proportion of correct proofs where the "invalid step" is the first mistake: 0.0
Proportion of incorrect proofs where the "useless branch" is the first mistake: 0.0
Proportion of incorrect proofs where the "useful skip step" is the first mistake: 0.0
Proportion of incorrect proofs where the "useless skip step" is the first mistake: 0.0
Proportion of incorrect proofs where the "useful non-atomic step" is the first mistake: 0.0
Proportion of incorrect proofs where the "useless non-atomic step" is the first mistake: 0.0
Proportion of incorrect proofs where the "invalid step" is the first mistake: 1.0
incorrect_proof_ids_with_skip_steps: [70]
incorrect_proof_ids_with_skip_or_non_atomic_steps: [70]
incorrect_proof_ids_with_skip_or_non_atomic_steps \ incorrect_proof_ids_with_skip_steps: []


5. OrElim
Correct steps: 921
Total steps: 968
Correct steps ratio: 0.9514462809917356
Non-atomic steps ratio: 0.03512396694214876
Skip steps ratio: 0.0
Invalid steps ratio: 0.01962809917355372
Correct and useful steps ratio: 0.6239669421487604
Unparseable steps ratio: 0.0010330578512396695
Incorrect steps ratio: 0.01962809917355372
Perplexity sample mean: nan
Perplexity sample std dev: nan
Number of examples: 100
Number of correct proof: 66
Proportion of proofs that contain the correct proof: 0.66
Proportion of proofs that only contain correct, non-atomic, or skip steps: 0.84
Proportion of correct proofs that contain a "useless branch":          0.0
Proportion of correct proofs that contain a "useful skip step":        0.0
Proportion of correct proofs that contain a "useless skip step":       0.0
Proportion of correct proofs that contain a "useful non-atomic step":  0.10606060606060606
Proportion of correct proofs that contain a "useless non-atomic step": 0.0
Proportion of correct proofs that contain an "invalid step":           0.0
Proportion of correct proofs that contain a "useless branch" AND "useful non-atomic step": 0.0
Proportion of correct proofs that contain a "useless branch" AND "useless non-atomic step": 0.0
Proportion of correct proofs that contain a "useless branch" AND "invalid step": 0.0
Proportion of correct proofs that contain a "useless branch" AND "useful non-atomic step" AND "invalid step": 0.0
Proportion of correct proofs with ANY OF THE ABOVE:                    0.10606060606060606
Proportion of incorrect proofs that contain a "useless branch":          0.0
Proportion of incorrect proofs that contain a "useful skip step":        0.0
Proportion of incorrect proofs that contain a "useless skip step":       0.0
Proportion of incorrect proofs that contain a "useful non-atomic step":  0.3235294117647059
Proportion of incorrect proofs that contain a "useless non-atomic step": 0.0
Proportion of incorrect proofs that contain an "invalid step":           0.29411764705882354
Proportion of incorrect proofs that contain a "useless branch" AND "useful non-atomic step": 0.0
Proportion of incorrect proofs that contain a "useless branch" AND "useless non-atomic step": 0.0
Proportion of incorrect proofs that contain a "useless branch" AND "invalid step": 0.0
Proportion of incorrect proofs that contain a "useless branch" AND "useful non-atomic step" AND "invalid step": 0.0
Proportion of incorrect proofs with ANY OF THE ABOVE:                    0.6176470588235294

Proportion of ALL proofs that are strictly correct: 0.59
Proportion of ALL proofs that would be correct if "skip steps" are considered correct: 0.59
Proportion of ALL proofs that would be correct if "non-atomic steps" are considered correct: 0.66
Proportion of ALL proofs that would be correct if both "skip steps" and "non-atomic steps" are considered correct: 0.66

Proportion of correct proofs where the "useless branch" is the first mistake: 0.0
Proportion of correct proofs where the "useful skip step" is the first mistake: 0.0
Proportion of correct proofs where the "useless skip step" is the first mistake: 0.0
Proportion of correct proofs where the "useful non-atomic step" is the first mistake: 0.10606060606060606
Proportion of correct proofs where the "useless non-atomic step" is the first mistake: 0.0
Proportion of correct proofs where the "invalid step" is the first mistake: 0.0
Proportion of incorrect proofs where the "useless branch" is the first mistake: 0.0
Proportion of incorrect proofs where the "useful skip step" is the first mistake: 0.0
Proportion of incorrect proofs where the "useless skip step" is the first mistake: 0.0
Proportion of incorrect proofs where the "useful non-atomic step" is the first mistake: 0.3235294117647059
Proportion of incorrect proofs where the "useless non-atomic step" is the first mistake: 0.0
Proportion of incorrect proofs where the "invalid step" is the first mistake: 0.29411764705882354
incorrect_proof_ids_with_skip_steps: [2, 3, 6, 13, 15, 18, 22, 23, 26, 27, 28, 29, 31, 34, 38, 41, 42, 44, 49, 50, 53, 57, 58, 60, 62, 63, 64, 70, 72, 76, 79, 81, 82, 89, 91, 92, 94, 95, 96, 98, 99]
incorrect_proof_ids_with_skip_or_non_atomic_steps: [3, 6, 13, 18, 22, 23, 27, 28, 31, 34, 38, 41, 42, 44, 49, 50, 53, 57, 58, 62, 63, 64, 72, 79, 81, 82, 89, 91, 92, 94, 95, 96, 98, 99]
incorrect_proof_ids_with_skip_or_non_atomic_steps \ incorrect_proof_ids_with_skip_steps: [2, 15, 26, 29, 60, 70, 76]


6. ProofByContra
Correct steps: 733
Total steps: 1017
Correct steps ratio: 0.7207472959685349
Non-atomic steps ratio: 0.0029498525073746312
Skip steps ratio: 0.011799410029498525
Invalid steps ratio: 0.2605703048180924
Correct and useful steps ratio: 0.4296951819075713
Unparseable steps ratio: 0.017699115044247787
Incorrect steps ratio: 0.2605703048180924
Perplexity sample mean: nan
Perplexity sample std dev: nan
Number of examples: 100
Number of correct proof: 46
Proportion of proofs that contain the correct proof: 0.46
Proportion of proofs that only contain correct, non-atomic, or skip steps: 0.02
Proportion of correct proofs that contain a "useless branch":          0.0
Proportion of correct proofs that contain a "useful skip step":        0.021739130434782608
Proportion of correct proofs that contain a "useless skip step":       0.0
Proportion of correct proofs that contain a "useful non-atomic step":  0.0
Proportion of correct proofs that contain a "useless non-atomic step": 0.0
Proportion of correct proofs that contain an "invalid step":           0.8913043478260869
Proportion of correct proofs that contain a "useless branch" AND "useful non-atomic step": 0.0
Proportion of correct proofs that contain a "useless branch" AND "useless non-atomic step": 0.0
Proportion of correct proofs that contain a "useless branch" AND "invalid step": 0.0
Proportion of correct proofs that contain a "useless branch" AND "useful non-atomic step" AND "invalid step": 0.0
Proportion of correct proofs with ANY OF THE ABOVE:                    1.0
Proportion of incorrect proofs that contain a "useless branch":          0.0
Proportion of incorrect proofs that contain a "useful skip step":        0.0
Proportion of incorrect proofs that contain a "useless skip step":       0.0
Proportion of incorrect proofs that contain a "useful non-atomic step":  0.0
Proportion of incorrect proofs that contain a "useless non-atomic step": 0.0
Proportion of incorrect proofs that contain an "invalid step":           0.8333333333333334
Proportion of incorrect proofs that contain a "useless branch" AND "useful non-atomic step": 0.0
Proportion of incorrect proofs that contain a "useless branch" AND "useless non-atomic step": 0.0
Proportion of incorrect proofs that contain a "useless branch" AND "invalid step": 0.0
Proportion of incorrect proofs that contain a "useless branch" AND "useful non-atomic step" AND "invalid step": 0.0
Proportion of incorrect proofs with ANY OF THE ABOVE:                    0.9814814814814815

Proportion of ALL proofs that are strictly correct: 0.0
Proportion of ALL proofs that would be correct if "skip steps" are considered correct: 0.0
Proportion of ALL proofs that would be correct if "non-atomic steps" are considered correct: 0.46
Proportion of ALL proofs that would be correct if both "skip steps" and "non-atomic steps" are considered correct: 0.46

Proportion of correct proofs where the "useless branch" is the first mistake: 0.0
Proportion of correct proofs where the "useful skip step" is the first mistake: 0.021739130434782608
Proportion of correct proofs where the "useless skip step" is the first mistake: 0.0
Proportion of correct proofs where the "useful non-atomic step" is the first mistake: 0.021739130434782608
Proportion of correct proofs where the "useless non-atomic step" is the first mistake: 0.0
Proportion of correct proofs where the "invalid step" is the first mistake: 0.9565217391304348
Proportion of incorrect proofs where the "useless branch" is the first mistake: 0.0
Proportion of incorrect proofs where the "useful skip step" is the first mistake: 0.0
Proportion of incorrect proofs where the "useless skip step" is the first mistake: 0.0
Proportion of incorrect proofs where the "useful non-atomic step" is the first mistake: 0.0
Proportion of incorrect proofs where the "useless non-atomic step" is the first mistake: 0.0
Proportion of incorrect proofs where the "invalid step" is the first mistake: 0.9814814814814815
incorrect_proof_ids_with_skip_steps: [1, 2, 3, 4, 5, 6, 7, 8, 9, 10, 11, 12, 13, 14, 15, 16, 17, 18, 19, 20, 21, 22, 23, 24, 25, 26, 27, 28, 29, 30, 31, 32, 33, 34, 35, 36, 37, 38, 39, 40, 41, 42, 43, 44, 45, 46, 47, 48, 49, 50, 51, 52, 53, 54, 55, 56, 57, 58, 59, 60, 61, 62, 63, 64, 65, 66, 67, 68, 69, 70, 71, 72, 73, 74, 75, 76, 77, 78, 79, 80, 81, 82, 83, 84, 85, 86, 87, 88, 89, 90, 91, 92, 93, 94, 95, 96, 97, 98, 99, 100]
incorrect_proof_ids_with_skip_or_non_atomic_steps: [1, 2, 3, 6, 13, 14, 15, 17, 18, 19, 21, 23, 24, 26, 27, 28, 31, 32, 35, 37, 38, 39, 44, 45, 48, 50, 52, 53, 56, 57, 58, 60, 62, 63, 65, 66, 67, 69, 70, 71, 73, 76, 78, 80, 81, 82, 84, 86, 91, 92, 94, 96, 97, 99]
incorrect_proof_ids_with_skip_or_non_atomic_steps \ incorrect_proof_ids_with_skip_steps: [4, 5, 7, 8, 9, 10, 11, 12, 16, 20, 22, 25, 29, 30, 33, 34, 36, 40, 41, 42, 43, 46, 47, 49, 51, 54, 55, 59, 61, 64, 68, 72, 74, 75, 77, 79, 83, 85, 87, 88, 89, 90, 93, 95, 98, 100]
