Correct steps: 951
Total steps: 1294
Correct steps ratio: 0.7349304482225657
Non-atomic steps ratio: 0.030139103554868624
Skip steps ratio: 0.013910355486862442
Invalid steps ratio: 0.07727975270479134
Correct and useful steps ratio: 0.5494590417310664
Unparseable steps ratio: 0.0
Incorrect steps ratio: 0.07727975270479134
Perplexity sample mean: nan
Perplexity sample std dev: nan
Number of examples: 100
Number of correct proof: 66
Proportion of proofs that contain the correct proof: 0.66
Proportion of proofs that only contain correct, non-atomic, or skip steps: 0.0
Proportion of correct proofs that contain a "useless branch":          0.0
Proportion of correct proofs that contain a "useful skip step":        0.0
Proportion of correct proofs that contain a "useless skip step":       0.0
Proportion of correct proofs that contain a "useful non-atomic step":  0.0
Proportion of correct proofs that contain a "useless non-atomic step": 0.0
Proportion of correct proofs that contain an "invalid step":           0.0
Proportion of correct proofs that contain a "useless branch" AND "useful non-atomic step": 0.0
Proportion of correct proofs that contain a "useless branch" AND "useless non-atomic step": 0.0
Proportion of correct proofs that contain a "useless branch" AND "invalid step": 0.0
Proportion of correct proofs that contain a "useless branch" AND "useful non-atomic step" AND "invalid step": 0.0
Proportion of correct proofs with ANY OF THE ABOVE:                    0.06060606060606061
Proportion of incorrect proofs that contain a "useless branch":          0.0
Proportion of incorrect proofs that contain a "useful skip step":        0.0
Proportion of incorrect proofs that contain a "useless skip step":       0.0
Proportion of incorrect proofs that contain a "useful non-atomic step":  0.17647058823529413
Proportion of incorrect proofs that contain a "useless non-atomic step": 0.0
Proportion of incorrect proofs that contain an "invalid step":           0.3235294117647059
Proportion of incorrect proofs that contain a "useless branch" AND "useful non-atomic step": 0.0
Proportion of incorrect proofs that contain a "useless branch" AND "useless non-atomic step": 0.0
Proportion of incorrect proofs that contain a "useless branch" AND "invalid step": 0.0
Proportion of incorrect proofs that contain a "useless branch" AND "useful non-atomic step" AND "invalid step": 0.0
Proportion of incorrect proofs with ANY OF THE ABOVE:                    1.0

Proportion of ALL proofs that are strictly correct: 0.66
Proportion of ALL proofs that would be correct if "skip steps" are considered correct: 0.66
Proportion of ALL proofs that would be correct if "non-atomic steps" are considered correct: 0.66
Proportion of ALL proofs that would be correct if both "skip steps" and "non-atomic steps" are considered correct: 0.66

Proportion of correct proofs where the "useless branch" is the first mistake: 0.0
Proportion of correct proofs where the "useful skip step" is the first mistake: 0.06060606060606061
Proportion of correct proofs where the "useless skip step" is the first mistake: 0.0
Proportion of correct proofs where the "useful non-atomic step" is the first mistake: 0.0
Proportion of correct proofs where the "useless non-atomic step" is the first mistake: 0.0
Proportion of correct proofs where the "invalid step" is the first mistake: 0.0
Proportion of incorrect proofs where the "useless branch" is the first mistake: 0.0
Proportion of incorrect proofs where the "useful skip step" is the first mistake: 0.4117647058823529
Proportion of incorrect proofs where the "useless skip step" is the first mistake: 0.0
Proportion of incorrect proofs where the "useful non-atomic step" is the first mistake: 0.23529411764705882
Proportion of incorrect proofs where the "useless non-atomic step" is the first mistake: 0.0
Proportion of incorrect proofs where the "invalid step" is the first mistake: 0.35294117647058826
incorrect_proof_ids_with_skip_steps: [1, 5, 9, 13, 14, 20, 21, 23, 27, 31, 35, 38, 41, 46, 47, 51, 52, 53, 60, 61, 62, 67, 71, 75, 79, 83, 87, 88, 91, 94, 95, 97, 98, 99]
incorrect_proof_ids_with_skip_or_non_atomic_steps: [1, 5, 9, 13, 14, 20, 21, 23, 27, 31, 35, 38, 41, 46, 47, 51, 52, 53, 60, 61, 62, 67, 71, 75, 79, 83, 87, 88, 91, 94, 95, 97, 98, 99]
incorrect_proof_ids_with_skip_or_non_atomic_steps \ incorrect_proof_ids_with_skip_steps: []
