Correct steps: 802
Total steps: 806
Correct steps ratio: 0.9950372208436724
Non-atomic steps ratio: 0.0012406947890818859
Skip steps ratio: 0.0
Invalid steps ratio: 0.0037220843672456576
Correct and useful steps ratio: 0.7456575682382134
Unparseable steps ratio: 0.0
Incorrect steps ratio: 0.0037220843672456576
Perplexity sample mean: nan
Perplexity sample std dev: nan
Number of examples: 100
Number of correct proof: 95
Proportion of proofs that contain the correct proof: 0.95
Proportion of proofs that only contain correct, non-atomic, or skip steps: 0.97
Proportion of correct proofs that contain a "useless branch":          0.0
Proportion of correct proofs that contain a "useful skip step":        0.0
Proportion of correct proofs that contain a "useless skip step":       0.0
Proportion of correct proofs that contain a "useful non-atomic step":  0.0
Proportion of correct proofs that contain a "useless non-atomic step": 0.0
Proportion of correct proofs that contain an "invalid step":           0.0
Proportion of correct proofs that contain a "useless branch" AND "useful non-atomic step": 0.0
Proportion of correct proofs that contain a "useless branch" AND "useless non-atomic step": 0.0
Proportion of correct proofs that contain a "useless branch" AND "invalid step": 0.0
Proportion of correct proofs that contain a "useless branch" AND "useful non-atomic step" AND "invalid step": 0.0
Proportion of correct proofs with ANY OF THE ABOVE:                    0.0
Proportion of incorrect proofs that contain a "useless branch":          0.0
Proportion of incorrect proofs that contain a "useful skip step":        0.0
Proportion of incorrect proofs that contain a "useless skip step":       0.0
Proportion of incorrect proofs that contain a "useful non-atomic step":  0.2
Proportion of incorrect proofs that contain a "useless non-atomic step": 0.0
Proportion of incorrect proofs that contain an "invalid step":           0.6
Proportion of incorrect proofs that contain a "useless branch" AND "useful non-atomic step": 0.0
Proportion of incorrect proofs that contain a "useless branch" AND "useless non-atomic step": 0.0
Proportion of incorrect proofs that contain a "useless branch" AND "invalid step": 0.0
Proportion of incorrect proofs that contain a "useless branch" AND "useful non-atomic step" AND "invalid step": 0.0
Proportion of incorrect proofs with ANY OF THE ABOVE:                    0.8

Proportion of ALL proofs that are strictly correct: 0.95
Proportion of ALL proofs that would be correct if "skip steps" are considered correct: 0.95
Proportion of ALL proofs that would be correct if "non-atomic steps" are considered correct: 0.95
Proportion of ALL proofs that would be correct if both "skip steps" and "non-atomic steps" are considered correct: 0.95

Proportion of correct proofs where the "useless branch" is the first mistake: 0.0
Proportion of correct proofs where the "useful skip step" is the first mistake: 0.0
Proportion of correct proofs where the "useless skip step" is the first mistake: 0.0
Proportion of correct proofs where the "useful non-atomic step" is the first mistake: 0.0
Proportion of correct proofs where the "useless non-atomic step" is the first mistake: 0.0
Proportion of correct proofs where the "invalid step" is the first mistake: 0.0
Proportion of incorrect proofs where the "useless branch" is the first mistake: 0.0
Proportion of incorrect proofs where the "useful skip step" is the first mistake: 0.0
Proportion of incorrect proofs where the "useless skip step" is the first mistake: 0.0
Proportion of incorrect proofs where the "useful non-atomic step" is the first mistake: 0.2
Proportion of incorrect proofs where the "useless non-atomic step" is the first mistake: 0.0
Proportion of incorrect proofs where the "invalid step" is the first mistake: 0.6
incorrect_proof_ids_with_skip_steps: [56, 67, 70, 91, 95]
incorrect_proof_ids_with_skip_or_non_atomic_steps: [56, 67, 70, 91, 95]
incorrect_proof_ids_with_skip_or_non_atomic_steps \ incorrect_proof_ids_with_skip_steps: []
