Correct steps: 908
Total steps: 1299
Correct steps ratio: 0.6989992301770592
Non-atomic steps ratio: 0.006928406466512702
Skip steps ratio: 0.010007698229407237
Invalid steps ratio: 0.16628175519630484
Correct and useful steps ratio: 0.5065434949961509
Unparseable steps ratio: 0.0
Incorrect steps ratio: 0.16628175519630484
Perplexity sample mean: nan
Perplexity sample std dev: nan
Number of examples: 100
Number of correct proof: 52
Proportion of proofs that contain the correct proof: 0.52
Proportion of proofs that only contain correct, non-atomic, or skip steps: 0.0
Proportion of correct proofs that contain a "useless branch":          0.0
Proportion of correct proofs that contain a "useful skip step":        0.0
Proportion of correct proofs that contain a "useless skip step":       0.0
Proportion of correct proofs that contain a "useful non-atomic step":  0.0
Proportion of correct proofs that contain a "useless non-atomic step": 0.0
Proportion of correct proofs that contain an "invalid step":           0.0
Proportion of correct proofs that contain a "useless branch" AND "useful non-atomic step": 0.0
Proportion of correct proofs that contain a "useless branch" AND "useless non-atomic step": 0.0
Proportion of correct proofs that contain a "useless branch" AND "invalid step": 0.0
Proportion of correct proofs that contain a "useless branch" AND "useful non-atomic step" AND "invalid step": 0.0
Proportion of correct proofs with ANY OF THE ABOVE:                    0.019230769230769232
Proportion of incorrect proofs that contain a "useless branch":          0.0
Proportion of incorrect proofs that contain a "useful skip step":        0.0
Proportion of incorrect proofs that contain a "useless skip step":       0.0
Proportion of incorrect proofs that contain a "useful non-atomic step":  0.0
Proportion of incorrect proofs that contain a "useless non-atomic step": 0.0
Proportion of incorrect proofs that contain an "invalid step":           0.7291666666666666
Proportion of incorrect proofs that contain a "useless branch" AND "useful non-atomic step": 0.0
Proportion of incorrect proofs that contain a "useless branch" AND "useless non-atomic step": 0.0
Proportion of incorrect proofs that contain a "useless branch" AND "invalid step": 0.0
Proportion of incorrect proofs that contain a "useless branch" AND "useful non-atomic step" AND "invalid step": 0.0
Proportion of incorrect proofs with ANY OF THE ABOVE:                    1.0

Proportion of ALL proofs that are strictly correct: 0.52
Proportion of ALL proofs that would be correct if "skip steps" are considered correct: 0.52
Proportion of ALL proofs that would be correct if "non-atomic steps" are considered correct: 0.52
Proportion of ALL proofs that would be correct if both "skip steps" and "non-atomic steps" are considered correct: 0.52

Proportion of correct proofs where the "useless branch" is the first mistake: 0.0
Proportion of correct proofs where the "useful skip step" is the first mistake: 0.019230769230769232
Proportion of correct proofs where the "useless skip step" is the first mistake: 0.0
Proportion of correct proofs where the "useful non-atomic step" is the first mistake: 0.0
Proportion of correct proofs where the "useless non-atomic step" is the first mistake: 0.0
Proportion of correct proofs where the "invalid step" is the first mistake: 0.0
Proportion of incorrect proofs where the "useless branch" is the first mistake: 0.0
Proportion of incorrect proofs where the "useful skip step" is the first mistake: 0.125
Proportion of incorrect proofs where the "useless skip step" is the first mistake: 0.0
Proportion of incorrect proofs where the "useful non-atomic step" is the first mistake: 0.0
Proportion of incorrect proofs where the "useless non-atomic step" is the first mistake: 0.0
Proportion of incorrect proofs where the "invalid step" is the first mistake: 0.875
incorrect_proof_ids_with_skip_steps: [1, 5, 7, 9, 12, 13, 14, 20, 21, 23, 25, 29, 33, 34, 37, 38, 40, 41, 42, 45, 46, 47, 48, 49, 51, 54, 56, 57, 59, 60, 61, 62, 66, 67, 68, 69, 73, 76, 77, 79, 82, 83, 84, 85, 87, 89, 95, 96]
incorrect_proof_ids_with_skip_or_non_atomic_steps: [1, 5, 7, 9, 12, 13, 14, 20, 21, 23, 25, 29, 33, 34, 37, 38, 40, 41, 42, 45, 46, 47, 48, 49, 51, 54, 56, 57, 59, 60, 61, 62, 66, 67, 68, 69, 73, 76, 77, 79, 82, 83, 84, 85, 87, 89, 95, 96]
incorrect_proof_ids_with_skip_or_non_atomic_steps \ incorrect_proof_ids_with_skip_steps: []
